- 0:0:0:0:0:0:0:1 - - [13/Jan/2018:10:34:13 +0800] "GET / HTTP/1.1" 200 9668 "-" "Mozilla/5.0 (Macintosh; Intel Mac OS X 10_11_6) AppleWebKit/537.36 (KHTML, like Gecko) Chrome/63.0.3239.132 Safari/537.36" 164
- 0:0:0:0:0:0:0:1 - - [13/Jan/2018:10:34:13 +0800] "GET /common/layui/layui.js HTTP/1.1" 304 - "http://localhost:8080/" "Mozilla/5.0 (Macintosh; Intel Mac OS X 10_11_6) AppleWebKit/537.36 (KHTML, like Gecko) Chrome/63.0.3239.132 Safari/537.36" 14
- 0:0:0:0:0:0:0:1 - - [13/Jan/2018:10:34:13 +0800] "GET /common/layui/css/layui.css HTTP/1.1" 304 - "http://localhost:8080/" "Mozilla/5.0 (Macintosh; Intel Mac OS X 10_11_6) AppleWebKit/537.36 (KHTML, like Gecko) Chrome/63.0.3239.132 Safari/537.36" 15
- 0:0:0:0:0:0:0:1 - - [13/Jan/2018:10:34:13 +0800] "GET /js/larry.js HTTP/1.1" 304 - "http://localhost:8080/" "Mozilla/5.0 (Macintosh; Intel Mac OS X 10_11_6) AppleWebKit/537.36 (KHTML, like Gecko) Chrome/63.0.3239.132 Safari/537.36" 14
- 0:0:0:0:0:0:0:1 - - [13/Jan/2018:10:34:13 +0800] "GET /common/global.css HTTP/1.1" 304 - "http://localhost:8080/" "Mozilla/5.0 (Macintosh; Intel Mac OS X 10_11_6) AppleWebKit/537.36 (KHTML, like Gecko) Chrome/63.0.3239.132 Safari/537.36" 10
- 0:0:0:0:0:0:0:1 - - [13/Jan/2018:10:34:13 +0800] "GET /css/adminstyle.css HTTP/1.1" 304 - "http://localhost:8080/" "Mozilla/5.0 (Macintosh; Intel Mac OS X 10_11_6) AppleWebKit/537.36 (KHTML, like Gecko) Chrome/63.0.3239.132 Safari/537.36" 14
- 0:0:0:0:0:0:0:1 - - [13/Jan/2018:10:34:13 +0800] "GET /images/didilogo.png HTTP/1.1" 304 - "http://localhost:8080/" "Mozilla/5.0 (Macintosh; Intel Mac OS X 10_11_6) AppleWebKit/537.36 (KHTML, like Gecko) Chrome/63.0.3239.132 Safari/537.36" 9
- 0:0:0:0:0:0:0:1 - - [13/Jan/2018:10:34:13 +0800] "GET /js/index.js HTTP/1.1" 304 - "http://localhost:8080/" "Mozilla/5.0 (Macintosh; Intel Mac OS X 10_11_6) AppleWebKit/537.36 (KHTML, like Gecko) Chrome/63.0.3239.132 Safari/537.36" 5
- 0:0:0:0:0:0:0:1 - - [13/Jan/2018:10:34:14 +0800] "GET /common/layui/lay/modules/jquery.js HTTP/1.1" 304 - "http://localhost:8080/" "Mozilla/5.0 (Macintosh; Intel Mac OS X 10_11_6) AppleWebKit/537.36 (KHTML, like Gecko) Chrome/63.0.3239.132 Safari/537.36" 6
- 0:0:0:0:0:0:0:1 - - [13/Jan/2018:10:34:14 +0800] "GET /common/layui/lay/modules/element.js?v=1515810854586 HTTP/1.1" 200 5154 "http://localhost:8080/" "Mozilla/5.0 (Macintosh; Intel Mac OS X 10_11_6) AppleWebKit/537.36 (KHTML, like Gecko) Chrome/63.0.3239.132 Safari/537.36" 15
- 0:0:0:0:0:0:0:1 - - [13/Jan/2018:10:34:14 +0800] "GET /common/font/fontawesome-webfont.woff2?v=4.7.0 HTTP/1.1" 304 - "http://localhost:8080/common/global.css" "Mozilla/5.0 (Macintosh; Intel Mac OS X 10_11_6) AppleWebKit/537.36 (KHTML, like Gecko) Chrome/63.0.3239.132 Safari/537.36" 17
- 0:0:0:0:0:0:0:1 - - [13/Jan/2018:10:34:14 +0800] "GET /common/font/iconfont.woff?t=1480736048214 HTTP/1.1" 304 - "http://localhost:8080/common/global.css" "Mozilla/5.0 (Macintosh; Intel Mac OS X 10_11_6) AppleWebKit/537.36 (KHTML, like Gecko) Chrome/63.0.3239.132 Safari/537.36" 15
- 0:0:0:0:0:0:0:1 - - [13/Jan/2018:10:34:14 +0800] "GET /common/layui/lay/modules/layer.js?v=1515810854586 HTTP/1.1" 200 21341 "http://localhost:8080/" "Mozilla/5.0 (Macintosh; Intel Mac OS X 10_11_6) AppleWebKit/537.36 (KHTML, like Gecko) Chrome/63.0.3239.132 Safari/537.36" 7
- 0:0:0:0:0:0:0:1 - - [13/Jan/2018:10:34:14 +0800] "GET /main.html HTTP/1.1" 200 3451 "http://localhost:8080/" "Mozilla/5.0 (Macintosh; Intel Mac OS X 10_11_6) AppleWebKit/537.36 (KHTML, like Gecko) Chrome/63.0.3239.132 Safari/537.36" 27
- 0:0:0:0:0:0:0:1 - - [13/Jan/2018:10:34:14 +0800] "GET /common/layui/css/modules/layer/default/layer.css?v=3.0.11110 HTTP/1.1" 304 - "http://localhost:8080/" "Mozilla/5.0 (Macintosh; Intel Mac OS X 10_11_6) AppleWebKit/537.36 (KHTML, like Gecko) Chrome/63.0.3239.132 Safari/537.36" 4
- 0:0:0:0:0:0:0:1 - - [13/Jan/2018:10:34:14 +0800] "GET /js/navtab.js?v=1515810854586 HTTP/1.1" 200 4949 "http://localhost:8080/" "Mozilla/5.0 (Macintosh; Intel Mac OS X 10_11_6) AppleWebKit/537.36 (KHTML, like Gecko) Chrome/63.0.3239.132 Safari/537.36" 7
- 0:0:0:0:0:0:0:1 - - [13/Jan/2018:10:34:14 +0800] "GET /common/bootstrap/css/bootstrap.css HTTP/1.1" 304 - "http://localhost:8080/main.html" "Mozilla/5.0 (Macintosh; Intel Mac OS X 10_11_6) AppleWebKit/537.36 (KHTML, like Gecko) Chrome/63.0.3239.132 Safari/537.36" 10
- 0:0:0:0:0:0:0:1 - - [13/Jan/2018:10:34:14 +0800] "GET /images/system.png HTTP/1.1" 304 - "http://localhost:8080/main.html" "Mozilla/5.0 (Macintosh; Intel Mac OS X 10_11_6) AppleWebKit/537.36 (KHTML, like Gecko) Chrome/63.0.3239.132 Safari/537.36" 10
- 0:0:0:0:0:0:0:1 - - [13/Jan/2018:10:34:14 +0800] "GET /css/main.css HTTP/1.1" 304 - "http://localhost:8080/main.html" "Mozilla/5.0 (Macintosh; Intel Mac OS X 10_11_6) AppleWebKit/537.36 (KHTML, like Gecko) Chrome/63.0.3239.132 Safari/537.36" 13
- 0:0:0:0:0:0:0:1 - - [13/Jan/2018:10:34:14 +0800] "GET /js/main.js HTTP/1.1" 304 - "http://localhost:8080/main.html" "Mozilla/5.0 (Macintosh; Intel Mac OS X 10_11_6) AppleWebKit/537.36 (KHTML, like Gecko) Chrome/63.0.3239.132 Safari/537.36" 8
- 0:0:0:0:0:0:0:1 - - [13/Jan/2018:10:34:14 +0800] "GET /common/font/pxgridsicons.woff HTTP/1.1" 304 - "http://localhost:8080/common/global.css" "Mozilla/5.0 (Macintosh; Intel Mac OS X 10_11_6) AppleWebKit/537.36 (KHTML, like Gecko) Chrome/63.0.3239.132 Safari/537.36" 2
- 0:0:0:0:0:0:0:1 - - [13/Jan/2018:10:34:14 +0800] "GET /js/navbar.js?v=1515810854586 HTTP/1.1" 404 127 "http://localhost:8080/" "Mozilla/5.0 (Macintosh; Intel Mac OS X 10_11_6) AppleWebKit/537.36 (KHTML, like Gecko) Chrome/63.0.3239.132 Safari/537.36" 99
- 0:0:0:0:0:0:0:1 - - [13/Jan/2018:10:34:14 +0800] "GET /common/layui/lay/modules/layer.js HTTP/1.1" 304 - "http://localhost:8080/main.html" "Mozilla/5.0 (Macintosh; Intel Mac OS X 10_11_6) AppleWebKit/537.36 (KHTML, like Gecko) Chrome/63.0.3239.132 Safari/537.36" 2
- 0:0:0:0:0:0:0:1 - - [13/Jan/2018:10:34:15 +0800] "GET /common/layui/lay/modules/element.js HTTP/1.1" 304 - "http://localhost:8080/main.html" "Mozilla/5.0 (Macintosh; Intel Mac OS X 10_11_6) AppleWebKit/537.36 (KHTML, like Gecko) Chrome/63.0.3239.132 Safari/537.36" 2
- 0:0:0:0:0:0:0:1 - - [13/Jan/2018:10:34:17 +0800] "GET /common/layui/font/iconfont.woff?v=1.0.7 HTTP/1.1" 304 - "http://localhost:8080/common/layui/css/layui.css" "Mozilla/5.0 (Macintosh; Intel Mac OS X 10_11_6) AppleWebKit/537.36 (KHTML, like Gecko) Chrome/63.0.3239.132 Safari/537.36" 4
- 0:0:0:0:0:0:0:1 - - [13/Jan/2018:10:34:17 +0800] "GET /page/JiedanbaoDel.html HTTP/1.1" 200 3702 "http://localhost:8080/" "Mozilla/5.0 (Macintosh; Intel Mac OS X 10_11_6) AppleWebKit/537.36 (KHTML, like Gecko) Chrome/63.0.3239.132 Safari/537.36" 10
- 0:0:0:0:0:0:0:1 - - [13/Jan/2018:10:34:17 +0800] "GET /css/personal.css HTTP/1.1" 304 - "http://localhost:8080/page/JiedanbaoDel.html" "Mozilla/5.0 (Macintosh; Intel Mac OS X 10_11_6) AppleWebKit/537.36 (KHTML, like Gecko) Chrome/63.0.3239.132 Safari/537.36" 3
- 0:0:0:0:0:0:0:1 - - [13/Jan/2018:10:34:17 +0800] "GET /js/jquery.min.js HTTP/1.1" 304 - "http://localhost:8080/page/JiedanbaoDel.html" "Mozilla/5.0 (Macintosh; Intel Mac OS X 10_11_6) AppleWebKit/537.36 (KHTML, like Gecko) Chrome/63.0.3239.132 Safari/537.36" 5
- 0:0:0:0:0:0:0:1 - - [13/Jan/2018:10:34:17 +0800] "GET /js/jquery.js HTTP/1.1" 304 - "http://localhost:8080/page/JiedanbaoDel.html" "Mozilla/5.0 (Macintosh; Intel Mac OS X 10_11_6) AppleWebKit/537.36 (KHTML, like Gecko) Chrome/63.0.3239.132 Safari/537.36" 8
- 0:0:0:0:0:0:0:1 - - [13/Jan/2018:10:34:59 +0800] "GET /page/PolicyQuery.html HTTP/1.1" 200 5394 "http://localhost:8080/" "Mozilla/5.0 (Macintosh; Intel Mac OS X 10_11_6) AppleWebKit/537.36 (KHTML, like Gecko) Chrome/63.0.3239.132 Safari/537.36" 8
- 0:0:0:0:0:0:0:1 - - [13/Jan/2018:10:35:34 +0800] "GET /jiedanbao/del?mid=1 HTTP/1.1" 500 952 "http://localhost:8080/page/JiedanbaoDel.html" "Mozilla/5.0 (Macintosh; Intel Mac OS X 10_11_6) AppleWebKit/537.36 (KHTML, like Gecko) Chrome/63.0.3239.132 Safari/537.36" 75119
- 0:0:0:0:0:0:0:1 - - [13/Jan/2018:10:36:27 +0800] "GET /page/personInfo.html HTTP/1.1" 200 4267 "http://localhost:8080/" "Mozilla/5.0 (Macintosh; Intel Mac OS X 10_11_6) AppleWebKit/537.36 (KHTML, like Gecko) Chrome/63.0.3239.132 Safari/537.36" 6
- 0:0:0:0:0:0:0:1 - - [13/Jan/2018:10:36:27 +0800] "GET /common/layui/lay/modules/form.js HTTP/1.1" 304 - "http://localhost:8080/page/personInfo.html" "Mozilla/5.0 (Macintosh; Intel Mac OS X 10_11_6) AppleWebKit/537.36 (KHTML, like Gecko) Chrome/63.0.3239.132 Safari/537.36" 3
- 0:0:0:0:0:0:0:1 - - [13/Jan/2018:10:36:27 +0800] "GET /common/layui/lay/modules/upload.js HTTP/1.1" 304 - "http://localhost:8080/page/personInfo.html" "Mozilla/5.0 (Macintosh; Intel Mac OS X 10_11_6) AppleWebKit/537.36 (KHTML, like Gecko) Chrome/63.0.3239.132 Safari/537.36" 4
- 0:0:0:0:0:0:0:1 - - [13/Jan/2018:10:36:28 +0800] "GET /page/changepwd.html HTTP/1.1" 200 2783 "http://localhost:8080/" "Mozilla/5.0 (Macintosh; Intel Mac OS X 10_11_6) AppleWebKit/537.36 (KHTML, like Gecko) Chrome/63.0.3239.132 Safari/537.36" 9
- 0:0:0:0:0:0:0:1 - - [13/Jan/2018:10:36:30 +0800] "GET /page/myloginfo.html HTTP/1.1" 200 12170 "http://localhost:8080/" "Mozilla/5.0 (Macintosh; Intel Mac OS X 10_11_6) AppleWebKit/537.36 (KHTML, like Gecko) Chrome/63.0.3239.132 Safari/537.36" 15
- 0:0:0:0:0:0:0:1 - - [13/Jan/2018:10:36:30 +0800] "GET /common/layui/lay/modules/laypage.js HTTP/1.1" 304 - "http://localhost:8080/page/myloginfo.html" "Mozilla/5.0 (Macintosh; Intel Mac OS X 10_11_6) AppleWebKit/537.36 (KHTML, like Gecko) Chrome/63.0.3239.132 Safari/537.36" 4
- 0:0:0:0:0:0:0:1 - - [13/Jan/2018:10:36:43 +0800] "GET / HTTP/1.1" 200 9668 "-" "Mozilla/5.0 (Macintosh; Intel Mac OS X 10_11_6) AppleWebKit/537.36 (KHTML, like Gecko) Chrome/63.0.3239.132 Safari/537.36" 9
- 0:0:0:0:0:0:0:1 - - [13/Jan/2018:10:36:43 +0800] "GET /common/layui/lay/modules/element.js?v=1515811003220 HTTP/1.1" 200 5154 "http://localhost:8080/" "Mozilla/5.0 (Macintosh; Intel Mac OS X 10_11_6) AppleWebKit/537.36 (KHTML, like Gecko) Chrome/63.0.3239.132 Safari/537.36" 4
- 0:0:0:0:0:0:0:1 - - [13/Jan/2018:10:36:43 +0800] "GET /main.html HTTP/1.1" 200 3451 "http://localhost:8080/" "Mozilla/5.0 (Macintosh; Intel Mac OS X 10_11_6) AppleWebKit/537.36 (KHTML, like Gecko) Chrome/63.0.3239.132 Safari/537.36" 9
- 0:0:0:0:0:0:0:1 - - [13/Jan/2018:10:36:43 +0800] "GET /common/layui/lay/modules/layer.js?v=1515811003220 HTTP/1.1" 200 21341 "http://localhost:8080/" "Mozilla/5.0 (Macintosh; Intel Mac OS X 10_11_6) AppleWebKit/537.36 (KHTML, like Gecko) Chrome/63.0.3239.132 Safari/537.36" 4
- 0:0:0:0:0:0:0:1 - - [13/Jan/2018:10:36:43 +0800] "GET /js/navtab.js?v=1515811003220 HTTP/1.1" 200 4949 "http://localhost:8080/" "Mozilla/5.0 (Macintosh; Intel Mac OS X 10_11_6) AppleWebKit/537.36 (KHTML, like Gecko) Chrome/63.0.3239.132 Safari/537.36" 3
- 0:0:0:0:0:0:0:1 - - [13/Jan/2018:10:36:43 +0800] "GET /js/navbar.js?v=1515811003220 HTTP/1.1" 404 127 "http://localhost:8080/" "Mozilla/5.0 (Macintosh; Intel Mac OS X 10_11_6) AppleWebKit/537.36 (KHTML, like Gecko) Chrome/63.0.3239.132 Safari/537.36" 4
- 0:0:0:0:0:0:0:1 - - [13/Jan/2018:10:36:43 +0800] "GET /favicon.ico HTTP/1.1" 200 946 "http://localhost:8080/" "Mozilla/5.0 (Macintosh; Intel Mac OS X 10_11_6) AppleWebKit/537.36 (KHTML, like Gecko) Chrome/63.0.3239.132 Safari/537.36" 15
