- 0:0:0:0:0:0:0:1 - - [06/Jun/2018:20:16:27 +0800] "GET / HTTP/1.1" 200 9667 "-" "Mozilla/5.0 (Macintosh; Intel Mac OS X 10_13_3) AppleWebKit/537.36 (KHTML, like Gecko) Chrome/66.0.3359.181 Safari/537.36" 505
- 0:0:0:0:0:0:0:1 - - [06/Jun/2018:20:16:28 +0800] "GET /common/layui/css/layui.css HTTP/1.1" 200 41614 "http://localhost:8018/" "Mozilla/5.0 (Macintosh; Intel Mac OS X 10_13_3) AppleWebKit/537.36 (KHTML, like Gecko) Chrome/66.0.3359.181 Safari/537.36" 23
- 0:0:0:0:0:0:0:1 - - [06/Jun/2018:20:16:28 +0800] "GET /css/adminstyle.css HTTP/1.1" 200 7233 "http://localhost:8018/" "Mozilla/5.0 (Macintosh; Intel Mac OS X 10_13_3) AppleWebKit/537.36 (KHTML, like Gecko) Chrome/66.0.3359.181 Safari/537.36" 23
- 0:0:0:0:0:0:0:1 - - [06/Jun/2018:20:16:28 +0800] "GET /common/global.css HTTP/1.1" 200 16934 "http://localhost:8018/" "Mozilla/5.0 (Macintosh; Intel Mac OS X 10_13_3) AppleWebKit/537.36 (KHTML, like Gecko) Chrome/66.0.3359.181 Safari/537.36" 24
- 0:0:0:0:0:0:0:1 - - [06/Jun/2018:20:16:28 +0800] "GET /common/layui/layui.js HTTP/1.1" 200 5940 "http://localhost:8018/" "Mozilla/5.0 (Macintosh; Intel Mac OS X 10_13_3) AppleWebKit/537.36 (KHTML, like Gecko) Chrome/66.0.3359.181 Safari/537.36" 18
- 0:0:0:0:0:0:0:1 - - [06/Jun/2018:20:16:28 +0800] "GET /js/index.js HTTP/1.1" 200 3449 "http://localhost:8018/" "Mozilla/5.0 (Macintosh; Intel Mac OS X 10_13_3) AppleWebKit/537.36 (KHTML, like Gecko) Chrome/66.0.3359.181 Safari/537.36" 9
- 0:0:0:0:0:0:0:1 - - [06/Jun/2018:20:16:28 +0800] "GET /js/larry.js HTTP/1.1" 200 2994 "http://localhost:8018/" "Mozilla/5.0 (Macintosh; Intel Mac OS X 10_13_3) AppleWebKit/537.36 (KHTML, like Gecko) Chrome/66.0.3359.181 Safari/537.36" 9
- 0:0:0:0:0:0:0:1 - - [06/Jun/2018:20:16:28 +0800] "GET /images/didilogo.png HTTP/1.1" 200 40976 "http://localhost:8018/" "Mozilla/5.0 (Macintosh; Intel Mac OS X 10_13_3) AppleWebKit/537.36 (KHTML, like Gecko) Chrome/66.0.3359.181 Safari/537.36" 11
- 0:0:0:0:0:0:0:1 - - [06/Jun/2018:20:16:28 +0800] "GET /common/layui/lay/modules/jquery.js HTTP/1.1" 200 97636 "http://localhost:8018/" "Mozilla/5.0 (Macintosh; Intel Mac OS X 10_13_3) AppleWebKit/537.36 (KHTML, like Gecko) Chrome/66.0.3359.181 Safari/537.36" 5
- 0:0:0:0:0:0:0:1 - - [06/Jun/2018:20:16:28 +0800] "GET /common/font/fontawesome-webfont.woff2?v=4.7.0 HTTP/1.1" 200 77160 "http://localhost:8018/common/global.css" "Mozilla/5.0 (Macintosh; Intel Mac OS X 10_13_3) AppleWebKit/537.36 (KHTML, like Gecko) Chrome/66.0.3359.181 Safari/537.36" 14
- 0:0:0:0:0:0:0:1 - - [06/Jun/2018:20:16:28 +0800] "GET /common/font/iconfont.woff?t=1480736048214 HTTP/1.1" 200 72560 "http://localhost:8018/common/global.css" "Mozilla/5.0 (Macintosh; Intel Mac OS X 10_13_3) AppleWebKit/537.36 (KHTML, like Gecko) Chrome/66.0.3359.181 Safari/537.36" 17
- 0:0:0:0:0:0:0:1 - - [06/Jun/2018:20:16:28 +0800] "GET /common/layui/lay/modules/element.js HTTP/1.1" 200 5154 "http://localhost:8018/" "Mozilla/5.0 (Macintosh; Intel Mac OS X 10_13_3) AppleWebKit/537.36 (KHTML, like Gecko) Chrome/66.0.3359.181 Safari/537.36" 4
- 0:0:0:0:0:0:0:1 - - [06/Jun/2018:20:16:28 +0800] "GET /common/layui/lay/modules/layer.js HTTP/1.1" 200 21341 "http://localhost:8018/" "Mozilla/5.0 (Macintosh; Intel Mac OS X 10_13_3) AppleWebKit/537.36 (KHTML, like Gecko) Chrome/66.0.3359.181 Safari/537.36" 4
- 0:0:0:0:0:0:0:1 - - [06/Jun/2018:20:16:28 +0800] "GET /main.html HTTP/1.1" 200 4150 "http://localhost:8018/" "Mozilla/5.0 (Macintosh; Intel Mac OS X 10_13_3) AppleWebKit/537.36 (KHTML, like Gecko) Chrome/66.0.3359.181 Safari/537.36" 12
- 0:0:0:0:0:0:0:1 - - [06/Jun/2018:20:16:28 +0800] "GET /common/layui/css/modules/layer/default/layer.css?v=3.0.11110 HTTP/1.1" 200 14348 "http://localhost:8018/" "Mozilla/5.0 (Macintosh; Intel Mac OS X 10_13_3) AppleWebKit/537.36 (KHTML, like Gecko) Chrome/66.0.3359.181 Safari/537.36" 4
- 0:0:0:0:0:0:0:1 - - [06/Jun/2018:20:16:28 +0800] "GET /js/navtab.js HTTP/1.1" 200 4949 "http://localhost:8018/" "Mozilla/5.0 (Macintosh; Intel Mac OS X 10_13_3) AppleWebKit/537.36 (KHTML, like Gecko) Chrome/66.0.3359.181 Safari/537.36" 3
- 0:0:0:0:0:0:0:1 - - [06/Jun/2018:20:16:28 +0800] "GET /common/layui/css/layui.css HTTP/1.1" 200 41614 "http://localhost:8018/main.html" "Mozilla/5.0 (Macintosh; Intel Mac OS X 10_13_3) AppleWebKit/537.36 (KHTML, like Gecko) Chrome/66.0.3359.181 Safari/537.36" 4
- 0:0:0:0:0:0:0:1 - - [06/Jun/2018:20:16:28 +0800] "GET /common/global.css HTTP/1.1" 200 16934 "http://localhost:8018/main.html" "Mozilla/5.0 (Macintosh; Intel Mac OS X 10_13_3) AppleWebKit/537.36 (KHTML, like Gecko) Chrome/66.0.3359.181 Safari/537.36" 3
- 0:0:0:0:0:0:0:1 - - [06/Jun/2018:20:16:28 +0800] "GET /common/bootstrap/css/bootstrap.css HTTP/1.1" 200 137590 "http://localhost:8018/main.html" "Mozilla/5.0 (Macintosh; Intel Mac OS X 10_13_3) AppleWebKit/537.36 (KHTML, like Gecko) Chrome/66.0.3359.181 Safari/537.36" 6
- 0:0:0:0:0:0:0:1 - - [06/Jun/2018:20:16:28 +0800] "GET /css/main.css HTTP/1.1" 200 7331 "http://localhost:8018/main.html" "Mozilla/5.0 (Macintosh; Intel Mac OS X 10_13_3) AppleWebKit/537.36 (KHTML, like Gecko) Chrome/66.0.3359.181 Safari/537.36" 4
- 0:0:0:0:0:0:0:1 - - [06/Jun/2018:20:16:28 +0800] "GET /images/system.png HTTP/1.1" 200 105149 "http://localhost:8018/main.html" "Mozilla/5.0 (Macintosh; Intel Mac OS X 10_13_3) AppleWebKit/537.36 (KHTML, like Gecko) Chrome/66.0.3359.181 Safari/537.36" 9
- 0:0:0:0:0:0:0:1 - - [06/Jun/2018:20:16:28 +0800] "GET /js/main.js HTTP/1.1" 200 1634 "http://localhost:8018/main.html" "Mozilla/5.0 (Macintosh; Intel Mac OS X 10_13_3) AppleWebKit/537.36 (KHTML, like Gecko) Chrome/66.0.3359.181 Safari/537.36" 6
- 0:0:0:0:0:0:0:1 - - [06/Jun/2018:20:16:28 +0800] "GET /js/jquery.min.js HTTP/1.1" 200 84349 "http://localhost:8018/main.html" "Mozilla/5.0 (Macintosh; Intel Mac OS X 10_13_3) AppleWebKit/537.36 (KHTML, like Gecko) Chrome/66.0.3359.181 Safari/537.36" 6
- 0:0:0:0:0:0:0:1 - - [06/Jun/2018:20:16:28 +0800] "GET /js/jquery.js HTTP/1.1" 200 256807 "http://localhost:8018/main.html" "Mozilla/5.0 (Macintosh; Intel Mac OS X 10_13_3) AppleWebKit/537.36 (KHTML, like Gecko) Chrome/66.0.3359.181 Safari/537.36" 9
- 0:0:0:0:0:0:0:1 - - [06/Jun/2018:20:16:28 +0800] "GET /common/layui/layui.js HTTP/1.1" 200 5940 "http://localhost:8018/main.html" "Mozilla/5.0 (Macintosh; Intel Mac OS X 10_13_3) AppleWebKit/537.36 (KHTML, like Gecko) Chrome/66.0.3359.181 Safari/537.36" 18
- 0:0:0:0:0:0:0:1 - - [06/Jun/2018:20:16:28 +0800] "GET /common/layui/lay/modules/jquery.js HTTP/1.1" 200 97636 "http://localhost:8018/main.html" "Mozilla/5.0 (Macintosh; Intel Mac OS X 10_13_3) AppleWebKit/537.36 (KHTML, like Gecko) Chrome/66.0.3359.181 Safari/537.36" 5
- 0:0:0:0:0:0:0:1 - - [06/Jun/2018:20:16:28 +0800] "GET /common/layui/lay/modules/layer.js HTTP/1.1" 200 21341 "http://localhost:8018/main.html" "Mozilla/5.0 (Macintosh; Intel Mac OS X 10_13_3) AppleWebKit/537.36 (KHTML, like Gecko) Chrome/66.0.3359.181 Safari/537.36" 3
- 0:0:0:0:0:0:0:1 - - [06/Jun/2018:20:16:28 +0800] "GET /common/layui/css/modules/layer/default/layer.css?v=3.0.11110 HTTP/1.1" 200 14348 "http://localhost:8018/main.html" "Mozilla/5.0 (Macintosh; Intel Mac OS X 10_13_3) AppleWebKit/537.36 (KHTML, like Gecko) Chrome/66.0.3359.181 Safari/537.36" 4
- 0:0:0:0:0:0:0:1 - - [06/Jun/2018:20:16:28 +0800] "GET /common/layui/lay/modules/element.js HTTP/1.1" 200 5154 "http://localhost:8018/main.html" "Mozilla/5.0 (Macintosh; Intel Mac OS X 10_13_3) AppleWebKit/537.36 (KHTML, like Gecko) Chrome/66.0.3359.181 Safari/537.36" 3
- 0:0:0:0:0:0:0:1 - - [06/Jun/2018:20:16:28 +0800] "GET /favicon.ico HTTP/1.1" 200 946 "http://localhost:8018/" "Mozilla/5.0 (Macintosh; Intel Mac OS X 10_13_3) AppleWebKit/537.36 (KHTML, like Gecko) Chrome/66.0.3359.181 Safari/537.36" 14
- 0:0:0:0:0:0:0:1 - - [06/Jun/2018:20:16:42 +0800] "GET /common/layui/font/iconfont.woff?v=1.0.7 HTTP/1.1" 200 27904 "http://localhost:8018/common/layui/css/layui.css" "Mozilla/5.0 (Macintosh; Intel Mac OS X 10_13_3) AppleWebKit/537.36 (KHTML, like Gecko) Chrome/66.0.3359.181 Safari/537.36" 6
- 0:0:0:0:0:0:0:1 - - [06/Jun/2018:20:16:42 +0800] "GET /page/JiedanbaoDel.html HTTP/1.1" 200 3709 "http://localhost:8018/" "Mozilla/5.0 (Macintosh; Intel Mac OS X 10_13_3) AppleWebKit/537.36 (KHTML, like Gecko) Chrome/66.0.3359.181 Safari/537.36" 11
- 0:0:0:0:0:0:0:1 - - [06/Jun/2018:20:16:42 +0800] "GET /common/layui/css/layui.css HTTP/1.1" 200 41614 "http://localhost:8018/page/JiedanbaoDel.html" "Mozilla/5.0 (Macintosh; Intel Mac OS X 10_13_3) AppleWebKit/537.36 (KHTML, like Gecko) Chrome/66.0.3359.181 Safari/537.36" 11
- 0:0:0:0:0:0:0:1 - - [06/Jun/2018:20:16:42 +0800] "GET /common/global.css HTTP/1.1" 200 16934 "http://localhost:8018/page/JiedanbaoDel.html" "Mozilla/5.0 (Macintosh; Intel Mac OS X 10_13_3) AppleWebKit/537.36 (KHTML, like Gecko) Chrome/66.0.3359.181 Safari/537.36" 8
- 0:0:0:0:0:0:0:1 - - [06/Jun/2018:20:16:42 +0800] "GET /css/personal.css HTTP/1.1" 200 3374 "http://localhost:8018/page/JiedanbaoDel.html" "Mozilla/5.0 (Macintosh; Intel Mac OS X 10_13_3) AppleWebKit/537.36 (KHTML, like Gecko) Chrome/66.0.3359.181 Safari/537.36" 8
- 0:0:0:0:0:0:0:1 - - [06/Jun/2018:20:16:42 +0800] "GET /common/layui/layui.js HTTP/1.1" 200 5940 "http://localhost:8018/page/JiedanbaoDel.html" "Mozilla/5.0 (Macintosh; Intel Mac OS X 10_13_3) AppleWebKit/537.36 (KHTML, like Gecko) Chrome/66.0.3359.181 Safari/537.36" 3
- 0:0:0:0:0:0:0:1 - - [06/Jun/2018:20:16:42 +0800] "GET /common/bootstrap/css/bootstrap.css HTTP/1.1" 200 137590 "http://localhost:8018/page/JiedanbaoDel.html" "Mozilla/5.0 (Macintosh; Intel Mac OS X 10_13_3) AppleWebKit/537.36 (KHTML, like Gecko) Chrome/66.0.3359.181 Safari/537.36" 15
- 0:0:0:0:0:0:0:1 - - [06/Jun/2018:20:16:42 +0800] "GET /js/jquery.min.js HTTP/1.1" 200 84349 "http://localhost:8018/page/JiedanbaoDel.html" "Mozilla/5.0 (Macintosh; Intel Mac OS X 10_13_3) AppleWebKit/537.36 (KHTML, like Gecko) Chrome/66.0.3359.181 Safari/537.36" 16
- 0:0:0:0:0:0:0:1 - - [06/Jun/2018:20:16:42 +0800] "GET /js/jquery.js HTTP/1.1" 200 256807 "http://localhost:8018/page/JiedanbaoDel.html" "Mozilla/5.0 (Macintosh; Intel Mac OS X 10_13_3) AppleWebKit/537.36 (KHTML, like Gecko) Chrome/66.0.3359.181 Safari/537.36" 6
- 0:0:0:0:0:0:0:1 - - [06/Jun/2018:20:16:42 +0800] "GET /common/layui/font/iconfont.woff?v=1.0.7 HTTP/1.1" 200 27904 "http://localhost:8018/common/layui/css/layui.css" "Mozilla/5.0 (Macintosh; Intel Mac OS X 10_13_3) AppleWebKit/537.36 (KHTML, like Gecko) Chrome/66.0.3359.181 Safari/537.36" 3
- 0:0:0:0:0:0:0:1 - - [06/Jun/2018:20:16:58 +0800] "GET /page/PolicyQuery.html HTTP/1.1" 200 6493 "http://localhost:8018/" "Mozilla/5.0 (Macintosh; Intel Mac OS X 10_13_3) AppleWebKit/537.36 (KHTML, like Gecko) Chrome/66.0.3359.181 Safari/537.36" 10
- 0:0:0:0:0:0:0:1 - - [06/Jun/2018:20:16:58 +0800] "GET /common/global.css HTTP/1.1" 200 16934 "http://localhost:8018/page/PolicyQuery.html" "Mozilla/5.0 (Macintosh; Intel Mac OS X 10_13_3) AppleWebKit/537.36 (KHTML, like Gecko) Chrome/66.0.3359.181 Safari/537.36" 7
- 0:0:0:0:0:0:0:1 - - [06/Jun/2018:20:16:58 +0800] "GET /common/bootstrap/css/bootstrap.css HTTP/1.1" 200 137590 "http://localhost:8018/page/PolicyQuery.html" "Mozilla/5.0 (Macintosh; Intel Mac OS X 10_13_3) AppleWebKit/537.36 (KHTML, like Gecko) Chrome/66.0.3359.181 Safari/537.36" 16
- 0:0:0:0:0:0:0:1 - - [06/Jun/2018:20:16:58 +0800] "GET /common/layui/css/layui.css HTTP/1.1" 200 41614 "http://localhost:8018/page/PolicyQuery.html" "Mozilla/5.0 (Macintosh; Intel Mac OS X 10_13_3) AppleWebKit/537.36 (KHTML, like Gecko) Chrome/66.0.3359.181 Safari/537.36" 18
- 0:0:0:0:0:0:0:1 - - [06/Jun/2018:20:16:58 +0800] "GET /css/personal.css HTTP/1.1" 200 3374 "http://localhost:8018/page/PolicyQuery.html" "Mozilla/5.0 (Macintosh; Intel Mac OS X 10_13_3) AppleWebKit/537.36 (KHTML, like Gecko) Chrome/66.0.3359.181 Safari/537.36" 4
- 0:0:0:0:0:0:0:1 - - [06/Jun/2018:20:16:58 +0800] "GET /common/layui/layui.js HTTP/1.1" 200 5940 "http://localhost:8018/page/PolicyQuery.html" "Mozilla/5.0 (Macintosh; Intel Mac OS X 10_13_3) AppleWebKit/537.36 (KHTML, like Gecko) Chrome/66.0.3359.181 Safari/537.36" 13
- 0:0:0:0:0:0:0:1 - - [06/Jun/2018:20:16:58 +0800] "GET /js/jquery.min.js HTTP/1.1" 200 84349 "http://localhost:8018/page/PolicyQuery.html" "Mozilla/5.0 (Macintosh; Intel Mac OS X 10_13_3) AppleWebKit/537.36 (KHTML, like Gecko) Chrome/66.0.3359.181 Safari/537.36" 20
- 0:0:0:0:0:0:0:1 - - [06/Jun/2018:20:16:58 +0800] "GET /js/jquery.js HTTP/1.1" 200 256807 "http://localhost:8018/page/PolicyQuery.html" "Mozilla/5.0 (Macintosh; Intel Mac OS X 10_13_3) AppleWebKit/537.36 (KHTML, like Gecko) Chrome/66.0.3359.181 Safari/537.36" 11
- 0:0:0:0:0:0:0:1 - - [06/Jun/2018:20:17:04 +0800] "GET /jiedanbao/del?mid=0 HTTP/1.1" 500 1408 "http://localhost:8018/page/JiedanbaoDel.html" "Mozilla/5.0 (Macintosh; Intel Mac OS X 10_13_3) AppleWebKit/537.36 (KHTML, like Gecko) Chrome/66.0.3359.181 Safari/537.36" 315
- 0:0:0:0:0:0:0:1 - - [06/Jun/2018:20:17:12 +0800] "GET /jiedanbao/del?mid=1 HTTP/1.1" 500 952 "http://localhost:8018/page/JiedanbaoDel.html" "Mozilla/5.0 (Macintosh; Intel Mac OS X 10_13_3) AppleWebKit/537.36 (KHTML, like Gecko) Chrome/66.0.3359.181 Safari/537.36" 16
- 0:0:0:0:0:0:0:1 - - [06/Jun/2018:20:17:49 +0800] "GET /jiedanbao/query?mid=1 HTTP/1.1" 500 1222 "http://localhost:8018/page/PolicyQuery.html" "Mozilla/5.0 (Macintosh; Intel Mac OS X 10_13_3) AppleWebKit/537.36 (KHTML, like Gecko) Chrome/66.0.3359.181 Safari/537.36" 13
- 0:0:0:0:0:0:0:1 - - [06/Jun/2018:20:49:15 +0800] "GET / HTTP/1.1" 200 9667 "-" "Mozilla/5.0 (Macintosh; Intel Mac OS X 10_13_3) AppleWebKit/537.36 (KHTML, like Gecko) Chrome/66.0.3359.181 Safari/537.36" 376
- 0:0:0:0:0:0:0:1 - - [06/Jun/2018:20:49:15 +0800] "GET /css/adminstyle.css HTTP/1.1" 200 7233 "http://localhost:8018/" "Mozilla/5.0 (Macintosh; Intel Mac OS X 10_13_3) AppleWebKit/537.36 (KHTML, like Gecko) Chrome/66.0.3359.181 Safari/537.36" 18
- 0:0:0:0:0:0:0:1 - - [06/Jun/2018:20:49:15 +0800] "GET /common/layui/layui.js HTTP/1.1" 200 5940 "http://localhost:8018/" "Mozilla/5.0 (Macintosh; Intel Mac OS X 10_13_3) AppleWebKit/537.36 (KHTML, like Gecko) Chrome/66.0.3359.181 Safari/537.36" 11
- 0:0:0:0:0:0:0:1 - - [06/Jun/2018:20:49:15 +0800] "GET /common/global.css HTTP/1.1" 200 16934 "http://localhost:8018/" "Mozilla/5.0 (Macintosh; Intel Mac OS X 10_13_3) AppleWebKit/537.36 (KHTML, like Gecko) Chrome/66.0.3359.181 Safari/537.36" 20
- 0:0:0:0:0:0:0:1 - - [06/Jun/2018:20:49:15 +0800] "GET /common/layui/css/layui.css HTTP/1.1" 200 41614 "http://localhost:8018/" "Mozilla/5.0 (Macintosh; Intel Mac OS X 10_13_3) AppleWebKit/537.36 (KHTML, like Gecko) Chrome/66.0.3359.181 Safari/537.36" 22
- 0:0:0:0:0:0:0:1 - - [06/Jun/2018:20:49:15 +0800] "GET /js/larry.js HTTP/1.1" 200 2994 "http://localhost:8018/" "Mozilla/5.0 (Macintosh; Intel Mac OS X 10_13_3) AppleWebKit/537.36 (KHTML, like Gecko) Chrome/66.0.3359.181 Safari/537.36" 6
- 0:0:0:0:0:0:0:1 - - [06/Jun/2018:20:49:15 +0800] "GET /js/index.js HTTP/1.1" 200 3449 "http://localhost:8018/" "Mozilla/5.0 (Macintosh; Intel Mac OS X 10_13_3) AppleWebKit/537.36 (KHTML, like Gecko) Chrome/66.0.3359.181 Safari/537.36" 6
- 0:0:0:0:0:0:0:1 - - [06/Jun/2018:20:49:15 +0800] "GET /images/didilogo.png HTTP/1.1" 200 40976 "http://localhost:8018/" "Mozilla/5.0 (Macintosh; Intel Mac OS X 10_13_3) AppleWebKit/537.36 (KHTML, like Gecko) Chrome/66.0.3359.181 Safari/537.36" 7
- 0:0:0:0:0:0:0:1 - - [06/Jun/2018:20:49:15 +0800] "GET /common/layui/lay/modules/jquery.js HTTP/1.1" 200 97636 "http://localhost:8018/" "Mozilla/5.0 (Macintosh; Intel Mac OS X 10_13_3) AppleWebKit/537.36 (KHTML, like Gecko) Chrome/66.0.3359.181 Safari/537.36" 7
- 0:0:0:0:0:0:0:1 - - [06/Jun/2018:20:49:15 +0800] "GET /common/font/fontawesome-webfont.woff2?v=4.7.0 HTTP/1.1" 200 77160 "http://localhost:8018/common/global.css" "Mozilla/5.0 (Macintosh; Intel Mac OS X 10_13_3) AppleWebKit/537.36 (KHTML, like Gecko) Chrome/66.0.3359.181 Safari/537.36" 13
- 0:0:0:0:0:0:0:1 - - [06/Jun/2018:20:49:15 +0800] "GET /common/font/iconfont.woff?t=1480736048214 HTTP/1.1" 200 72560 "http://localhost:8018/common/global.css" "Mozilla/5.0 (Macintosh; Intel Mac OS X 10_13_3) AppleWebKit/537.36 (KHTML, like Gecko) Chrome/66.0.3359.181 Safari/537.36" 17
- 0:0:0:0:0:0:0:1 - - [06/Jun/2018:20:49:15 +0800] "GET /common/layui/lay/modules/element.js HTTP/1.1" 200 5154 "http://localhost:8018/" "Mozilla/5.0 (Macintosh; Intel Mac OS X 10_13_3) AppleWebKit/537.36 (KHTML, like Gecko) Chrome/66.0.3359.181 Safari/537.36" 3
- 0:0:0:0:0:0:0:1 - - [06/Jun/2018:20:49:15 +0800] "GET /common/layui/lay/modules/layer.js HTTP/1.1" 200 21341 "http://localhost:8018/" "Mozilla/5.0 (Macintosh; Intel Mac OS X 10_13_3) AppleWebKit/537.36 (KHTML, like Gecko) Chrome/66.0.3359.181 Safari/537.36" 3
- 0:0:0:0:0:0:0:1 - - [06/Jun/2018:20:49:15 +0800] "GET /main.html HTTP/1.1" 200 4150 "http://localhost:8018/" "Mozilla/5.0 (Macintosh; Intel Mac OS X 10_13_3) AppleWebKit/537.36 (KHTML, like Gecko) Chrome/66.0.3359.181 Safari/537.36" 9
- 0:0:0:0:0:0:0:1 - - [06/Jun/2018:20:49:15 +0800] "GET /common/layui/css/modules/layer/default/layer.css?v=3.0.11110 HTTP/1.1" 200 14348 "http://localhost:8018/" "Mozilla/5.0 (Macintosh; Intel Mac OS X 10_13_3) AppleWebKit/537.36 (KHTML, like Gecko) Chrome/66.0.3359.181 Safari/537.36" 4
- 0:0:0:0:0:0:0:1 - - [06/Jun/2018:20:49:15 +0800] "GET /js/navtab.js HTTP/1.1" 200 4949 "http://localhost:8018/" "Mozilla/5.0 (Macintosh; Intel Mac OS X 10_13_3) AppleWebKit/537.36 (KHTML, like Gecko) Chrome/66.0.3359.181 Safari/537.36" 4
- 0:0:0:0:0:0:0:1 - - [06/Jun/2018:20:49:15 +0800] "GET /common/layui/css/layui.css HTTP/1.1" 200 41614 "http://localhost:8018/main.html" "Mozilla/5.0 (Macintosh; Intel Mac OS X 10_13_3) AppleWebKit/537.36 (KHTML, like Gecko) Chrome/66.0.3359.181 Safari/537.36" 4
- 0:0:0:0:0:0:0:1 - - [06/Jun/2018:20:49:15 +0800] "GET /common/global.css HTTP/1.1" 200 16934 "http://localhost:8018/main.html" "Mozilla/5.0 (Macintosh; Intel Mac OS X 10_13_3) AppleWebKit/537.36 (KHTML, like Gecko) Chrome/66.0.3359.181 Safari/537.36" 4
- 0:0:0:0:0:0:0:1 - - [06/Jun/2018:20:49:15 +0800] "GET /common/bootstrap/css/bootstrap.css HTTP/1.1" 200 137590 "http://localhost:8018/main.html" "Mozilla/5.0 (Macintosh; Intel Mac OS X 10_13_3) AppleWebKit/537.36 (KHTML, like Gecko) Chrome/66.0.3359.181 Safari/537.36" 5
- 0:0:0:0:0:0:0:1 - - [06/Jun/2018:20:49:15 +0800] "GET /css/main.css HTTP/1.1" 200 7331 "http://localhost:8018/main.html" "Mozilla/5.0 (Macintosh; Intel Mac OS X 10_13_3) AppleWebKit/537.36 (KHTML, like Gecko) Chrome/66.0.3359.181 Safari/537.36" 3
- 0:0:0:0:0:0:0:1 - - [06/Jun/2018:20:49:15 +0800] "GET /images/system.png HTTP/1.1" 200 105149 "http://localhost:8018/main.html" "Mozilla/5.0 (Macintosh; Intel Mac OS X 10_13_3) AppleWebKit/537.36 (KHTML, like Gecko) Chrome/66.0.3359.181 Safari/537.36" 6
- 0:0:0:0:0:0:0:1 - - [06/Jun/2018:20:49:15 +0800] "GET /js/main.js HTTP/1.1" 200 1634 "http://localhost:8018/main.html" "Mozilla/5.0 (Macintosh; Intel Mac OS X 10_13_3) AppleWebKit/537.36 (KHTML, like Gecko) Chrome/66.0.3359.181 Safari/537.36" 4
- 0:0:0:0:0:0:0:1 - - [06/Jun/2018:20:49:15 +0800] "GET /js/jquery.min.js HTTP/1.1" 200 84349 "http://localhost:8018/main.html" "Mozilla/5.0 (Macintosh; Intel Mac OS X 10_13_3) AppleWebKit/537.36 (KHTML, like Gecko) Chrome/66.0.3359.181 Safari/537.36" 5
- 0:0:0:0:0:0:0:1 - - [06/Jun/2018:20:49:15 +0800] "GET /js/jquery.js HTTP/1.1" 200 256807 "http://localhost:8018/main.html" "Mozilla/5.0 (Macintosh; Intel Mac OS X 10_13_3) AppleWebKit/537.36 (KHTML, like Gecko) Chrome/66.0.3359.181 Safari/537.36" 6
- 0:0:0:0:0:0:0:1 - - [06/Jun/2018:20:49:15 +0800] "GET /common/layui/layui.js HTTP/1.1" 200 5940 "http://localhost:8018/main.html" "Mozilla/5.0 (Macintosh; Intel Mac OS X 10_13_3) AppleWebKit/537.36 (KHTML, like Gecko) Chrome/66.0.3359.181 Safari/537.36" 17
- 0:0:0:0:0:0:0:1 - - [06/Jun/2018:20:49:15 +0800] "GET /common/layui/lay/modules/jquery.js HTTP/1.1" 200 97636 "http://localhost:8018/main.html" "Mozilla/5.0 (Macintosh; Intel Mac OS X 10_13_3) AppleWebKit/537.36 (KHTML, like Gecko) Chrome/66.0.3359.181 Safari/537.36" 4
- 0:0:0:0:0:0:0:1 - - [06/Jun/2018:20:49:15 +0800] "GET /common/layui/lay/modules/layer.js HTTP/1.1" 200 21341 "http://localhost:8018/main.html" "Mozilla/5.0 (Macintosh; Intel Mac OS X 10_13_3) AppleWebKit/537.36 (KHTML, like Gecko) Chrome/66.0.3359.181 Safari/537.36" 4
- 0:0:0:0:0:0:0:1 - - [06/Jun/2018:20:49:15 +0800] "GET /common/layui/css/modules/layer/default/layer.css?v=3.0.11110 HTTP/1.1" 200 14348 "http://localhost:8018/main.html" "Mozilla/5.0 (Macintosh; Intel Mac OS X 10_13_3) AppleWebKit/537.36 (KHTML, like Gecko) Chrome/66.0.3359.181 Safari/537.36" 4
- 0:0:0:0:0:0:0:1 - - [06/Jun/2018:20:49:15 +0800] "GET /common/layui/lay/modules/element.js HTTP/1.1" 200 5154 "http://localhost:8018/main.html" "Mozilla/5.0 (Macintosh; Intel Mac OS X 10_13_3) AppleWebKit/537.36 (KHTML, like Gecko) Chrome/66.0.3359.181 Safari/537.36" 3
- 0:0:0:0:0:0:0:1 - - [06/Jun/2018:20:49:16 +0800] "GET /common/layui/font/iconfont.woff?v=1.0.7 HTTP/1.1" 200 27904 "http://localhost:8018/common/layui/css/layui.css" "Mozilla/5.0 (Macintosh; Intel Mac OS X 10_13_3) AppleWebKit/537.36 (KHTML, like Gecko) Chrome/66.0.3359.181 Safari/537.36" 9
- 0:0:0:0:0:0:0:1 - - [06/Jun/2018:20:49:16 +0800] "GET /page/PolicyQuery.html HTTP/1.1" 200 6493 "http://localhost:8018/" "Mozilla/5.0 (Macintosh; Intel Mac OS X 10_13_3) AppleWebKit/537.36 (KHTML, like Gecko) Chrome/66.0.3359.181 Safari/537.36" 13
- 0:0:0:0:0:0:0:1 - - [06/Jun/2018:20:49:17 +0800] "GET /common/bootstrap/css/bootstrap.css HTTP/1.1" 200 137590 "http://localhost:8018/page/PolicyQuery.html" "Mozilla/5.0 (Macintosh; Intel Mac OS X 10_13_3) AppleWebKit/537.36 (KHTML, like Gecko) Chrome/66.0.3359.181 Safari/537.36" 5
- 0:0:0:0:0:0:0:1 - - [06/Jun/2018:20:49:17 +0800] "GET /common/layui/css/layui.css HTTP/1.1" 200 41614 "http://localhost:8018/page/PolicyQuery.html" "Mozilla/5.0 (Macintosh; Intel Mac OS X 10_13_3) AppleWebKit/537.36 (KHTML, like Gecko) Chrome/66.0.3359.181 Safari/537.36" 3
- 0:0:0:0:0:0:0:1 - - [06/Jun/2018:20:49:17 +0800] "GET /css/personal.css HTTP/1.1" 200 3374 "http://localhost:8018/page/PolicyQuery.html" "Mozilla/5.0 (Macintosh; Intel Mac OS X 10_13_3) AppleWebKit/537.36 (KHTML, like Gecko) Chrome/66.0.3359.181 Safari/537.36" 9
- 0:0:0:0:0:0:0:1 - - [06/Jun/2018:20:49:17 +0800] "GET /js/jquery.min.js HTTP/1.1" 200 84349 "http://localhost:8018/page/PolicyQuery.html" "Mozilla/5.0 (Macintosh; Intel Mac OS X 10_13_3) AppleWebKit/537.36 (KHTML, like Gecko) Chrome/66.0.3359.181 Safari/537.36" 3
- 0:0:0:0:0:0:0:1 - - [06/Jun/2018:20:49:17 +0800] "GET /common/layui/layui.js HTTP/1.1" 200 5940 "http://localhost:8018/page/PolicyQuery.html" "Mozilla/5.0 (Macintosh; Intel Mac OS X 10_13_3) AppleWebKit/537.36 (KHTML, like Gecko) Chrome/66.0.3359.181 Safari/537.36" 6
- 0:0:0:0:0:0:0:1 - - [06/Jun/2018:20:49:17 +0800] "GET /js/jquery.js HTTP/1.1" 200 256807 "http://localhost:8018/page/PolicyQuery.html" "Mozilla/5.0 (Macintosh; Intel Mac OS X 10_13_3) AppleWebKit/537.36 (KHTML, like Gecko) Chrome/66.0.3359.181 Safari/537.36" 6
- 0:0:0:0:0:0:0:1 - - [06/Jun/2018:20:49:17 +0800] "GET /common/global.css HTTP/1.1" 200 16934 "http://localhost:8018/page/PolicyQuery.html" "Mozilla/5.0 (Macintosh; Intel Mac OS X 10_13_3) AppleWebKit/537.36 (KHTML, like Gecko) Chrome/66.0.3359.181 Safari/537.36" 9
- 0:0:0:0:0:0:0:1 - - [06/Jun/2018:20:49:17 +0800] "GET /page/JiedanbaoDel.html HTTP/1.1" 200 3709 "http://localhost:8018/" "Mozilla/5.0 (Macintosh; Intel Mac OS X 10_13_3) AppleWebKit/537.36 (KHTML, like Gecko) Chrome/66.0.3359.181 Safari/537.36" 8
- 0:0:0:0:0:0:0:1 - - [06/Jun/2018:20:49:17 +0800] "GET /common/bootstrap/css/bootstrap.css HTTP/1.1" 200 137590 "http://localhost:8018/page/JiedanbaoDel.html" "Mozilla/5.0 (Macintosh; Intel Mac OS X 10_13_3) AppleWebKit/537.36 (KHTML, like Gecko) Chrome/66.0.3359.181 Safari/537.36" 4
- 0:0:0:0:0:0:0:1 - - [06/Jun/2018:20:49:17 +0800] "GET /common/global.css HTTP/1.1" 200 16934 "http://localhost:8018/page/JiedanbaoDel.html" "Mozilla/5.0 (Macintosh; Intel Mac OS X 10_13_3) AppleWebKit/537.36 (KHTML, like Gecko) Chrome/66.0.3359.181 Safari/537.36" 4
- 0:0:0:0:0:0:0:1 - - [06/Jun/2018:20:49:17 +0800] "GET /common/layui/css/layui.css HTTP/1.1" 200 41614 "http://localhost:8018/page/JiedanbaoDel.html" "Mozilla/5.0 (Macintosh; Intel Mac OS X 10_13_3) AppleWebKit/537.36 (KHTML, like Gecko) Chrome/66.0.3359.181 Safari/537.36" 3
- 0:0:0:0:0:0:0:1 - - [06/Jun/2018:20:49:17 +0800] "GET /common/layui/layui.js HTTP/1.1" 200 5940 "http://localhost:8018/page/JiedanbaoDel.html" "Mozilla/5.0 (Macintosh; Intel Mac OS X 10_13_3) AppleWebKit/537.36 (KHTML, like Gecko) Chrome/66.0.3359.181 Safari/537.36" 3
- 0:0:0:0:0:0:0:1 - - [06/Jun/2018:20:49:17 +0800] "GET /css/personal.css HTTP/1.1" 200 3374 "http://localhost:8018/page/JiedanbaoDel.html" "Mozilla/5.0 (Macintosh; Intel Mac OS X 10_13_3) AppleWebKit/537.36 (KHTML, like Gecko) Chrome/66.0.3359.181 Safari/537.36" 7
- 0:0:0:0:0:0:0:1 - - [06/Jun/2018:20:49:17 +0800] "GET /js/jquery.min.js HTTP/1.1" 200 84349 "http://localhost:8018/page/JiedanbaoDel.html" "Mozilla/5.0 (Macintosh; Intel Mac OS X 10_13_3) AppleWebKit/537.36 (KHTML, like Gecko) Chrome/66.0.3359.181 Safari/537.36" 8
- 0:0:0:0:0:0:0:1 - - [06/Jun/2018:20:49:17 +0800] "GET /js/jquery.js HTTP/1.1" 200 256807 "http://localhost:8018/page/JiedanbaoDel.html" "Mozilla/5.0 (Macintosh; Intel Mac OS X 10_13_3) AppleWebKit/537.36 (KHTML, like Gecko) Chrome/66.0.3359.181 Safari/537.36" 7
- 0:0:0:0:0:0:0:1 - - [06/Jun/2018:20:49:17 +0800] "GET /common/layui/font/iconfont.woff?v=1.0.7 HTTP/1.1" 200 27904 "http://localhost:8018/common/layui/css/layui.css" "Mozilla/5.0 (Macintosh; Intel Mac OS X 10_13_3) AppleWebKit/537.36 (KHTML, like Gecko) Chrome/66.0.3359.181 Safari/537.36" 3
- 0:0:0:0:0:0:0:1 - - [06/Jun/2018:20:49:20 +0800] "GET /jiedanbao/del?mid=1 HTTP/1.1" 200 161 "http://localhost:8018/page/JiedanbaoDel.html" "Mozilla/5.0 (Macintosh; Intel Mac OS X 10_13_3) AppleWebKit/537.36 (KHTML, like Gecko) Chrome/66.0.3359.181 Safari/537.36" 220
- 0:0:0:0:0:0:0:1 - - [06/Jun/2018:20:51:23 +0800] "GET /jiedanbao/query?mid=12 HTTP/1.1" 200 12 "http://localhost:8018/page/PolicyQuery.html" "Mozilla/5.0 (Macintosh; Intel Mac OS X 10_13_3) AppleWebKit/537.36 (KHTML, like Gecko) Chrome/66.0.3359.181 Safari/537.36" 22
