- 0:0:0:0:0:0:0:1 - - [04/Jan/2018:14:29:18 +0800] "GET / HTTP/1.1" 200 9379 "-" "Mozilla/5.0 (Macintosh; Intel Mac OS X 10_11_6) AppleWebKit/537.36 (KHTML, like Gecko) Chrome/63.0.3239.84 Safari/537.36" 161
- 0:0:0:0:0:0:0:1 - - [04/Jan/2018:14:29:18 +0800] "GET /css/adminstyle.css HTTP/1.1" 304 - "http://localhost:8080/" "Mozilla/5.0 (Macintosh; Intel Mac OS X 10_11_6) AppleWebKit/537.36 (KHTML, like Gecko) Chrome/63.0.3239.84 Safari/537.36" 16
- 0:0:0:0:0:0:0:1 - - [04/Jan/2018:14:29:18 +0800] "GET /common/layui/layui.js HTTP/1.1" 304 - "http://localhost:8080/" "Mozilla/5.0 (Macintosh; Intel Mac OS X 10_11_6) AppleWebKit/537.36 (KHTML, like Gecko) Chrome/63.0.3239.84 Safari/537.36" 9
- 0:0:0:0:0:0:0:1 - - [04/Jan/2018:14:29:18 +0800] "GET /common/layui/css/layui.css HTTP/1.1" 304 - "http://localhost:8080/" "Mozilla/5.0 (Macintosh; Intel Mac OS X 10_11_6) AppleWebKit/537.36 (KHTML, like Gecko) Chrome/63.0.3239.84 Safari/537.36" 16
- 0:0:0:0:0:0:0:1 - - [04/Jan/2018:14:29:18 +0800] "GET /common/global.css HTTP/1.1" 304 - "http://localhost:8080/" "Mozilla/5.0 (Macintosh; Intel Mac OS X 10_11_6) AppleWebKit/537.36 (KHTML, like Gecko) Chrome/63.0.3239.84 Safari/537.36" 17
- 0:0:0:0:0:0:0:1 - - [04/Jan/2018:14:29:18 +0800] "GET /main.html HTTP/1.1" 200 3516 "http://localhost:8080/" "Mozilla/5.0 (Macintosh; Intel Mac OS X 10_11_6) AppleWebKit/537.36 (KHTML, like Gecko) Chrome/63.0.3239.84 Safari/537.36" 18
- 0:0:0:0:0:0:0:1 - - [04/Jan/2018:14:29:18 +0800] "GET /js/larry.js HTTP/1.1" 304 - "http://localhost:8080/" "Mozilla/5.0 (Macintosh; Intel Mac OS X 10_11_6) AppleWebKit/537.36 (KHTML, like Gecko) Chrome/63.0.3239.84 Safari/537.36" 10
- 0:0:0:0:0:0:0:1 - - [04/Jan/2018:14:29:18 +0800] "GET /images/didilogo.png HTTP/1.1" 304 - "http://localhost:8080/" "Mozilla/5.0 (Macintosh; Intel Mac OS X 10_11_6) AppleWebKit/537.36 (KHTML, like Gecko) Chrome/63.0.3239.84 Safari/537.36" 13
- 0:0:0:0:0:0:0:1 - - [04/Jan/2018:14:29:18 +0800] "GET /js/index.js HTTP/1.1" 200 3582 "http://localhost:8080/" "Mozilla/5.0 (Macintosh; Intel Mac OS X 10_11_6) AppleWebKit/537.36 (KHTML, like Gecko) Chrome/63.0.3239.84 Safari/537.36" 30
- 0:0:0:0:0:0:0:1 - - [04/Jan/2018:14:29:18 +0800] "GET /common/font/fontawesome-webfont.woff2?v=4.7.0 HTTP/1.1" 304 - "http://localhost:8080/common/global.css" "Mozilla/5.0 (Macintosh; Intel Mac OS X 10_11_6) AppleWebKit/537.36 (KHTML, like Gecko) Chrome/63.0.3239.84 Safari/537.36" 29
- 0:0:0:0:0:0:0:1 - - [04/Jan/2018:14:29:18 +0800] "GET /common/font/iconfont.woff?t=1480736048214 HTTP/1.1" 304 - "http://localhost:8080/common/global.css" "Mozilla/5.0 (Macintosh; Intel Mac OS X 10_11_6) AppleWebKit/537.36 (KHTML, like Gecko) Chrome/63.0.3239.84 Safari/537.36" 73
- 0:0:0:0:0:0:0:1 - - [04/Jan/2018:14:29:18 +0800] "GET /common/layui/lay/modules/jquery.js HTTP/1.1" 304 - "http://localhost:8080/" "Mozilla/5.0 (Macintosh; Intel Mac OS X 10_11_6) AppleWebKit/537.36 (KHTML, like Gecko) Chrome/63.0.3239.84 Safari/537.36" 3
- 0:0:0:0:0:0:0:1 - - [04/Jan/2018:14:29:18 +0800] "GET /js/main.js HTTP/1.1" 304 - "http://localhost:8080/main.html" "Mozilla/5.0 (Macintosh; Intel Mac OS X 10_11_6) AppleWebKit/537.36 (KHTML, like Gecko) Chrome/63.0.3239.84 Safari/537.36" 3
- 0:0:0:0:0:0:0:1 - - [04/Jan/2018:14:29:18 +0800] "GET /images/system.png HTTP/1.1" 304 - "http://localhost:8080/main.html" "Mozilla/5.0 (Macintosh; Intel Mac OS X 10_11_6) AppleWebKit/537.36 (KHTML, like Gecko) Chrome/63.0.3239.84 Safari/537.36" 3
- 0:0:0:0:0:0:0:1 - - [04/Jan/2018:14:29:18 +0800] "GET /common/bootstrap/css/bootstrap.css HTTP/1.1" 304 - "http://localhost:8080/main.html" "Mozilla/5.0 (Macintosh; Intel Mac OS X 10_11_6) AppleWebKit/537.36 (KHTML, like Gecko) Chrome/63.0.3239.84 Safari/537.36" 5
- 0:0:0:0:0:0:0:1 - - [04/Jan/2018:14:29:18 +0800] "GET /css/main.css HTTP/1.1" 200 7497 "http://localhost:8080/main.html" "Mozilla/5.0 (Macintosh; Intel Mac OS X 10_11_6) AppleWebKit/537.36 (KHTML, like Gecko) Chrome/63.0.3239.84 Safari/537.36" 5
- 0:0:0:0:0:0:0:1 - - [04/Jan/2018:14:29:18 +0800] "GET /jsplug/echarts.min.js HTTP/1.1" 304 - "http://localhost:8080/main.html" "Mozilla/5.0 (Macintosh; Intel Mac OS X 10_11_6) AppleWebKit/537.36 (KHTML, like Gecko) Chrome/63.0.3239.84 Safari/537.36" 8
- 0:0:0:0:0:0:0:1 - - [04/Jan/2018:14:29:18 +0800] "GET /common/layui/lay/modules/element.js HTTP/1.1" 304 - "http://localhost:8080/" "Mozilla/5.0 (Macintosh; Intel Mac OS X 10_11_6) AppleWebKit/537.36 (KHTML, like Gecko) Chrome/63.0.3239.84 Safari/537.36" 5
- 0:0:0:0:0:0:0:1 - - [04/Jan/2018:14:29:18 +0800] "GET /common/layui/lay/modules/layer.js HTTP/1.1" 304 - "http://localhost:8080/" "Mozilla/5.0 (Macintosh; Intel Mac OS X 10_11_6) AppleWebKit/537.36 (KHTML, like Gecko) Chrome/63.0.3239.84 Safari/537.36" 3
- 0:0:0:0:0:0:0:1 - - [04/Jan/2018:14:29:18 +0800] "GET /common/font/pxgridsicons.woff HTTP/1.1" 304 - "http://localhost:8080/common/global.css" "Mozilla/5.0 (Macintosh; Intel Mac OS X 10_11_6) AppleWebKit/537.36 (KHTML, like Gecko) Chrome/63.0.3239.84 Safari/537.36" 3
- 0:0:0:0:0:0:0:1 - - [04/Jan/2018:14:29:18 +0800] "GET /common/layui/css/modules/layer/default/layer.css?v=3.0.11110 HTTP/1.1" 304 - "http://localhost:8080/" "Mozilla/5.0 (Macintosh; Intel Mac OS X 10_11_6) AppleWebKit/537.36 (KHTML, like Gecko) Chrome/63.0.3239.84 Safari/537.36" 2
- 0:0:0:0:0:0:0:1 - - [04/Jan/2018:14:29:18 +0800] "GET /js/navtab.js HTTP/1.1" 200 5081 "http://localhost:8080/" "Mozilla/5.0 (Macintosh; Intel Mac OS X 10_11_6) AppleWebKit/537.36 (KHTML, like Gecko) Chrome/63.0.3239.84 Safari/537.36" 4
- 0:0:0:0:0:0:0:1 - - [04/Jan/2018:14:29:23 +0800] "GET / HTTP/1.1" 200 9379 "-" "Mozilla/5.0 (Macintosh; Intel Mac OS X 10_11_6) AppleWebKit/537.36 (KHTML, like Gecko) Chrome/63.0.3239.84 Safari/537.36" 11
- 0:0:0:0:0:0:0:1 - - [04/Jan/2018:14:29:23 +0800] "GET /main.html HTTP/1.1" 200 3516 "http://localhost:8080/" "Mozilla/5.0 (Macintosh; Intel Mac OS X 10_11_6) AppleWebKit/537.36 (KHTML, like Gecko) Chrome/63.0.3239.84 Safari/537.36" 10
- 0:0:0:0:0:0:0:1 - - [04/Jan/2018:14:29:56 +0800] "GET / HTTP/1.1" 200 9379 "-" "Mozilla/5.0 (Macintosh; Intel Mac OS X 10_11_6) AppleWebKit/537.36 (KHTML, like Gecko) Chrome/63.0.3239.84 Safari/537.36" 12
- 0:0:0:0:0:0:0:1 - - [04/Jan/2018:14:29:57 +0800] "GET /main.html HTTP/1.1" 200 3516 "http://localhost:8080/" "Mozilla/5.0 (Macintosh; Intel Mac OS X 10_11_6) AppleWebKit/537.36 (KHTML, like Gecko) Chrome/63.0.3239.84 Safari/537.36" 10
- 0:0:0:0:0:0:0:1 - - [04/Jan/2018:14:30:04 +0800] "GET /common/layui/font/iconfont.woff?v=1.0.7 HTTP/1.1" 304 - "http://localhost:8080/common/layui/css/layui.css" "Mozilla/5.0 (Macintosh; Intel Mac OS X 10_11_6) AppleWebKit/537.36 (KHTML, like Gecko) Chrome/63.0.3239.84 Safari/537.36" 3
- 0:0:0:0:0:0:0:1 - - [04/Jan/2018:14:30:04 +0800] "GET /JiedanbaoDel.html HTTP/1.1" 200 3482 "http://localhost:8080/" "Mozilla/5.0 (Macintosh; Intel Mac OS X 10_11_6) AppleWebKit/537.36 (KHTML, like Gecko) Chrome/63.0.3239.84 Safari/537.36" 7
- 0:0:0:0:0:0:0:1 - - [04/Jan/2018:14:30:04 +0800] "GET /css/personal.css HTTP/1.1" 304 - "http://localhost:8080/JiedanbaoDel.html" "Mozilla/5.0 (Macintosh; Intel Mac OS X 10_11_6) AppleWebKit/537.36 (KHTML, like Gecko) Chrome/63.0.3239.84 Safari/537.36" 3
- 0:0:0:0:0:0:0:1 - - [04/Jan/2018:14:30:04 +0800] "GET /js/newslist.js HTTP/1.1" 304 - "http://localhost:8080/JiedanbaoDel.html" "Mozilla/5.0 (Macintosh; Intel Mac OS X 10_11_6) AppleWebKit/537.36 (KHTML, like Gecko) Chrome/63.0.3239.84 Safari/537.36" 6
- 0:0:0:0:0:0:0:1 - - [04/Jan/2018:14:30:04 +0800] "GET /common/layui/lay/modules/form.js HTTP/1.1" 304 - "http://localhost:8080/JiedanbaoDel.html" "Mozilla/5.0 (Macintosh; Intel Mac OS X 10_11_6) AppleWebKit/537.36 (KHTML, like Gecko) Chrome/63.0.3239.84 Safari/537.36" 2
- 0:0:0:0:0:0:0:1 - - [04/Jan/2018:14:30:04 +0800] "GET /common/layui/lay/modules/laypage.js HTTP/1.1" 304 - "http://localhost:8080/JiedanbaoDel.html" "Mozilla/5.0 (Macintosh; Intel Mac OS X 10_11_6) AppleWebKit/537.36 (KHTML, like Gecko) Chrome/63.0.3239.84 Safari/537.36" 2
- 0:0:0:0:0:0:0:1 - - [04/Jan/2018:14:30:04 +0800] "GET /json/newsList.json HTTP/1.1" 304 - "http://localhost:8080/JiedanbaoDel.html" "Mozilla/5.0 (Macintosh; Intel Mac OS X 10_11_6) AppleWebKit/537.36 (KHTML, like Gecko) Chrome/63.0.3239.84 Safari/537.36" 2
- 0:0:0:0:0:0:0:1 - - [04/Jan/2018:14:30:06 +0800] "GET /JiedanbaoDel.html? HTTP/1.1" 200 3482 "http://localhost:8080/JiedanbaoDel.html" "Mozilla/5.0 (Macintosh; Intel Mac OS X 10_11_6) AppleWebKit/537.36 (KHTML, like Gecko) Chrome/63.0.3239.84 Safari/537.36" 4
- 0:0:0:0:0:0:0:1 - - [04/Jan/2018:14:30:17 +0800] "GET /page/personInfo.html HTTP/1.1" 200 4267 "http://localhost:8080/" "Mozilla/5.0 (Macintosh; Intel Mac OS X 10_11_6) AppleWebKit/537.36 (KHTML, like Gecko) Chrome/63.0.3239.84 Safari/537.36" 8
- 0:0:0:0:0:0:0:1 - - [04/Jan/2018:14:30:17 +0800] "GET /common/layui/lay/modules/upload.js HTTP/1.1" 304 - "http://localhost:8080/page/personInfo.html" "Mozilla/5.0 (Macintosh; Intel Mac OS X 10_11_6) AppleWebKit/537.36 (KHTML, like Gecko) Chrome/63.0.3239.84 Safari/537.36" 3
- 0:0:0:0:0:0:0:1 - - [04/Jan/2018:14:30:23 +0800] "GET /page/table.html HTTP/1.1" 200 19410 "http://localhost:8080/" "Mozilla/5.0 (Macintosh; Intel Mac OS X 10_11_6) AppleWebKit/537.36 (KHTML, like Gecko) Chrome/63.0.3239.84 Safari/537.36" 15
- 0:0:0:0:0:0:0:1 - - [04/Jan/2018:14:30:30 +0800] "GET /page/table_1.html HTTP/1.1" 200 6186 "http://localhost:8080/" "Mozilla/5.0 (Macintosh; Intel Mac OS X 10_11_6) AppleWebKit/537.36 (KHTML, like Gecko) Chrome/63.0.3239.84 Safari/537.36" 7
- 0:0:0:0:0:0:0:1 - - [04/Jan/2018:14:30:35 +0800] "GET /page/myloginfo.html HTTP/1.1" 200 12170 "http://localhost:8080/" "Mozilla/5.0 (Macintosh; Intel Mac OS X 10_11_6) AppleWebKit/537.36 (KHTML, like Gecko) Chrome/63.0.3239.84 Safari/537.36" 12
- 0:0:0:0:0:0:0:1 - - [04/Jan/2018:14:30:49 +0800] "GET / HTTP/1.1" 200 9379 "-" "Mozilla/5.0 (Macintosh; Intel Mac OS X 10_11_6) AppleWebKit/537.36 (KHTML, like Gecko) Chrome/63.0.3239.84 Safari/537.36" 5
- 0:0:0:0:0:0:0:1 - - [04/Jan/2018:14:30:49 +0800] "GET /main.html HTTP/1.1" 200 3516 "http://localhost:8080/" "Mozilla/5.0 (Macintosh; Intel Mac OS X 10_11_6) AppleWebKit/537.36 (KHTML, like Gecko) Chrome/63.0.3239.84 Safari/537.36" 5
- 0:0:0:0:0:0:0:1 - - [04/Jan/2018:14:30:49 +0800] "GET /favicon.ico HTTP/1.1" 200 946 "http://localhost:8080/" "Mozilla/5.0 (Macintosh; Intel Mac OS X 10_11_6) AppleWebKit/537.36 (KHTML, like Gecko) Chrome/63.0.3239.84 Safari/537.36" 17
- 0:0:0:0:0:0:0:1 - - [04/Jan/2018:14:33:16 +0800] "GET / HTTP/1.1" 200 9379 "-" "Mozilla/5.0 (Macintosh; Intel Mac OS X 10_11_6) AppleWebKit/537.36 (KHTML, like Gecko) Chrome/63.0.3239.84 Safari/537.36" 155
- 0:0:0:0:0:0:0:1 - - [04/Jan/2018:14:33:16 +0800] "GET /main.html HTTP/1.1" 200 3518 "http://localhost:8080/" "Mozilla/5.0 (Macintosh; Intel Mac OS X 10_11_6) AppleWebKit/537.36 (KHTML, like Gecko) Chrome/63.0.3239.84 Safari/537.36" 17
- 0:0:0:0:0:0:0:1 - - [04/Jan/2018:14:35:56 +0800] "GET /JiedanbaoDel.html HTTP/1.1" 200 3482 "http://localhost:8080/" "Mozilla/5.0 (Macintosh; Intel Mac OS X 10_11_6) AppleWebKit/537.36 (KHTML, like Gecko) Chrome/63.0.3239.84 Safari/537.36" 10
- 0:0:0:0:0:0:0:1 - - [04/Jan/2018:14:36:29 +0800] "GET /page/myloginfo.html HTTP/1.1" 200 12170 "http://localhost:8080/" "Mozilla/5.0 (Macintosh; Intel Mac OS X 10_11_6) AppleWebKit/537.36 (KHTML, like Gecko) Chrome/63.0.3239.84 Safari/537.36" 17
- 0:0:0:0:0:0:0:1 - - [04/Jan/2018:14:36:35 +0800] "GET /404.html HTTP/1.1" 200 1070 "http://localhost:8080/" "Mozilla/5.0 (Macintosh; Intel Mac OS X 10_11_6) AppleWebKit/537.36 (KHTML, like Gecko) Chrome/63.0.3239.84 Safari/537.36" 8
- 0:0:0:0:0:0:0:1 - - [04/Jan/2018:14:36:36 +0800] "GET /404.html HTTP/1.1" 200 1070 "http://localhost:8080/" "Mozilla/5.0 (Macintosh; Intel Mac OS X 10_11_6) AppleWebKit/537.36 (KHTML, like Gecko) Chrome/63.0.3239.84 Safari/537.36" 5
- 0:0:0:0:0:0:0:1 - - [04/Jan/2018:14:36:56 +0800] "GET / HTTP/1.1" 200 9379 "http://localhost:8080/" "Mozilla/5.0 (Macintosh; Intel Mac OS X 10_11_6) AppleWebKit/537.36 (KHTML, like Gecko) Chrome/63.0.3239.84 Safari/537.36" 11
- 0:0:0:0:0:0:0:1 - - [04/Jan/2018:14:36:56 +0800] "GET /main.html HTTP/1.1" 200 3518 "http://localhost:8080/" "Mozilla/5.0 (Macintosh; Intel Mac OS X 10_11_6) AppleWebKit/537.36 (KHTML, like Gecko) Chrome/63.0.3239.84 Safari/537.36" 12
- 0:0:0:0:0:0:0:1 - - [04/Jan/2018:14:55:19 +0800] "GET / HTTP/1.1" 200 9387 "-" "Mozilla/5.0 (Macintosh; Intel Mac OS X 10_11_6) AppleWebKit/537.36 (KHTML, like Gecko) Chrome/63.0.3239.84 Safari/537.36" 137
- 0:0:0:0:0:0:0:1 - - [04/Jan/2018:14:55:19 +0800] "GET /main.html HTTP/1.1" 200 3518 "http://localhost:8080/" "Mozilla/5.0 (Macintosh; Intel Mac OS X 10_11_6) AppleWebKit/537.36 (KHTML, like Gecko) Chrome/63.0.3239.84 Safari/537.36" 14
- 0:0:0:0:0:0:0:1 - - [04/Jan/2018:14:55:22 +0800] "GET /page/linksList.html HTTP/1.1" 500 382 "http://localhost:8080/" "Mozilla/5.0 (Macintosh; Intel Mac OS X 10_11_6) AppleWebKit/537.36 (KHTML, like Gecko) Chrome/63.0.3239.84 Safari/537.36" 60
- 0:0:0:0:0:0:0:1 - - [04/Jan/2018:14:55:58 +0800] "GET / HTTP/1.1" 200 9387 "-" "Mozilla/5.0 (Macintosh; Intel Mac OS X 10_11_6) AppleWebKit/537.36 (KHTML, like Gecko) Chrome/63.0.3239.84 Safari/537.36" 149
- 0:0:0:0:0:0:0:1 - - [04/Jan/2018:14:55:58 +0800] "GET /main.html HTTP/1.1" 200 3518 "http://localhost:8080/" "Mozilla/5.0 (Macintosh; Intel Mac OS X 10_11_6) AppleWebKit/537.36 (KHTML, like Gecko) Chrome/63.0.3239.84 Safari/537.36" 11
- 0:0:0:0:0:0:0:1 - - [04/Jan/2018:14:56:02 +0800] "GET /page/linksList.html HTTP/1.1" 500 383 "http://localhost:8080/" "Mozilla/5.0 (Macintosh; Intel Mac OS X 10_11_6) AppleWebKit/537.36 (KHTML, like Gecko) Chrome/63.0.3239.84 Safari/537.36" 59
- 0:0:0:0:0:0:0:1 - - [04/Jan/2018:14:56:32 +0800] "GET / HTTP/1.1" 200 9387 "-" "Mozilla/5.0 (Macintosh; Intel Mac OS X 10_11_6) AppleWebKit/537.36 (KHTML, like Gecko) Chrome/63.0.3239.84 Safari/537.36" 153
- 0:0:0:0:0:0:0:1 - - [04/Jan/2018:14:56:32 +0800] "GET /main.html HTTP/1.1" 200 3518 "http://localhost:8080/" "Mozilla/5.0 (Macintosh; Intel Mac OS X 10_11_6) AppleWebKit/537.36 (KHTML, like Gecko) Chrome/63.0.3239.84 Safari/537.36" 13
- 0:0:0:0:0:0:0:1 - - [04/Jan/2018:14:56:34 +0800] "GET /page/linksList.html HTTP/1.1" 200 2281 "http://localhost:8080/" "Mozilla/5.0 (Macintosh; Intel Mac OS X 10_11_6) AppleWebKit/537.36 (KHTML, like Gecko) Chrome/63.0.3239.84 Safari/537.36" 9
- 0:0:0:0:0:0:0:1 - - [04/Jan/2018:14:56:34 +0800] "GET /css/news.css HTTP/1.1" 200 171 "http://localhost:8080/page/linksList.html" "Mozilla/5.0 (Macintosh; Intel Mac OS X 10_11_6) AppleWebKit/537.36 (KHTML, like Gecko) Chrome/63.0.3239.84 Safari/537.36" 25
- 0:0:0:0:0:0:0:1 - - [04/Jan/2018:14:56:34 +0800] "GET /js/linksList.js HTTP/1.1" 200 7874 "http://localhost:8080/page/linksList.html" "Mozilla/5.0 (Macintosh; Intel Mac OS X 10_11_6) AppleWebKit/537.36 (KHTML, like Gecko) Chrome/63.0.3239.84 Safari/537.36" 24
- 0:0:0:0:0:0:0:1 - - [04/Jan/2018:14:56:34 +0800] "GET /json/linksList.json HTTP/1.1" 404 134 "http://localhost:8080/page/linksList.html" "Mozilla/5.0 (Macintosh; Intel Mac OS X 10_11_6) AppleWebKit/537.36 (KHTML, like Gecko) Chrome/63.0.3239.84 Safari/537.36" 69
- 0:0:0:0:0:0:0:1 - - [04/Jan/2018:14:56:36 +0800] "GET /common/layui/css/modules/layer/default/loading-1.gif HTTP/1.1" 200 701 "http://localhost:8080/common/layui/css/modules/layer/default/layer.css?v=3.0.11110" "Mozilla/5.0 (Macintosh; Intel Mac OS X 10_11_6) AppleWebKit/537.36 (KHTML, like Gecko) Chrome/63.0.3239.84 Safari/537.36" 5
- 0:0:0:0:0:0:0:1 - - [04/Jan/2018:14:56:36 +0800] "GET /common/layui/css/modules/layer/default/icon.png HTTP/1.1" 200 11493 "http://localhost:8080/common/layui/css/modules/layer/default/layer.css?v=3.0.11110" "Mozilla/5.0 (Macintosh; Intel Mac OS X 10_11_6) AppleWebKit/537.36 (KHTML, like Gecko) Chrome/63.0.3239.84 Safari/537.36" 6
- 0:0:0:0:0:0:0:1 - - [04/Jan/2018:14:56:36 +0800] "GET /page/linksAdd.html HTTP/1.1" 200 2684 "http://localhost:8080/page/linksList.html" "Mozilla/5.0 (Macintosh; Intel Mac OS X 10_11_6) AppleWebKit/537.36 (KHTML, like Gecko) Chrome/63.0.3239.84 Safari/537.36" 11
- 0:0:0:0:0:0:0:1 - - [04/Jan/2018:14:56:36 +0800] "GET /js/linksAdd.js HTTP/1.1" 200 1941 "http://localhost:8080/page/linksAdd.html" "Mozilla/5.0 (Macintosh; Intel Mac OS X 10_11_6) AppleWebKit/537.36 (KHTML, like Gecko) Chrome/63.0.3239.84 Safari/537.36" 4
- 0:0:0:0:0:0:0:1 - - [04/Jan/2018:14:56:36 +0800] "GET /common/layui/lay/modules/layedit.js HTTP/1.1" 200 12487 "http://localhost:8080/page/linksAdd.html" "Mozilla/5.0 (Macintosh; Intel Mac OS X 10_11_6) AppleWebKit/537.36 (KHTML, like Gecko) Chrome/63.0.3239.84 Safari/537.36" 5
- 0:0:0:0:0:0:0:1 - - [04/Jan/2018:14:56:36 +0800] "GET /common/layui/lay/modules/laydate.js HTTP/1.1" 200 13298 "http://localhost:8080/page/linksAdd.html" "Mozilla/5.0 (Macintosh; Intel Mac OS X 10_11_6) AppleWebKit/537.36 (KHTML, like Gecko) Chrome/63.0.3239.84 Safari/537.36" 4
- 0:0:0:0:0:0:0:1 - - [04/Jan/2018:14:56:36 +0800] "GET /common/layui/css/modules/laydate/laydate.css HTTP/1.1" 304 - "http://localhost:8080/page/linksAdd.html" "Mozilla/5.0 (Macintosh; Intel Mac OS X 10_11_6) AppleWebKit/537.36 (KHTML, like Gecko) Chrome/63.0.3239.84 Safari/537.36" 7
- 0:0:0:0:0:0:0:1 - - [04/Jan/2018:14:56:41 +0800] "GET /page/linksAdd.html HTTP/1.1" 200 2684 "http://localhost:8080/page/linksList.html" "Mozilla/5.0 (Macintosh; Intel Mac OS X 10_11_6) AppleWebKit/537.36 (KHTML, like Gecko) Chrome/63.0.3239.84 Safari/537.36" 8
- 0:0:0:0:0:0:0:1 - - [04/Jan/2018:14:57:23 +0800] "GET /common/layui/css/modules/layer/default/loading-2.gif HTTP/1.1" 200 1787 "http://localhost:8080/common/layui/css/modules/layer/default/layer.css?v=3.0.11110" "Mozilla/5.0 (Macintosh; Intel Mac OS X 10_11_6) AppleWebKit/537.36 (KHTML, like Gecko) Chrome/63.0.3239.84 Safari/537.36" 7
- 0:0:0:0:0:0:0:1 - - [04/Jan/2018:14:57:25 +0800] "GET /page/linksList.html HTTP/1.1" 200 2281 "http://localhost:8080/page/linksList.html" "Mozilla/5.0 (Macintosh; Intel Mac OS X 10_11_6) AppleWebKit/537.36 (KHTML, like Gecko) Chrome/63.0.3239.84 Safari/537.36" 5
- 0:0:0:0:0:0:0:1 - - [04/Jan/2018:14:57:25 +0800] "GET /css/news.css HTTP/1.1" 304 - "http://localhost:8080/page/linksList.html" "Mozilla/5.0 (Macintosh; Intel Mac OS X 10_11_6) AppleWebKit/537.36 (KHTML, like Gecko) Chrome/63.0.3239.84 Safari/537.36" 3
- 0:0:0:0:0:0:0:1 - - [04/Jan/2018:14:57:25 +0800] "GET /js/linksList.js HTTP/1.1" 304 - "http://localhost:8080/page/linksList.html" "Mozilla/5.0 (Macintosh; Intel Mac OS X 10_11_6) AppleWebKit/537.36 (KHTML, like Gecko) Chrome/63.0.3239.84 Safari/537.36" 2
- 0:0:0:0:0:0:0:1 - - [04/Jan/2018:14:57:26 +0800] "GET /json/linksList.json HTTP/1.1" 404 134 "http://localhost:8080/page/linksList.html" "Mozilla/5.0 (Macintosh; Intel Mac OS X 10_11_6) AppleWebKit/537.36 (KHTML, like Gecko) Chrome/63.0.3239.84 Safari/537.36" 5
- 0:0:0:0:0:0:0:1 - - [04/Jan/2018:14:57:32 +0800] "GET / HTTP/1.1" 200 9387 "-" "Mozilla/5.0 (Macintosh; Intel Mac OS X 10_11_6) AppleWebKit/537.36 (KHTML, like Gecko) Chrome/63.0.3239.84 Safari/537.36" 9
- 0:0:0:0:0:0:0:1 - - [04/Jan/2018:14:57:32 +0800] "GET /main.html HTTP/1.1" 200 3518 "http://localhost:8080/" "Mozilla/5.0 (Macintosh; Intel Mac OS X 10_11_6) AppleWebKit/537.36 (KHTML, like Gecko) Chrome/63.0.3239.84 Safari/537.36" 8
- 0:0:0:0:0:0:0:1 - - [04/Jan/2018:14:57:32 +0800] "GET /favicon.ico HTTP/1.1" 200 946 "http://localhost:8080/" "Mozilla/5.0 (Macintosh; Intel Mac OS X 10_11_6) AppleWebKit/537.36 (KHTML, like Gecko) Chrome/63.0.3239.84 Safari/537.36" 13
- 0:0:0:0:0:0:0:1 - - [04/Jan/2018:14:57:34 +0800] "GET /page/linksList.html HTTP/1.1" 200 2281 "http://localhost:8080/" "Mozilla/5.0 (Macintosh; Intel Mac OS X 10_11_6) AppleWebKit/537.36 (KHTML, like Gecko) Chrome/63.0.3239.84 Safari/537.36" 5
- 0:0:0:0:0:0:0:1 - - [04/Jan/2018:14:57:34 +0800] "GET /json/linksList.json HTTP/1.1" 404 134 "http://localhost:8080/page/linksList.html" "Mozilla/5.0 (Macintosh; Intel Mac OS X 10_11_6) AppleWebKit/537.36 (KHTML, like Gecko) Chrome/63.0.3239.84 Safari/537.36" 4
- 0:0:0:0:0:0:0:1 - - [04/Jan/2018:14:57:41 +0800] "GET /page/linksAdd.html HTTP/1.1" 200 2684 "http://localhost:8080/page/linksList.html" "Mozilla/5.0 (Macintosh; Intel Mac OS X 10_11_6) AppleWebKit/537.36 (KHTML, like Gecko) Chrome/63.0.3239.84 Safari/537.36" 6
- 0:0:0:0:0:0:0:1 - - [04/Jan/2018:14:57:41 +0800] "GET /js/linksAdd.js HTTP/1.1" 304 - "http://localhost:8080/page/linksAdd.html" "Mozilla/5.0 (Macintosh; Intel Mac OS X 10_11_6) AppleWebKit/537.36 (KHTML, like Gecko) Chrome/63.0.3239.84 Safari/537.36" 3
- 0:0:0:0:0:0:0:1 - - [04/Jan/2018:14:58:29 +0800] "GET /page/linksAdd.html HTTP/1.1" 200 2684 "http://localhost:8080/page/linksList.html" "Mozilla/5.0 (Macintosh; Intel Mac OS X 10_11_6) AppleWebKit/537.36 (KHTML, like Gecko) Chrome/63.0.3239.84 Safari/537.36" 7
- 0:0:0:0:0:0:0:1 - - [04/Jan/2018:14:58:29 +0800] "GET /js/linksAdd.js HTTP/1.1" 304 - "http://localhost:8080/page/linksAdd.html" "Mozilla/5.0 (Macintosh; Intel Mac OS X 10_11_6) AppleWebKit/537.36 (KHTML, like Gecko) Chrome/63.0.3239.84 Safari/537.36" 2
- 0:0:0:0:0:0:0:1 - - [04/Jan/2018:14:58:39 +0800] "GET /json/linksList.json HTTP/1.1" 404 134 "http://localhost:8080/page/linksList.html" "Mozilla/5.0 (Macintosh; Intel Mac OS X 10_11_6) AppleWebKit/537.36 (KHTML, like Gecko) Chrome/63.0.3239.84 Safari/537.36" 5
- 0:0:0:0:0:0:0:1 - - [04/Jan/2018:14:59:01 +0800] "GET /404.html HTTP/1.1" 200 1070 "http://localhost:8080/" "Mozilla/5.0 (Macintosh; Intel Mac OS X 10_11_6) AppleWebKit/537.36 (KHTML, like Gecko) Chrome/63.0.3239.84 Safari/537.36" 7
- 0:0:0:0:0:0:0:1 - - [04/Jan/2018:15:01:03 +0800] "GET /JiedanbaoDel.html HTTP/1.1" 200 3482 "http://localhost:8080/" "Mozilla/5.0 (Macintosh; Intel Mac OS X 10_11_6) AppleWebKit/537.36 (KHTML, like Gecko) Chrome/63.0.3239.84 Safari/537.36" 7
- 0:0:0:0:0:0:0:1 - - [04/Jan/2018:15:02:56 +0800] "GET / HTTP/1.1" 200 9387 "-" "Mozilla/5.0 (Macintosh; Intel Mac OS X 10_11_6) AppleWebKit/537.36 (KHTML, like Gecko) Chrome/63.0.3239.84 Safari/537.36" 9
- 0:0:0:0:0:0:0:1 - - [04/Jan/2018:15:02:56 +0800] "GET /main.html HTTP/1.1" 200 3518 "http://localhost:8080/" "Mozilla/5.0 (Macintosh; Intel Mac OS X 10_11_6) AppleWebKit/537.36 (KHTML, like Gecko) Chrome/63.0.3239.84 Safari/537.36" 6
- 0:0:0:0:0:0:0:1 - - [04/Jan/2018:15:02:56 +0800] "GET /favicon.ico HTTP/1.1" 200 946 "http://localhost:8080/" "Mozilla/5.0 (Macintosh; Intel Mac OS X 10_11_6) AppleWebKit/537.36 (KHTML, like Gecko) Chrome/63.0.3239.84 Safari/537.36" 4
- 0:0:0:0:0:0:0:1 - - [04/Jan/2018:15:12:44 +0800] "GET /JiedanbaoDel.html HTTP/1.1" 200 3482 "http://localhost:8080/" "Mozilla/5.0 (Macintosh; Intel Mac OS X 10_11_6) AppleWebKit/537.36 (KHTML, like Gecko) Chrome/63.0.3239.84 Safari/537.36" 7
- 0:0:0:0:0:0:0:1 - - [04/Jan/2018:15:12:57 +0800] "GET /JiedanbaoDel.html HTTP/1.1" 200 3482 "http://localhost:8080/" "Mozilla/5.0 (Macintosh; Intel Mac OS X 10_11_6) AppleWebKit/537.36 (KHTML, like Gecko) Chrome/63.0.3239.84 Safari/537.36" 9
- 0:0:0:0:0:0:0:1 - - [04/Jan/2018:15:15:00 +0800] "GET / HTTP/1.1" 200 9387 "-" "Mozilla/5.0 (Macintosh; Intel Mac OS X 10_11_6) AppleWebKit/537.36 (KHTML, like Gecko) Chrome/63.0.3239.84 Safari/537.36" 148
- 0:0:0:0:0:0:0:1 - - [04/Jan/2018:15:15:00 +0800] "GET /main.html HTTP/1.1" 200 3518 "http://localhost:8080/" "Mozilla/5.0 (Macintosh; Intel Mac OS X 10_11_6) AppleWebKit/537.36 (KHTML, like Gecko) Chrome/63.0.3239.84 Safari/537.36" 13
- 0:0:0:0:0:0:0:1 - - [04/Jan/2018:15:15:02 +0800] "GET /JiedanbaoDel.html HTTP/1.1" 200 3482 "http://localhost:8080/" "Mozilla/5.0 (Macintosh; Intel Mac OS X 10_11_6) AppleWebKit/537.36 (KHTML, like Gecko) Chrome/63.0.3239.84 Safari/537.36" 11
- 0:0:0:0:0:0:0:1 - - [04/Jan/2018:15:19:19 +0800] "GET / HTTP/1.1" 200 9387 "-" "Mozilla/5.0 (Macintosh; Intel Mac OS X 10_11_6) AppleWebKit/537.36 (KHTML, like Gecko) Chrome/63.0.3239.84 Safari/537.36" 186
- 0:0:0:0:0:0:0:1 - - [04/Jan/2018:15:19:19 +0800] "GET /main.html HTTP/1.1" 200 3518 "http://localhost:8080/" "Mozilla/5.0 (Macintosh; Intel Mac OS X 10_11_6) AppleWebKit/537.36 (KHTML, like Gecko) Chrome/63.0.3239.84 Safari/537.36" 18
- 0:0:0:0:0:0:0:1 - - [04/Jan/2018:15:19:22 +0800] "GET /JiedanbaoDel.html HTTP/1.1" 200 3482 "http://localhost:8080/" "Mozilla/5.0 (Macintosh; Intel Mac OS X 10_11_6) AppleWebKit/537.36 (KHTML, like Gecko) Chrome/63.0.3239.84 Safari/537.36" 9
- 0:0:0:0:0:0:0:1 - - [04/Jan/2018:15:20:40 +0800] "GET / HTTP/1.1" 200 9392 "-" "Mozilla/5.0 (Macintosh; Intel Mac OS X 10_11_6) AppleWebKit/537.36 (KHTML, like Gecko) Chrome/63.0.3239.84 Safari/537.36" 141
- 0:0:0:0:0:0:0:1 - - [04/Jan/2018:15:20:40 +0800] "GET /main.html HTTP/1.1" 200 3518 "http://localhost:8080/" "Mozilla/5.0 (Macintosh; Intel Mac OS X 10_11_6) AppleWebKit/537.36 (KHTML, like Gecko) Chrome/63.0.3239.84 Safari/537.36" 17
- 0:0:0:0:0:0:0:1 - - [04/Jan/2018:15:20:42 +0800] "GET /page/JiedanbaoDel.html HTTP/1.1" 200 3482 "http://localhost:8080/" "Mozilla/5.0 (Macintosh; Intel Mac OS X 10_11_6) AppleWebKit/537.36 (KHTML, like Gecko) Chrome/63.0.3239.84 Safari/537.36" 10
- 0:0:0:0:0:0:0:1 - - [04/Jan/2018:15:20:42 +0800] "GET /page/common/layui/css/layui.css HTTP/1.1" 404 146 "http://localhost:8080/page/JiedanbaoDel.html" "Mozilla/5.0 (Macintosh; Intel Mac OS X 10_11_6) AppleWebKit/537.36 (KHTML, like Gecko) Chrome/63.0.3239.84 Safari/537.36" 102
- 0:0:0:0:0:0:0:1 - - [04/Jan/2018:15:20:42 +0800] "GET /page/common/layui/layui.js HTTP/1.1" 404 141 "http://localhost:8080/page/JiedanbaoDel.html" "Mozilla/5.0 (Macintosh; Intel Mac OS X 10_11_6) AppleWebKit/537.36 (KHTML, like Gecko) Chrome/63.0.3239.84 Safari/537.36" 99
- 0:0:0:0:0:0:0:1 - - [04/Jan/2018:15:20:42 +0800] "GET /page/css/personal.css HTTP/1.1" 404 136 "http://localhost:8080/page/JiedanbaoDel.html" "Mozilla/5.0 (Macintosh; Intel Mac OS X 10_11_6) AppleWebKit/537.36 (KHTML, like Gecko) Chrome/63.0.3239.84 Safari/537.36" 101
- 0:0:0:0:0:0:0:1 - - [04/Jan/2018:15:20:42 +0800] "GET /page/js/newslist.js HTTP/1.1" 404 134 "http://localhost:8080/page/JiedanbaoDel.html" "Mozilla/5.0 (Macintosh; Intel Mac OS X 10_11_6) AppleWebKit/537.36 (KHTML, like Gecko) Chrome/63.0.3239.84 Safari/537.36" 96
- 0:0:0:0:0:0:0:1 - - [04/Jan/2018:15:20:42 +0800] "GET /page/common/global.css HTTP/1.1" 404 137 "http://localhost:8080/page/JiedanbaoDel.html" "Mozilla/5.0 (Macintosh; Intel Mac OS X 10_11_6) AppleWebKit/537.36 (KHTML, like Gecko) Chrome/63.0.3239.84 Safari/537.36" 99
- 0:0:0:0:0:0:0:1 - - [04/Jan/2018:15:20:42 +0800] "GET /page/common/bootstrap/css/bootstrap.css HTTP/1.1" 404 154 "http://localhost:8080/page/JiedanbaoDel.html" "Mozilla/5.0 (Macintosh; Intel Mac OS X 10_11_6) AppleWebKit/537.36 (KHTML, like Gecko) Chrome/63.0.3239.84 Safari/537.36" 103
- 0:0:0:0:0:0:0:1 - - [04/Jan/2018:15:21:23 +0800] "GET / HTTP/1.1" 200 9392 "-" "Mozilla/5.0 (Macintosh; Intel Mac OS X 10_11_6) AppleWebKit/537.36 (KHTML, like Gecko) Chrome/63.0.3239.84 Safari/537.36" 155
- 0:0:0:0:0:0:0:1 - - [04/Jan/2018:15:21:23 +0800] "GET /main.html HTTP/1.1" 200 3518 "http://localhost:8080/" "Mozilla/5.0 (Macintosh; Intel Mac OS X 10_11_6) AppleWebKit/537.36 (KHTML, like Gecko) Chrome/63.0.3239.84 Safari/537.36" 13
- 0:0:0:0:0:0:0:1 - - [04/Jan/2018:15:21:23 +0800] "GET /favicon.ico HTTP/1.1" 200 946 "http://localhost:8080/" "Mozilla/5.0 (Macintosh; Intel Mac OS X 10_11_6) AppleWebKit/537.36 (KHTML, like Gecko) Chrome/63.0.3239.84 Safari/537.36" 21
- 0:0:0:0:0:0:0:1 - - [04/Jan/2018:15:21:26 +0800] "GET /page/JiedanbaoDel.html HTTP/1.1" 200 3488 "http://localhost:8080/" "Mozilla/5.0 (Macintosh; Intel Mac OS X 10_11_6) AppleWebKit/537.36 (KHTML, like Gecko) Chrome/63.0.3239.84 Safari/537.36" 10
- 0:0:0:0:0:0:0:1 - - [04/Jan/2018:15:21:27 +0800] "GET /page/JiedanbaoDel.html? HTTP/1.1" 200 3488 "http://localhost:8080/page/JiedanbaoDel.html" "Mozilla/5.0 (Macintosh; Intel Mac OS X 10_11_6) AppleWebKit/537.36 (KHTML, like Gecko) Chrome/63.0.3239.84 Safari/537.36" 6
- 0:0:0:0:0:0:0:1 - - [04/Jan/2018:17:23:51 +0800] "GET / HTTP/1.1" 200 9392 "-" "Mozilla/5.0 (Macintosh; Intel Mac OS X 10_11_6) AppleWebKit/537.36 (KHTML, like Gecko) Chrome/63.0.3239.84 Safari/537.36" 146
- 0:0:0:0:0:0:0:1 - - [04/Jan/2018:17:23:51 +0800] "GET /images/didilogo.png HTTP/1.1" 304 - "http://localhost:8080/" "Mozilla/5.0 (Macintosh; Intel Mac OS X 10_11_6) AppleWebKit/537.36 (KHTML, like Gecko) Chrome/63.0.3239.84 Safari/537.36" 18
- 0:0:0:0:0:0:0:1 - - [04/Jan/2018:17:23:51 +0800] "GET /main.html HTTP/1.1" 200 3518 "http://localhost:8080/" "Mozilla/5.0 (Macintosh; Intel Mac OS X 10_11_6) AppleWebKit/537.36 (KHTML, like Gecko) Chrome/63.0.3239.84 Safari/537.36" 13
