- 0:0:0:0:0:0:0:1 - - [22/Jun/2018:14:40:51 +0800] "GET / HTTP/1.1" 200 9667 "-" "Mozilla/5.0 (Macintosh; Intel Mac OS X 10_13_3) AppleWebKit/537.36 (KHTML, like Gecko) Chrome/67.0.3396.87 Safari/537.36" 252
- 0:0:0:0:0:0:0:1 - - [22/Jun/2018:14:40:51 +0800] "GET /common/layui/layui.js HTTP/1.1" 200 5940 "http://localhost:8018/" "Mozilla/5.0 (Macintosh; Intel Mac OS X 10_13_3) AppleWebKit/537.36 (KHTML, like Gecko) Chrome/67.0.3396.87 Safari/537.36" 23
- 0:0:0:0:0:0:0:1 - - [22/Jun/2018:14:40:51 +0800] "GET /js/larry.js HTTP/1.1" 200 2994 "http://localhost:8018/" "Mozilla/5.0 (Macintosh; Intel Mac OS X 10_13_3) AppleWebKit/537.36 (KHTML, like Gecko) Chrome/67.0.3396.87 Safari/537.36" 25
- 0:0:0:0:0:0:0:1 - - [22/Jun/2018:14:40:51 +0800] "GET /images/didilogo.png HTTP/1.1" 200 40976 "http://localhost:8018/" "Mozilla/5.0 (Macintosh; Intel Mac OS X 10_13_3) AppleWebKit/537.36 (KHTML, like Gecko) Chrome/67.0.3396.87 Safari/537.36" 31
- 0:0:0:0:0:0:0:1 - - [22/Jun/2018:14:40:51 +0800] "GET /css/adminstyle.css HTTP/1.1" 200 7233 "http://localhost:8018/" "Mozilla/5.0 (Macintosh; Intel Mac OS X 10_13_3) AppleWebKit/537.36 (KHTML, like Gecko) Chrome/67.0.3396.87 Safari/537.36" 31
- 0:0:0:0:0:0:0:1 - - [22/Jun/2018:14:40:51 +0800] "GET /common/global.css HTTP/1.1" 200 16934 "http://localhost:8018/" "Mozilla/5.0 (Macintosh; Intel Mac OS X 10_13_3) AppleWebKit/537.36 (KHTML, like Gecko) Chrome/67.0.3396.87 Safari/537.36" 33
- 0:0:0:0:0:0:0:1 - - [22/Jun/2018:14:40:51 +0800] "GET /common/layui/css/layui.css HTTP/1.1" 200 41614 "http://localhost:8018/" "Mozilla/5.0 (Macintosh; Intel Mac OS X 10_13_3) AppleWebKit/537.36 (KHTML, like Gecko) Chrome/67.0.3396.87 Safari/537.36" 38
- 0:0:0:0:0:0:0:1 - - [22/Jun/2018:14:40:51 +0800] "GET /main.html HTTP/1.1" 200 4150 "http://localhost:8018/" "Mozilla/5.0 (Macintosh; Intel Mac OS X 10_13_3) AppleWebKit/537.36 (KHTML, like Gecko) Chrome/67.0.3396.87 Safari/537.36" 12
- 0:0:0:0:0:0:0:1 - - [22/Jun/2018:14:40:51 +0800] "GET /js/index.js HTTP/1.1" 200 3449 "http://localhost:8018/" "Mozilla/5.0 (Macintosh; Intel Mac OS X 10_13_3) AppleWebKit/537.36 (KHTML, like Gecko) Chrome/67.0.3396.87 Safari/537.36" 5
- 0:0:0:0:0:0:0:1 - - [22/Jun/2018:14:40:51 +0800] "GET /common/layui/lay/modules/jquery.js HTTP/1.1" 200 97636 "http://localhost:8018/" "Mozilla/5.0 (Macintosh; Intel Mac OS X 10_13_3) AppleWebKit/537.36 (KHTML, like Gecko) Chrome/67.0.3396.87 Safari/537.36" 6
- 0:0:0:0:0:0:0:1 - - [22/Jun/2018:14:40:51 +0800] "GET /common/font/iconfont.woff?t=1480736048214 HTTP/1.1" 200 72560 "http://localhost:8018/common/global.css" "Mozilla/5.0 (Macintosh; Intel Mac OS X 10_13_3) AppleWebKit/537.36 (KHTML, like Gecko) Chrome/67.0.3396.87 Safari/537.36" 12
- 0:0:0:0:0:0:0:1 - - [22/Jun/2018:14:40:51 +0800] "GET /common/font/fontawesome-webfont.woff2?v=4.7.0 HTTP/1.1" 200 77160 "http://localhost:8018/common/global.css" "Mozilla/5.0 (Macintosh; Intel Mac OS X 10_13_3) AppleWebKit/537.36 (KHTML, like Gecko) Chrome/67.0.3396.87 Safari/537.36" 14
- 0:0:0:0:0:0:0:1 - - [22/Jun/2018:14:40:51 +0800] "GET /common/layui/css/layui.css HTTP/1.1" 200 41614 "http://localhost:8018/main.html" "Mozilla/5.0 (Macintosh; Intel Mac OS X 10_13_3) AppleWebKit/537.36 (KHTML, like Gecko) Chrome/67.0.3396.87 Safari/537.36" 4
- 0:0:0:0:0:0:0:1 - - [22/Jun/2018:14:40:51 +0800] "GET /common/bootstrap/css/bootstrap.css HTTP/1.1" 200 137590 "http://localhost:8018/main.html" "Mozilla/5.0 (Macintosh; Intel Mac OS X 10_13_3) AppleWebKit/537.36 (KHTML, like Gecko) Chrome/67.0.3396.87 Safari/537.36" 7
- 0:0:0:0:0:0:0:1 - - [22/Jun/2018:14:40:51 +0800] "GET /common/global.css HTTP/1.1" 200 16934 "http://localhost:8018/main.html" "Mozilla/5.0 (Macintosh; Intel Mac OS X 10_13_3) AppleWebKit/537.36 (KHTML, like Gecko) Chrome/67.0.3396.87 Safari/537.36" 5
- 0:0:0:0:0:0:0:1 - - [22/Jun/2018:14:40:51 +0800] "GET /css/main.css HTTP/1.1" 200 7331 "http://localhost:8018/main.html" "Mozilla/5.0 (Macintosh; Intel Mac OS X 10_13_3) AppleWebKit/537.36 (KHTML, like Gecko) Chrome/67.0.3396.87 Safari/537.36" 5
- 0:0:0:0:0:0:0:1 - - [22/Jun/2018:14:40:51 +0800] "GET /common/layui/layui.js HTTP/1.1" 200 5940 "http://localhost:8018/main.html" "Mozilla/5.0 (Macintosh; Intel Mac OS X 10_13_3) AppleWebKit/537.36 (KHTML, like Gecko) Chrome/67.0.3396.87 Safari/537.36" 4
- 0:0:0:0:0:0:0:1 - - [22/Jun/2018:14:40:51 +0800] "GET /images/system.png HTTP/1.1" 200 105149 "http://localhost:8018/main.html" "Mozilla/5.0 (Macintosh; Intel Mac OS X 10_13_3) AppleWebKit/537.36 (KHTML, like Gecko) Chrome/67.0.3396.87 Safari/537.36" 8
- 0:0:0:0:0:0:0:1 - - [22/Jun/2018:14:40:51 +0800] "GET /js/main.js HTTP/1.1" 200 1634 "http://localhost:8018/main.html" "Mozilla/5.0 (Macintosh; Intel Mac OS X 10_13_3) AppleWebKit/537.36 (KHTML, like Gecko) Chrome/67.0.3396.87 Safari/537.36" 4
- 0:0:0:0:0:0:0:1 - - [22/Jun/2018:14:40:51 +0800] "GET /js/jquery.min.js HTTP/1.1" 200 84349 "http://localhost:8018/main.html" "Mozilla/5.0 (Macintosh; Intel Mac OS X 10_13_3) AppleWebKit/537.36 (KHTML, like Gecko) Chrome/67.0.3396.87 Safari/537.36" 5
- 0:0:0:0:0:0:0:1 - - [22/Jun/2018:14:40:51 +0800] "GET /js/jquery.js HTTP/1.1" 200 256807 "http://localhost:8018/main.html" "Mozilla/5.0 (Macintosh; Intel Mac OS X 10_13_3) AppleWebKit/537.36 (KHTML, like Gecko) Chrome/67.0.3396.87 Safari/537.36" 7
- 0:0:0:0:0:0:0:1 - - [22/Jun/2018:14:40:51 +0800] "GET /common/layui/lay/modules/element.js HTTP/1.1" 200 5154 "http://localhost:8018/" "Mozilla/5.0 (Macintosh; Intel Mac OS X 10_13_3) AppleWebKit/537.36 (KHTML, like Gecko) Chrome/67.0.3396.87 Safari/537.36" 4
- 0:0:0:0:0:0:0:1 - - [22/Jun/2018:14:40:51 +0800] "GET /common/layui/lay/modules/layer.js HTTP/1.1" 200 21341 "http://localhost:8018/" "Mozilla/5.0 (Macintosh; Intel Mac OS X 10_13_3) AppleWebKit/537.36 (KHTML, like Gecko) Chrome/67.0.3396.87 Safari/537.36" 4
- 0:0:0:0:0:0:0:1 - - [22/Jun/2018:14:40:51 +0800] "GET /common/layui/lay/modules/jquery.js HTTP/1.1" 200 97636 "http://localhost:8018/main.html" "Mozilla/5.0 (Macintosh; Intel Mac OS X 10_13_3) AppleWebKit/537.36 (KHTML, like Gecko) Chrome/67.0.3396.87 Safari/537.36" 4
- 0:0:0:0:0:0:0:1 - - [22/Jun/2018:14:40:51 +0800] "GET /common/layui/css/modules/layer/default/layer.css?v=3.0.11110 HTTP/1.1" 200 14348 "http://localhost:8018/" "Mozilla/5.0 (Macintosh; Intel Mac OS X 10_13_3) AppleWebKit/537.36 (KHTML, like Gecko) Chrome/67.0.3396.87 Safari/537.36" 5
- 0:0:0:0:0:0:0:1 - - [22/Jun/2018:14:40:51 +0800] "GET /js/navtab.js HTTP/1.1" 200 4949 "http://localhost:8018/" "Mozilla/5.0 (Macintosh; Intel Mac OS X 10_13_3) AppleWebKit/537.36 (KHTML, like Gecko) Chrome/67.0.3396.87 Safari/537.36" 4
- 0:0:0:0:0:0:0:1 - - [22/Jun/2018:14:40:51 +0800] "GET /common/layui/lay/modules/layer.js HTTP/1.1" 200 21341 "http://localhost:8018/main.html" "Mozilla/5.0 (Macintosh; Intel Mac OS X 10_13_3) AppleWebKit/537.36 (KHTML, like Gecko) Chrome/67.0.3396.87 Safari/537.36" 3
- 0:0:0:0:0:0:0:1 - - [22/Jun/2018:14:40:51 +0800] "GET /common/layui/css/modules/layer/default/layer.css?v=3.0.11110 HTTP/1.1" 200 14348 "http://localhost:8018/main.html" "Mozilla/5.0 (Macintosh; Intel Mac OS X 10_13_3) AppleWebKit/537.36 (KHTML, like Gecko) Chrome/67.0.3396.87 Safari/537.36" 4
- 0:0:0:0:0:0:0:1 - - [22/Jun/2018:14:40:51 +0800] "GET /common/layui/lay/modules/element.js HTTP/1.1" 200 5154 "http://localhost:8018/main.html" "Mozilla/5.0 (Macintosh; Intel Mac OS X 10_13_3) AppleWebKit/537.36 (KHTML, like Gecko) Chrome/67.0.3396.87 Safari/537.36" 3
- 0:0:0:0:0:0:0:1 - - [22/Jun/2018:14:40:51 +0800] "GET /favicon.ico HTTP/1.1" 200 946 "http://localhost:8018/" "Mozilla/5.0 (Macintosh; Intel Mac OS X 10_13_3) AppleWebKit/537.36 (KHTML, like Gecko) Chrome/67.0.3396.87 Safari/537.36" 15
- 0:0:0:0:0:0:0:1 - - [22/Jun/2018:15:01:44 +0800] "GET /jiedanbao/query?mid=100100045690 HTTP/1.1" 200 669 "-" "Mozilla/5.0 (Macintosh; Intel Mac OS X 10_13_3) AppleWebKit/537.36 (KHTML, like Gecko) Chrome/67.0.3396.87 Safari/537.36" 124
- 0:0:0:0:0:0:0:1 - - [22/Jun/2018:15:02:09 +0800] "GET /jiedanbao/query?mid=100100045690 HTTP/1.1" 200 669 "-" "Mozilla/5.0 (Macintosh; Intel Mac OS X 10_13_3) AppleWebKit/537.36 (KHTML, like Gecko) Chrome/67.0.3396.87 Safari/537.36" 9
- 127.0.0.1 - - [22/Jun/2018:15:35:08 +0800] "GET /jiedanbao/del?mid=1 HTTP/1.1" 200 161 "-" "Apache-HttpClient/4.5.2 (Java/1.8.0_151)" 164
- 127.0.0.1 - - [22/Jun/2018:15:36:33 +0800] "GET /jiedanbao/query?mid=100100051439 HTTP/1.1" 200 599 "-" "Apache-HttpClient/4.5.2 (Java/1.8.0_151)" 9
- 127.0.0.1 - - [22/Jun/2018:15:38:05 +0800] "GET /jiedanbao/query?mid=100100051439 HTTP/1.1" 200 599 "-" "Apache-HttpClient/4.5.2 (Java/1.8.0_151)" 6
- 0:0:0:0:0:0:0:1 - - [22/Jun/2018:15:38:56 +0800] "GET / HTTP/1.1" 200 9667 "-" "Mozilla/5.0 (Macintosh; Intel Mac OS X 10_13_3) AppleWebKit/537.36 (KHTML, like Gecko) Chrome/67.0.3396.87 Safari/537.36" 16
- 0:0:0:0:0:0:0:1 - - [22/Jun/2018:15:38:56 +0800] "GET /common/layui/layui.js HTTP/1.1" 200 5940 "http://localhost:8018/" "Mozilla/5.0 (Macintosh; Intel Mac OS X 10_13_3) AppleWebKit/537.36 (KHTML, like Gecko) Chrome/67.0.3396.87 Safari/537.36" 4
- 0:0:0:0:0:0:0:1 - - [22/Jun/2018:15:38:56 +0800] "GET /common/global.css HTTP/1.1" 200 16934 "http://localhost:8018/" "Mozilla/5.0 (Macintosh; Intel Mac OS X 10_13_3) AppleWebKit/537.36 (KHTML, like Gecko) Chrome/67.0.3396.87 Safari/537.36" 10
- 0:0:0:0:0:0:0:1 - - [22/Jun/2018:15:38:56 +0800] "GET /css/adminstyle.css HTTP/1.1" 200 7233 "http://localhost:8018/" "Mozilla/5.0 (Macintosh; Intel Mac OS X 10_13_3) AppleWebKit/537.36 (KHTML, like Gecko) Chrome/67.0.3396.87 Safari/537.36" 10
- 0:0:0:0:0:0:0:1 - - [22/Jun/2018:15:38:56 +0800] "GET /common/layui/css/layui.css HTTP/1.1" 200 41614 "http://localhost:8018/" "Mozilla/5.0 (Macintosh; Intel Mac OS X 10_13_3) AppleWebKit/537.36 (KHTML, like Gecko) Chrome/67.0.3396.87 Safari/537.36" 16
- 0:0:0:0:0:0:0:1 - - [22/Jun/2018:15:38:56 +0800] "GET /js/larry.js HTTP/1.1" 200 2994 "http://localhost:8018/" "Mozilla/5.0 (Macintosh; Intel Mac OS X 10_13_3) AppleWebKit/537.36 (KHTML, like Gecko) Chrome/67.0.3396.87 Safari/537.36" 6
- 0:0:0:0:0:0:0:1 - - [22/Jun/2018:15:38:56 +0800] "GET /images/didilogo.png HTTP/1.1" 200 40976 "http://localhost:8018/" "Mozilla/5.0 (Macintosh; Intel Mac OS X 10_13_3) AppleWebKit/537.36 (KHTML, like Gecko) Chrome/67.0.3396.87 Safari/537.36" 13
- 0:0:0:0:0:0:0:1 - - [22/Jun/2018:15:38:56 +0800] "GET /js/index.js HTTP/1.1" 200 3449 "http://localhost:8018/" "Mozilla/5.0 (Macintosh; Intel Mac OS X 10_13_3) AppleWebKit/537.36 (KHTML, like Gecko) Chrome/67.0.3396.87 Safari/537.36" 3
- 0:0:0:0:0:0:0:1 - - [22/Jun/2018:15:38:56 +0800] "GET /main.html HTTP/1.1" 200 4150 "http://localhost:8018/" "Mozilla/5.0 (Macintosh; Intel Mac OS X 10_13_3) AppleWebKit/537.36 (KHTML, like Gecko) Chrome/67.0.3396.87 Safari/537.36" 11
- 0:0:0:0:0:0:0:1 - - [22/Jun/2018:15:38:56 +0800] "GET /common/layui/lay/modules/jquery.js HTTP/1.1" 200 97636 "http://localhost:8018/" "Mozilla/5.0 (Macintosh; Intel Mac OS X 10_13_3) AppleWebKit/537.36 (KHTML, like Gecko) Chrome/67.0.3396.87 Safari/537.36" 5
- 0:0:0:0:0:0:0:1 - - [22/Jun/2018:15:38:56 +0800] "GET /common/font/iconfont.woff?t=1480736048214 HTTP/1.1" 200 72560 "http://localhost:8018/common/global.css" "Mozilla/5.0 (Macintosh; Intel Mac OS X 10_13_3) AppleWebKit/537.36 (KHTML, like Gecko) Chrome/67.0.3396.87 Safari/537.36" 4
- 0:0:0:0:0:0:0:1 - - [22/Jun/2018:15:38:56 +0800] "GET /common/font/fontawesome-webfont.woff2?v=4.7.0 HTTP/1.1" 200 77160 "http://localhost:8018/common/global.css" "Mozilla/5.0 (Macintosh; Intel Mac OS X 10_13_3) AppleWebKit/537.36 (KHTML, like Gecko) Chrome/67.0.3396.87 Safari/537.36" 5
- 0:0:0:0:0:0:0:1 - - [22/Jun/2018:15:38:56 +0800] "GET /common/layui/lay/modules/element.js HTTP/1.1" 200 5154 "http://localhost:8018/" "Mozilla/5.0 (Macintosh; Intel Mac OS X 10_13_3) AppleWebKit/537.36 (KHTML, like Gecko) Chrome/67.0.3396.87 Safari/537.36" 6
- 0:0:0:0:0:0:0:1 - - [22/Jun/2018:15:38:56 +0800] "GET /common/layui/css/layui.css HTTP/1.1" 200 41614 "http://localhost:8018/main.html" "Mozilla/5.0 (Macintosh; Intel Mac OS X 10_13_3) AppleWebKit/537.36 (KHTML, like Gecko) Chrome/67.0.3396.87 Safari/537.36" 6
- 0:0:0:0:0:0:0:1 - - [22/Jun/2018:15:38:56 +0800] "GET /common/global.css HTTP/1.1" 200 16934 "http://localhost:8018/main.html" "Mozilla/5.0 (Macintosh; Intel Mac OS X 10_13_3) AppleWebKit/537.36 (KHTML, like Gecko) Chrome/67.0.3396.87 Safari/537.36" 7
- 0:0:0:0:0:0:0:1 - - [22/Jun/2018:15:38:56 +0800] "GET /css/main.css HTTP/1.1" 200 7331 "http://localhost:8018/main.html" "Mozilla/5.0 (Macintosh; Intel Mac OS X 10_13_3) AppleWebKit/537.36 (KHTML, like Gecko) Chrome/67.0.3396.87 Safari/537.36" 7
- 0:0:0:0:0:0:0:1 - - [22/Jun/2018:15:38:56 +0800] "GET /common/bootstrap/css/bootstrap.css HTTP/1.1" 200 137590 "http://localhost:8018/main.html" "Mozilla/5.0 (Macintosh; Intel Mac OS X 10_13_3) AppleWebKit/537.36 (KHTML, like Gecko) Chrome/67.0.3396.87 Safari/537.36" 9
- 0:0:0:0:0:0:0:1 - - [22/Jun/2018:15:38:56 +0800] "GET /images/system.png HTTP/1.1" 200 105149 "http://localhost:8018/main.html" "Mozilla/5.0 (Macintosh; Intel Mac OS X 10_13_3) AppleWebKit/537.36 (KHTML, like Gecko) Chrome/67.0.3396.87 Safari/537.36" 9
- 0:0:0:0:0:0:0:1 - - [22/Jun/2018:15:38:56 +0800] "GET /common/layui/layui.js HTTP/1.1" 200 5940 "http://localhost:8018/main.html" "Mozilla/5.0 (Macintosh; Intel Mac OS X 10_13_3) AppleWebKit/537.36 (KHTML, like Gecko) Chrome/67.0.3396.87 Safari/537.36" 3
- 0:0:0:0:0:0:0:1 - - [22/Jun/2018:15:38:56 +0800] "GET /js/main.js HTTP/1.1" 200 1634 "http://localhost:8018/main.html" "Mozilla/5.0 (Macintosh; Intel Mac OS X 10_13_3) AppleWebKit/537.36 (KHTML, like Gecko) Chrome/67.0.3396.87 Safari/537.36" 3
- 0:0:0:0:0:0:0:1 - - [22/Jun/2018:15:38:56 +0800] "GET /common/layui/lay/modules/layer.js HTTP/1.1" 200 21341 "http://localhost:8018/" "Mozilla/5.0 (Macintosh; Intel Mac OS X 10_13_3) AppleWebKit/537.36 (KHTML, like Gecko) Chrome/67.0.3396.87 Safari/537.36" 3
- 0:0:0:0:0:0:0:1 - - [22/Jun/2018:15:38:56 +0800] "GET /js/jquery.min.js HTTP/1.1" 200 84349 "http://localhost:8018/main.html" "Mozilla/5.0 (Macintosh; Intel Mac OS X 10_13_3) AppleWebKit/537.36 (KHTML, like Gecko) Chrome/67.0.3396.87 Safari/537.36" 5
- 0:0:0:0:0:0:0:1 - - [22/Jun/2018:15:38:56 +0800] "GET /js/jquery.js HTTP/1.1" 200 256807 "http://localhost:8018/main.html" "Mozilla/5.0 (Macintosh; Intel Mac OS X 10_13_3) AppleWebKit/537.36 (KHTML, like Gecko) Chrome/67.0.3396.87 Safari/537.36" 11
- 0:0:0:0:0:0:0:1 - - [22/Jun/2018:15:38:56 +0800] "GET /common/layui/css/modules/layer/default/layer.css?v=3.0.11110 HTTP/1.1" 200 14348 "http://localhost:8018/" "Mozilla/5.0 (Macintosh; Intel Mac OS X 10_13_3) AppleWebKit/537.36 (KHTML, like Gecko) Chrome/67.0.3396.87 Safari/537.36" 4
- 0:0:0:0:0:0:0:1 - - [22/Jun/2018:15:38:56 +0800] "GET /js/navtab.js HTTP/1.1" 200 4949 "http://localhost:8018/" "Mozilla/5.0 (Macintosh; Intel Mac OS X 10_13_3) AppleWebKit/537.36 (KHTML, like Gecko) Chrome/67.0.3396.87 Safari/537.36" 3
- 0:0:0:0:0:0:0:1 - - [22/Jun/2018:15:38:56 +0800] "GET /common/layui/lay/modules/jquery.js HTTP/1.1" 200 97636 "http://localhost:8018/main.html" "Mozilla/5.0 (Macintosh; Intel Mac OS X 10_13_3) AppleWebKit/537.36 (KHTML, like Gecko) Chrome/67.0.3396.87 Safari/537.36" 3
- 0:0:0:0:0:0:0:1 - - [22/Jun/2018:15:38:56 +0800] "GET /common/layui/lay/modules/layer.js HTTP/1.1" 200 21341 "http://localhost:8018/main.html" "Mozilla/5.0 (Macintosh; Intel Mac OS X 10_13_3) AppleWebKit/537.36 (KHTML, like Gecko) Chrome/67.0.3396.87 Safari/537.36" 3
- 0:0:0:0:0:0:0:1 - - [22/Jun/2018:15:38:56 +0800] "GET /common/layui/css/modules/layer/default/layer.css?v=3.0.11110 HTTP/1.1" 200 14348 "http://localhost:8018/main.html" "Mozilla/5.0 (Macintosh; Intel Mac OS X 10_13_3) AppleWebKit/537.36 (KHTML, like Gecko) Chrome/67.0.3396.87 Safari/537.36" 7
- 0:0:0:0:0:0:0:1 - - [22/Jun/2018:15:38:56 +0800] "GET /common/layui/lay/modules/element.js HTTP/1.1" 200 5154 "http://localhost:8018/main.html" "Mozilla/5.0 (Macintosh; Intel Mac OS X 10_13_3) AppleWebKit/537.36 (KHTML, like Gecko) Chrome/67.0.3396.87 Safari/537.36" 4
- 0:0:0:0:0:0:0:1 - - [22/Jun/2018:15:38:58 +0800] "GET /common/layui/font/iconfont.woff?v=1.0.7 HTTP/1.1" 200 27904 "http://localhost:8018/common/layui/css/layui.css" "Mozilla/5.0 (Macintosh; Intel Mac OS X 10_13_3) AppleWebKit/537.36 (KHTML, like Gecko) Chrome/67.0.3396.87 Safari/537.36" 5
- 0:0:0:0:0:0:0:1 - - [22/Jun/2018:15:38:58 +0800] "GET /page/JiedanbaoDel.html HTTP/1.1" 200 3709 "http://localhost:8018/" "Mozilla/5.0 (Macintosh; Intel Mac OS X 10_13_3) AppleWebKit/537.36 (KHTML, like Gecko) Chrome/67.0.3396.87 Safari/537.36" 8
- 0:0:0:0:0:0:0:1 - - [22/Jun/2018:15:38:58 +0800] "GET /common/layui/layui.js HTTP/1.1" 200 5940 "http://localhost:8018/page/JiedanbaoDel.html" "Mozilla/5.0 (Macintosh; Intel Mac OS X 10_13_3) AppleWebKit/537.36 (KHTML, like Gecko) Chrome/67.0.3396.87 Safari/537.36" 7
- 0:0:0:0:0:0:0:1 - - [22/Jun/2018:15:38:58 +0800] "GET /common/bootstrap/css/bootstrap.css HTTP/1.1" 200 137590 "http://localhost:8018/page/JiedanbaoDel.html" "Mozilla/5.0 (Macintosh; Intel Mac OS X 10_13_3) AppleWebKit/537.36 (KHTML, like Gecko) Chrome/67.0.3396.87 Safari/537.36" 10
- 0:0:0:0:0:0:0:1 - - [22/Jun/2018:15:38:58 +0800] "GET /common/layui/css/layui.css HTTP/1.1" 200 41614 "http://localhost:8018/page/JiedanbaoDel.html" "Mozilla/5.0 (Macintosh; Intel Mac OS X 10_13_3) AppleWebKit/537.36 (KHTML, like Gecko) Chrome/67.0.3396.87 Safari/537.36" 4
- 0:0:0:0:0:0:0:1 - - [22/Jun/2018:15:38:58 +0800] "GET /js/jquery.min.js HTTP/1.1" 200 84349 "http://localhost:8018/page/JiedanbaoDel.html" "Mozilla/5.0 (Macintosh; Intel Mac OS X 10_13_3) AppleWebKit/537.36 (KHTML, like Gecko) Chrome/67.0.3396.87 Safari/537.36" 5
- 0:0:0:0:0:0:0:1 - - [22/Jun/2018:15:38:58 +0800] "GET /common/global.css HTTP/1.1" 200 16934 "http://localhost:8018/page/JiedanbaoDel.html" "Mozilla/5.0 (Macintosh; Intel Mac OS X 10_13_3) AppleWebKit/537.36 (KHTML, like Gecko) Chrome/67.0.3396.87 Safari/537.36" 6
- 0:0:0:0:0:0:0:1 - - [22/Jun/2018:15:38:58 +0800] "GET /css/personal.css HTTP/1.1" 200 3374 "http://localhost:8018/page/JiedanbaoDel.html" "Mozilla/5.0 (Macintosh; Intel Mac OS X 10_13_3) AppleWebKit/537.36 (KHTML, like Gecko) Chrome/67.0.3396.87 Safari/537.36" 8
- 0:0:0:0:0:0:0:1 - - [22/Jun/2018:15:38:58 +0800] "GET /js/jquery.js HTTP/1.1" 200 256807 "http://localhost:8018/page/JiedanbaoDel.html" "Mozilla/5.0 (Macintosh; Intel Mac OS X 10_13_3) AppleWebKit/537.36 (KHTML, like Gecko) Chrome/67.0.3396.87 Safari/537.36" 5
- 0:0:0:0:0:0:0:1 - - [22/Jun/2018:15:38:58 +0800] "GET /common/layui/font/iconfont.woff?v=1.0.7 HTTP/1.1" 200 27904 "http://localhost:8018/common/layui/css/layui.css" "Mozilla/5.0 (Macintosh; Intel Mac OS X 10_13_3) AppleWebKit/537.36 (KHTML, like Gecko) Chrome/67.0.3396.87 Safari/537.36" 2
- 0:0:0:0:0:0:0:1 - - [22/Jun/2018:15:38:59 +0800] "GET /page/PolicyQuery.html HTTP/1.1" 200 6493 "http://localhost:8018/" "Mozilla/5.0 (Macintosh; Intel Mac OS X 10_13_3) AppleWebKit/537.36 (KHTML, like Gecko) Chrome/67.0.3396.87 Safari/537.36" 8
- 0:0:0:0:0:0:0:1 - - [22/Jun/2018:15:38:59 +0800] "GET /common/layui/css/layui.css HTTP/1.1" 200 41614 "http://localhost:8018/page/PolicyQuery.html" "Mozilla/5.0 (Macintosh; Intel Mac OS X 10_13_3) AppleWebKit/537.36 (KHTML, like Gecko) Chrome/67.0.3396.87 Safari/537.36" 4
- 0:0:0:0:0:0:0:1 - - [22/Jun/2018:15:38:59 +0800] "GET /common/bootstrap/css/bootstrap.css HTTP/1.1" 200 137590 "http://localhost:8018/page/PolicyQuery.html" "Mozilla/5.0 (Macintosh; Intel Mac OS X 10_13_3) AppleWebKit/537.36 (KHTML, like Gecko) Chrome/67.0.3396.87 Safari/537.36" 6
- 0:0:0:0:0:0:0:1 - - [22/Jun/2018:15:38:59 +0800] "GET /css/personal.css HTTP/1.1" 200 3374 "http://localhost:8018/page/PolicyQuery.html" "Mozilla/5.0 (Macintosh; Intel Mac OS X 10_13_3) AppleWebKit/537.36 (KHTML, like Gecko) Chrome/67.0.3396.87 Safari/537.36" 3
- 0:0:0:0:0:0:0:1 - - [22/Jun/2018:15:38:59 +0800] "GET /common/global.css HTTP/1.1" 200 16934 "http://localhost:8018/page/PolicyQuery.html" "Mozilla/5.0 (Macintosh; Intel Mac OS X 10_13_3) AppleWebKit/537.36 (KHTML, like Gecko) Chrome/67.0.3396.87 Safari/537.36" 3
- 0:0:0:0:0:0:0:1 - - [22/Jun/2018:15:38:59 +0800] "GET /common/layui/layui.js HTTP/1.1" 200 5940 "http://localhost:8018/page/PolicyQuery.html" "Mozilla/5.0 (Macintosh; Intel Mac OS X 10_13_3) AppleWebKit/537.36 (KHTML, like Gecko) Chrome/67.0.3396.87 Safari/537.36" 3
- 0:0:0:0:0:0:0:1 - - [22/Jun/2018:15:38:59 +0800] "GET /js/jquery.min.js HTTP/1.1" 200 84349 "http://localhost:8018/page/PolicyQuery.html" "Mozilla/5.0 (Macintosh; Intel Mac OS X 10_13_3) AppleWebKit/537.36 (KHTML, like Gecko) Chrome/67.0.3396.87 Safari/537.36" 3
- 0:0:0:0:0:0:0:1 - - [22/Jun/2018:15:38:59 +0800] "GET /js/jquery.js HTTP/1.1" 200 256807 "http://localhost:8018/page/PolicyQuery.html" "Mozilla/5.0 (Macintosh; Intel Mac OS X 10_13_3) AppleWebKit/537.36 (KHTML, like Gecko) Chrome/67.0.3396.87 Safari/537.36" 5
- 0:0:0:0:0:0:0:1 - - [22/Jun/2018:15:39:00 +0800] "GET /jiedanbao/query?mid=100100051439 HTTP/1.1" 200 599 "http://localhost:8018/page/PolicyQuery.html" "Mozilla/5.0 (Macintosh; Intel Mac OS X 10_13_3) AppleWebKit/537.36 (KHTML, like Gecko) Chrome/67.0.3396.87 Safari/537.36" 4
- 0:0:0:0:0:0:0:1 - - [22/Jun/2018:15:39:04 +0800] "GET /jiedanbao/del?mid=1 HTTP/1.1" 200 161 "http://localhost:8018/page/JiedanbaoDel.html" "Mozilla/5.0 (Macintosh; Intel Mac OS X 10_13_3) AppleWebKit/537.36 (KHTML, like Gecko) Chrome/67.0.3396.87 Safari/537.36" 18
- 0:0:0:0:0:0:0:1 - - [22/Jun/2018:15:39:11 +0800] "GET /jiedanbao/query?mid=100100051439 HTTP/1.1" 200 599 "http://localhost:8018/page/PolicyQuery.html" "Mozilla/5.0 (Macintosh; Intel Mac OS X 10_13_3) AppleWebKit/537.36 (KHTML, like Gecko) Chrome/67.0.3396.87 Safari/537.36" 4
- 127.0.0.1 - - [22/Jun/2018:15:39:48 +0800] "GET /jiedanbao/del?mid=1 HTTP/1.1" 200 161 "-" "Apache-HttpClient/4.5.2 (Java/1.8.0_151)" 32
- 127.0.0.1 - - [22/Jun/2018:16:36:35 +0800] "GET /jiedanbao/query?mid=100100051439 HTTP/1.1" 200 599 "-" "Apache-HttpClient/4.5.2 (Java/1.8.0_151)" 26
- 127.0.0.1 - - [22/Jun/2018:17:10:51 +0800] "GET /jiedanbao/query?mid=100100051439 HTTP/1.1" 200 599 "-" "Apache-HttpClient/4.5.2 (Java/1.8.0_151)" 32
- 127.0.0.1 - - [22/Jun/2018:17:14:59 +0800] "GET /jiedanbao/query?mid=100100051439 HTTP/1.1" 200 599 "-" "Apache-HttpClient/4.5.2 (Java/1.8.0_151)" 9
- 127.0.0.1 - - [22/Jun/2018:17:37:59 +0800] "GET /jiedanbao/query?mid=100100051439 HTTP/1.1" 200 599 "-" "Apache-HttpClient/4.5.2 (Java/1.8.0_151)" 9
- 127.0.0.1 - - [22/Jun/2018:17:43:21 +0800] "GET /jiedanbao/query?mid=100100051439 HTTP/1.1" 200 599 "-" "Apache-HttpClient/4.5.2 (Java/1.8.0_151)" 5
- 127.0.0.1 - - [22/Jun/2018:17:43:22 +0800] "GET /jiedanbao/query?mid=null HTTP/1.1" 500 194 "-" "Apache-HttpClient/4.5.2 (Java/1.8.0_151)" 133
- 127.0.0.1 - - [22/Jun/2018:17:43:22 +0800] "GET /jiedanbao/query?mid=1 HTTP/1.1" 200 12 "-" "Apache-HttpClient/4.5.2 (Java/1.8.0_151)" 9
- 127.0.0.1 - - [22/Jun/2018:17:50:51 +0800] "GET /jiedanbao/query?mid=100100051439 HTTP/1.1" 200 599 "-" "Apache-HttpClient/4.5.2 (Java/1.8.0_151)" 5
- 127.0.0.1 - - [22/Jun/2018:17:50:52 +0800] "GET /jiedanbao/query?mid=null HTTP/1.1" 500 194 "-" "Apache-HttpClient/4.5.2 (Java/1.8.0_151)" 6
- 127.0.0.1 - - [22/Jun/2018:17:50:52 +0800] "GET /jiedanbao/query?mid=1 HTTP/1.1" 200 12 "-" "Apache-HttpClient/4.5.2 (Java/1.8.0_151)" 5
