- 0:0:0:0:0:0:0:1 - - [02/Feb/2018:14:54:30 +0800] "GET / HTTP/1.1" 200 8938 "-" "Mozilla/5.0 (Macintosh; Intel Mac OS X 10_11_6) AppleWebKit/537.36 (KHTML, like Gecko) Chrome/63.0.3239.132 Safari/537.36" 233
- 0:0:0:0:0:0:0:1 - - [02/Feb/2018:14:54:30 +0800] "GET /common/global.css HTTP/1.1" 304 - "http://localhost:8080/" "Mozilla/5.0 (Macintosh; Intel Mac OS X 10_11_6) AppleWebKit/537.36 (KHTML, like Gecko) Chrome/63.0.3239.132 Safari/537.36" 17
- 0:0:0:0:0:0:0:1 - - [02/Feb/2018:14:54:30 +0800] "GET /css/adminstyle.css HTTP/1.1" 304 - "http://localhost:8080/" "Mozilla/5.0 (Macintosh; Intel Mac OS X 10_11_6) AppleWebKit/537.36 (KHTML, like Gecko) Chrome/63.0.3239.132 Safari/537.36" 26
- 0:0:0:0:0:0:0:1 - - [02/Feb/2018:14:54:30 +0800] "GET /images/didilogo.png HTTP/1.1" 304 - "http://localhost:8080/" "Mozilla/5.0 (Macintosh; Intel Mac OS X 10_11_6) AppleWebKit/537.36 (KHTML, like Gecko) Chrome/63.0.3239.132 Safari/537.36" 4
- 0:0:0:0:0:0:0:1 - - [02/Feb/2018:14:54:30 +0800] "GET /common/layui/layui.js HTTP/1.1" 304 - "http://localhost:8080/" "Mozilla/5.0 (Macintosh; Intel Mac OS X 10_11_6) AppleWebKit/537.36 (KHTML, like Gecko) Chrome/63.0.3239.132 Safari/537.36" 18
- 0:0:0:0:0:0:0:1 - - [02/Feb/2018:14:54:30 +0800] "GET /common/layui/css/layui.css HTTP/1.1" 304 - "http://localhost:8080/" "Mozilla/5.0 (Macintosh; Intel Mac OS X 10_11_6) AppleWebKit/537.36 (KHTML, like Gecko) Chrome/63.0.3239.132 Safari/537.36" 21
- 0:0:0:0:0:0:0:1 - - [02/Feb/2018:14:54:30 +0800] "GET /js/index.js HTTP/1.1" 304 - "http://localhost:8080/" "Mozilla/5.0 (Macintosh; Intel Mac OS X 10_11_6) AppleWebKit/537.36 (KHTML, like Gecko) Chrome/63.0.3239.132 Safari/537.36" 4
- 0:0:0:0:0:0:0:1 - - [02/Feb/2018:14:54:30 +0800] "GET /js/larry.js HTTP/1.1" 304 - "http://localhost:8080/" "Mozilla/5.0 (Macintosh; Intel Mac OS X 10_11_6) AppleWebKit/537.36 (KHTML, like Gecko) Chrome/63.0.3239.132 Safari/537.36" 17
- 0:0:0:0:0:0:0:1 - - [02/Feb/2018:14:54:30 +0800] "GET /common/font/fontawesome-webfont.woff2?v=4.7.0 HTTP/1.1" 304 - "http://localhost:8080/common/global.css" "Mozilla/5.0 (Macintosh; Intel Mac OS X 10_11_6) AppleWebKit/537.36 (KHTML, like Gecko) Chrome/63.0.3239.132 Safari/537.36" 17
- 0:0:0:0:0:0:0:1 - - [02/Feb/2018:14:54:30 +0800] "GET /common/font/iconfont.woff?t=1480736048214 HTTP/1.1" 304 - "http://localhost:8080/common/global.css" "Mozilla/5.0 (Macintosh; Intel Mac OS X 10_11_6) AppleWebKit/537.36 (KHTML, like Gecko) Chrome/63.0.3239.132 Safari/537.36" 17
- 0:0:0:0:0:0:0:1 - - [02/Feb/2018:14:54:30 +0800] "GET /main.html HTTP/1.1" 200 4186 "http://localhost:8080/" "Mozilla/5.0 (Macintosh; Intel Mac OS X 10_11_6) AppleWebKit/537.36 (KHTML, like Gecko) Chrome/63.0.3239.132 Safari/537.36" 12
- 0:0:0:0:0:0:0:1 - - [02/Feb/2018:14:54:30 +0800] "GET /common/layui/lay/modules/jquery.js HTTP/1.1" 304 - "http://localhost:8080/" "Mozilla/5.0 (Macintosh; Intel Mac OS X 10_11_6) AppleWebKit/537.36 (KHTML, like Gecko) Chrome/63.0.3239.132 Safari/537.36" 4
- 0:0:0:0:0:0:0:1 - - [02/Feb/2018:14:54:30 +0800] "GET /common/layui/lay/modules/element.js?v=1517554470859 HTTP/1.1" 200 5154 "http://localhost:8080/" "Mozilla/5.0 (Macintosh; Intel Mac OS X 10_11_6) AppleWebKit/537.36 (KHTML, like Gecko) Chrome/63.0.3239.132 Safari/537.36" 9
- 0:0:0:0:0:0:0:1 - - [02/Feb/2018:14:54:30 +0800] "GET /common/bootstrap/css/bootstrap.css HTTP/1.1" 304 - "http://localhost:8080/main.html" "Mozilla/5.0 (Macintosh; Intel Mac OS X 10_11_6) AppleWebKit/537.36 (KHTML, like Gecko) Chrome/63.0.3239.132 Safari/537.36" 3
- 0:0:0:0:0:0:0:1 - - [02/Feb/2018:14:54:30 +0800] "GET /css/main.css HTTP/1.1" 304 - "http://localhost:8080/main.html" "Mozilla/5.0 (Macintosh; Intel Mac OS X 10_11_6) AppleWebKit/537.36 (KHTML, like Gecko) Chrome/63.0.3239.132 Safari/537.36" 3
- 0:0:0:0:0:0:0:1 - - [02/Feb/2018:14:54:30 +0800] "GET /images/system.png HTTP/1.1" 304 - "http://localhost:8080/main.html" "Mozilla/5.0 (Macintosh; Intel Mac OS X 10_11_6) AppleWebKit/537.36 (KHTML, like Gecko) Chrome/63.0.3239.132 Safari/537.36" 2
- 0:0:0:0:0:0:0:1 - - [02/Feb/2018:14:54:30 +0800] "GET /js/jquery.min.js HTTP/1.1" 304 - "http://localhost:8080/main.html" "Mozilla/5.0 (Macintosh; Intel Mac OS X 10_11_6) AppleWebKit/537.36 (KHTML, like Gecko) Chrome/63.0.3239.132 Safari/537.36" 4
- 0:0:0:0:0:0:0:1 - - [02/Feb/2018:14:54:30 +0800] "GET /js/main.js HTTP/1.1" 304 - "http://localhost:8080/main.html" "Mozilla/5.0 (Macintosh; Intel Mac OS X 10_11_6) AppleWebKit/537.36 (KHTML, like Gecko) Chrome/63.0.3239.132 Safari/537.36" 5
- 0:0:0:0:0:0:0:1 - - [02/Feb/2018:14:54:30 +0800] "GET /js/jquery.js HTTP/1.1" 304 - "http://localhost:8080/main.html" "Mozilla/5.0 (Macintosh; Intel Mac OS X 10_11_6) AppleWebKit/537.36 (KHTML, like Gecko) Chrome/63.0.3239.132 Safari/537.36" 3
- 0:0:0:0:0:0:0:1 - - [02/Feb/2018:14:54:31 +0800] "GET /common/layui/lay/modules/layer.js?v=1517554470859 HTTP/1.1" 200 21341 "http://localhost:8080/" "Mozilla/5.0 (Macintosh; Intel Mac OS X 10_11_6) AppleWebKit/537.36 (KHTML, like Gecko) Chrome/63.0.3239.132 Safari/537.36" 6
- 0:0:0:0:0:0:0:1 - - [02/Feb/2018:14:54:31 +0800] "GET /common/layui/css/modules/layer/default/layer.css?v=3.0.11110 HTTP/1.1" 304 - "http://localhost:8080/" "Mozilla/5.0 (Macintosh; Intel Mac OS X 10_11_6) AppleWebKit/537.36 (KHTML, like Gecko) Chrome/63.0.3239.132 Safari/537.36" 3
- 0:0:0:0:0:0:0:1 - - [02/Feb/2018:14:54:31 +0800] "GET /common/layui/lay/modules/layer.js HTTP/1.1" 304 - "http://localhost:8080/main.html" "Mozilla/5.0 (Macintosh; Intel Mac OS X 10_11_6) AppleWebKit/537.36 (KHTML, like Gecko) Chrome/63.0.3239.132 Safari/537.36" 3
- 0:0:0:0:0:0:0:1 - - [02/Feb/2018:14:54:31 +0800] "GET /js/navtab.js?v=1517554470859 HTTP/1.1" 200 4949 "http://localhost:8080/" "Mozilla/5.0 (Macintosh; Intel Mac OS X 10_11_6) AppleWebKit/537.36 (KHTML, like Gecko) Chrome/63.0.3239.132 Safari/537.36" 4
- 0:0:0:0:0:0:0:1 - - [02/Feb/2018:14:54:31 +0800] "GET /common/layui/lay/modules/element.js HTTP/1.1" 304 - "http://localhost:8080/main.html" "Mozilla/5.0 (Macintosh; Intel Mac OS X 10_11_6) AppleWebKit/537.36 (KHTML, like Gecko) Chrome/63.0.3239.132 Safari/537.36" 2
- 0:0:0:0:0:0:0:1 - - [02/Feb/2018:14:54:31 +0800] "GET /js/navbar.js?v=1517554470859 HTTP/1.1" 404 127 "http://localhost:8080/" "Mozilla/5.0 (Macintosh; Intel Mac OS X 10_11_6) AppleWebKit/537.36 (KHTML, like Gecko) Chrome/63.0.3239.132 Safari/537.36" 128
- 0:0:0:0:0:0:0:1 - - [02/Feb/2018:14:54:31 +0800] "GET /favicon.ico HTTP/1.1" 304 - "http://localhost:8080/" "Mozilla/5.0 (Macintosh; Intel Mac OS X 10_11_6) AppleWebKit/537.36 (KHTML, like Gecko) Chrome/63.0.3239.132 Safari/537.36" 9
- 0:0:0:0:0:0:0:1 - - [02/Feb/2018:14:54:33 +0800] "GET /common/layui/font/iconfont.woff?v=1.0.7 HTTP/1.1" 304 - "http://localhost:8080/common/layui/css/layui.css" "Mozilla/5.0 (Macintosh; Intel Mac OS X 10_11_6) AppleWebKit/537.36 (KHTML, like Gecko) Chrome/63.0.3239.132 Safari/537.36" 3
- 0:0:0:0:0:0:0:1 - - [02/Feb/2018:14:54:33 +0800] "GET /page/JiedanbaoDel.html HTTP/1.1" 200 3710 "http://localhost:8080/" "Mozilla/5.0 (Macintosh; Intel Mac OS X 10_11_6) AppleWebKit/537.36 (KHTML, like Gecko) Chrome/63.0.3239.132 Safari/537.36" 11
- 0:0:0:0:0:0:0:1 - - [02/Feb/2018:14:54:33 +0800] "GET /css/personal.css HTTP/1.1" 304 - "http://localhost:8080/page/JiedanbaoDel.html" "Mozilla/5.0 (Macintosh; Intel Mac OS X 10_11_6) AppleWebKit/537.36 (KHTML, like Gecko) Chrome/63.0.3239.132 Safari/537.36" 3
- 0:0:0:0:0:0:0:1 - - [02/Feb/2018:14:54:35 +0800] "GET /jiedanbao/del?mid=100100045707 HTTP/1.1" 200 163 "http://localhost:8080/page/JiedanbaoDel.html" "Mozilla/5.0 (Macintosh; Intel Mac OS X 10_11_6) AppleWebKit/537.36 (KHTML, like Gecko) Chrome/63.0.3239.132 Safari/537.36" 312
- 0:0:0:0:0:0:0:1 - - [02/Feb/2018:14:54:36 +0800] "GET /jiedanbao/del?mid=100100045707 HTTP/1.1" 200 161 "http://localhost:8080/page/JiedanbaoDel.html" "Mozilla/5.0 (Macintosh; Intel Mac OS X 10_11_6) AppleWebKit/537.36 (KHTML, like Gecko) Chrome/63.0.3239.132 Safari/537.36" 105
- 0:0:0:0:0:0:0:1 - - [02/Feb/2018:15:00:15 +0800] "GET / HTTP/1.1" 200 8938 "-" "Mozilla/5.0 (Macintosh; Intel Mac OS X 10_11_6) AppleWebKit/537.36 (KHTML, like Gecko) Chrome/63.0.3239.132 Safari/537.36" 29
- 0:0:0:0:0:0:0:1 - - [02/Feb/2018:15:00:15 +0800] "GET /main.html HTTP/1.1" 200 4186 "http://localhost:8080/" "Mozilla/5.0 (Macintosh; Intel Mac OS X 10_11_6) AppleWebKit/537.36 (KHTML, like Gecko) Chrome/63.0.3239.132 Safari/537.36" 21
- 0:0:0:0:0:0:0:1 - - [02/Feb/2018:15:00:15 +0800] "GET /common/layui/lay/modules/element.js?v=1517554815810 HTTP/1.1" 200 5154 "http://localhost:8080/" "Mozilla/5.0 (Macintosh; Intel Mac OS X 10_11_6) AppleWebKit/537.36 (KHTML, like Gecko) Chrome/63.0.3239.132 Safari/537.36" 8
- 0:0:0:0:0:0:0:1 - - [02/Feb/2018:15:00:15 +0800] "GET /common/layui/lay/modules/layer.js?v=1517554815810 HTTP/1.1" 200 21341 "http://localhost:8080/" "Mozilla/5.0 (Macintosh; Intel Mac OS X 10_11_6) AppleWebKit/537.36 (KHTML, like Gecko) Chrome/63.0.3239.132 Safari/537.36" 7
- 0:0:0:0:0:0:0:1 - - [02/Feb/2018:15:00:15 +0800] "GET /js/navbar.js?v=1517554815810 HTTP/1.1" 404 127 "http://localhost:8080/" "Mozilla/5.0 (Macintosh; Intel Mac OS X 10_11_6) AppleWebKit/537.36 (KHTML, like Gecko) Chrome/63.0.3239.132 Safari/537.36" 14
- 0:0:0:0:0:0:0:1 - - [02/Feb/2018:15:00:15 +0800] "GET /js/navtab.js?v=1517554815810 HTTP/1.1" 200 4949 "http://localhost:8080/" "Mozilla/5.0 (Macintosh; Intel Mac OS X 10_11_6) AppleWebKit/537.36 (KHTML, like Gecko) Chrome/63.0.3239.132 Safari/537.36" 14
- 0:0:0:0:0:0:0:1 - - [02/Feb/2018:15:00:16 +0800] "GET /favicon.ico HTTP/1.1" 200 946 "http://localhost:8080/" "Mozilla/5.0 (Macintosh; Intel Mac OS X 10_11_6) AppleWebKit/537.36 (KHTML, like Gecko) Chrome/63.0.3239.132 Safari/537.36" 28
- 0:0:0:0:0:0:0:1 - - [02/Feb/2018:15:00:18 +0800] "GET /page/PolicyQuery.html HTTP/1.1" 200 5396 "http://localhost:8080/" "Mozilla/5.0 (Macintosh; Intel Mac OS X 10_11_6) AppleWebKit/537.36 (KHTML, like Gecko) Chrome/63.0.3239.132 Safari/537.36" 17
- 0:0:0:0:0:0:0:1 - - [02/Feb/2018:15:00:19 +0800] "GET /page/JiedanbaoDel.html HTTP/1.1" 200 3710 "http://localhost:8080/" "Mozilla/5.0 (Macintosh; Intel Mac OS X 10_11_6) AppleWebKit/537.36 (KHTML, like Gecko) Chrome/63.0.3239.132 Safari/537.36" 10
- 0:0:0:0:0:0:0:1 - - [02/Feb/2018:15:00:51 +0800] "GET /jiedanbao/query?mid=100100045707 HTTP/1.1" 500 278 "http://localhost:8080/page/PolicyQuery.html" "Mozilla/5.0 (Macintosh; Intel Mac OS X 10_11_6) AppleWebKit/537.36 (KHTML, like Gecko) Chrome/63.0.3239.132 Safari/537.36" 42
- 0:0:0:0:0:0:0:1 - - [02/Feb/2018:15:01:10 +0800] "GET /jiedanbao/query?mid=100100045707 HTTP/1.1" 500 396 "-" "Mozilla/5.0 (Macintosh; Intel Mac OS X 10_11_6) AppleWebKit/537.36 (KHTML, like Gecko) Chrome/63.0.3239.132 Safari/537.36" 42
- 0:0:0:0:0:0:0:1 - - [02/Feb/2018:15:03:15 +0800] "GET / HTTP/1.1" 200 8938 "-" "Mozilla/5.0 (Macintosh; Intel Mac OS X 10_11_6) AppleWebKit/537.36 (KHTML, like Gecko) Chrome/63.0.3239.132 Safari/537.36" 13
- 0:0:0:0:0:0:0:1 - - [02/Feb/2018:15:03:15 +0800] "GET /common/layui/lay/modules/element.js?v=1517554995491 HTTP/1.1" 200 5154 "http://localhost:8080/" "Mozilla/5.0 (Macintosh; Intel Mac OS X 10_11_6) AppleWebKit/537.36 (KHTML, like Gecko) Chrome/63.0.3239.132 Safari/537.36" 6
- 0:0:0:0:0:0:0:1 - - [02/Feb/2018:15:03:15 +0800] "GET /main.html HTTP/1.1" 200 4186 "http://localhost:8080/" "Mozilla/5.0 (Macintosh; Intel Mac OS X 10_11_6) AppleWebKit/537.36 (KHTML, like Gecko) Chrome/63.0.3239.132 Safari/537.36" 8
- 0:0:0:0:0:0:0:1 - - [02/Feb/2018:15:03:15 +0800] "GET /common/layui/lay/modules/layer.js?v=1517554995491 HTTP/1.1" 200 21341 "http://localhost:8080/" "Mozilla/5.0 (Macintosh; Intel Mac OS X 10_11_6) AppleWebKit/537.36 (KHTML, like Gecko) Chrome/63.0.3239.132 Safari/537.36" 6
- 0:0:0:0:0:0:0:1 - - [02/Feb/2018:15:03:15 +0800] "GET /js/navbar.js?v=1517554995491 HTTP/1.1" 404 127 "http://localhost:8080/" "Mozilla/5.0 (Macintosh; Intel Mac OS X 10_11_6) AppleWebKit/537.36 (KHTML, like Gecko) Chrome/63.0.3239.132 Safari/537.36" 7
- 0:0:0:0:0:0:0:1 - - [02/Feb/2018:15:03:15 +0800] "GET /js/navtab.js?v=1517554995491 HTTP/1.1" 200 4949 "http://localhost:8080/" "Mozilla/5.0 (Macintosh; Intel Mac OS X 10_11_6) AppleWebKit/537.36 (KHTML, like Gecko) Chrome/63.0.3239.132 Safari/537.36" 7
- 0:0:0:0:0:0:0:1 - - [02/Feb/2018:15:06:09 +0800] "GET /404.html HTTP/1.1" 200 1070 "http://localhost:8080/" "Mozilla/5.0 (Macintosh; Intel Mac OS X 10_11_6) AppleWebKit/537.36 (KHTML, like Gecko) Chrome/63.0.3239.132 Safari/537.36" 42
- 0:0:0:0:0:0:0:1 - - [02/Feb/2018:15:06:12 +0800] "GET /page/linksList.html HTTP/1.1" 200 2281 "http://localhost:8080/" "Mozilla/5.0 (Macintosh; Intel Mac OS X 10_11_6) AppleWebKit/537.36 (KHTML, like Gecko) Chrome/63.0.3239.132 Safari/537.36" 8
- 0:0:0:0:0:0:0:1 - - [02/Feb/2018:15:06:12 +0800] "GET /js/linksList.js HTTP/1.1" 200 7874 "http://localhost:8080/page/linksList.html" "Mozilla/5.0 (Macintosh; Intel Mac OS X 10_11_6) AppleWebKit/537.36 (KHTML, like Gecko) Chrome/63.0.3239.132 Safari/537.36" 6
- 0:0:0:0:0:0:0:1 - - [02/Feb/2018:15:06:12 +0800] "GET /css/news.css HTTP/1.1" 200 171 "http://localhost:8080/page/linksList.html" "Mozilla/5.0 (Macintosh; Intel Mac OS X 10_11_6) AppleWebKit/537.36 (KHTML, like Gecko) Chrome/63.0.3239.132 Safari/537.36" 8
- 0:0:0:0:0:0:0:1 - - [02/Feb/2018:15:06:12 +0800] "GET /common/layui/lay/modules/form.js HTTP/1.1" 304 - "http://localhost:8080/page/linksList.html" "Mozilla/5.0 (Macintosh; Intel Mac OS X 10_11_6) AppleWebKit/537.36 (KHTML, like Gecko) Chrome/63.0.3239.132 Safari/537.36" 4
- 0:0:0:0:0:0:0:1 - - [02/Feb/2018:15:06:13 +0800] "GET /common/layui/lay/modules/laypage.js HTTP/1.1" 304 - "http://localhost:8080/page/linksList.html" "Mozilla/5.0 (Macintosh; Intel Mac OS X 10_11_6) AppleWebKit/537.36 (KHTML, like Gecko) Chrome/63.0.3239.132 Safari/537.36" 5
- 0:0:0:0:0:0:0:1 - - [02/Feb/2018:15:06:13 +0800] "GET /json/linksList.json HTTP/1.1" 404 134 "http://localhost:8080/page/linksList.html" "Mozilla/5.0 (Macintosh; Intel Mac OS X 10_11_6) AppleWebKit/537.36 (KHTML, like Gecko) Chrome/63.0.3239.132 Safari/537.36" 9
- 0:0:0:0:0:0:0:1 - - [02/Feb/2018:15:06:15 +0800] "GET /page/linksAdd.html HTTP/1.1" 200 2684 "http://localhost:8080/page/linksList.html" "Mozilla/5.0 (Macintosh; Intel Mac OS X 10_11_6) AppleWebKit/537.36 (KHTML, like Gecko) Chrome/63.0.3239.132 Safari/537.36" 12
- 0:0:0:0:0:0:0:1 - - [02/Feb/2018:15:06:15 +0800] "GET /common/layui/css/modules/layer/default/icon.png HTTP/1.1" 200 11493 "http://localhost:8080/common/layui/css/modules/layer/default/layer.css?v=3.0.11110" "Mozilla/5.0 (Macintosh; Intel Mac OS X 10_11_6) AppleWebKit/537.36 (KHTML, like Gecko) Chrome/63.0.3239.132 Safari/537.36" 15
- 0:0:0:0:0:0:0:1 - - [02/Feb/2018:15:06:15 +0800] "GET /common/layui/css/modules/layer/default/loading-1.gif HTTP/1.1" 200 701 "http://localhost:8080/common/layui/css/modules/layer/default/layer.css?v=3.0.11110" "Mozilla/5.0 (Macintosh; Intel Mac OS X 10_11_6) AppleWebKit/537.36 (KHTML, like Gecko) Chrome/63.0.3239.132 Safari/537.36" 16
- 0:0:0:0:0:0:0:1 - - [02/Feb/2018:15:06:15 +0800] "GET /js/linksAdd.js HTTP/1.1" 200 1941 "http://localhost:8080/page/linksAdd.html" "Mozilla/5.0 (Macintosh; Intel Mac OS X 10_11_6) AppleWebKit/537.36 (KHTML, like Gecko) Chrome/63.0.3239.132 Safari/537.36" 7
- 0:0:0:0:0:0:0:1 - - [02/Feb/2018:15:06:15 +0800] "GET /common/layui/lay/modules/layedit.js HTTP/1.1" 200 12487 "http://localhost:8080/page/linksAdd.html" "Mozilla/5.0 (Macintosh; Intel Mac OS X 10_11_6) AppleWebKit/537.36 (KHTML, like Gecko) Chrome/63.0.3239.132 Safari/537.36" 4
- 0:0:0:0:0:0:0:1 - - [02/Feb/2018:15:06:15 +0800] "GET /common/layui/lay/modules/laydate.js HTTP/1.1" 200 13298 "http://localhost:8080/page/linksAdd.html" "Mozilla/5.0 (Macintosh; Intel Mac OS X 10_11_6) AppleWebKit/537.36 (KHTML, like Gecko) Chrome/63.0.3239.132 Safari/537.36" 5
- 0:0:0:0:0:0:0:1 - - [02/Feb/2018:15:06:15 +0800] "GET /common/layui/css/modules/laydate/laydate.css HTTP/1.1" 304 - "http://localhost:8080/page/linksAdd.html" "Mozilla/5.0 (Macintosh; Intel Mac OS X 10_11_6) AppleWebKit/537.36 (KHTML, like Gecko) Chrome/63.0.3239.132 Safari/537.36" 3
- 0:0:0:0:0:0:0:1 - - [02/Feb/2018:15:06:38 +0800] "GET /page/PolicyQuery.html HTTP/1.1" 200 5396 "http://localhost:8080/" "Mozilla/5.0 (Macintosh; Intel Mac OS X 10_11_6) AppleWebKit/537.36 (KHTML, like Gecko) Chrome/63.0.3239.132 Safari/537.36" 10
- 0:0:0:0:0:0:0:1 - - [02/Feb/2018:15:06:41 +0800] "GET /page/JiedanbaoDel.html HTTP/1.1" 200 3710 "http://localhost:8080/" "Mozilla/5.0 (Macintosh; Intel Mac OS X 10_11_6) AppleWebKit/537.36 (KHTML, like Gecko) Chrome/63.0.3239.132 Safari/537.36" 9
