- 0:0:0:0:0:0:0:1 - - [24/Jul/2018:11:12:29 +0800] "GET / HTTP/1.1" 200 9667 "-" "Mozilla/5.0 (Macintosh; Intel Mac OS X 10_13_3) AppleWebKit/537.36 (KHTML, like Gecko) Chrome/67.0.3396.99 Safari/537.36" 284
- 0:0:0:0:0:0:0:1 - - [24/Jul/2018:11:12:29 +0800] "GET /css/adminstyle.css HTTP/1.1" 200 7233 "http://localhost:8018/" "Mozilla/5.0 (Macintosh; Intel Mac OS X 10_13_3) AppleWebKit/537.36 (KHTML, like Gecko) Chrome/67.0.3396.99 Safari/537.36" 20
- 0:0:0:0:0:0:0:1 - - [24/Jul/2018:11:12:29 +0800] "GET /js/larry.js HTTP/1.1" 200 2994 "http://localhost:8018/" "Mozilla/5.0 (Macintosh; Intel Mac OS X 10_13_3) AppleWebKit/537.36 (KHTML, like Gecko) Chrome/67.0.3396.99 Safari/537.36" 22
- 0:0:0:0:0:0:0:1 - - [24/Jul/2018:11:12:29 +0800] "GET /common/layui/layui.js HTTP/1.1" 200 5940 "http://localhost:8018/" "Mozilla/5.0 (Macintosh; Intel Mac OS X 10_13_3) AppleWebKit/537.36 (KHTML, like Gecko) Chrome/67.0.3396.99 Safari/537.36" 27
- 0:0:0:0:0:0:0:1 - - [24/Jul/2018:11:12:29 +0800] "GET /images/didilogo.png HTTP/1.1" 200 40976 "http://localhost:8018/" "Mozilla/5.0 (Macintosh; Intel Mac OS X 10_13_3) AppleWebKit/537.36 (KHTML, like Gecko) Chrome/67.0.3396.99 Safari/537.36" 24
- 0:0:0:0:0:0:0:1 - - [24/Jul/2018:11:12:29 +0800] "GET /common/layui/css/layui.css HTTP/1.1" 200 41614 "http://localhost:8018/" "Mozilla/5.0 (Macintosh; Intel Mac OS X 10_13_3) AppleWebKit/537.36 (KHTML, like Gecko) Chrome/67.0.3396.99 Safari/537.36" 38
- 0:0:0:0:0:0:0:1 - - [24/Jul/2018:11:12:29 +0800] "GET /common/global.css HTTP/1.1" 200 16934 "http://localhost:8018/" "Mozilla/5.0 (Macintosh; Intel Mac OS X 10_13_3) AppleWebKit/537.36 (KHTML, like Gecko) Chrome/67.0.3396.99 Safari/537.36" 38
- 0:0:0:0:0:0:0:1 - - [24/Jul/2018:11:12:29 +0800] "GET /js/index.js HTTP/1.1" 200 3449 "http://localhost:8018/" "Mozilla/5.0 (Macintosh; Intel Mac OS X 10_13_3) AppleWebKit/537.36 (KHTML, like Gecko) Chrome/67.0.3396.99 Safari/537.36" 6
- 0:0:0:0:0:0:0:1 - - [24/Jul/2018:11:12:29 +0800] "GET /main.html HTTP/1.1" 200 4150 "http://localhost:8018/" "Mozilla/5.0 (Macintosh; Intel Mac OS X 10_13_3) AppleWebKit/537.36 (KHTML, like Gecko) Chrome/67.0.3396.99 Safari/537.36" 13
- 0:0:0:0:0:0:0:1 - - [24/Jul/2018:11:12:29 +0800] "GET /common/layui/lay/modules/jquery.js HTTP/1.1" 200 97636 "http://localhost:8018/" "Mozilla/5.0 (Macintosh; Intel Mac OS X 10_13_3) AppleWebKit/537.36 (KHTML, like Gecko) Chrome/67.0.3396.99 Safari/537.36" 11
- 0:0:0:0:0:0:0:1 - - [24/Jul/2018:11:12:29 +0800] "GET /common/font/iconfont.woff?t=1480736048214 HTTP/1.1" 200 72560 "http://localhost:8018/common/global.css" "Mozilla/5.0 (Macintosh; Intel Mac OS X 10_13_3) AppleWebKit/537.36 (KHTML, like Gecko) Chrome/67.0.3396.99 Safari/537.36" 13
- 0:0:0:0:0:0:0:1 - - [24/Jul/2018:11:12:29 +0800] "GET /common/font/fontawesome-webfont.woff2?v=4.7.0 HTTP/1.1" 200 77160 "http://localhost:8018/common/global.css" "Mozilla/5.0 (Macintosh; Intel Mac OS X 10_13_3) AppleWebKit/537.36 (KHTML, like Gecko) Chrome/67.0.3396.99 Safari/537.36" 13
- 0:0:0:0:0:0:0:1 - - [24/Jul/2018:11:12:29 +0800] "GET /common/layui/css/layui.css HTTP/1.1" 200 41614 "http://localhost:8018/main.html" "Mozilla/5.0 (Macintosh; Intel Mac OS X 10_13_3) AppleWebKit/537.36 (KHTML, like Gecko) Chrome/67.0.3396.99 Safari/537.36" 5
- 0:0:0:0:0:0:0:1 - - [24/Jul/2018:11:12:29 +0800] "GET /common/layui/lay/modules/element.js HTTP/1.1" 200 5154 "http://localhost:8018/" "Mozilla/5.0 (Macintosh; Intel Mac OS X 10_13_3) AppleWebKit/537.36 (KHTML, like Gecko) Chrome/67.0.3396.99 Safari/537.36" 9
- 0:0:0:0:0:0:0:1 - - [24/Jul/2018:11:12:29 +0800] "GET /common/bootstrap/css/bootstrap.css HTTP/1.1" 200 137590 "http://localhost:8018/main.html" "Mozilla/5.0 (Macintosh; Intel Mac OS X 10_13_3) AppleWebKit/537.36 (KHTML, like Gecko) Chrome/67.0.3396.99 Safari/537.36" 10
- 0:0:0:0:0:0:0:1 - - [24/Jul/2018:11:12:29 +0800] "GET /common/global.css HTTP/1.1" 200 16934 "http://localhost:8018/main.html" "Mozilla/5.0 (Macintosh; Intel Mac OS X 10_13_3) AppleWebKit/537.36 (KHTML, like Gecko) Chrome/67.0.3396.99 Safari/537.36" 3
- 0:0:0:0:0:0:0:1 - - [24/Jul/2018:11:12:29 +0800] "GET /css/main.css HTTP/1.1" 200 7331 "http://localhost:8018/main.html" "Mozilla/5.0 (Macintosh; Intel Mac OS X 10_13_3) AppleWebKit/537.36 (KHTML, like Gecko) Chrome/67.0.3396.99 Safari/537.36" 4
- 0:0:0:0:0:0:0:1 - - [24/Jul/2018:11:12:29 +0800] "GET /common/layui/layui.js HTTP/1.1" 200 5940 "http://localhost:8018/main.html" "Mozilla/5.0 (Macintosh; Intel Mac OS X 10_13_3) AppleWebKit/537.36 (KHTML, like Gecko) Chrome/67.0.3396.99 Safari/537.36" 3
- 0:0:0:0:0:0:0:1 - - [24/Jul/2018:11:12:29 +0800] "GET /images/system.png HTTP/1.1" 200 105149 "http://localhost:8018/main.html" "Mozilla/5.0 (Macintosh; Intel Mac OS X 10_13_3) AppleWebKit/537.36 (KHTML, like Gecko) Chrome/67.0.3396.99 Safari/537.36" 6
- 0:0:0:0:0:0:0:1 - - [24/Jul/2018:11:12:29 +0800] "GET /js/main.js HTTP/1.1" 200 1634 "http://localhost:8018/main.html" "Mozilla/5.0 (Macintosh; Intel Mac OS X 10_13_3) AppleWebKit/537.36 (KHTML, like Gecko) Chrome/67.0.3396.99 Safari/537.36" 4
- 0:0:0:0:0:0:0:1 - - [24/Jul/2018:11:12:29 +0800] "GET /js/jquery.min.js HTTP/1.1" 200 84349 "http://localhost:8018/main.html" "Mozilla/5.0 (Macintosh; Intel Mac OS X 10_13_3) AppleWebKit/537.36 (KHTML, like Gecko) Chrome/67.0.3396.99 Safari/537.36" 6
- 0:0:0:0:0:0:0:1 - - [24/Jul/2018:11:12:29 +0800] "GET /common/layui/lay/modules/layer.js HTTP/1.1" 200 21341 "http://localhost:8018/" "Mozilla/5.0 (Macintosh; Intel Mac OS X 10_13_3) AppleWebKit/537.36 (KHTML, like Gecko) Chrome/67.0.3396.99 Safari/537.36" 5
- 0:0:0:0:0:0:0:1 - - [24/Jul/2018:11:12:29 +0800] "GET /js/jquery.js HTTP/1.1" 200 256807 "http://localhost:8018/main.html" "Mozilla/5.0 (Macintosh; Intel Mac OS X 10_13_3) AppleWebKit/537.36 (KHTML, like Gecko) Chrome/67.0.3396.99 Safari/537.36" 10
- 0:0:0:0:0:0:0:1 - - [24/Jul/2018:11:12:29 +0800] "GET /common/layui/css/modules/layer/default/layer.css?v=3.0.11110 HTTP/1.1" 200 14348 "http://localhost:8018/" "Mozilla/5.0 (Macintosh; Intel Mac OS X 10_13_3) AppleWebKit/537.36 (KHTML, like Gecko) Chrome/67.0.3396.99 Safari/537.36" 6
- 0:0:0:0:0:0:0:1 - - [24/Jul/2018:11:12:29 +0800] "GET /js/navtab.js HTTP/1.1" 200 4949 "http://localhost:8018/" "Mozilla/5.0 (Macintosh; Intel Mac OS X 10_13_3) AppleWebKit/537.36 (KHTML, like Gecko) Chrome/67.0.3396.99 Safari/537.36" 3
- 0:0:0:0:0:0:0:1 - - [24/Jul/2018:11:12:29 +0800] "GET /common/layui/lay/modules/jquery.js HTTP/1.1" 200 97636 "http://localhost:8018/main.html" "Mozilla/5.0 (Macintosh; Intel Mac OS X 10_13_3) AppleWebKit/537.36 (KHTML, like Gecko) Chrome/67.0.3396.99 Safari/537.36" 5
- 0:0:0:0:0:0:0:1 - - [24/Jul/2018:11:12:29 +0800] "GET /common/layui/lay/modules/layer.js HTTP/1.1" 200 21341 "http://localhost:8018/main.html" "Mozilla/5.0 (Macintosh; Intel Mac OS X 10_13_3) AppleWebKit/537.36 (KHTML, like Gecko) Chrome/67.0.3396.99 Safari/537.36" 4
- 0:0:0:0:0:0:0:1 - - [24/Jul/2018:11:12:29 +0800] "GET /common/layui/css/modules/layer/default/layer.css?v=3.0.11110 HTTP/1.1" 200 14348 "http://localhost:8018/main.html" "Mozilla/5.0 (Macintosh; Intel Mac OS X 10_13_3) AppleWebKit/537.36 (KHTML, like Gecko) Chrome/67.0.3396.99 Safari/537.36" 4
- 0:0:0:0:0:0:0:1 - - [24/Jul/2018:11:12:29 +0800] "GET /common/layui/lay/modules/element.js HTTP/1.1" 200 5154 "http://localhost:8018/main.html" "Mozilla/5.0 (Macintosh; Intel Mac OS X 10_13_3) AppleWebKit/537.36 (KHTML, like Gecko) Chrome/67.0.3396.99 Safari/537.36" 8
- 0:0:0:0:0:0:0:1 - - [24/Jul/2018:11:12:29 +0800] "GET /favicon.ico HTTP/1.1" 200 946 "http://localhost:8018/" "Mozilla/5.0 (Macintosh; Intel Mac OS X 10_13_3) AppleWebKit/537.36 (KHTML, like Gecko) Chrome/67.0.3396.99 Safari/537.36" 14
- 0:0:0:0:0:0:0:1 - - [24/Jul/2018:11:14:33 +0800] "GET /jiedanbao/query?mid=100100045690 HTTP/1.1" 200 669 "-" "PostmanRuntime/7.1.1" 191
- 0:0:0:0:0:0:0:1 - - [24/Jul/2018:11:17:30 +0800] "GET /common/layui/font/iconfont.woff?v=1.0.7 HTTP/1.1" 200 27904 "http://localhost:8018/common/layui/css/layui.css" "Mozilla/5.0 (Macintosh; Intel Mac OS X 10_13_3) AppleWebKit/537.36 (KHTML, like Gecko) Chrome/67.0.3396.99 Safari/537.36" 8
- 0:0:0:0:0:0:0:1 - - [24/Jul/2018:11:17:30 +0800] "GET /page/PolicyQuery.html HTTP/1.1" 200 6493 "http://localhost:8018/" "Mozilla/5.0 (Macintosh; Intel Mac OS X 10_13_3) AppleWebKit/537.36 (KHTML, like Gecko) Chrome/67.0.3396.99 Safari/537.36" 12
- 0:0:0:0:0:0:0:1 - - [24/Jul/2018:11:17:30 +0800] "GET /common/global.css HTTP/1.1" 200 16934 "http://localhost:8018/page/PolicyQuery.html" "Mozilla/5.0 (Macintosh; Intel Mac OS X 10_13_3) AppleWebKit/537.36 (KHTML, like Gecko) Chrome/67.0.3396.99 Safari/537.36" 5
- 0:0:0:0:0:0:0:1 - - [24/Jul/2018:11:17:30 +0800] "GET /common/layui/css/layui.css HTTP/1.1" 200 41614 "http://localhost:8018/page/PolicyQuery.html" "Mozilla/5.0 (Macintosh; Intel Mac OS X 10_13_3) AppleWebKit/537.36 (KHTML, like Gecko) Chrome/67.0.3396.99 Safari/537.36" 16
- 0:0:0:0:0:0:0:1 - - [24/Jul/2018:11:17:30 +0800] "GET /common/bootstrap/css/bootstrap.css HTTP/1.1" 200 137590 "http://localhost:8018/page/PolicyQuery.html" "Mozilla/5.0 (Macintosh; Intel Mac OS X 10_13_3) AppleWebKit/537.36 (KHTML, like Gecko) Chrome/67.0.3396.99 Safari/537.36" 8
- 0:0:0:0:0:0:0:1 - - [24/Jul/2018:11:17:30 +0800] "GET /css/personal.css HTTP/1.1" 200 3374 "http://localhost:8018/page/PolicyQuery.html" "Mozilla/5.0 (Macintosh; Intel Mac OS X 10_13_3) AppleWebKit/537.36 (KHTML, like Gecko) Chrome/67.0.3396.99 Safari/537.36" 4
- 0:0:0:0:0:0:0:1 - - [24/Jul/2018:11:17:30 +0800] "GET /js/jquery.min.js HTTP/1.1" 200 84349 "http://localhost:8018/page/PolicyQuery.html" "Mozilla/5.0 (Macintosh; Intel Mac OS X 10_13_3) AppleWebKit/537.36 (KHTML, like Gecko) Chrome/67.0.3396.99 Safari/537.36" 6
- 0:0:0:0:0:0:0:1 - - [24/Jul/2018:11:17:30 +0800] "GET /common/layui/layui.js HTTP/1.1" 200 5940 "http://localhost:8018/page/PolicyQuery.html" "Mozilla/5.0 (Macintosh; Intel Mac OS X 10_13_3) AppleWebKit/537.36 (KHTML, like Gecko) Chrome/67.0.3396.99 Safari/537.36" 3
- 0:0:0:0:0:0:0:1 - - [24/Jul/2018:11:17:30 +0800] "GET /js/jquery.js HTTP/1.1" 200 256807 "http://localhost:8018/page/PolicyQuery.html" "Mozilla/5.0 (Macintosh; Intel Mac OS X 10_13_3) AppleWebKit/537.36 (KHTML, like Gecko) Chrome/67.0.3396.99 Safari/537.36" 12
- 0:0:0:0:0:0:0:1 - - [24/Jul/2018:11:17:37 +0800] "GET /jiedanbao/query?mid=100100045690 HTTP/1.1" 200 669 "http://localhost:8018/page/PolicyQuery.html" "Mozilla/5.0 (Macintosh; Intel Mac OS X 10_13_3) AppleWebKit/537.36 (KHTML, like Gecko) Chrome/67.0.3396.99 Safari/537.36" 7
- 0:0:0:0:0:0:0:1 - - [24/Jul/2018:11:20:56 +0800] "GET /jiedanbao/query?mid=100100045690 HTTP/1.1" 200 669 "-" "Mozilla/5.0 (Macintosh; Intel Mac OS X 10_13_3) AppleWebKit/537.36 (KHTML, like Gecko) Chrome/67.0.3396.99 Safari/537.36" 11
- 127.0.0.1 - - [24/Jul/2018:11:32:58 +0800] "GET /jiedanbao/query?mid=100100045690 HTTP/1.1" 200 669 "-" "Apache-HttpClient/4.5.3 (Java/1.8.0_151)" 17
- 127.0.0.1 - - [24/Jul/2018:11:36:40 +0800] "GET /jiedanbao/query?mid=100100045690 HTTP/1.1" 200 669 "-" "Apache-HttpClient/4.5.3 (Java/1.8.0_151)" 6
- 127.0.0.1 - - [24/Jul/2018:11:37:00 +0800] "GET /jiedanbao/query?mid=100100045690 HTTP/1.1" 200 669 "-" "Apache-HttpClient/4.5.3 (Java/1.8.0_151)" 10
- 127.0.0.1 - - [24/Jul/2018:11:37:42 +0800] "GET /jiedanbao/query?mid=100100045690 HTTP/1.1" 200 669 "-" "Apache-HttpClient/4.5.3 (Java/1.8.0_151)" 6
- 127.0.0.1 - - [24/Jul/2018:11:37:54 +0800] "GET /jiedanbao/query?mid=100100045690 HTTP/1.1" 200 669 "-" "Apache-HttpClient/4.5.3 (Java/1.8.0_151)" 7
- 127.0.0.1 - - [24/Jul/2018:11:38:46 +0800] "GET /jiedanbao/query?mid=100100045690 HTTP/1.1" 200 669 "-" "Apache-HttpClient/4.5.3 (Java/1.8.0_151)" 4
- 127.0.0.1 - - [24/Jul/2018:11:48:34 +0800] "GET /jiedanbao/query?mid=100100045690 HTTP/1.1" 200 669 "-" "Apache-HttpClient/4.5.3 (Java/1.8.0_151)" 6
- 0:0:0:0:0:0:0:1 - - [24/Jul/2018:11:51:15 +0800] "GET /jiedanbao/query?mid=100100045690 HTTP/1.1" 200 669 "-" "PostmanRuntime/7.1.1" 5
- 0:0:0:0:0:0:0:1 - - [24/Jul/2018:11:52:27 +0800] "GET /jiedanbao/query?mid=100100045690 HTTP/1.1" 200 669 "http://localhost:8018/page/PolicyQuery.html" "Mozilla/5.0 (Macintosh; Intel Mac OS X 10_13_3) AppleWebKit/537.36 (KHTML, like Gecko) Chrome/67.0.3396.99 Safari/537.36" 6
- 0:0:0:0:0:0:0:1 - - [24/Jul/2018:14:44:39 +0800] "GET / HTTP/1.1" 200 9667 "-" "Mozilla/5.0 (Macintosh; Intel Mac OS X 10_13_3) AppleWebKit/537.36 (KHTML, like Gecko) Chrome/67.0.3396.99 Safari/537.36" 356
- 0:0:0:0:0:0:0:1 - - [24/Jul/2018:14:44:39 +0800] "GET /js/larry.js HTTP/1.1" 200 2994 "http://localhost:8018/" "Mozilla/5.0 (Macintosh; Intel Mac OS X 10_13_3) AppleWebKit/537.36 (KHTML, like Gecko) Chrome/67.0.3396.99 Safari/537.36" 16
- 0:0:0:0:0:0:0:1 - - [24/Jul/2018:14:44:39 +0800] "GET /common/layui/css/layui.css HTTP/1.1" 200 41614 "http://localhost:8018/" "Mozilla/5.0 (Macintosh; Intel Mac OS X 10_13_3) AppleWebKit/537.36 (KHTML, like Gecko) Chrome/67.0.3396.99 Safari/537.36" 32
- 0:0:0:0:0:0:0:1 - - [24/Jul/2018:14:44:39 +0800] "GET /images/didilogo.png HTTP/1.1" 200 40976 "http://localhost:8018/" "Mozilla/5.0 (Macintosh; Intel Mac OS X 10_13_3) AppleWebKit/537.36 (KHTML, like Gecko) Chrome/67.0.3396.99 Safari/537.36" 19
- 0:0:0:0:0:0:0:1 - - [24/Jul/2018:14:44:39 +0800] "GET /common/global.css HTTP/1.1" 200 16934 "http://localhost:8018/" "Mozilla/5.0 (Macintosh; Intel Mac OS X 10_13_3) AppleWebKit/537.36 (KHTML, like Gecko) Chrome/67.0.3396.99 Safari/537.36" 26
- 0:0:0:0:0:0:0:1 - - [24/Jul/2018:14:44:39 +0800] "GET /common/layui/layui.js HTTP/1.1" 200 5940 "http://localhost:8018/" "Mozilla/5.0 (Macintosh; Intel Mac OS X 10_13_3) AppleWebKit/537.36 (KHTML, like Gecko) Chrome/67.0.3396.99 Safari/537.36" 23
- 0:0:0:0:0:0:0:1 - - [24/Jul/2018:14:44:39 +0800] "GET /css/adminstyle.css HTTP/1.1" 200 7233 "http://localhost:8018/" "Mozilla/5.0 (Macintosh; Intel Mac OS X 10_13_3) AppleWebKit/537.36 (KHTML, like Gecko) Chrome/67.0.3396.99 Safari/537.36" 25
- 0:0:0:0:0:0:0:1 - - [24/Jul/2018:14:44:39 +0800] "GET /js/index.js HTTP/1.1" 200 3449 "http://localhost:8018/" "Mozilla/5.0 (Macintosh; Intel Mac OS X 10_13_3) AppleWebKit/537.36 (KHTML, like Gecko) Chrome/67.0.3396.99 Safari/537.36" 10
- 0:0:0:0:0:0:0:1 - - [24/Jul/2018:14:44:39 +0800] "GET /main.html HTTP/1.1" 200 4150 "http://localhost:8018/" "Mozilla/5.0 (Macintosh; Intel Mac OS X 10_13_3) AppleWebKit/537.36 (KHTML, like Gecko) Chrome/67.0.3396.99 Safari/537.36" 17
- 0:0:0:0:0:0:0:1 - - [24/Jul/2018:14:44:39 +0800] "GET /common/layui/lay/modules/jquery.js HTTP/1.1" 200 97636 "http://localhost:8018/" "Mozilla/5.0 (Macintosh; Intel Mac OS X 10_13_3) AppleWebKit/537.36 (KHTML, like Gecko) Chrome/67.0.3396.99 Safari/537.36" 12
- 0:0:0:0:0:0:0:1 - - [24/Jul/2018:14:44:39 +0800] "GET /common/font/iconfont.woff?t=1480736048214 HTTP/1.1" 200 72560 "http://localhost:8018/common/global.css" "Mozilla/5.0 (Macintosh; Intel Mac OS X 10_13_3) AppleWebKit/537.36 (KHTML, like Gecko) Chrome/67.0.3396.99 Safari/537.36" 14
- 0:0:0:0:0:0:0:1 - - [24/Jul/2018:14:44:39 +0800] "GET /common/font/fontawesome-webfont.woff2?v=4.7.0 HTTP/1.1" 200 77160 "http://localhost:8018/common/global.css" "Mozilla/5.0 (Macintosh; Intel Mac OS X 10_13_3) AppleWebKit/537.36 (KHTML, like Gecko) Chrome/67.0.3396.99 Safari/537.36" 15
- 0:0:0:0:0:0:0:1 - - [24/Jul/2018:14:44:39 +0800] "GET /common/layui/lay/modules/element.js HTTP/1.1" 200 5154 "http://localhost:8018/" "Mozilla/5.0 (Macintosh; Intel Mac OS X 10_13_3) AppleWebKit/537.36 (KHTML, like Gecko) Chrome/67.0.3396.99 Safari/537.36" 6
- 0:0:0:0:0:0:0:1 - - [24/Jul/2018:14:44:39 +0800] "GET /common/global.css HTTP/1.1" 200 16934 "http://localhost:8018/main.html" "Mozilla/5.0 (Macintosh; Intel Mac OS X 10_13_3) AppleWebKit/537.36 (KHTML, like Gecko) Chrome/67.0.3396.99 Safari/537.36" 3
- 0:0:0:0:0:0:0:1 - - [24/Jul/2018:14:44:39 +0800] "GET /common/bootstrap/css/bootstrap.css HTTP/1.1" 200 137590 "http://localhost:8018/main.html" "Mozilla/5.0 (Macintosh; Intel Mac OS X 10_13_3) AppleWebKit/537.36 (KHTML, like Gecko) Chrome/67.0.3396.99 Safari/537.36" 6
- 0:0:0:0:0:0:0:1 - - [24/Jul/2018:14:44:39 +0800] "GET /common/layui/css/layui.css HTTP/1.1" 200 41614 "http://localhost:8018/main.html" "Mozilla/5.0 (Macintosh; Intel Mac OS X 10_13_3) AppleWebKit/537.36 (KHTML, like Gecko) Chrome/67.0.3396.99 Safari/537.36" 8
- 0:0:0:0:0:0:0:1 - - [24/Jul/2018:14:44:39 +0800] "GET /css/main.css HTTP/1.1" 200 7331 "http://localhost:8018/main.html" "Mozilla/5.0 (Macintosh; Intel Mac OS X 10_13_3) AppleWebKit/537.36 (KHTML, like Gecko) Chrome/67.0.3396.99 Safari/537.36" 6
- 0:0:0:0:0:0:0:1 - - [24/Jul/2018:14:44:39 +0800] "GET /images/system.png HTTP/1.1" 200 105149 "http://localhost:8018/main.html" "Mozilla/5.0 (Macintosh; Intel Mac OS X 10_13_3) AppleWebKit/537.36 (KHTML, like Gecko) Chrome/67.0.3396.99 Safari/537.36" 7
- 0:0:0:0:0:0:0:1 - - [24/Jul/2018:14:44:39 +0800] "GET /common/layui/lay/modules/layer.js HTTP/1.1" 200 21341 "http://localhost:8018/" "Mozilla/5.0 (Macintosh; Intel Mac OS X 10_13_3) AppleWebKit/537.36 (KHTML, like Gecko) Chrome/67.0.3396.99 Safari/537.36" 5
- 0:0:0:0:0:0:0:1 - - [24/Jul/2018:14:44:39 +0800] "GET /common/layui/layui.js HTTP/1.1" 200 5940 "http://localhost:8018/main.html" "Mozilla/5.0 (Macintosh; Intel Mac OS X 10_13_3) AppleWebKit/537.36 (KHTML, like Gecko) Chrome/67.0.3396.99 Safari/537.36" 4
- 0:0:0:0:0:0:0:1 - - [24/Jul/2018:14:44:39 +0800] "GET /js/main.js HTTP/1.1" 200 1634 "http://localhost:8018/main.html" "Mozilla/5.0 (Macintosh; Intel Mac OS X 10_13_3) AppleWebKit/537.36 (KHTML, like Gecko) Chrome/67.0.3396.99 Safari/537.36" 4
- 0:0:0:0:0:0:0:1 - - [24/Jul/2018:14:44:39 +0800] "GET /js/jquery.min.js HTTP/1.1" 200 84345 "http://localhost:8018/main.html" "Mozilla/5.0 (Macintosh; Intel Mac OS X 10_13_3) AppleWebKit/537.36 (KHTML, like Gecko) Chrome/67.0.3396.99 Safari/537.36" 6
- 0:0:0:0:0:0:0:1 - - [24/Jul/2018:14:44:39 +0800] "GET /js/jquery.js HTTP/1.1" 200 247597 "http://localhost:8018/main.html" "Mozilla/5.0 (Macintosh; Intel Mac OS X 10_13_3) AppleWebKit/537.36 (KHTML, like Gecko) Chrome/67.0.3396.99 Safari/537.36" 6
- 0:0:0:0:0:0:0:1 - - [24/Jul/2018:14:44:40 +0800] "GET /common/layui/css/modules/layer/default/layer.css?v=3.0.11110 HTTP/1.1" 200 14348 "http://localhost:8018/" "Mozilla/5.0 (Macintosh; Intel Mac OS X 10_13_3) AppleWebKit/537.36 (KHTML, like Gecko) Chrome/67.0.3396.99 Safari/537.36" 5
- 0:0:0:0:0:0:0:1 - - [24/Jul/2018:14:44:40 +0800] "GET /js/navtab.js HTTP/1.1" 200 4949 "http://localhost:8018/" "Mozilla/5.0 (Macintosh; Intel Mac OS X 10_13_3) AppleWebKit/537.36 (KHTML, like Gecko) Chrome/67.0.3396.99 Safari/537.36" 4
- 0:0:0:0:0:0:0:1 - - [24/Jul/2018:14:44:40 +0800] "GET /common/layui/lay/modules/jquery.js HTTP/1.1" 200 97636 "http://localhost:8018/main.html" "Mozilla/5.0 (Macintosh; Intel Mac OS X 10_13_3) AppleWebKit/537.36 (KHTML, like Gecko) Chrome/67.0.3396.99 Safari/537.36" 4
- 0:0:0:0:0:0:0:1 - - [24/Jul/2018:14:44:40 +0800] "GET /common/layui/lay/modules/layer.js HTTP/1.1" 200 21341 "http://localhost:8018/main.html" "Mozilla/5.0 (Macintosh; Intel Mac OS X 10_13_3) AppleWebKit/537.36 (KHTML, like Gecko) Chrome/67.0.3396.99 Safari/537.36" 4
- 0:0:0:0:0:0:0:1 - - [24/Jul/2018:14:44:40 +0800] "GET /common/layui/css/modules/layer/default/layer.css?v=3.0.11110 HTTP/1.1" 200 14348 "http://localhost:8018/main.html" "Mozilla/5.0 (Macintosh; Intel Mac OS X 10_13_3) AppleWebKit/537.36 (KHTML, like Gecko) Chrome/67.0.3396.99 Safari/537.36" 7
- 0:0:0:0:0:0:0:1 - - [24/Jul/2018:14:44:40 +0800] "GET /common/layui/lay/modules/element.js HTTP/1.1" 200 5154 "http://localhost:8018/main.html" "Mozilla/5.0 (Macintosh; Intel Mac OS X 10_13_3) AppleWebKit/537.36 (KHTML, like Gecko) Chrome/67.0.3396.99 Safari/537.36" 45
- 0:0:0:0:0:0:0:1 - - [24/Jul/2018:14:44:41 +0800] "GET /common/layui/font/iconfont.woff?v=1.0.7 HTTP/1.1" 200 27904 "http://localhost:8018/common/layui/css/layui.css" "Mozilla/5.0 (Macintosh; Intel Mac OS X 10_13_3) AppleWebKit/537.36 (KHTML, like Gecko) Chrome/67.0.3396.99 Safari/537.36" 7
- 0:0:0:0:0:0:0:1 - - [24/Jul/2018:14:44:41 +0800] "GET /page/PolicyQuery.html HTTP/1.1" 200 6493 "http://localhost:8018/" "Mozilla/5.0 (Macintosh; Intel Mac OS X 10_13_3) AppleWebKit/537.36 (KHTML, like Gecko) Chrome/67.0.3396.99 Safari/537.36" 11
- 0:0:0:0:0:0:0:1 - - [24/Jul/2018:14:44:42 +0800] "GET /js/jquery.min.js HTTP/1.1" 200 84345 "http://localhost:8018/page/PolicyQuery.html" "Mozilla/5.0 (Macintosh; Intel Mac OS X 10_13_3) AppleWebKit/537.36 (KHTML, like Gecko) Chrome/67.0.3396.99 Safari/537.36" 4
- 0:0:0:0:0:0:0:1 - - [24/Jul/2018:14:44:42 +0800] "GET /common/layui/css/layui.css HTTP/1.1" 200 41614 "http://localhost:8018/page/PolicyQuery.html" "Mozilla/5.0 (Macintosh; Intel Mac OS X 10_13_3) AppleWebKit/537.36 (KHTML, like Gecko) Chrome/67.0.3396.99 Safari/537.36" 4
- 0:0:0:0:0:0:0:1 - - [24/Jul/2018:14:44:42 +0800] "GET /common/bootstrap/css/bootstrap.css HTTP/1.1" 200 137590 "http://localhost:8018/page/PolicyQuery.html" "Mozilla/5.0 (Macintosh; Intel Mac OS X 10_13_3) AppleWebKit/537.36 (KHTML, like Gecko) Chrome/67.0.3396.99 Safari/537.36" 17
- 0:0:0:0:0:0:0:1 - - [24/Jul/2018:14:44:42 +0800] "GET /common/global.css HTTP/1.1" 200 16934 "http://localhost:8018/page/PolicyQuery.html" "Mozilla/5.0 (Macintosh; Intel Mac OS X 10_13_3) AppleWebKit/537.36 (KHTML, like Gecko) Chrome/67.0.3396.99 Safari/537.36" 8
- 0:0:0:0:0:0:0:1 - - [24/Jul/2018:14:44:42 +0800] "GET /css/personal.css HTTP/1.1" 200 3374 "http://localhost:8018/page/PolicyQuery.html" "Mozilla/5.0 (Macintosh; Intel Mac OS X 10_13_3) AppleWebKit/537.36 (KHTML, like Gecko) Chrome/67.0.3396.99 Safari/537.36" 3
- 0:0:0:0:0:0:0:1 - - [24/Jul/2018:14:44:42 +0800] "GET /common/layui/layui.js HTTP/1.1" 200 5940 "http://localhost:8018/page/PolicyQuery.html" "Mozilla/5.0 (Macintosh; Intel Mac OS X 10_13_3) AppleWebKit/537.36 (KHTML, like Gecko) Chrome/67.0.3396.99 Safari/537.36" 22
- 0:0:0:0:0:0:0:1 - - [24/Jul/2018:14:44:42 +0800] "GET /js/jquery.js HTTP/1.1" 200 247597 "http://localhost:8018/page/PolicyQuery.html" "Mozilla/5.0 (Macintosh; Intel Mac OS X 10_13_3) AppleWebKit/537.36 (KHTML, like Gecko) Chrome/67.0.3396.99 Safari/537.36" 5
- 0:0:0:0:0:0:0:1 - - [24/Jul/2018:14:44:45 +0800] "GET /jiedanbao/query?mid=1 HTTP/1.1" 200 12 "http://localhost:8018/page/PolicyQuery.html" "Mozilla/5.0 (Macintosh; Intel Mac OS X 10_13_3) AppleWebKit/537.36 (KHTML, like Gecko) Chrome/67.0.3396.99 Safari/537.36" 121
- 0:0:0:0:0:0:0:1 - - [24/Jul/2018:14:45:04 +0800] "GET /jiedanbao/query?mid=100100045690 HTTP/1.1" 200 669 "http://localhost:8018/page/PolicyQuery.html" "Mozilla/5.0 (Macintosh; Intel Mac OS X 10_13_3) AppleWebKit/537.36 (KHTML, like Gecko) Chrome/67.0.3396.99 Safari/537.36" 47
- 0:0:0:0:0:0:0:1 - - [24/Jul/2018:15:01:32 +0800] "GET /jiedanbao/query?mid=100100045690 HTTP/1.1" 200 669 "-" "PostmanRuntime/7.1.1" 200
- 10.0.109.246 - - [24/Jul/2018:15:11:08 +0800] "GET /jiedanbao/query?mid=100100045690&mid=100100045690 HTTP/1.1" 200 669 "-" "python-requests/2.19.0" 38
- 10.0.109.246 - - [24/Jul/2018:15:11:45 +0800] "GET /jiedanbao/query?mid=100100045690&mid=10010004569 HTTP/1.1" 200 669 "-" "python-requests/2.19.0" 8
- 10.0.109.246 - - [24/Jul/2018:15:13:24 +0800] "GET /jiedanbao/query?mid=100100045690&mid=100100045690 HTTP/1.1" 200 669 "-" "python-requests/2.19.0" 7
- 10.0.109.246 - - [24/Jul/2018:15:14:43 +0800] "GET /jiedanbao/query?mid=100100045690&mid=100100045690 HTTP/1.1" 200 669 "-" "python-requests/2.19.0" 6
- 10.0.109.246 - - [24/Jul/2018:15:17:51 +0800] "GET /jiedanbao/query?mid=100100045690&mid=100100045690 HTTP/1.1" 200 669 "-" "python-requests/2.19.0" 10
- 10.0.109.246 - - [24/Jul/2018:15:18:36 +0800] "GET /jiedanbao/query?mid=100100045690&mid=100100045690 HTTP/1.1" 200 669 "-" "python-requests/2.19.0" 6
