- 0:0:0:0:0:0:0:1 - - [09/Jan/2018:17:15:16 +0800] "GET / HTTP/1.1" 200 9440 "-" "Mozilla/5.0 (Macintosh; Intel Mac OS X 10_11_6) AppleWebKit/537.36 (KHTML, like Gecko) Chrome/63.0.3239.84 Safari/537.36" 221
- 0:0:0:0:0:0:0:1 - - [09/Jan/2018:17:15:16 +0800] "GET /css/adminstyle.css HTTP/1.1" 304 - "http://localhost:8080/" "Mozilla/5.0 (Macintosh; Intel Mac OS X 10_11_6) AppleWebKit/537.36 (KHTML, like Gecko) Chrome/63.0.3239.84 Safari/537.36" 35
- 0:0:0:0:0:0:0:1 - - [09/Jan/2018:17:15:16 +0800] "GET /common/layui/css/layui.css HTTP/1.1" 304 - "http://localhost:8080/" "Mozilla/5.0 (Macintosh; Intel Mac OS X 10_11_6) AppleWebKit/537.36 (KHTML, like Gecko) Chrome/63.0.3239.84 Safari/537.36" 37
- 0:0:0:0:0:0:0:1 - - [09/Jan/2018:17:15:16 +0800] "GET /images/didilogo.png HTTP/1.1" 304 - "http://localhost:8080/" "Mozilla/5.0 (Macintosh; Intel Mac OS X 10_11_6) AppleWebKit/537.36 (KHTML, like Gecko) Chrome/63.0.3239.84 Safari/537.36" 34
- 0:0:0:0:0:0:0:1 - - [09/Jan/2018:17:15:16 +0800] "GET /common/layui/layui.js HTTP/1.1" 304 - "http://localhost:8080/" "Mozilla/5.0 (Macintosh; Intel Mac OS X 10_11_6) AppleWebKit/537.36 (KHTML, like Gecko) Chrome/63.0.3239.84 Safari/537.36" 48
- 0:0:0:0:0:0:0:1 - - [09/Jan/2018:17:15:16 +0800] "GET /common/global.css HTTP/1.1" 304 - "http://localhost:8080/" "Mozilla/5.0 (Macintosh; Intel Mac OS X 10_11_6) AppleWebKit/537.36 (KHTML, like Gecko) Chrome/63.0.3239.84 Safari/537.36" 29
- 0:0:0:0:0:0:0:1 - - [09/Jan/2018:17:15:16 +0800] "GET /js/larry.js HTTP/1.1" 304 - "http://localhost:8080/" "Mozilla/5.0 (Macintosh; Intel Mac OS X 10_11_6) AppleWebKit/537.36 (KHTML, like Gecko) Chrome/63.0.3239.84 Safari/537.36" 42
- 0:0:0:0:0:0:0:1 - - [09/Jan/2018:17:15:16 +0800] "GET /js/index.js HTTP/1.1" 304 - "http://localhost:8080/" "Mozilla/5.0 (Macintosh; Intel Mac OS X 10_11_6) AppleWebKit/537.36 (KHTML, like Gecko) Chrome/63.0.3239.84 Safari/537.36" 4
- 0:0:0:0:0:0:0:1 - - [09/Jan/2018:17:15:16 +0800] "GET /common/layui/lay/modules/jquery.js HTTP/1.1" 304 - "http://localhost:8080/" "Mozilla/5.0 (Macintosh; Intel Mac OS X 10_11_6) AppleWebKit/537.36 (KHTML, like Gecko) Chrome/63.0.3239.84 Safari/537.36" 3
- 0:0:0:0:0:0:0:1 - - [09/Jan/2018:17:15:16 +0800] "GET /common/font/fontawesome-webfont.woff2?v=4.7.0 HTTP/1.1" 304 - "http://localhost:8080/common/global.css" "Mozilla/5.0 (Macintosh; Intel Mac OS X 10_11_6) AppleWebKit/537.36 (KHTML, like Gecko) Chrome/63.0.3239.84 Safari/537.36" 14
- 0:0:0:0:0:0:0:1 - - [09/Jan/2018:17:15:16 +0800] "GET /common/font/iconfont.woff?t=1480736048214 HTTP/1.1" 304 - "http://localhost:8080/common/global.css" "Mozilla/5.0 (Macintosh; Intel Mac OS X 10_11_6) AppleWebKit/537.36 (KHTML, like Gecko) Chrome/63.0.3239.84 Safari/537.36" 14
- 0:0:0:0:0:0:0:1 - - [09/Jan/2018:17:15:17 +0800] "GET /main.html HTTP/1.1" 200 3450 "http://localhost:8080/" "Mozilla/5.0 (Macintosh; Intel Mac OS X 10_11_6) AppleWebKit/537.36 (KHTML, like Gecko) Chrome/63.0.3239.84 Safari/537.36" 10
- 0:0:0:0:0:0:0:1 - - [09/Jan/2018:17:15:17 +0800] "GET /common/layui/lay/modules/element.js HTTP/1.1" 304 - "http://localhost:8080/" "Mozilla/5.0 (Macintosh; Intel Mac OS X 10_11_6) AppleWebKit/537.36 (KHTML, like Gecko) Chrome/63.0.3239.84 Safari/537.36" 3
- 0:0:0:0:0:0:0:1 - - [09/Jan/2018:17:15:17 +0800] "GET /common/layui/lay/modules/layer.js HTTP/1.1" 304 - "http://localhost:8080/" "Mozilla/5.0 (Macintosh; Intel Mac OS X 10_11_6) AppleWebKit/537.36 (KHTML, like Gecko) Chrome/63.0.3239.84 Safari/537.36" 3
- 0:0:0:0:0:0:0:1 - - [09/Jan/2018:17:15:17 +0800] "GET /common/layui/css/modules/layer/default/layer.css?v=3.0.11110 HTTP/1.1" 304 - "http://localhost:8080/" "Mozilla/5.0 (Macintosh; Intel Mac OS X 10_11_6) AppleWebKit/537.36 (KHTML, like Gecko) Chrome/63.0.3239.84 Safari/537.36" 2
- 0:0:0:0:0:0:0:1 - - [09/Jan/2018:17:15:17 +0800] "GET /js/navtab.js HTTP/1.1" 304 - "http://localhost:8080/" "Mozilla/5.0 (Macintosh; Intel Mac OS X 10_11_6) AppleWebKit/537.36 (KHTML, like Gecko) Chrome/63.0.3239.84 Safari/537.36" 2
- 0:0:0:0:0:0:0:1 - - [09/Jan/2018:17:15:17 +0800] "GET /css/main.css HTTP/1.1" 304 - "http://localhost:8080/main.html" "Mozilla/5.0 (Macintosh; Intel Mac OS X 10_11_6) AppleWebKit/537.36 (KHTML, like Gecko) Chrome/63.0.3239.84 Safari/537.36" 2
- 0:0:0:0:0:0:0:1 - - [09/Jan/2018:17:15:17 +0800] "GET /js/main.js HTTP/1.1" 304 - "http://localhost:8080/main.html" "Mozilla/5.0 (Macintosh; Intel Mac OS X 10_11_6) AppleWebKit/537.36 (KHTML, like Gecko) Chrome/63.0.3239.84 Safari/537.36" 3
- 0:0:0:0:0:0:0:1 - - [09/Jan/2018:17:15:17 +0800] "GET /images/system.png HTTP/1.1" 304 - "http://localhost:8080/main.html" "Mozilla/5.0 (Macintosh; Intel Mac OS X 10_11_6) AppleWebKit/537.36 (KHTML, like Gecko) Chrome/63.0.3239.84 Safari/537.36" 3
- 0:0:0:0:0:0:0:1 - - [09/Jan/2018:17:15:17 +0800] "GET /common/bootstrap/css/bootstrap.css HTTP/1.1" 304 - "http://localhost:8080/main.html" "Mozilla/5.0 (Macintosh; Intel Mac OS X 10_11_6) AppleWebKit/537.36 (KHTML, like Gecko) Chrome/63.0.3239.84 Safari/537.36" 6
- 0:0:0:0:0:0:0:1 - - [09/Jan/2018:17:15:17 +0800] "GET /common/font/pxgridsicons.woff HTTP/1.1" 304 - "http://localhost:8080/common/global.css" "Mozilla/5.0 (Macintosh; Intel Mac OS X 10_11_6) AppleWebKit/537.36 (KHTML, like Gecko) Chrome/63.0.3239.84 Safari/537.36" 6
- 0:0:0:0:0:0:0:1 - - [09/Jan/2018:17:15:29 +0800] "GET /jiedanbao/query?mid=1 HTTP/1.1" 500 582 "-" "Mozilla/5.0 (Macintosh; Intel Mac OS X 10_11_6) AppleWebKit/537.36 (KHTML, like Gecko) Chrome/63.0.3239.84 Safari/537.36" 115
- 0:0:0:0:0:0:0:1 - - [09/Jan/2018:17:29:48 +0800] "GET /jiedanbao/query?mid=1 HTTP/1.1" 200 19 "-" "Mozilla/5.0 (Macintosh; Intel Mac OS X 10_11_6) AppleWebKit/537.36 (KHTML, like Gecko) Chrome/63.0.3239.84 Safari/537.36" 169
- 0:0:0:0:0:0:0:1 - - [09/Jan/2018:17:32:14 +0800] "GET null null" 400 - "-" "-" 0
- 0:0:0:0:0:0:0:1 - - [09/Jan/2018:17:32:16 +0800] "GET null null" 400 - "-" "-" 0
- 0:0:0:0:0:0:0:1 - - [09/Jan/2018:17:32:22 +0800] "GET /jiedanbao/query?mid=1 HTTP/1.1" 200 19 "-" "Mozilla/5.0 (Macintosh; Intel Mac OS X 10_11_6) AppleWebKit/537.36 (KHTML, like Gecko) Chrome/63.0.3239.84 Safari/537.36" 12
- 0:0:0:0:0:0:0:1 - - [09/Jan/2018:17:37:53 +0800] "GET /jiedanbao/query?mid=1 HTTP/1.1" 500 450 "-" "Mozilla/5.0 (Macintosh; Intel Mac OS X 10_11_6) AppleWebKit/537.36 (KHTML, like Gecko) Chrome/63.0.3239.84 Safari/537.36" 169
- 0:0:0:0:0:0:0:1 - - [09/Jan/2018:17:39:06 +0800] "GET /jiedanbao/query?mid=1 HTTP/1.1" 500 450 "-" "Mozilla/5.0 (Macintosh; Intel Mac OS X 10_11_6) AppleWebKit/537.36 (KHTML, like Gecko) Chrome/63.0.3239.84 Safari/537.36" 167
- 0:0:0:0:0:0:0:1 - - [09/Jan/2018:17:40:34 +0800] "GET /jiedanbao/query?mid=1 HTTP/1.1" 500 450 "-" "Mozilla/5.0 (Macintosh; Intel Mac OS X 10_11_6) AppleWebKit/537.36 (KHTML, like Gecko) Chrome/63.0.3239.84 Safari/537.36" 164
- 0:0:0:0:0:0:0:1 - - [09/Jan/2018:17:44:00 +0800] "GET /jiedanbao/query?mid=1 HTTP/1.1" 200 221 "-" "Mozilla/5.0 (Macintosh; Intel Mac OS X 10_11_6) AppleWebKit/537.36 (KHTML, like Gecko) Chrome/63.0.3239.84 Safari/537.36" 182
- 0:0:0:0:0:0:0:1 - - [09/Jan/2018:17:44:21 +0800] "GET /jiedanbao/query?mid=100100045684 HTTP/1.1" 500 445 "-" "Mozilla/5.0 (Macintosh; Intel Mac OS X 10_11_6) AppleWebKit/537.36 (KHTML, like Gecko) Chrome/63.0.3239.84 Safari/537.36" 62
- 0:0:0:0:0:0:0:1 - - [09/Jan/2018:18:14:23 +0800] "GET /jiedanbao/query?mid=100100045684 HTTP/1.1" 500 445 "-" "Mozilla/5.0 (Macintosh; Intel Mac OS X 10_11_6) AppleWebKit/537.36 (KHTML, like Gecko) Chrome/63.0.3239.84 Safari/537.36" 19
- 0:0:0:0:0:0:0:1 - - [09/Jan/2018:19:03:07 +0800] "GET /jiedanbao/query?mid=1 HTTP/1.1" 200 221 "-" "Mozilla/5.0 (Macintosh; Intel Mac OS X 10_11_6) AppleWebKit/537.36 (KHTML, like Gecko) Chrome/63.0.3239.84 Safari/537.36" 63
- 0:0:0:0:0:0:0:1 - - [09/Jan/2018:19:03:33 +0800] "GET /jiedanbao HTTP/1.1" 404 306 "-" "Mozilla/5.0 (Macintosh; Intel Mac OS X 10_11_6) AppleWebKit/537.36 (KHTML, like Gecko) Chrome/63.0.3239.84 Safari/537.36" 30
- 0:0:0:0:0:0:0:1 - - [09/Jan/2018:19:03:36 +0800] "GET / HTTP/1.1" 200 9440 "-" "Mozilla/5.0 (Macintosh; Intel Mac OS X 10_11_6) AppleWebKit/537.36 (KHTML, like Gecko) Chrome/63.0.3239.84 Safari/537.36" 147
- 0:0:0:0:0:0:0:1 - - [09/Jan/2018:19:03:36 +0800] "GET /main.html HTTP/1.1" 200 3450 "http://localhost:8080/" "Mozilla/5.0 (Macintosh; Intel Mac OS X 10_11_6) AppleWebKit/537.36 (KHTML, like Gecko) Chrome/63.0.3239.84 Safari/537.36" 15
- 0:0:0:0:0:0:0:1 - - [09/Jan/2018:19:03:38 +0800] "GET /page/JiedanbaoDel.html HTTP/1.1" 200 3759 "http://localhost:8080/" "Mozilla/5.0 (Macintosh; Intel Mac OS X 10_11_6) AppleWebKit/537.36 (KHTML, like Gecko) Chrome/63.0.3239.84 Safari/537.36" 16
- 0:0:0:0:0:0:0:1 - - [09/Jan/2018:19:03:38 +0800] "GET /common/layui/font/iconfont.woff?v=1.0.7 HTTP/1.1" 304 - "http://localhost:8080/common/layui/css/layui.css" "Mozilla/5.0 (Macintosh; Intel Mac OS X 10_11_6) AppleWebKit/537.36 (KHTML, like Gecko) Chrome/63.0.3239.84 Safari/537.36" 23
- 0:0:0:0:0:0:0:1 - - [09/Jan/2018:19:03:38 +0800] "GET /css/personal.css HTTP/1.1" 304 - "http://localhost:8080/page/JiedanbaoDel.html" "Mozilla/5.0 (Macintosh; Intel Mac OS X 10_11_6) AppleWebKit/537.36 (KHTML, like Gecko) Chrome/63.0.3239.84 Safari/537.36" 12
- 0:0:0:0:0:0:0:1 - - [09/Jan/2018:19:03:38 +0800] "GET /js/jquery.min.js HTTP/1.1" 304 - "http://localhost:8080/page/JiedanbaoDel.html" "Mozilla/5.0 (Macintosh; Intel Mac OS X 10_11_6) AppleWebKit/537.36 (KHTML, like Gecko) Chrome/63.0.3239.84 Safari/537.36" 15
- 0:0:0:0:0:0:0:1 - - [09/Jan/2018:19:03:38 +0800] "GET /js/jquery.js HTTP/1.1" 304 - "http://localhost:8080/page/JiedanbaoDel.html" "Mozilla/5.0 (Macintosh; Intel Mac OS X 10_11_6) AppleWebKit/537.36 (KHTML, like Gecko) Chrome/63.0.3239.84 Safari/537.36" 7
- 0:0:0:0:0:0:0:1 - - [09/Jan/2018:19:03:41 +0800] "GET /page/JiedanbaoDel.html? HTTP/1.1" 200 3759 "http://localhost:8080/page/JiedanbaoDel.html" "Mozilla/5.0 (Macintosh; Intel Mac OS X 10_11_6) AppleWebKit/537.36 (KHTML, like Gecko) Chrome/63.0.3239.84 Safari/537.36" 13
- 0:0:0:0:0:0:0:1 - - [09/Jan/2018:19:03:43 +0800] "GET /page/JiedanbaoDel.html? HTTP/1.1" 200 3759 "http://localhost:8080/page/JiedanbaoDel.html?" "Mozilla/5.0 (Macintosh; Intel Mac OS X 10_11_6) AppleWebKit/537.36 (KHTML, like Gecko) Chrome/63.0.3239.84 Safari/537.36" 10
- 0:0:0:0:0:0:0:1 - - [09/Jan/2018:19:03:43 +0800] "GET /jiedanbao/del?mid=1 HTTP/1.1" 200 147 "http://localhost:8080/page/JiedanbaoDel.html?" "Mozilla/5.0 (Macintosh; Intel Mac OS X 10_11_6) AppleWebKit/537.36 (KHTML, like Gecko) Chrome/63.0.3239.84 Safari/537.36" 114
- 0:0:0:0:0:0:0:1 - - [09/Jan/2018:19:05:37 +0800] "GET /jiedanbao/query?mid=1 HTTP/1.1" 200 221 "-" "Mozilla/5.0 (Macintosh; Intel Mac OS X 10_11_6) AppleWebKit/537.36 (KHTML, like Gecko) Chrome/63.0.3239.84 Safari/537.36" 8882
- 0:0:0:0:0:0:0:1 - - [09/Jan/2018:19:06:16 +0800] "GET /jiedanbao/query?mid=100100045684 HTTP/1.1" 500 445 "-" "Mozilla/5.0 (Macintosh; Intel Mac OS X 10_11_6) AppleWebKit/537.36 (KHTML, like Gecko) Chrome/63.0.3239.84 Safari/537.36" 12342
- 0:0:0:0:0:0:0:1 - - [09/Jan/2018:19:07:11 +0800] "GET /jiedanbao/query?mid=100100045684 HTTP/1.1" 500 445 "-" "Mozilla/5.0 (Macintosh; Intel Mac OS X 10_11_6) AppleWebKit/537.36 (KHTML, like Gecko) Chrome/63.0.3239.84 Safari/537.36" 7497
- 0:0:0:0:0:0:0:1 - - [09/Jan/2018:19:07:11 +0800] "GET /jiedanbao/query?mid=100100045684 HTTP/1.1" 500 445 "-" "Mozilla/5.0 (Macintosh; Intel Mac OS X 10_11_6) AppleWebKit/537.36 (KHTML, like Gecko) Chrome/63.0.3239.84 Safari/537.36" 42828
- 0:0:0:0:0:0:0:1 - - [09/Jan/2018:19:07:11 +0800] "GET /jiedanbao/query?mid=100100045684 HTTP/1.1" 500 445 "-" "Mozilla/5.0 (Macintosh; Intel Mac OS X 10_11_6) AppleWebKit/537.36 (KHTML, like Gecko) Chrome/63.0.3239.84 Safari/537.36" 7509
- 0:0:0:0:0:0:0:1 - - [09/Jan/2018:19:08:40 +0800] "GET /jiedanbao/query?mid=100100045684 HTTP/1.1" 500 445 "-" "Mozilla/5.0 (Macintosh; Intel Mac OS X 10_11_6) AppleWebKit/537.36 (KHTML, like Gecko) Chrome/63.0.3239.84 Safari/537.36" 82251
- 0:0:0:0:0:0:0:1 - - [09/Jan/2018:19:09:11 +0800] "GET /jiedanbao/query?mid=100100045690 HTTP/1.1" 500 801 "-" "Mozilla/5.0 (Macintosh; Intel Mac OS X 10_11_6) AppleWebKit/537.36 (KHTML, like Gecko) Chrome/63.0.3239.84 Safari/537.36" 79
- 0:0:0:0:0:0:0:1 - - [09/Jan/2018:19:10:22 +0800] "GET /jiedanbao/query?mid=100100045690 HTTP/1.1" 500 801 "-" "Mozilla/5.0 (Macintosh; Intel Mac OS X 10_11_6) AppleWebKit/537.36 (KHTML, like Gecko) Chrome/63.0.3239.84 Safari/537.36" 225
- 0:0:0:0:0:0:0:1 - - [09/Jan/2018:19:12:41 +0800] "GET /jiedanbao/query?mid=100100045690 HTTP/1.1" 200 278 "-" "Mozilla/5.0 (Macintosh; Intel Mac OS X 10_11_6) AppleWebKit/537.36 (KHTML, like Gecko) Chrome/63.0.3239.84 Safari/537.36" 200
- 0:0:0:0:0:0:0:1 - - [09/Jan/2018:19:15:00 +0800] "GET /jiedanbao/query?mid=100100045690 HTTP/1.1" 500 445 "-" "Mozilla/5.0 (Macintosh; Intel Mac OS X 10_11_6) AppleWebKit/537.36 (KHTML, like Gecko) Chrome/63.0.3239.84 Safari/537.36" 197
- 0:0:0:0:0:0:0:1 - - [09/Jan/2018:19:18:19 +0800] "GET /jiedanbao/query?mid=100100045690 HTTP/1.1" 200 278 "-" "Mozilla/5.0 (Macintosh; Intel Mac OS X 10_11_6) AppleWebKit/537.36 (KHTML, like Gecko) Chrome/63.0.3239.84 Safari/537.36" 194
- 0:0:0:0:0:0:0:1 - - [09/Jan/2018:19:22:38 +0800] "GET /jiedanbao/query?mid=100100045690 HTTP/1.1" 200 263 "-" "Mozilla/5.0 (Macintosh; Intel Mac OS X 10_11_6) AppleWebKit/537.36 (KHTML, like Gecko) Chrome/63.0.3239.84 Safari/537.36" 188
- 0:0:0:0:0:0:0:1 - - [09/Jan/2018:19:27:23 +0800] "GET /jiedanbao/query?mid=100100045690 HTTP/1.1" 200 285 "-" "Mozilla/5.0 (Macintosh; Intel Mac OS X 10_11_6) AppleWebKit/537.36 (KHTML, like Gecko) Chrome/63.0.3239.84 Safari/537.36" 195
- 0:0:0:0:0:0:0:1 - - [09/Jan/2018:19:33:52 +0800] "GET /jiedanbao/query?mid=100100045690 HTTP/1.1" 200 285 "-" "Mozilla/5.0 (Macintosh; Intel Mac OS X 10_11_6) AppleWebKit/537.36 (KHTML, like Gecko) Chrome/63.0.3239.84 Safari/537.36" 37
- 0:0:0:0:0:0:0:1 - - [09/Jan/2018:19:33:54 +0800] "GET /jiedanbao/query?mid=100100045690 HTTP/1.1" 200 285 "-" "Mozilla/5.0 (Macintosh; Intel Mac OS X 10_11_6) AppleWebKit/537.36 (KHTML, like Gecko) Chrome/63.0.3239.84 Safari/537.36" 27
- 0:0:0:0:0:0:0:1 - - [09/Jan/2018:20:03:42 +0800] "GET /jiedanbao/query?mid=100100045690 HTTP/1.1" 405 337 "-" "Mozilla/5.0 (Macintosh; Intel Mac OS X 10_11_6) AppleWebKit/537.36 (KHTML, like Gecko) Chrome/63.0.3239.84 Safari/537.36" 109
- 0:0:0:0:0:0:0:1 - - [09/Jan/2018:20:04:02 +0800] "GET null null" 400 - "-" "-" 0
- 0:0:0:0:0:0:0:1 - - [09/Jan/2018:20:04:03 +0800] "GET null null" 400 - "-" "-" 0
- 0:0:0:0:0:0:0:1 - - [09/Jan/2018:20:04:09 +0800] "GET /jiedanbao/query%7B%22mid%22=%22100100045690%22%7D HTTP/1.1" 404 306 "-" "Mozilla/5.0 (Macintosh; Intel Mac OS X 10_11_6) AppleWebKit/537.36 (KHTML, like Gecko) Chrome/63.0.3239.84 Safari/537.36" 13
- 0:0:0:0:0:0:0:1 - - [09/Jan/2018:20:05:29 +0800] "GET null null" 400 - "-" "-" 0
- 0:0:0:0:0:0:0:1 - - [09/Jan/2018:20:05:30 +0800] "GET null null" 400 - "-" "-" 0
- 0:0:0:0:0:0:0:1 - - [09/Jan/2018:20:05:41 +0800] "POST /jiedanbao/query HTTP/1.1" 500 172 "-" "PostmanRuntime/7.1.1" 139
- 0:0:0:0:0:0:0:1 - - [09/Jan/2018:20:06:23 +0800] "POST /jiedanbao/query HTTP/1.1" 200 2 "-" "PostmanRuntime/7.1.1" 110
- 0:0:0:0:0:0:0:1 - - [09/Jan/2018:20:06:41 +0800] "POST /jiedanbao/query HTTP/1.1" 200 2 "-" "PostmanRuntime/7.1.1" 42
- 0:0:0:0:0:0:0:1 - - [09/Jan/2018:20:07:12 +0800] "POST /jiedanbao/query HTTP/1.1" 200 285 "-" "PostmanRuntime/7.1.1" 192
- 0:0:0:0:0:0:0:1 - - [09/Jan/2018:20:07:40 +0800] "GET /jiedanbao/query?mid%22:%22100100045690%22 HTTP/1.1" 405 337 "-" "Mozilla/5.0 (Macintosh; Intel Mac OS X 10_11_6) AppleWebKit/537.36 (KHTML, like Gecko) Chrome/63.0.3239.84 Safari/537.36" 51
- 0:0:0:0:0:0:0:1 - - [09/Jan/2018:20:07:51 +0800] "GET /jiedanbao/query?mid:100100045690 HTTP/1.1" 405 337 "-" "Mozilla/5.0 (Macintosh; Intel Mac OS X 10_11_6) AppleWebKit/537.36 (KHTML, like Gecko) Chrome/63.0.3239.84 Safari/537.36" 9
- 0:0:0:0:0:0:0:1 - - [09/Jan/2018:20:08:00 +0800] "GET null null" 400 - "-" "-" 0
- 0:0:0:0:0:0:0:1 - - [09/Jan/2018:20:08:01 +0800] "GET null null" 400 - "-" "-" 0
- 0:0:0:0:0:0:0:1 - - [09/Jan/2018:20:11:02 +0800] "GET /jiedanbao/query HTTP/1.1" 405 337 "-" "Mozilla/5.0 (Macintosh; Intel Mac OS X 10_11_6) AppleWebKit/537.36 (KHTML, like Gecko) Chrome/63.0.3239.84 Safari/537.36" 9
- 0:0:0:0:0:0:0:1 - - [09/Jan/2018:20:11:10 +0800] "GET / HTTP/1.1" 200 9440 "-" "Mozilla/5.0 (Macintosh; Intel Mac OS X 10_11_6) AppleWebKit/537.36 (KHTML, like Gecko) Chrome/63.0.3239.84 Safari/537.36" 92
- 0:0:0:0:0:0:0:1 - - [09/Jan/2018:20:11:10 +0800] "GET /main.html HTTP/1.1" 200 3450 "http://localhost:8080/" "Mozilla/5.0 (Macintosh; Intel Mac OS X 10_11_6) AppleWebKit/537.36 (KHTML, like Gecko) Chrome/63.0.3239.84 Safari/537.36" 14
- 0:0:0:0:0:0:0:1 - - [09/Jan/2018:20:11:13 +0800] "GET /page/JiedanbaoDel.html HTTP/1.1" 200 3759 "http://localhost:8080/" "Mozilla/5.0 (Macintosh; Intel Mac OS X 10_11_6) AppleWebKit/537.36 (KHTML, like Gecko) Chrome/63.0.3239.84 Safari/537.36" 8
- 0:0:0:0:0:0:0:1 - - [09/Jan/2018:20:11:15 +0800] "GET /page/JiedanbaoDel.html? HTTP/1.1" 200 3759 "http://localhost:8080/page/JiedanbaoDel.html" "Mozilla/5.0 (Macintosh; Intel Mac OS X 10_11_6) AppleWebKit/537.36 (KHTML, like Gecko) Chrome/63.0.3239.84 Safari/537.36" 11
- 0:0:0:0:0:0:0:1 - - [09/Jan/2018:20:11:29 +0800] "POST /jiedanbao/query HTTP/1.1" 200 285 "-" "PostmanRuntime/7.1.1" 33
- 0:0:0:0:0:0:0:1 - - [09/Jan/2018:20:14:13 +0800] "POST /jiedanbao/del HTTP/1.1" 200 147 "-" "PostmanRuntime/7.1.1" 219
- 0:0:0:0:0:0:0:1 - - [09/Jan/2018:20:14:29 +0800] "GET / HTTP/1.1" 200 9440 "-" "Mozilla/5.0 (Macintosh; Intel Mac OS X 10_11_6) AppleWebKit/537.36 (KHTML, like Gecko) Chrome/63.0.3239.84 Safari/537.36" 103
- 0:0:0:0:0:0:0:1 - - [09/Jan/2018:20:14:29 +0800] "GET /main.html HTTP/1.1" 200 3450 "http://localhost:8080/" "Mozilla/5.0 (Macintosh; Intel Mac OS X 10_11_6) AppleWebKit/537.36 (KHTML, like Gecko) Chrome/63.0.3239.84 Safari/537.36" 18
- 0:0:0:0:0:0:0:1 - - [09/Jan/2018:20:14:31 +0800] "GET /page/JiedanbaoDel.html HTTP/1.1" 200 3759 "http://localhost:8080/" "Mozilla/5.0 (Macintosh; Intel Mac OS X 10_11_6) AppleWebKit/537.36 (KHTML, like Gecko) Chrome/63.0.3239.84 Safari/537.36" 16
- 0:0:0:0:0:0:0:1 - - [09/Jan/2018:20:14:33 +0800] "GET /page/JiedanbaoDel.html? HTTP/1.1" 200 3759 "http://localhost:8080/page/JiedanbaoDel.html" "Mozilla/5.0 (Macintosh; Intel Mac OS X 10_11_6) AppleWebKit/537.36 (KHTML, like Gecko) Chrome/63.0.3239.84 Safari/537.36" 21
- 0:0:0:0:0:0:0:1 - - [09/Jan/2018:20:14:34 +0800] "GET /page/JiedanbaoDel.html? HTTP/1.1" 200 3759 "http://localhost:8080/page/JiedanbaoDel.html?" "Mozilla/5.0 (Macintosh; Intel Mac OS X 10_11_6) AppleWebKit/537.36 (KHTML, like Gecko) Chrome/63.0.3239.84 Safari/537.36" 13
- 0:0:0:0:0:0:0:1 - - [09/Jan/2018:20:14:34 +0800] "GET /jiedanbao/del?mid=1 HTTP/1.1" 405 228 "http://localhost:8080/page/JiedanbaoDel.html?" "Mozilla/5.0 (Macintosh; Intel Mac OS X 10_11_6) AppleWebKit/537.36 (KHTML, like Gecko) Chrome/63.0.3239.84 Safari/537.36" 42
- 0:0:0:0:0:0:0:1 - - [09/Jan/2018:20:14:39 +0800] "GET /jiedanbao/del?mid=1 HTTP/1.1" 405 337 "-" "Mozilla/5.0 (Macintosh; Intel Mac OS X 10_11_6) AppleWebKit/537.36 (KHTML, like Gecko) Chrome/63.0.3239.84 Safari/537.36" 27
- 0:0:0:0:0:0:0:1 - - [09/Jan/2018:20:17:06 +0800] "POST /jiedanbao/del HTTP/1.1" 500 170 "-" "PostmanRuntime/7.1.1" 124
- 0:0:0:0:0:0:0:1 - - [09/Jan/2018:20:20:18 +0800] "POST /jiedanbao/del HTTP/1.1" 500 170 "-" "PostmanRuntime/7.1.1" 123
- 0:0:0:0:0:0:0:1 - - [09/Jan/2018:20:20:28 +0800] "POST /jiedanbao/del HTTP/1.1" 200 147 "-" "PostmanRuntime/7.1.1" 106
- 0:0:0:0:0:0:0:1 - - [09/Jan/2018:20:22:06 +0800] "GET / HTTP/1.1" 200 9440 "-" "Mozilla/5.0 (Macintosh; Intel Mac OS X 10_11_6) AppleWebKit/537.36 (KHTML, like Gecko) Chrome/63.0.3239.84 Safari/537.36" 191
- 0:0:0:0:0:0:0:1 - - [09/Jan/2018:20:22:06 +0800] "GET /main.html HTTP/1.1" 200 3450 "http://localhost:8080/" "Mozilla/5.0 (Macintosh; Intel Mac OS X 10_11_6) AppleWebKit/537.36 (KHTML, like Gecko) Chrome/63.0.3239.84 Safari/537.36" 30
- 0:0:0:0:0:0:0:1 - - [09/Jan/2018:20:22:07 +0800] "GET /page/JiedanbaoDel.html HTTP/1.1" 200 3757 "http://localhost:8080/" "Mozilla/5.0 (Macintosh; Intel Mac OS X 10_11_6) AppleWebKit/537.36 (KHTML, like Gecko) Chrome/63.0.3239.84 Safari/537.36" 10
- 0:0:0:0:0:0:0:1 - - [09/Jan/2018:20:22:10 +0800] "GET /page/JiedanbaoDel.html? HTTP/1.1" 200 3757 "http://localhost:8080/page/JiedanbaoDel.html" "Mozilla/5.0 (Macintosh; Intel Mac OS X 10_11_6) AppleWebKit/537.36 (KHTML, like Gecko) Chrome/63.0.3239.84 Safari/537.36" 16
- 0:0:0:0:0:0:0:1 - - [09/Jan/2018:20:22:11 +0800] "GET /page/JiedanbaoDel.html? HTTP/1.1" 200 3757 "http://localhost:8080/page/JiedanbaoDel.html?" "Mozilla/5.0 (Macintosh; Intel Mac OS X 10_11_6) AppleWebKit/537.36 (KHTML, like Gecko) Chrome/63.0.3239.84 Safari/537.36" 9
- 0:0:0:0:0:0:0:1 - - [09/Jan/2018:20:22:11 +0800] "POST /jiedanbao/del HTTP/1.1" 500 170 "http://localhost:8080/page/JiedanbaoDel.html?" "Mozilla/5.0 (Macintosh; Intel Mac OS X 10_11_6) AppleWebKit/537.36 (KHTML, like Gecko) Chrome/63.0.3239.84 Safari/537.36" 132
- 0:0:0:0:0:0:0:1 - - [09/Jan/2018:20:22:56 +0800] "GET / HTTP/1.1" 200 9440 "-" "Mozilla/5.0 (Macintosh; Intel Mac OS X 10_11_6) AppleWebKit/537.36 (KHTML, like Gecko) Chrome/63.0.3239.84 Safari/537.36" 155
- 0:0:0:0:0:0:0:1 - - [09/Jan/2018:20:22:56 +0800] "GET /main.html HTTP/1.1" 200 3450 "http://localhost:8080/" "Mozilla/5.0 (Macintosh; Intel Mac OS X 10_11_6) AppleWebKit/537.36 (KHTML, like Gecko) Chrome/63.0.3239.84 Safari/537.36" 12
- 0:0:0:0:0:0:0:1 - - [09/Jan/2018:20:22:56 +0800] "GET /favicon.ico HTTP/1.1" 200 946 "http://localhost:8080/" "Mozilla/5.0 (Macintosh; Intel Mac OS X 10_11_6) AppleWebKit/537.36 (KHTML, like Gecko) Chrome/63.0.3239.84 Safari/537.36" 45
- 0:0:0:0:0:0:0:1 - - [09/Jan/2018:20:22:57 +0800] "GET /page/JiedanbaoDel.html HTTP/1.1" 200 3755 "http://localhost:8080/" "Mozilla/5.0 (Macintosh; Intel Mac OS X 10_11_6) AppleWebKit/537.36 (KHTML, like Gecko) Chrome/63.0.3239.84 Safari/537.36" 11
- 0:0:0:0:0:0:0:1 - - [09/Jan/2018:20:22:59 +0800] "GET /page/JiedanbaoDel.html? HTTP/1.1" 200 3755 "http://localhost:8080/page/JiedanbaoDel.html" "Mozilla/5.0 (Macintosh; Intel Mac OS X 10_11_6) AppleWebKit/537.36 (KHTML, like Gecko) Chrome/63.0.3239.84 Safari/537.36" 9
- 0:0:0:0:0:0:0:1 - - [09/Jan/2018:20:22:59 +0800] "POST /jiedanbao/del HTTP/1.1" 500 170 "http://localhost:8080/page/JiedanbaoDel.html" "Mozilla/5.0 (Macintosh; Intel Mac OS X 10_11_6) AppleWebKit/537.36 (KHTML, like Gecko) Chrome/63.0.3239.84 Safari/537.36" 114
- 0:0:0:0:0:0:0:1 - - [09/Jan/2018:20:23:23 +0800] "GET / HTTP/1.1" 200 9440 "-" "Mozilla/5.0 (Macintosh; Intel Mac OS X 10_11_6) AppleWebKit/537.36 (KHTML, like Gecko) Chrome/63.0.3239.84 Safari/537.36" 268
- 0:0:0:0:0:0:0:1 - - [09/Jan/2018:20:23:23 +0800] "GET /main.html HTTP/1.1" 200 3450 "http://localhost:8080/" "Mozilla/5.0 (Macintosh; Intel Mac OS X 10_11_6) AppleWebKit/537.36 (KHTML, like Gecko) Chrome/63.0.3239.84 Safari/537.36" 15
- 0:0:0:0:0:0:0:1 - - [09/Jan/2018:20:23:23 +0800] "GET /favicon.ico HTTP/1.1" 200 946 "http://localhost:8080/" "Mozilla/5.0 (Macintosh; Intel Mac OS X 10_11_6) AppleWebKit/537.36 (KHTML, like Gecko) Chrome/63.0.3239.84 Safari/537.36" 21
- 0:0:0:0:0:0:0:1 - - [09/Jan/2018:20:23:24 +0800] "GET /page/JiedanbaoDel.html HTTP/1.1" 200 3740 "http://localhost:8080/" "Mozilla/5.0 (Macintosh; Intel Mac OS X 10_11_6) AppleWebKit/537.36 (KHTML, like Gecko) Chrome/63.0.3239.84 Safari/537.36" 15
- 0:0:0:0:0:0:0:1 - - [09/Jan/2018:20:23:26 +0800] "GET /page/JiedanbaoDel.html? HTTP/1.1" 200 3740 "http://localhost:8080/page/JiedanbaoDel.html" "Mozilla/5.0 (Macintosh; Intel Mac OS X 10_11_6) AppleWebKit/537.36 (KHTML, like Gecko) Chrome/63.0.3239.84 Safari/537.36" 11
- 0:0:0:0:0:0:0:1 - - [09/Jan/2018:20:23:26 +0800] "POST /jiedanbao/del HTTP/1.1" 500 170 "http://localhost:8080/page/JiedanbaoDel.html" "Mozilla/5.0 (Macintosh; Intel Mac OS X 10_11_6) AppleWebKit/537.36 (KHTML, like Gecko) Chrome/63.0.3239.84 Safari/537.36" 140
- 0:0:0:0:0:0:0:1 - - [09/Jan/2018:20:25:03 +0800] "GET / HTTP/1.1" 200 9440 "-" "Mozilla/5.0 (Macintosh; Intel Mac OS X 10_11_6) AppleWebKit/537.36 (KHTML, like Gecko) Chrome/63.0.3239.84 Safari/537.36" 248
- 0:0:0:0:0:0:0:1 - - [09/Jan/2018:20:25:03 +0800] "GET /main.html HTTP/1.1" 200 3450 "http://localhost:8080/" "Mozilla/5.0 (Macintosh; Intel Mac OS X 10_11_6) AppleWebKit/537.36 (KHTML, like Gecko) Chrome/63.0.3239.84 Safari/537.36" 19
- 0:0:0:0:0:0:0:1 - - [09/Jan/2018:20:25:04 +0800] "GET /favicon.ico HTTP/1.1" 200 946 "http://localhost:8080/" "Mozilla/5.0 (Macintosh; Intel Mac OS X 10_11_6) AppleWebKit/537.36 (KHTML, like Gecko) Chrome/63.0.3239.84 Safari/537.36" 19
- 0:0:0:0:0:0:0:1 - - [09/Jan/2018:20:25:05 +0800] "GET /page/JiedanbaoDel.html HTTP/1.1" 200 3749 "http://localhost:8080/" "Mozilla/5.0 (Macintosh; Intel Mac OS X 10_11_6) AppleWebKit/537.36 (KHTML, like Gecko) Chrome/63.0.3239.84 Safari/537.36" 11
- 0:0:0:0:0:0:0:1 - - [09/Jan/2018:20:25:06 +0800] "GET /page/JiedanbaoDel.html? HTTP/1.1" 200 3749 "http://localhost:8080/page/JiedanbaoDel.html" "Mozilla/5.0 (Macintosh; Intel Mac OS X 10_11_6) AppleWebKit/537.36 (KHTML, like Gecko) Chrome/63.0.3239.84 Safari/537.36" 9
- 0:0:0:0:0:0:0:1 - - [09/Jan/2018:20:25:06 +0800] "GET /jiedanbao/del HTTP/1.1" 500 170 "http://localhost:8080/page/JiedanbaoDel.html" "Mozilla/5.0 (Macintosh; Intel Mac OS X 10_11_6) AppleWebKit/537.36 (KHTML, like Gecko) Chrome/63.0.3239.84 Safari/537.36" 103
- 0:0:0:0:0:0:0:1 - - [09/Jan/2018:20:25:13 +0800] "GET /page/JiedanbaoDel.html? HTTP/1.1" 200 3749 "http://localhost:8080/page/JiedanbaoDel.html?" "Mozilla/5.0 (Macintosh; Intel Mac OS X 10_11_6) AppleWebKit/537.36 (KHTML, like Gecko) Chrome/63.0.3239.84 Safari/537.36" 17
- 0:0:0:0:0:0:0:1 - - [09/Jan/2018:20:25:18 +0800] "GET /jiedanbao/del?mid=1 HTTP/1.1" 200 147 "-" "Mozilla/5.0 (Macintosh; Intel Mac OS X 10_11_6) AppleWebKit/537.36 (KHTML, like Gecko) Chrome/63.0.3239.84 Safari/537.36" 126
