- 0:0:0:0:0:0:0:1 - - [24/Jan/2018:16:58:17 +0800] "GET / HTTP/1.1" 200 8938 "-" "Mozilla/5.0 (Macintosh; Intel Mac OS X 10_11_6) AppleWebKit/537.36 (KHTML, like Gecko) Chrome/63.0.3239.132 Safari/537.36" 193
- 0:0:0:0:0:0:0:1 - - [24/Jan/2018:16:58:18 +0800] "GET /jiedanbao/query?mid=1 HTTP/1.1" 500 396 "-" "Mozilla/5.0 (Macintosh; Intel Mac OS X 10_11_6) AppleWebKit/537.36 (KHTML, like Gecko) Chrome/63.0.3239.132 Safari/537.36" 70
- 0:0:0:0:0:0:0:1 - - [24/Jan/2018:17:06:03 +0800] "GET /jiedanbao/query?mid=1 HTTP/1.1" 500 396 "-" "Mozilla/5.0 (Macintosh; Intel Mac OS X 10_11_6) AppleWebKit/537.36 (KHTML, like Gecko) Chrome/63.0.3239.132 Safari/537.36" 116
- 0:0:0:0:0:0:0:1 - - [24/Jan/2018:17:06:35 +0800] "GET /jiedanbao/query?mid=1 HTTP/1.1" 500 396 "-" "Mozilla/5.0 (Macintosh; Intel Mac OS X 10_11_6) AppleWebKit/537.36 (KHTML, like Gecko) Chrome/63.0.3239.132 Safari/537.36" 119
- 0:0:0:0:0:0:0:1 - - [24/Jan/2018:17:07:53 +0800] "GET /jiedanbao/query?mid=1 HTTP/1.1" 500 396 "-" "Mozilla/5.0 (Macintosh; Intel Mac OS X 10_11_6) AppleWebKit/537.36 (KHTML, like Gecko) Chrome/63.0.3239.132 Safari/537.36" 113
- 0:0:0:0:0:0:0:1 - - [24/Jan/2018:17:14:23 +0800] "GET / HTTP/1.1" 200 8938 "-" "Mozilla/5.0 (Macintosh; Intel Mac OS X 10_11_6) AppleWebKit/537.36 (KHTML, like Gecko) Chrome/63.0.3239.132 Safari/537.36" 163
- 0:0:0:0:0:0:0:1 - - [24/Jan/2018:17:14:23 +0800] "GET /main.html HTTP/1.1" 200 4186 "http://localhost:8080/" "Mozilla/5.0 (Macintosh; Intel Mac OS X 10_11_6) AppleWebKit/537.36 (KHTML, like Gecko) Chrome/63.0.3239.132 Safari/537.36" 16
- 0:0:0:0:0:0:0:1 - - [24/Jan/2018:17:14:23 +0800] "GET /common/layui/lay/modules/element.js?v=1516785263953 HTTP/1.1" 200 5154 "http://localhost:8080/" "Mozilla/5.0 (Macintosh; Intel Mac OS X 10_11_6) AppleWebKit/537.36 (KHTML, like Gecko) Chrome/63.0.3239.132 Safari/537.36" 21
- 0:0:0:0:0:0:0:1 - - [24/Jan/2018:17:14:24 +0800] "GET /common/layui/lay/modules/layer.js?v=1516785263953 HTTP/1.1" 200 21341 "http://localhost:8080/" "Mozilla/5.0 (Macintosh; Intel Mac OS X 10_11_6) AppleWebKit/537.36 (KHTML, like Gecko) Chrome/63.0.3239.132 Safari/537.36" 26
- 0:0:0:0:0:0:0:1 - - [24/Jan/2018:17:14:24 +0800] "GET /js/navtab.js?v=1516785263953 HTTP/1.1" 200 4949 "http://localhost:8080/" "Mozilla/5.0 (Macintosh; Intel Mac OS X 10_11_6) AppleWebKit/537.36 (KHTML, like Gecko) Chrome/63.0.3239.132 Safari/537.36" 9
- 0:0:0:0:0:0:0:1 - - [24/Jan/2018:17:14:24 +0800] "GET /js/navbar.js?v=1516785263953 HTTP/1.1" 404 127 "http://localhost:8080/" "Mozilla/5.0 (Macintosh; Intel Mac OS X 10_11_6) AppleWebKit/537.36 (KHTML, like Gecko) Chrome/63.0.3239.132 Safari/537.36" 113
- 0:0:0:0:0:0:0:1 - - [24/Jan/2018:17:14:26 +0800] "GET /page/PolicyQuery.html HTTP/1.1" 200 5396 "http://localhost:8080/" "Mozilla/5.0 (Macintosh; Intel Mac OS X 10_11_6) AppleWebKit/537.36 (KHTML, like Gecko) Chrome/63.0.3239.132 Safari/537.36" 14
- 0:0:0:0:0:0:0:1 - - [24/Jan/2018:17:14:29 +0800] "GET /jiedanbao/query?mid=1 HTTP/1.1" 500 278 "http://localhost:8080/page/PolicyQuery.html" "Mozilla/5.0 (Macintosh; Intel Mac OS X 10_11_6) AppleWebKit/537.36 (KHTML, like Gecko) Chrome/63.0.3239.132 Safari/537.36" 12
- 0:0:0:0:0:0:0:1 - - [24/Jan/2018:17:38:16 +0800] "GET /jiedanbao/query?mid=1 HTTP/1.1" 500 278 "http://localhost:8080/page/PolicyQuery.html" "Mozilla/5.0 (Macintosh; Intel Mac OS X 10_11_6) AppleWebKit/537.36 (KHTML, like Gecko) Chrome/63.0.3239.132 Safari/537.36" 8
- 0:0:0:0:0:0:0:1 - - [24/Jan/2018:17:43:56 +0800] "GET / HTTP/1.1" 200 8938 "-" "Mozilla/5.0 (Macintosh; Intel Mac OS X 10_11_6) AppleWebKit/537.36 (KHTML, like Gecko) Chrome/63.0.3239.132 Safari/537.36" 164
- 0:0:0:0:0:0:0:1 - - [24/Jan/2018:17:43:56 +0800] "GET /main.html HTTP/1.1" 200 4186 "http://localhost:8080/" "Mozilla/5.0 (Macintosh; Intel Mac OS X 10_11_6) AppleWebKit/537.36 (KHTML, like Gecko) Chrome/63.0.3239.132 Safari/537.36" 17
- 0:0:0:0:0:0:0:1 - - [24/Jan/2018:17:43:56 +0800] "GET /common/layui/lay/modules/element.js?v=1516787036305 HTTP/1.1" 200 5154 "http://localhost:8080/" "Mozilla/5.0 (Macintosh; Intel Mac OS X 10_11_6) AppleWebKit/537.36 (KHTML, like Gecko) Chrome/63.0.3239.132 Safari/537.36" 43
- 0:0:0:0:0:0:0:1 - - [24/Jan/2018:17:43:56 +0800] "GET /common/layui/lay/modules/layer.js?v=1516787036305 HTTP/1.1" 200 21341 "http://localhost:8080/" "Mozilla/5.0 (Macintosh; Intel Mac OS X 10_11_6) AppleWebKit/537.36 (KHTML, like Gecko) Chrome/63.0.3239.132 Safari/537.36" 8
- 0:0:0:0:0:0:0:1 - - [24/Jan/2018:17:43:56 +0800] "GET /js/navtab.js?v=1516787036305 HTTP/1.1" 200 4949 "http://localhost:8080/" "Mozilla/5.0 (Macintosh; Intel Mac OS X 10_11_6) AppleWebKit/537.36 (KHTML, like Gecko) Chrome/63.0.3239.132 Safari/537.36" 6
- 0:0:0:0:0:0:0:1 - - [24/Jan/2018:17:43:56 +0800] "GET /js/navbar.js?v=1516787036305 HTTP/1.1" 404 127 "http://localhost:8080/" "Mozilla/5.0 (Macintosh; Intel Mac OS X 10_11_6) AppleWebKit/537.36 (KHTML, like Gecko) Chrome/63.0.3239.132 Safari/537.36" 144
- 0:0:0:0:0:0:0:1 - - [24/Jan/2018:17:43:56 +0800] "GET /favicon.ico HTTP/1.1" 200 946 "http://localhost:8080/" "Mozilla/5.0 (Macintosh; Intel Mac OS X 10_11_6) AppleWebKit/537.36 (KHTML, like Gecko) Chrome/63.0.3239.132 Safari/537.36" 22
- 0:0:0:0:0:0:0:1 - - [24/Jan/2018:17:43:58 +0800] "GET /page/PolicyQuery.html HTTP/1.1" 200 5396 "http://localhost:8080/" "Mozilla/5.0 (Macintosh; Intel Mac OS X 10_11_6) AppleWebKit/537.36 (KHTML, like Gecko) Chrome/63.0.3239.132 Safari/537.36" 11
- 0:0:0:0:0:0:0:1 - - [24/Jan/2018:17:43:59 +0800] "GET /jiedanbao/query?mid=1 HTTP/1.1" 500 278 "http://localhost:8080/page/PolicyQuery.html" "Mozilla/5.0 (Macintosh; Intel Mac OS X 10_11_6) AppleWebKit/537.36 (KHTML, like Gecko) Chrome/63.0.3239.132 Safari/537.36" 28
