- 0:0:0:0:0:0:0:1 - - [15/Jan/2018:10:51:37 +0800] "GET / HTTP/1.1" 200 9668 "-" "Mozilla/5.0 (Macintosh; Intel Mac OS X 10_11_6) AppleWebKit/537.36 (KHTML, like Gecko) Chrome/63.0.3239.132 Safari/537.36" 174
- 0:0:0:0:0:0:0:1 - - [15/Jan/2018:10:51:37 +0800] "GET /common/layui/layui.js HTTP/1.1" 304 - "http://localhost:8080/" "Mozilla/5.0 (Macintosh; Intel Mac OS X 10_11_6) AppleWebKit/537.36 (KHTML, like Gecko) Chrome/63.0.3239.132 Safari/537.36" 8
- 0:0:0:0:0:0:0:1 - - [15/Jan/2018:10:51:37 +0800] "GET /css/adminstyle.css HTTP/1.1" 304 - "http://localhost:8080/" "Mozilla/5.0 (Macintosh; Intel Mac OS X 10_11_6) AppleWebKit/537.36 (KHTML, like Gecko) Chrome/63.0.3239.132 Safari/537.36" 12
- 0:0:0:0:0:0:0:1 - - [15/Jan/2018:10:51:37 +0800] "GET /common/layui/css/layui.css HTTP/1.1" 304 - "http://localhost:8080/" "Mozilla/5.0 (Macintosh; Intel Mac OS X 10_11_6) AppleWebKit/537.36 (KHTML, like Gecko) Chrome/63.0.3239.132 Safari/537.36" 13
- 0:0:0:0:0:0:0:1 - - [15/Jan/2018:10:51:37 +0800] "GET /images/didilogo.png HTTP/1.1" 304 - "http://localhost:8080/" "Mozilla/5.0 (Macintosh; Intel Mac OS X 10_11_6) AppleWebKit/537.36 (KHTML, like Gecko) Chrome/63.0.3239.132 Safari/537.36" 18
- 0:0:0:0:0:0:0:1 - - [15/Jan/2018:10:51:37 +0800] "GET /js/larry.js HTTP/1.1" 304 - "http://localhost:8080/" "Mozilla/5.0 (Macintosh; Intel Mac OS X 10_11_6) AppleWebKit/537.36 (KHTML, like Gecko) Chrome/63.0.3239.132 Safari/537.36" 16
- 0:0:0:0:0:0:0:1 - - [15/Jan/2018:10:51:37 +0800] "GET /common/global.css HTTP/1.1" 304 - "http://localhost:8080/" "Mozilla/5.0 (Macintosh; Intel Mac OS X 10_11_6) AppleWebKit/537.36 (KHTML, like Gecko) Chrome/63.0.3239.132 Safari/537.36" 8
- 0:0:0:0:0:0:0:1 - - [15/Jan/2018:10:51:37 +0800] "GET /js/index.js HTTP/1.1" 304 - "http://localhost:8080/" "Mozilla/5.0 (Macintosh; Intel Mac OS X 10_11_6) AppleWebKit/537.36 (KHTML, like Gecko) Chrome/63.0.3239.132 Safari/537.36" 4
- 0:0:0:0:0:0:0:1 - - [15/Jan/2018:10:51:37 +0800] "GET /common/layui/lay/modules/jquery.js HTTP/1.1" 304 - "http://localhost:8080/" "Mozilla/5.0 (Macintosh; Intel Mac OS X 10_11_6) AppleWebKit/537.36 (KHTML, like Gecko) Chrome/63.0.3239.132 Safari/537.36" 5
- 0:0:0:0:0:0:0:1 - - [15/Jan/2018:10:51:37 +0800] "GET /common/layui/lay/modules/element.js?v=1515984697516 HTTP/1.1" 200 5154 "http://localhost:8080/" "Mozilla/5.0 (Macintosh; Intel Mac OS X 10_11_6) AppleWebKit/537.36 (KHTML, like Gecko) Chrome/63.0.3239.132 Safari/537.36" 13
- 0:0:0:0:0:0:0:1 - - [15/Jan/2018:10:51:37 +0800] "GET /common/font/fontawesome-webfont.woff2?v=4.7.0 HTTP/1.1" 304 - "http://localhost:8080/common/global.css" "Mozilla/5.0 (Macintosh; Intel Mac OS X 10_11_6) AppleWebKit/537.36 (KHTML, like Gecko) Chrome/63.0.3239.132 Safari/537.36" 15
- 0:0:0:0:0:0:0:1 - - [15/Jan/2018:10:51:37 +0800] "GET /common/font/iconfont.woff?t=1480736048214 HTTP/1.1" 304 - "http://localhost:8080/common/global.css" "Mozilla/5.0 (Macintosh; Intel Mac OS X 10_11_6) AppleWebKit/537.36 (KHTML, like Gecko) Chrome/63.0.3239.132 Safari/537.36" 12
- 0:0:0:0:0:0:0:1 - - [15/Jan/2018:10:51:37 +0800] "GET /common/layui/lay/modules/layer.js?v=1515984697516 HTTP/1.1" 200 21341 "http://localhost:8080/" "Mozilla/5.0 (Macintosh; Intel Mac OS X 10_11_6) AppleWebKit/537.36 (KHTML, like Gecko) Chrome/63.0.3239.132 Safari/537.36" 5
- 0:0:0:0:0:0:0:1 - - [15/Jan/2018:10:51:37 +0800] "GET /main.html HTTP/1.1" 200 3451 "http://localhost:8080/" "Mozilla/5.0 (Macintosh; Intel Mac OS X 10_11_6) AppleWebKit/537.36 (KHTML, like Gecko) Chrome/63.0.3239.132 Safari/537.36" 18
- 0:0:0:0:0:0:0:1 - - [15/Jan/2018:10:51:37 +0800] "GET /js/navtab.js?v=1515984697516 HTTP/1.1" 200 4949 "http://localhost:8080/" "Mozilla/5.0 (Macintosh; Intel Mac OS X 10_11_6) AppleWebKit/537.36 (KHTML, like Gecko) Chrome/63.0.3239.132 Safari/537.36" 3
- 0:0:0:0:0:0:0:1 - - [15/Jan/2018:10:51:37 +0800] "GET /common/layui/css/modules/layer/default/layer.css?v=3.0.11110 HTTP/1.1" 304 - "http://localhost:8080/" "Mozilla/5.0 (Macintosh; Intel Mac OS X 10_11_6) AppleWebKit/537.36 (KHTML, like Gecko) Chrome/63.0.3239.132 Safari/537.36" 5
- 0:0:0:0:0:0:0:1 - - [15/Jan/2018:10:51:37 +0800] "GET /common/bootstrap/css/bootstrap.css HTTP/1.1" 304 - "http://localhost:8080/main.html" "Mozilla/5.0 (Macintosh; Intel Mac OS X 10_11_6) AppleWebKit/537.36 (KHTML, like Gecko) Chrome/63.0.3239.132 Safari/537.36" 5
- 0:0:0:0:0:0:0:1 - - [15/Jan/2018:10:51:37 +0800] "GET /css/main.css HTTP/1.1" 304 - "http://localhost:8080/main.html" "Mozilla/5.0 (Macintosh; Intel Mac OS X 10_11_6) AppleWebKit/537.36 (KHTML, like Gecko) Chrome/63.0.3239.132 Safari/537.36" 7
- 0:0:0:0:0:0:0:1 - - [15/Jan/2018:10:51:37 +0800] "GET /images/system.png HTTP/1.1" 304 - "http://localhost:8080/main.html" "Mozilla/5.0 (Macintosh; Intel Mac OS X 10_11_6) AppleWebKit/537.36 (KHTML, like Gecko) Chrome/63.0.3239.132 Safari/537.36" 5
- 0:0:0:0:0:0:0:1 - - [15/Jan/2018:10:51:37 +0800] "GET /js/main.js HTTP/1.1" 304 - "http://localhost:8080/main.html" "Mozilla/5.0 (Macintosh; Intel Mac OS X 10_11_6) AppleWebKit/537.36 (KHTML, like Gecko) Chrome/63.0.3239.132 Safari/537.36" 2
- 0:0:0:0:0:0:0:1 - - [15/Jan/2018:10:51:37 +0800] "GET /common/font/pxgridsicons.woff HTTP/1.1" 304 - "http://localhost:8080/common/global.css" "Mozilla/5.0 (Macintosh; Intel Mac OS X 10_11_6) AppleWebKit/537.36 (KHTML, like Gecko) Chrome/63.0.3239.132 Safari/537.36" 5
- 0:0:0:0:0:0:0:1 - - [15/Jan/2018:10:51:37 +0800] "GET /js/navbar.js?v=1515984697516 HTTP/1.1" 404 127 "http://localhost:8080/" "Mozilla/5.0 (Macintosh; Intel Mac OS X 10_11_6) AppleWebKit/537.36 (KHTML, like Gecko) Chrome/63.0.3239.132 Safari/537.36" 113
- 0:0:0:0:0:0:0:1 - - [15/Jan/2018:10:51:38 +0800] "GET /common/layui/lay/modules/layer.js HTTP/1.1" 304 - "http://localhost:8080/main.html" "Mozilla/5.0 (Macintosh; Intel Mac OS X 10_11_6) AppleWebKit/537.36 (KHTML, like Gecko) Chrome/63.0.3239.132 Safari/537.36" 3
- 0:0:0:0:0:0:0:1 - - [15/Jan/2018:10:51:38 +0800] "GET /common/layui/lay/modules/element.js HTTP/1.1" 304 - "http://localhost:8080/main.html" "Mozilla/5.0 (Macintosh; Intel Mac OS X 10_11_6) AppleWebKit/537.36 (KHTML, like Gecko) Chrome/63.0.3239.132 Safari/537.36" 3
- 0:0:0:0:0:0:0:1 - - [15/Jan/2018:10:51:41 +0800] "GET /common/layui/font/iconfont.woff?v=1.0.7 HTTP/1.1" 304 - "http://localhost:8080/common/layui/css/layui.css" "Mozilla/5.0 (Macintosh; Intel Mac OS X 10_11_6) AppleWebKit/537.36 (KHTML, like Gecko) Chrome/63.0.3239.132 Safari/537.36" 6
- 0:0:0:0:0:0:0:1 - - [15/Jan/2018:10:51:41 +0800] "GET /page/PolicyQuery.html HTTP/1.1" 200 5394 "http://localhost:8080/" "Mozilla/5.0 (Macintosh; Intel Mac OS X 10_11_6) AppleWebKit/537.36 (KHTML, like Gecko) Chrome/63.0.3239.132 Safari/537.36" 12
- 0:0:0:0:0:0:0:1 - - [15/Jan/2018:10:51:41 +0800] "GET /css/personal.css HTTP/1.1" 304 - "http://localhost:8080/page/PolicyQuery.html" "Mozilla/5.0 (Macintosh; Intel Mac OS X 10_11_6) AppleWebKit/537.36 (KHTML, like Gecko) Chrome/63.0.3239.132 Safari/537.36" 2
- 0:0:0:0:0:0:0:1 - - [15/Jan/2018:10:51:41 +0800] "GET /js/jquery.min.js HTTP/1.1" 304 - "http://localhost:8080/page/PolicyQuery.html" "Mozilla/5.0 (Macintosh; Intel Mac OS X 10_11_6) AppleWebKit/537.36 (KHTML, like Gecko) Chrome/63.0.3239.132 Safari/537.36" 3
- 0:0:0:0:0:0:0:1 - - [15/Jan/2018:10:51:41 +0800] "GET /js/jquery.js HTTP/1.1" 304 - "http://localhost:8080/page/PolicyQuery.html" "Mozilla/5.0 (Macintosh; Intel Mac OS X 10_11_6) AppleWebKit/537.36 (KHTML, like Gecko) Chrome/63.0.3239.132 Safari/537.36" 2
- 0:0:0:0:0:0:0:1 - - [15/Jan/2018:10:51:59 +0800] "GET /jiedanbao/query?mid=1 HTTP/1.1" 200 23 "-" "Mozilla/5.0 (Macintosh; Intel Mac OS X 10_11_6) AppleWebKit/537.36 (KHTML, like Gecko) Chrome/63.0.3239.132 Safari/537.36" 88
- 0:0:0:0:0:0:0:1 - - [15/Jan/2018:10:52:03 +0800] "GET /jiedanbao/query?mid=100100045707 HTTP/1.1" 200 23 "-" "Mozilla/5.0 (Macintosh; Intel Mac OS X 10_11_6) AppleWebKit/537.36 (KHTML, like Gecko) Chrome/63.0.3239.132 Safari/537.36" 13
- 0:0:0:0:0:0:0:1 - - [15/Jan/2018:10:54:48 +0800] "GET /jiedanbao/query?mid=100100045707 HTTP/1.1" 200 958 "-" "Mozilla/5.0 (Macintosh; Intel Mac OS X 10_11_6) AppleWebKit/537.36 (KHTML, like Gecko) Chrome/63.0.3239.132 Safari/537.36" 18
- 0:0:0:0:0:0:0:1 - - [15/Jan/2018:11:31:59 +0800] "GET /jiedanbao/query?mid=100100045707 HTTP/1.1" 200 958 "-" "Mozilla/5.0 (Macintosh; Intel Mac OS X 10_11_6) AppleWebKit/537.36 (KHTML, like Gecko) Chrome/63.0.3239.132 Safari/537.36" 8
- 0:0:0:0:0:0:0:1 - - [15/Jan/2018:14:25:07 +0800] "GET /jiedanbao/query?mid=100100045707 HTTP/1.1" 200 958 "-" "Mozilla/5.0 (Macintosh; Intel Mac OS X 10_11_6) AppleWebKit/537.36 (KHTML, like Gecko) Chrome/63.0.3239.132 Safari/537.36" 32
- 0:0:0:0:0:0:0:1 - - [15/Jan/2018:14:49:25 +0800] "GET /jiedanbao/query?mid=100100045690 HTTP/1.1" 200 2827 "-" "Mozilla/5.0 (Macintosh; Intel Mac OS X 10_11_6) AppleWebKit/537.36 (KHTML, like Gecko) Chrome/63.0.3239.132 Safari/537.36" 13
- 0:0:0:0:0:0:0:1 - - [15/Jan/2018:15:51:34 +0800] "GET / HTTP/1.1" 200 9668 "-" "Mozilla/5.0 (Macintosh; Intel Mac OS X 10_11_6) AppleWebKit/537.36 (KHTML, like Gecko) Chrome/63.0.3239.132 Safari/537.36" 27
- 0:0:0:0:0:0:0:1 - - [15/Jan/2018:15:51:35 +0800] "GET /common/layui/lay/modules/element.js?v=1516002695923 HTTP/1.1" 200 5154 "http://localhost:8080/" "Mozilla/5.0 (Macintosh; Intel Mac OS X 10_11_6) AppleWebKit/537.36 (KHTML, like Gecko) Chrome/63.0.3239.132 Safari/537.36" 10
- 0:0:0:0:0:0:0:1 - - [15/Jan/2018:15:51:36 +0800] "GET /common/layui/lay/modules/layer.js?v=1516002695923 HTTP/1.1" 200 21341 "http://localhost:8080/" "Mozilla/5.0 (Macintosh; Intel Mac OS X 10_11_6) AppleWebKit/537.36 (KHTML, like Gecko) Chrome/63.0.3239.132 Safari/537.36" 6
- 0:0:0:0:0:0:0:1 - - [15/Jan/2018:15:51:36 +0800] "GET /main.html HTTP/1.1" 200 3451 "http://localhost:8080/" "Mozilla/5.0 (Macintosh; Intel Mac OS X 10_11_6) AppleWebKit/537.36 (KHTML, like Gecko) Chrome/63.0.3239.132 Safari/537.36" 8
- 0:0:0:0:0:0:0:1 - - [15/Jan/2018:15:51:36 +0800] "GET /js/navtab.js?v=1516002695923 HTTP/1.1" 200 4949 "http://localhost:8080/" "Mozilla/5.0 (Macintosh; Intel Mac OS X 10_11_6) AppleWebKit/537.36 (KHTML, like Gecko) Chrome/63.0.3239.132 Safari/537.36" 5
- 0:0:0:0:0:0:0:1 - - [15/Jan/2018:15:51:36 +0800] "GET /js/navbar.js?v=1516002695923 HTTP/1.1" 404 127 "http://localhost:8080/" "Mozilla/5.0 (Macintosh; Intel Mac OS X 10_11_6) AppleWebKit/537.36 (KHTML, like Gecko) Chrome/63.0.3239.132 Safari/537.36" 7
- 0:0:0:0:0:0:0:1 - - [15/Jan/2018:15:53:02 +0800] "GET / HTTP/1.1" 200 9668 "-" "Mozilla/5.0 (Macintosh; Intel Mac OS X 10_11_6) AppleWebKit/537.36 (KHTML, like Gecko) Chrome/63.0.3239.132 Safari/537.36" 14
- 0:0:0:0:0:0:0:1 - - [15/Jan/2018:15:53:04 +0800] "GET /common/layui/lay/modules/element.js?v=1516002784559 HTTP/1.1" 200 5154 "http://localhost:8080/" "Mozilla/5.0 (Macintosh; Intel Mac OS X 10_11_6) AppleWebKit/537.36 (KHTML, like Gecko) Chrome/63.0.3239.132 Safari/537.36" 5
- 0:0:0:0:0:0:0:1 - - [15/Jan/2018:15:53:04 +0800] "GET /common/layui/lay/modules/layer.js?v=1516002784559 HTTP/1.1" 200 21341 "http://localhost:8080/" "Mozilla/5.0 (Macintosh; Intel Mac OS X 10_11_6) AppleWebKit/537.36 (KHTML, like Gecko) Chrome/63.0.3239.132 Safari/537.36" 3
- 0:0:0:0:0:0:0:1 - - [15/Jan/2018:15:53:04 +0800] "GET /js/navtab.js?v=1516002784559 HTTP/1.1" 200 4949 "http://localhost:8080/" "Mozilla/5.0 (Macintosh; Intel Mac OS X 10_11_6) AppleWebKit/537.36 (KHTML, like Gecko) Chrome/63.0.3239.132 Safari/537.36" 5
- 0:0:0:0:0:0:0:1 - - [15/Jan/2018:15:53:04 +0800] "GET /js/navbar.js?v=1516002784559 HTTP/1.1" 404 127 "http://localhost:8080/" "Mozilla/5.0 (Macintosh; Intel Mac OS X 10_11_6) AppleWebKit/537.36 (KHTML, like Gecko) Chrome/63.0.3239.132 Safari/537.36" 5
- 0:0:0:0:0:0:0:1 - - [15/Jan/2018:15:53:04 +0800] "GET /main.html HTTP/1.1" 200 3451 "http://localhost:8080/" "Mozilla/5.0 (Macintosh; Intel Mac OS X 10_11_6) AppleWebKit/537.36 (KHTML, like Gecko) Chrome/63.0.3239.132 Safari/537.36" 24
- 0:0:0:0:0:0:0:1 - - [15/Jan/2018:15:53:14 +0800] "GET /page/JiedanbaoDel.html HTTP/1.1" 200 3702 "http://localhost:8080/" "Mozilla/5.0 (Macintosh; Intel Mac OS X 10_11_6) AppleWebKit/537.36 (KHTML, like Gecko) Chrome/63.0.3239.132 Safari/537.36" 9
- 0:0:0:0:0:0:0:1 - - [15/Jan/2018:15:53:15 +0800] "GET /page/PolicyQuery.html HTTP/1.1" 200 5394 "http://localhost:8080/" "Mozilla/5.0 (Macintosh; Intel Mac OS X 10_11_6) AppleWebKit/537.36 (KHTML, like Gecko) Chrome/63.0.3239.132 Safari/537.36" 9
- 0:0:0:0:0:0:0:1 - - [15/Jan/2018:15:53:20 +0800] "GET /page/JiedanbaoDel.html HTTP/1.1" 200 3702 "http://localhost:8080/" "Mozilla/5.0 (Macintosh; Intel Mac OS X 10_11_6) AppleWebKit/537.36 (KHTML, like Gecko) Chrome/63.0.3239.132 Safari/537.36" 7
- 0:0:0:0:0:0:0:1 - - [15/Jan/2018:15:54:45 +0800] "GET /page/login.html HTTP/1.1" 200 2183 "http://localhost:8080/" "Mozilla/5.0 (Macintosh; Intel Mac OS X 10_11_6) AppleWebKit/537.36 (KHTML, like Gecko) Chrome/63.0.3239.132 Safari/537.36" 9
- 0:0:0:0:0:0:0:1 - - [15/Jan/2018:15:54:45 +0800] "GET /css/login.css HTTP/1.1" 304 - "http://localhost:8080/page/login.html" "Mozilla/5.0 (Macintosh; Intel Mac OS X 10_11_6) AppleWebKit/537.36 (KHTML, like Gecko) Chrome/63.0.3239.132 Safari/537.36" 6
- 0:0:0:0:0:0:0:1 - - [15/Jan/2018:15:54:45 +0800] "GET /common/layui/lay/dest/layui.all.js HTTP/1.1" 200 223366 "http://localhost:8080/page/login.html" "Mozilla/5.0 (Macintosh; Intel Mac OS X 10_11_6) AppleWebKit/537.36 (KHTML, like Gecko) Chrome/63.0.3239.132 Safari/537.36" 10
- 0:0:0:0:0:0:0:1 - - [15/Jan/2018:15:54:45 +0800] "GET /js/login.js HTTP/1.1" 200 684 "http://localhost:8080/page/login.html" "Mozilla/5.0 (Macintosh; Intel Mac OS X 10_11_6) AppleWebKit/537.36 (KHTML, like Gecko) Chrome/63.0.3239.132 Safari/537.36" 5
- 0:0:0:0:0:0:0:1 - - [15/Jan/2018:15:54:45 +0800] "GET /images/verifyimg.png HTTP/1.1" 304 - "http://localhost:8080/page/login.html" "Mozilla/5.0 (Macintosh; Intel Mac OS X 10_11_6) AppleWebKit/537.36 (KHTML, like Gecko) Chrome/63.0.3239.132 Safari/537.36" 2
- 0:0:0:0:0:0:0:1 - - [15/Jan/2018:15:54:45 +0800] "GET /jsplug/jparticle.jquery.js HTTP/1.1" 200 14138 "http://localhost:8080/page/login.html" "Mozilla/5.0 (Macintosh; Intel Mac OS X 10_11_6) AppleWebKit/537.36 (KHTML, like Gecko) Chrome/63.0.3239.132 Safari/537.36" 10
- 0:0:0:0:0:0:0:1 - - [15/Jan/2018:15:54:45 +0800] "GET /css/font/adminthemes-webfont.woff2 HTTP/1.1" 200 6116 "http://localhost:8080/css/login.css" "Mozilla/5.0 (Macintosh; Intel Mac OS X 10_11_6) AppleWebKit/537.36 (KHTML, like Gecko) Chrome/63.0.3239.132 Safari/537.36" 4
- 0:0:0:0:0:0:0:1 - - [15/Jan/2018:15:54:45 +0800] "GET /common/layui/css/modules/laydate/laydate.css HTTP/1.1" 304 - "http://localhost:8080/page/login.html" "Mozilla/5.0 (Macintosh; Intel Mac OS X 10_11_6) AppleWebKit/537.36 (KHTML, like Gecko) Chrome/63.0.3239.132 Safari/537.36" 3
- 0:0:0:0:0:0:0:1 - - [15/Jan/2018:15:54:45 +0800] "GET /common/layui/css/modules/code.css HTTP/1.1" 304 - "http://localhost:8080/page/login.html" "Mozilla/5.0 (Macintosh; Intel Mac OS X 10_11_6) AppleWebKit/537.36 (KHTML, like Gecko) Chrome/63.0.3239.132 Safari/537.36" 4
- 0:0:0:0:0:0:0:1 - - [15/Jan/2018:15:54:46 +0800] "GET / HTTP/1.1" 200 9668 "http://localhost:8080/page/login.html" "Mozilla/5.0 (Macintosh; Intel Mac OS X 10_11_6) AppleWebKit/537.36 (KHTML, like Gecko) Chrome/63.0.3239.132 Safari/537.36" 10
- 0:0:0:0:0:0:0:1 - - [15/Jan/2018:15:54:46 +0800] "GET /main.html HTTP/1.1" 200 3451 "http://localhost:8080/" "Mozilla/5.0 (Macintosh; Intel Mac OS X 10_11_6) AppleWebKit/537.36 (KHTML, like Gecko) Chrome/63.0.3239.132 Safari/537.36" 5
- 0:0:0:0:0:0:0:1 - - [15/Jan/2018:15:54:46 +0800] "GET /common/layui/lay/modules/element.js?v=1516002886112 HTTP/1.1" 200 5154 "http://localhost:8080/" "Mozilla/5.0 (Macintosh; Intel Mac OS X 10_11_6) AppleWebKit/537.36 (KHTML, like Gecko) Chrome/63.0.3239.132 Safari/537.36" 5
- 0:0:0:0:0:0:0:1 - - [15/Jan/2018:15:54:46 +0800] "GET /common/layui/lay/modules/layer.js?v=1516002886112 HTTP/1.1" 200 21341 "http://localhost:8080/" "Mozilla/5.0 (Macintosh; Intel Mac OS X 10_11_6) AppleWebKit/537.36 (KHTML, like Gecko) Chrome/63.0.3239.132 Safari/537.36" 4
- 0:0:0:0:0:0:0:1 - - [15/Jan/2018:15:54:46 +0800] "GET /js/navbar.js?v=1516002886112 HTTP/1.1" 404 127 "http://localhost:8080/" "Mozilla/5.0 (Macintosh; Intel Mac OS X 10_11_6) AppleWebKit/537.36 (KHTML, like Gecko) Chrome/63.0.3239.132 Safari/537.36" 4
- 0:0:0:0:0:0:0:1 - - [15/Jan/2018:15:54:46 +0800] "GET /js/navtab.js?v=1516002886112 HTTP/1.1" 200 4949 "http://localhost:8080/" "Mozilla/5.0 (Macintosh; Intel Mac OS X 10_11_6) AppleWebKit/537.36 (KHTML, like Gecko) Chrome/63.0.3239.132 Safari/537.36" 3
- 0:0:0:0:0:0:0:1 - - [15/Jan/2018:15:54:48 +0800] "GET /page/login.html HTTP/1.1" 200 2183 "http://localhost:8080/" "Mozilla/5.0 (Macintosh; Intel Mac OS X 10_11_6) AppleWebKit/537.36 (KHTML, like Gecko) Chrome/63.0.3239.132 Safari/537.36" 4
- 0:0:0:0:0:0:0:1 - - [15/Jan/2018:15:54:51 +0800] "GET / HTTP/1.1" 200 9668 "http://localhost:8080/page/login.html" "Mozilla/5.0 (Macintosh; Intel Mac OS X 10_11_6) AppleWebKit/537.36 (KHTML, like Gecko) Chrome/63.0.3239.132 Safari/537.36" 6
- 0:0:0:0:0:0:0:1 - - [15/Jan/2018:15:54:51 +0800] "GET /main.html HTTP/1.1" 200 3451 "http://localhost:8080/" "Mozilla/5.0 (Macintosh; Intel Mac OS X 10_11_6) AppleWebKit/537.36 (KHTML, like Gecko) Chrome/63.0.3239.132 Safari/537.36" 6
- 0:0:0:0:0:0:0:1 - - [15/Jan/2018:15:54:51 +0800] "GET /common/layui/lay/modules/element.js?v=1516002891243 HTTP/1.1" 200 5154 "http://localhost:8080/" "Mozilla/5.0 (Macintosh; Intel Mac OS X 10_11_6) AppleWebKit/537.36 (KHTML, like Gecko) Chrome/63.0.3239.132 Safari/537.36" 3
- 0:0:0:0:0:0:0:1 - - [15/Jan/2018:15:54:51 +0800] "GET /common/layui/lay/modules/layer.js?v=1516002891243 HTTP/1.1" 200 21341 "http://localhost:8080/" "Mozilla/5.0 (Macintosh; Intel Mac OS X 10_11_6) AppleWebKit/537.36 (KHTML, like Gecko) Chrome/63.0.3239.132 Safari/537.36" 3
- 0:0:0:0:0:0:0:1 - - [15/Jan/2018:15:54:51 +0800] "GET /js/navtab.js?v=1516002891243 HTTP/1.1" 200 4949 "http://localhost:8080/" "Mozilla/5.0 (Macintosh; Intel Mac OS X 10_11_6) AppleWebKit/537.36 (KHTML, like Gecko) Chrome/63.0.3239.132 Safari/537.36" 3
- 0:0:0:0:0:0:0:1 - - [15/Jan/2018:15:54:51 +0800] "GET /js/navbar.js?v=1516002891243 HTTP/1.1" 404 127 "http://localhost:8080/" "Mozilla/5.0 (Macintosh; Intel Mac OS X 10_11_6) AppleWebKit/537.36 (KHTML, like Gecko) Chrome/63.0.3239.132 Safari/537.36" 4
- 0:0:0:0:0:0:0:1 - - [15/Jan/2018:16:24:25 +0800] "GET / HTTP/1.1" 200 9668 "-" "Mozilla/5.0 (Macintosh; Intel Mac OS X 10_11_6) AppleWebKit/537.36 (KHTML, like Gecko) Chrome/63.0.3239.132 Safari/537.36" 21
- 0:0:0:0:0:0:0:1 - - [15/Jan/2018:16:24:25 +0800] "GET /common/layui/lay/modules/element.js?v=1516004665425 HTTP/1.1" 200 5154 "http://localhost:8080/" "Mozilla/5.0 (Macintosh; Intel Mac OS X 10_11_6) AppleWebKit/537.36 (KHTML, like Gecko) Chrome/63.0.3239.132 Safari/537.36" 4
- 0:0:0:0:0:0:0:1 - - [15/Jan/2018:16:24:25 +0800] "GET /common/layui/lay/modules/layer.js?v=1516004665425 HTTP/1.1" 200 21341 "http://localhost:8080/" "Mozilla/5.0 (Macintosh; Intel Mac OS X 10_11_6) AppleWebKit/537.36 (KHTML, like Gecko) Chrome/63.0.3239.132 Safari/537.36" 4
- 0:0:0:0:0:0:0:1 - - [15/Jan/2018:16:24:25 +0800] "GET /main.html HTTP/1.1" 200 3451 "http://localhost:8080/" "Mozilla/5.0 (Macintosh; Intel Mac OS X 10_11_6) AppleWebKit/537.36 (KHTML, like Gecko) Chrome/63.0.3239.132 Safari/537.36" 5
- 0:0:0:0:0:0:0:1 - - [15/Jan/2018:16:24:25 +0800] "GET /js/navbar.js?v=1516004665425 HTTP/1.1" 404 127 "http://localhost:8080/" "Mozilla/5.0 (Macintosh; Intel Mac OS X 10_11_6) AppleWebKit/537.36 (KHTML, like Gecko) Chrome/63.0.3239.132 Safari/537.36" 11
- 0:0:0:0:0:0:0:1 - - [15/Jan/2018:16:24:25 +0800] "GET /js/navtab.js?v=1516004665425 HTTP/1.1" 200 4949 "http://localhost:8080/" "Mozilla/5.0 (Macintosh; Intel Mac OS X 10_11_6) AppleWebKit/537.36 (KHTML, like Gecko) Chrome/63.0.3239.132 Safari/537.36" 4
- 0:0:0:0:0:0:0:1 - - [15/Jan/2018:16:24:53 +0800] "GET /page/JiedanbaoDel.html HTTP/1.1" 200 3702 "http://localhost:8080/" "Mozilla/5.0 (Macintosh; Intel Mac OS X 10_11_6) AppleWebKit/537.36 (KHTML, like Gecko) Chrome/63.0.3239.132 Safari/537.36" 5
- 0:0:0:0:0:0:0:1 - - [15/Jan/2018:16:24:55 +0800] "GET /jiedanbao/del?mid=100100045675 HTTP/1.1" 200 161 "http://localhost:8080/page/JiedanbaoDel.html" "Mozilla/5.0 (Macintosh; Intel Mac OS X 10_11_6) AppleWebKit/537.36 (KHTML, like Gecko) Chrome/63.0.3239.132 Safari/537.36" 99
- 0:0:0:0:0:0:0:1 - - [15/Jan/2018:16:27:21 +0800] "GET /jiedanbao/del?mid=100100045690 HTTP/1.1" 200 164 "http://localhost:8080/page/JiedanbaoDel.html" "Mozilla/5.0 (Macintosh; Intel Mac OS X 10_11_6) AppleWebKit/537.36 (KHTML, like Gecko) Chrome/63.0.3239.132 Safari/537.36" 106
- 0:0:0:0:0:0:0:1 - - [15/Jan/2018:16:31:30 +0800] "GET /jiedanbao/del?mid=100100045707 HTTP/1.1" 200 161 "http://localhost:8080/page/JiedanbaoDel.html" "Mozilla/5.0 (Macintosh; Intel Mac OS X 10_11_6) AppleWebKit/537.36 (KHTML, like Gecko) Chrome/63.0.3239.132 Safari/537.36" 71
- 0:0:0:0:0:0:0:1 - - [15/Jan/2018:16:46:42 +0800] "GET /jiedanbao/del?mid=100100045707 HTTP/1.1" 200 162 "http://localhost:8080/page/JiedanbaoDel.html" "Mozilla/5.0 (Macintosh; Intel Mac OS X 10_11_6) AppleWebKit/537.36 (KHTML, like Gecko) Chrome/63.0.3239.132 Safari/537.36" 68
- 0:0:0:0:0:0:0:1 - - [15/Jan/2018:17:03:24 +0800] "GET /jiedanbao/del?mid=100100045707 HTTP/1.1" 200 161 "http://localhost:8080/page/JiedanbaoDel.html" "Mozilla/5.0 (Macintosh; Intel Mac OS X 10_11_6) AppleWebKit/537.36 (KHTML, like Gecko) Chrome/63.0.3239.132 Safari/537.36" 18229
- 0:0:0:0:0:0:0:1 - - [15/Jan/2018:17:03:24 +0800] "GET /jiedanbao/del?mid=100100045707 HTTP/1.1" 200 161 "http://localhost:8080/page/JiedanbaoDel.html" "Mozilla/5.0 (Macintosh; Intel Mac OS X 10_11_6) AppleWebKit/537.36 (KHTML, like Gecko) Chrome/63.0.3239.132 Safari/537.36" 103
- 0:0:0:0:0:0:0:1 - - [15/Jan/2018:17:03:24 +0800] "GET /jiedanbao/del?mid=100100045707 HTTP/1.1" 200 161 "http://localhost:8080/page/JiedanbaoDel.html" "Mozilla/5.0 (Macintosh; Intel Mac OS X 10_11_6) AppleWebKit/537.36 (KHTML, like Gecko) Chrome/63.0.3239.132 Safari/537.36" 125
- 0:0:0:0:0:0:0:1 - - [15/Jan/2018:17:03:24 +0800] "GET /jiedanbao/del?mid=100100045707 HTTP/1.1" 200 161 "http://localhost:8080/page/JiedanbaoDel.html" "Mozilla/5.0 (Macintosh; Intel Mac OS X 10_11_6) AppleWebKit/537.36 (KHTML, like Gecko) Chrome/63.0.3239.132 Safari/537.36" 100
- 0:0:0:0:0:0:0:1 - - [15/Jan/2018:17:03:24 +0800] "GET /jiedanbao/del?mid=100100045707 HTTP/1.1" 200 161 "http://localhost:8080/page/JiedanbaoDel.html" "Mozilla/5.0 (Macintosh; Intel Mac OS X 10_11_6) AppleWebKit/537.36 (KHTML, like Gecko) Chrome/63.0.3239.132 Safari/537.36" 85
- 0:0:0:0:0:0:0:1 - - [15/Jan/2018:17:03:24 +0800] "GET /jiedanbao/del?mid=100100045707 HTTP/1.1" 200 161 "http://localhost:8080/page/JiedanbaoDel.html" "Mozilla/5.0 (Macintosh; Intel Mac OS X 10_11_6) AppleWebKit/537.36 (KHTML, like Gecko) Chrome/63.0.3239.132 Safari/537.36" 84
- 0:0:0:0:0:0:0:1 - - [15/Jan/2018:17:03:24 +0800] "GET /jiedanbao/del?mid=100100045707 HTTP/1.1" 200 161 "http://localhost:8080/page/JiedanbaoDel.html" "Mozilla/5.0 (Macintosh; Intel Mac OS X 10_11_6) AppleWebKit/537.36 (KHTML, like Gecko) Chrome/63.0.3239.132 Safari/537.36" 88
- 0:0:0:0:0:0:0:1 - - [15/Jan/2018:17:03:25 +0800] "GET /jiedanbao/del?mid=100100045707 HTTP/1.1" 200 161 "http://localhost:8080/page/JiedanbaoDel.html" "Mozilla/5.0 (Macintosh; Intel Mac OS X 10_11_6) AppleWebKit/537.36 (KHTML, like Gecko) Chrome/63.0.3239.132 Safari/537.36" 115
- 0:0:0:0:0:0:0:1 - - [15/Jan/2018:17:03:25 +0800] "GET /jiedanbao/del?mid=100100045707 HTTP/1.1" 200 161 "http://localhost:8080/page/JiedanbaoDel.html" "Mozilla/5.0 (Macintosh; Intel Mac OS X 10_11_6) AppleWebKit/537.36 (KHTML, like Gecko) Chrome/63.0.3239.132 Safari/537.36" 102
- 0:0:0:0:0:0:0:1 - - [15/Jan/2018:17:03:25 +0800] "GET /jiedanbao/del?mid=100100045707 HTTP/1.1" 200 161 "http://localhost:8080/page/JiedanbaoDel.html" "Mozilla/5.0 (Macintosh; Intel Mac OS X 10_11_6) AppleWebKit/537.36 (KHTML, like Gecko) Chrome/63.0.3239.132 Safari/537.36" 96
- 0:0:0:0:0:0:0:1 - - [15/Jan/2018:17:10:08 +0800] "GET /jiedanbao/del?mid=100100045707 HTTP/1.1" 200 161 "http://localhost:8080/page/JiedanbaoDel.html" "Mozilla/5.0 (Macintosh; Intel Mac OS X 10_11_6) AppleWebKit/537.36 (KHTML, like Gecko) Chrome/63.0.3239.132 Safari/537.36" 102
- 0:0:0:0:0:0:0:1 - - [15/Jan/2018:17:15:45 +0800] "GET /jiedanbao/del?mid=100100045707 HTTP/1.1" 200 161 "http://localhost:8080/page/JiedanbaoDel.html" "Mozilla/5.0 (Macintosh; Intel Mac OS X 10_11_6) AppleWebKit/537.36 (KHTML, like Gecko) Chrome/63.0.3239.132 Safari/537.36" 78
- 0:0:0:0:0:0:0:1 - - [15/Jan/2018:17:15:49 +0800] "GET /jiedanbao/del?mid=100100045707 HTTP/1.1" 200 161 "http://localhost:8080/page/JiedanbaoDel.html" "Mozilla/5.0 (Macintosh; Intel Mac OS X 10_11_6) AppleWebKit/537.36 (KHTML, like Gecko) Chrome/63.0.3239.132 Safari/537.36" 79
- 0:0:0:0:0:0:0:1 - - [15/Jan/2018:17:17:56 +0800] "GET /jiedanbao/del?mid=100100045707 HTTP/1.1" 200 161 "http://localhost:8080/page/JiedanbaoDel.html" "Mozilla/5.0 (Macintosh; Intel Mac OS X 10_11_6) AppleWebKit/537.36 (KHTML, like Gecko) Chrome/63.0.3239.132 Safari/537.36" 114
- 0:0:0:0:0:0:0:1 - - [15/Jan/2018:17:20:00 +0800] "GET /jiedanbao/del?mid=100100045707 HTTP/1.1" 200 161 "http://localhost:8080/page/JiedanbaoDel.html" "Mozilla/5.0 (Macintosh; Intel Mac OS X 10_11_6) AppleWebKit/537.36 (KHTML, like Gecko) Chrome/63.0.3239.132 Safari/537.36" 94
- 0:0:0:0:0:0:0:1 - - [15/Jan/2018:17:23:00 +0800] "GET /jiedanbao/del?mid=100100045707 HTTP/1.1" 200 161 "http://localhost:8080/page/JiedanbaoDel.html" "Mozilla/5.0 (Macintosh; Intel Mac OS X 10_11_6) AppleWebKit/537.36 (KHTML, like Gecko) Chrome/63.0.3239.132 Safari/537.36" 111
- 0:0:0:0:0:0:0:1 - - [15/Jan/2018:17:30:32 +0800] "GET /jiedanbao/del?mid=100100045707 HTTP/1.1" 200 161 "http://localhost:8080/page/JiedanbaoDel.html" "Mozilla/5.0 (Macintosh; Intel Mac OS X 10_11_6) AppleWebKit/537.36 (KHTML, like Gecko) Chrome/63.0.3239.132 Safari/537.36" 89
- 0:0:0:0:0:0:0:1 - - [15/Jan/2018:17:32:00 +0800] "GET /jiedanbao/del?mid=100100045707 HTTP/1.1" 200 161 "http://localhost:8080/page/JiedanbaoDel.html" "Mozilla/5.0 (Macintosh; Intel Mac OS X 10_11_6) AppleWebKit/537.36 (KHTML, like Gecko) Chrome/63.0.3239.132 Safari/537.36" 104
- 0:0:0:0:0:0:0:1 - - [15/Jan/2018:17:38:39 +0800] "GET /jiedanbao/del?mid=100100045707 HTTP/1.1" 200 161 "http://localhost:8080/page/JiedanbaoDel.html" "Mozilla/5.0 (Macintosh; Intel Mac OS X 10_11_6) AppleWebKit/537.36 (KHTML, like Gecko) Chrome/63.0.3239.132 Safari/537.36" 99
- 0:0:0:0:0:0:0:1 - - [15/Jan/2018:17:45:49 +0800] "GET /jiedanbao/del?mid=100100045707 HTTP/1.1" 200 161 "http://localhost:8080/page/JiedanbaoDel.html" "Mozilla/5.0 (Macintosh; Intel Mac OS X 10_11_6) AppleWebKit/537.36 (KHTML, like Gecko) Chrome/63.0.3239.132 Safari/537.36" 119
- 0:0:0:0:0:0:0:1 - - [15/Jan/2018:17:45:58 +0800] "GET /jiedanbao/del?mid=100100045707 HTTP/1.1" 200 161 "http://localhost:8080/page/JiedanbaoDel.html" "Mozilla/5.0 (Macintosh; Intel Mac OS X 10_11_6) AppleWebKit/537.36 (KHTML, like Gecko) Chrome/63.0.3239.132 Safari/537.36" 71
- 0:0:0:0:0:0:0:1 - - [15/Jan/2018:17:48:01 +0800] "GET /jiedanbao/del?mid=100100045707 HTTP/1.1" 200 161 "http://localhost:8080/page/JiedanbaoDel.html" "Mozilla/5.0 (Macintosh; Intel Mac OS X 10_11_6) AppleWebKit/537.36 (KHTML, like Gecko) Chrome/63.0.3239.132 Safari/537.36" 123
- 0:0:0:0:0:0:0:1 - - [15/Jan/2018:17:56:54 +0800] "GET /jiedanbao/del?mid=100100045707 HTTP/1.1" 200 161 "http://localhost:8080/page/JiedanbaoDel.html" "Mozilla/5.0 (Macintosh; Intel Mac OS X 10_11_6) AppleWebKit/537.36 (KHTML, like Gecko) Chrome/63.0.3239.132 Safari/537.36" 126
- 0:0:0:0:0:0:0:1 - - [15/Jan/2018:18:24:00 +0800] "GET /jiedanbao/del?mid=100100045707 HTTP/1.1" 200 161 "http://localhost:8080/page/JiedanbaoDel.html" "Mozilla/5.0 (Macintosh; Intel Mac OS X 10_11_6) AppleWebKit/537.36 (KHTML, like Gecko) Chrome/63.0.3239.132 Safari/537.36" 126
- 0:0:0:0:0:0:0:1 - - [15/Jan/2018:18:24:09 +0800] "GET / HTTP/1.1" 200 9668 "-" "Mozilla/5.0 (Macintosh; Intel Mac OS X 10_11_6) AppleWebKit/537.36 (KHTML, like Gecko) Chrome/63.0.3239.132 Safari/537.36" 15
- 0:0:0:0:0:0:0:1 - - [15/Jan/2018:18:24:09 +0800] "GET /main.html HTTP/1.1" 200 3451 "http://localhost:8080/" "Mozilla/5.0 (Macintosh; Intel Mac OS X 10_11_6) AppleWebKit/537.36 (KHTML, like Gecko) Chrome/63.0.3239.132 Safari/537.36" 6
- 0:0:0:0:0:0:0:1 - - [15/Jan/2018:18:24:09 +0800] "GET /common/layui/lay/modules/element.js?v=1516011849134 HTTP/1.1" 200 5154 "http://localhost:8080/" "Mozilla/5.0 (Macintosh; Intel Mac OS X 10_11_6) AppleWebKit/537.36 (KHTML, like Gecko) Chrome/63.0.3239.132 Safari/537.36" 7
- 0:0:0:0:0:0:0:1 - - [15/Jan/2018:18:24:09 +0800] "GET /common/layui/lay/modules/layer.js?v=1516011849134 HTTP/1.1" 200 21341 "http://localhost:8080/" "Mozilla/5.0 (Macintosh; Intel Mac OS X 10_11_6) AppleWebKit/537.36 (KHTML, like Gecko) Chrome/63.0.3239.132 Safari/537.36" 6
- 0:0:0:0:0:0:0:1 - - [15/Jan/2018:18:24:09 +0800] "GET /js/navtab.js?v=1516011849134 HTTP/1.1" 200 4949 "http://localhost:8080/" "Mozilla/5.0 (Macintosh; Intel Mac OS X 10_11_6) AppleWebKit/537.36 (KHTML, like Gecko) Chrome/63.0.3239.132 Safari/537.36" 4
- 0:0:0:0:0:0:0:1 - - [15/Jan/2018:18:24:09 +0800] "GET /js/navbar.js?v=1516011849134 HTTP/1.1" 404 127 "http://localhost:8080/" "Mozilla/5.0 (Macintosh; Intel Mac OS X 10_11_6) AppleWebKit/537.36 (KHTML, like Gecko) Chrome/63.0.3239.132 Safari/537.36" 7
- 0:0:0:0:0:0:0:1 - - [15/Jan/2018:18:24:09 +0800] "GET /favicon.ico HTTP/1.1" 200 946 "http://localhost:8080/" "Mozilla/5.0 (Macintosh; Intel Mac OS X 10_11_6) AppleWebKit/537.36 (KHTML, like Gecko) Chrome/63.0.3239.132 Safari/537.36" 28
- 0:0:0:0:0:0:0:1 - - [15/Jan/2018:18:27:14 +0800] "GET /page/JiedanbaoDel.html HTTP/1.1" 200 3702 "http://localhost:8080/" "Mozilla/5.0 (Macintosh; Intel Mac OS X 10_11_6) AppleWebKit/537.36 (KHTML, like Gecko) Chrome/63.0.3239.132 Safari/537.36" 5
- 0:0:0:0:0:0:0:1 - - [15/Jan/2018:18:27:16 +0800] "GET /jiedanbao/del?mid=100100045707 HTTP/1.1" 200 161 "http://localhost:8080/page/JiedanbaoDel.html" "Mozilla/5.0 (Macintosh; Intel Mac OS X 10_11_6) AppleWebKit/537.36 (KHTML, like Gecko) Chrome/63.0.3239.132 Safari/537.36" 61
- 0:0:0:0:0:0:0:1 - - [15/Jan/2018:18:28:24 +0800] "GET / HTTP/1.1" 200 9668 "-" "Mozilla/5.0 (Macintosh; Intel Mac OS X 10_11_6) AppleWebKit/537.36 (KHTML, like Gecko) Chrome/63.0.3239.132 Safari/537.36" 10
- 0:0:0:0:0:0:0:1 - - [15/Jan/2018:18:28:24 +0800] "GET /common/layui/css/layui.css HTTP/1.1" 200 41614 "http://localhost:8080/" "Mozilla/5.0 (Macintosh; Intel Mac OS X 10_11_6) AppleWebKit/537.36 (KHTML, like Gecko) Chrome/63.0.3239.132 Safari/537.36" 5
- 0:0:0:0:0:0:0:1 - - [15/Jan/2018:18:28:24 +0800] "GET /js/larry.js HTTP/1.1" 200 2994 "http://localhost:8080/" "Mozilla/5.0 (Macintosh; Intel Mac OS X 10_11_6) AppleWebKit/537.36 (KHTML, like Gecko) Chrome/63.0.3239.132 Safari/537.36" 8
- 0:0:0:0:0:0:0:1 - - [15/Jan/2018:18:28:24 +0800] "GET /common/layui/layui.js HTTP/1.1" 200 5940 "http://localhost:8080/" "Mozilla/5.0 (Macintosh; Intel Mac OS X 10_11_6) AppleWebKit/537.36 (KHTML, like Gecko) Chrome/63.0.3239.132 Safari/537.36" 9
- 0:0:0:0:0:0:0:1 - - [15/Jan/2018:18:28:24 +0800] "GET /css/adminstyle.css HTTP/1.1" 200 7233 "http://localhost:8080/" "Mozilla/5.0 (Macintosh; Intel Mac OS X 10_11_6) AppleWebKit/537.36 (KHTML, like Gecko) Chrome/63.0.3239.132 Safari/537.36" 7
- 0:0:0:0:0:0:0:1 - - [15/Jan/2018:18:28:24 +0800] "GET /js/index.js HTTP/1.1" 200 3449 "http://localhost:8080/" "Mozilla/5.0 (Macintosh; Intel Mac OS X 10_11_6) AppleWebKit/537.36 (KHTML, like Gecko) Chrome/63.0.3239.132 Safari/537.36" 5
- 0:0:0:0:0:0:0:1 - - [15/Jan/2018:18:28:24 +0800] "GET /common/global.css HTTP/1.1" 200 16934 "http://localhost:8080/" "Mozilla/5.0 (Macintosh; Intel Mac OS X 10_11_6) AppleWebKit/537.36 (KHTML, like Gecko) Chrome/63.0.3239.132 Safari/537.36" 12
- 0:0:0:0:0:0:0:1 - - [15/Jan/2018:18:28:24 +0800] "GET /images/didilogo.png HTTP/1.1" 200 40976 "http://localhost:8080/" "Mozilla/5.0 (Macintosh; Intel Mac OS X 10_11_6) AppleWebKit/537.36 (KHTML, like Gecko) Chrome/63.0.3239.132 Safari/537.36" 9
- 0:0:0:0:0:0:0:1 - - [15/Jan/2018:18:30:31 +0800] "GET /jiedanbao/del?mid=100100045707 HTTP/1.1" 200 161 "http://localhost:8080/page/JiedanbaoDel.html" "Mozilla/5.0 (Macintosh; Intel Mac OS X 10_11_6) AppleWebKit/537.36 (KHTML, like Gecko) Chrome/63.0.3239.132 Safari/537.36" 112
- 0:0:0:0:0:0:0:1 - - [15/Jan/2018:19:07:24 +0800] "GET /jiedanbao/del?mid=100100045707 HTTP/1.1" 200 162 "http://localhost:8080/page/JiedanbaoDel.html" "Mozilla/5.0 (Macintosh; Intel Mac OS X 10_11_6) AppleWebKit/537.36 (KHTML, like Gecko) Chrome/63.0.3239.132 Safari/537.36" 105
- 0:0:0:0:0:0:0:1 - - [15/Jan/2018:19:10:09 +0800] "GET /jiedanbao/del?mid=100100045707 HTTP/1.1" 200 161 "http://localhost:8080/page/JiedanbaoDel.html" "Mozilla/5.0 (Macintosh; Intel Mac OS X 10_11_6) AppleWebKit/537.36 (KHTML, like Gecko) Chrome/63.0.3239.132 Safari/537.36" 104
- 0:0:0:0:0:0:0:1 - - [15/Jan/2018:19:11:47 +0800] "GET /jiedanbao/del?mid=100100045707 HTTP/1.1" 200 161 "http://localhost:8080/page/JiedanbaoDel.html" "Mozilla/5.0 (Macintosh; Intel Mac OS X 10_11_6) AppleWebKit/537.36 (KHTML, like Gecko) Chrome/63.0.3239.132 Safari/537.36" 84
- 0:0:0:0:0:0:0:1 - - [15/Jan/2018:19:13:34 +0800] "GET /jiedanbao/del?mid=100100045707 HTTP/1.1" 200 161 "http://localhost:8080/page/JiedanbaoDel.html" "Mozilla/5.0 (Macintosh; Intel Mac OS X 10_11_6) AppleWebKit/537.36 (KHTML, like Gecko) Chrome/63.0.3239.132 Safari/537.36" 71
- 0:0:0:0:0:0:0:1 - - [15/Jan/2018:19:15:39 +0800] "GET /jiedanbao/del?mid=100100045707 HTTP/1.1" 200 161 "http://localhost:8080/page/JiedanbaoDel.html" "Mozilla/5.0 (Macintosh; Intel Mac OS X 10_11_6) AppleWebKit/537.36 (KHTML, like Gecko) Chrome/63.0.3239.132 Safari/537.36" 99
- 0:0:0:0:0:0:0:1 - - [15/Jan/2018:19:15:39 +0800] "GET /jiedanbao/del?mid=100100045707 HTTP/1.1" 200 161 "http://localhost:8080/page/JiedanbaoDel.html" "Mozilla/5.0 (Macintosh; Intel Mac OS X 10_11_6) AppleWebKit/537.36 (KHTML, like Gecko) Chrome/63.0.3239.132 Safari/537.36" 51
- 0:0:0:0:0:0:0:1 - - [15/Jan/2018:19:18:01 +0800] "GET /jiedanbao/query?mid=100100045707 HTTP/1.1" 200 339 "-" "Mozilla/5.0 (Macintosh; Intel Mac OS X 10_11_6) AppleWebKit/537.36 (KHTML, like Gecko) Chrome/63.0.3239.132 Safari/537.36" 11
- 0:0:0:0:0:0:0:1 - - [15/Jan/2018:19:30:38 +0800] "GET /jiedanbao/del?mid=100100045707 HTTP/1.1" 200 162 "http://localhost:8080/page/JiedanbaoDel.html" "Mozilla/5.0 (Macintosh; Intel Mac OS X 10_11_6) AppleWebKit/537.36 (KHTML, like Gecko) Chrome/63.0.3239.132 Safari/537.36" 136
- 0:0:0:0:0:0:0:1 - - [15/Jan/2018:20:08:48 +0800] "GET /jiedanbao/del?mid=100100045707 HTTP/1.1" 200 161 "http://localhost:8080/page/JiedanbaoDel.html" "Mozilla/5.0 (Macintosh; Intel Mac OS X 10_11_6) AppleWebKit/537.36 (KHTML, like Gecko) Chrome/63.0.3239.132 Safari/537.36" 91
- 0:0:0:0:0:0:0:1 - - [15/Jan/2018:20:34:11 +0800] "GET /jiedanbao/del?mid=100100045707 HTTP/1.1" 200 161 "http://localhost:8080/page/JiedanbaoDel.html" "Mozilla/5.0 (Macintosh; Intel Mac OS X 10_11_6) AppleWebKit/537.36 (KHTML, like Gecko) Chrome/63.0.3239.132 Safari/537.36" 125
- 0:0:0:0:0:0:0:1 - - [15/Jan/2018:20:34:13 +0800] "GET /jiedanbao/del?mid=100100045707 HTTP/1.1" 200 161 "http://localhost:8080/page/JiedanbaoDel.html" "Mozilla/5.0 (Macintosh; Intel Mac OS X 10_11_6) AppleWebKit/537.36 (KHTML, like Gecko) Chrome/63.0.3239.132 Safari/537.36" 63
