- 0:0:0:0:0:0:0:1 - - [05/Jan/2018:11:17:24 +0800] "GET / HTTP/1.1" 200 9392 "-" "Mozilla/5.0 (Macintosh; Intel Mac OS X 10_11_6) AppleWebKit/537.36 (KHTML, like Gecko) Chrome/63.0.3239.84 Safari/537.36" 170
- 0:0:0:0:0:0:0:1 - - [05/Jan/2018:11:17:24 +0800] "GET /common/layui/layui.js HTTP/1.1" 304 - "http://localhost:8080/" "Mozilla/5.0 (Macintosh; Intel Mac OS X 10_11_6) AppleWebKit/537.36 (KHTML, like Gecko) Chrome/63.0.3239.84 Safari/537.36" 12
- 0:0:0:0:0:0:0:1 - - [05/Jan/2018:11:17:24 +0800] "GET /common/layui/css/layui.css HTTP/1.1" 304 - "http://localhost:8080/" "Mozilla/5.0 (Macintosh; Intel Mac OS X 10_11_6) AppleWebKit/537.36 (KHTML, like Gecko) Chrome/63.0.3239.84 Safari/537.36" 12
- 0:0:0:0:0:0:0:1 - - [05/Jan/2018:11:17:24 +0800] "GET /common/global.css HTTP/1.1" 200 16934 "http://localhost:8080/" "Mozilla/5.0 (Macintosh; Intel Mac OS X 10_11_6) AppleWebKit/537.36 (KHTML, like Gecko) Chrome/63.0.3239.84 Safari/537.36" 17
- 0:0:0:0:0:0:0:1 - - [05/Jan/2018:11:17:24 +0800] "GET /css/adminstyle.css HTTP/1.1" 200 7233 "http://localhost:8080/" "Mozilla/5.0 (Macintosh; Intel Mac OS X 10_11_6) AppleWebKit/537.36 (KHTML, like Gecko) Chrome/63.0.3239.84 Safari/537.36" 23
- 0:0:0:0:0:0:0:1 - - [05/Jan/2018:11:17:24 +0800] "GET /js/index.js HTTP/1.1" 200 3449 "http://localhost:8080/" "Mozilla/5.0 (Macintosh; Intel Mac OS X 10_11_6) AppleWebKit/537.36 (KHTML, like Gecko) Chrome/63.0.3239.84 Safari/537.36" 15
- 0:0:0:0:0:0:0:1 - - [05/Jan/2018:11:17:24 +0800] "GET /images/didilogo.png HTTP/1.1" 304 - "http://localhost:8080/" "Mozilla/5.0 (Macintosh; Intel Mac OS X 10_11_6) AppleWebKit/537.36 (KHTML, like Gecko) Chrome/63.0.3239.84 Safari/537.36" 10
- 0:0:0:0:0:0:0:1 - - [05/Jan/2018:11:17:24 +0800] "GET /main.html HTTP/1.1" 200 3518 "http://localhost:8080/" "Mozilla/5.0 (Macintosh; Intel Mac OS X 10_11_6) AppleWebKit/537.36 (KHTML, like Gecko) Chrome/63.0.3239.84 Safari/537.36" 34
- 0:0:0:0:0:0:0:1 - - [05/Jan/2018:11:17:24 +0800] "GET /js/larry.js HTTP/1.1" 200 2994 "http://localhost:8080/" "Mozilla/5.0 (Macintosh; Intel Mac OS X 10_11_6) AppleWebKit/537.36 (KHTML, like Gecko) Chrome/63.0.3239.84 Safari/537.36" 23
- 0:0:0:0:0:0:0:1 - - [05/Jan/2018:11:17:24 +0800] "GET /common/layui/lay/modules/jquery.js HTTP/1.1" 304 - "http://localhost:8080/" "Mozilla/5.0 (Macintosh; Intel Mac OS X 10_11_6) AppleWebKit/537.36 (KHTML, like Gecko) Chrome/63.0.3239.84 Safari/537.36" 9
- 0:0:0:0:0:0:0:1 - - [05/Jan/2018:11:17:24 +0800] "GET /common/font/iconfont.woff?t=1480736048214 HTTP/1.1" 304 - "http://localhost:8080/common/global.css" "Mozilla/5.0 (Macintosh; Intel Mac OS X 10_11_6) AppleWebKit/537.36 (KHTML, like Gecko) Chrome/63.0.3239.84 Safari/537.36" 15
- 0:0:0:0:0:0:0:1 - - [05/Jan/2018:11:17:24 +0800] "GET /common/font/fontawesome-webfont.woff2?v=4.7.0 HTTP/1.1" 304 - "http://localhost:8080/common/global.css" "Mozilla/5.0 (Macintosh; Intel Mac OS X 10_11_6) AppleWebKit/537.36 (KHTML, like Gecko) Chrome/63.0.3239.84 Safari/537.36" 15
- 0:0:0:0:0:0:0:1 - - [05/Jan/2018:11:17:24 +0800] "GET /common/layui/lay/modules/element.js HTTP/1.1" 304 - "http://localhost:8080/" "Mozilla/5.0 (Macintosh; Intel Mac OS X 10_11_6) AppleWebKit/537.36 (KHTML, like Gecko) Chrome/63.0.3239.84 Safari/537.36" 3
- 0:0:0:0:0:0:0:1 - - [05/Jan/2018:11:17:24 +0800] "GET /common/layui/lay/modules/layer.js HTTP/1.1" 304 - "http://localhost:8080/" "Mozilla/5.0 (Macintosh; Intel Mac OS X 10_11_6) AppleWebKit/537.36 (KHTML, like Gecko) Chrome/63.0.3239.84 Safari/537.36" 3
- 0:0:0:0:0:0:0:1 - - [05/Jan/2018:11:17:24 +0800] "GET /common/bootstrap/css/bootstrap.css HTTP/1.1" 304 - "http://localhost:8080/main.html" "Mozilla/5.0 (Macintosh; Intel Mac OS X 10_11_6) AppleWebKit/537.36 (KHTML, like Gecko) Chrome/63.0.3239.84 Safari/537.36" 3
- 0:0:0:0:0:0:0:1 - - [05/Jan/2018:11:17:24 +0800] "GET /images/system.png HTTP/1.1" 304 - "http://localhost:8080/main.html" "Mozilla/5.0 (Macintosh; Intel Mac OS X 10_11_6) AppleWebKit/537.36 (KHTML, like Gecko) Chrome/63.0.3239.84 Safari/537.36" 10
- 0:0:0:0:0:0:0:1 - - [05/Jan/2018:11:17:24 +0800] "GET /css/main.css HTTP/1.1" 200 7331 "http://localhost:8080/main.html" "Mozilla/5.0 (Macintosh; Intel Mac OS X 10_11_6) AppleWebKit/537.36 (KHTML, like Gecko) Chrome/63.0.3239.84 Safari/537.36" 28
- 0:0:0:0:0:0:0:1 - - [05/Jan/2018:11:17:24 +0800] "GET /jsplug/echarts.min.js HTTP/1.1" 304 - "http://localhost:8080/main.html" "Mozilla/5.0 (Macintosh; Intel Mac OS X 10_11_6) AppleWebKit/537.36 (KHTML, like Gecko) Chrome/63.0.3239.84 Safari/537.36" 27
- 0:0:0:0:0:0:0:1 - - [05/Jan/2018:11:17:24 +0800] "GET /js/main.js HTTP/1.1" 200 1634 "http://localhost:8080/main.html" "Mozilla/5.0 (Macintosh; Intel Mac OS X 10_11_6) AppleWebKit/537.36 (KHTML, like Gecko) Chrome/63.0.3239.84 Safari/537.36" 4
- 0:0:0:0:0:0:0:1 - - [05/Jan/2018:11:17:24 +0800] "GET /common/layui/css/modules/layer/default/layer.css?v=3.0.11110 HTTP/1.1" 304 - "http://localhost:8080/" "Mozilla/5.0 (Macintosh; Intel Mac OS X 10_11_6) AppleWebKit/537.36 (KHTML, like Gecko) Chrome/63.0.3239.84 Safari/537.36" 4
- 0:0:0:0:0:0:0:1 - - [05/Jan/2018:11:17:24 +0800] "GET /js/navtab.js HTTP/1.1" 200 4949 "http://localhost:8080/" "Mozilla/5.0 (Macintosh; Intel Mac OS X 10_11_6) AppleWebKit/537.36 (KHTML, like Gecko) Chrome/63.0.3239.84 Safari/537.36" 5
- 0:0:0:0:0:0:0:1 - - [05/Jan/2018:11:17:24 +0800] "GET /common/font/pxgridsicons.woff HTTP/1.1" 304 - "http://localhost:8080/common/global.css" "Mozilla/5.0 (Macintosh; Intel Mac OS X 10_11_6) AppleWebKit/537.36 (KHTML, like Gecko) Chrome/63.0.3239.84 Safari/537.36" 2
- 0:0:0:0:0:0:0:1 - - [05/Jan/2018:11:17:29 +0800] "GET /common/bootstrap/css/bootstrap.css.map HTTP/1.1" 304 - "-" "Mozilla/5.0 (Macintosh; Intel Mac OS X 10_11_6) AppleWebKit/537.36 (KHTML, like Gecko) Chrome/63.0.3239.84 Safari/537.36" 12
- 0:0:0:0:0:0:0:1 - - [05/Jan/2018:11:17:33 +0800] "GET /common/layui/font/iconfont.woff?v=1.0.7 HTTP/1.1" 304 - "http://localhost:8080/common/layui/css/layui.css" "Mozilla/5.0 (Macintosh; Intel Mac OS X 10_11_6) AppleWebKit/537.36 (KHTML, like Gecko) Chrome/63.0.3239.84 Safari/537.36" 3
- 0:0:0:0:0:0:0:1 - - [05/Jan/2018:11:17:33 +0800] "GET /page/JiedanbaoDel.html HTTP/1.1" 200 3488 "http://localhost:8080/" "Mozilla/5.0 (Macintosh; Intel Mac OS X 10_11_6) AppleWebKit/537.36 (KHTML, like Gecko) Chrome/63.0.3239.84 Safari/537.36" 14
- 0:0:0:0:0:0:0:1 - - [05/Jan/2018:11:17:33 +0800] "GET /css/personal.css HTTP/1.1" 200 3374 "http://localhost:8080/page/JiedanbaoDel.html" "Mozilla/5.0 (Macintosh; Intel Mac OS X 10_11_6) AppleWebKit/537.36 (KHTML, like Gecko) Chrome/63.0.3239.84 Safari/537.36" 4
- 0:0:0:0:0:0:0:1 - - [05/Jan/2018:11:17:33 +0800] "GET /js/newslist.js HTTP/1.1" 200 11163 "http://localhost:8080/page/JiedanbaoDel.html" "Mozilla/5.0 (Macintosh; Intel Mac OS X 10_11_6) AppleWebKit/537.36 (KHTML, like Gecko) Chrome/63.0.3239.84 Safari/537.36" 5
- 0:0:0:0:0:0:0:1 - - [05/Jan/2018:11:17:33 +0800] "GET /common/layui/lay/modules/form.js HTTP/1.1" 304 - "http://localhost:8080/page/JiedanbaoDel.html" "Mozilla/5.0 (Macintosh; Intel Mac OS X 10_11_6) AppleWebKit/537.36 (KHTML, like Gecko) Chrome/63.0.3239.84 Safari/537.36" 6
- 0:0:0:0:0:0:0:1 - - [05/Jan/2018:11:17:33 +0800] "GET /common/layui/lay/modules/laypage.js HTTP/1.1" 304 - "http://localhost:8080/page/JiedanbaoDel.html" "Mozilla/5.0 (Macintosh; Intel Mac OS X 10_11_6) AppleWebKit/537.36 (KHTML, like Gecko) Chrome/63.0.3239.84 Safari/537.36" 4
- 0:0:0:0:0:0:0:1 - - [05/Jan/2018:11:17:33 +0800] "GET /json/newsList.json HTTP/1.1" 200 7581 "http://localhost:8080/page/JiedanbaoDel.html" "Mozilla/5.0 (Macintosh; Intel Mac OS X 10_11_6) AppleWebKit/537.36 (KHTML, like Gecko) Chrome/63.0.3239.84 Safari/537.36" 6
- 0:0:0:0:0:0:0:1 - - [05/Jan/2018:11:17:40 +0800] "GET /page/JiedanbaoDel.html? HTTP/1.1" 200 3488 "http://localhost:8080/page/JiedanbaoDel.html" "Mozilla/5.0 (Macintosh; Intel Mac OS X 10_11_6) AppleWebKit/537.36 (KHTML, like Gecko) Chrome/63.0.3239.84 Safari/537.36" 10
- 0:0:0:0:0:0:0:1 - - [05/Jan/2018:11:24:16 +0800] "GET / HTTP/1.1" 200 9392 "-" "Mozilla/5.0 (Macintosh; Intel Mac OS X 10_11_6) AppleWebKit/537.36 (KHTML, like Gecko) Chrome/63.0.3239.84 Safari/537.36" 145
- 0:0:0:0:0:0:0:1 - - [05/Jan/2018:11:24:17 +0800] "GET /main.html HTTP/1.1" 200 3518 "http://localhost:8080/" "Mozilla/5.0 (Macintosh; Intel Mac OS X 10_11_6) AppleWebKit/537.36 (KHTML, like Gecko) Chrome/63.0.3239.84 Safari/537.36" 13
- 0:0:0:0:0:0:0:1 - - [05/Jan/2018:11:24:20 +0800] "GET /page/JiedanbaoDel.html HTTP/1.1" 200 3488 "http://localhost:8080/" "Mozilla/5.0 (Macintosh; Intel Mac OS X 10_11_6) AppleWebKit/537.36 (KHTML, like Gecko) Chrome/63.0.3239.84 Safari/537.36" 10
- 0:0:0:0:0:0:0:1 - - [05/Jan/2018:11:24:21 +0800] "GET /page/JiedanbaoDel.html? HTTP/1.1" 200 3488 "http://localhost:8080/page/JiedanbaoDel.html" "Mozilla/5.0 (Macintosh; Intel Mac OS X 10_11_6) AppleWebKit/537.36 (KHTML, like Gecko) Chrome/63.0.3239.84 Safari/537.36" 6
- 0:0:0:0:0:0:0:1 - - [05/Jan/2018:11:24:22 +0800] "GET /page/JiedanbaoDel.html? HTTP/1.1" 200 3488 "http://localhost:8080/page/JiedanbaoDel.html?" "Mozilla/5.0 (Macintosh; Intel Mac OS X 10_11_6) AppleWebKit/537.36 (KHTML, like Gecko) Chrome/63.0.3239.84 Safari/537.36" 6
- 0:0:0:0:0:0:0:1 - - [05/Jan/2018:11:24:23 +0800] "GET /page/JiedanbaoDel.html? HTTP/1.1" 200 3488 "http://localhost:8080/page/JiedanbaoDel.html?" "Mozilla/5.0 (Macintosh; Intel Mac OS X 10_11_6) AppleWebKit/537.36 (KHTML, like Gecko) Chrome/63.0.3239.84 Safari/537.36" 8
- 0:0:0:0:0:0:0:1 - - [05/Jan/2018:11:24:24 +0800] "GET /page/JiedanbaoDel.html? HTTP/1.1" 200 3488 "http://localhost:8080/page/JiedanbaoDel.html?" "Mozilla/5.0 (Macintosh; Intel Mac OS X 10_11_6) AppleWebKit/537.36 (KHTML, like Gecko) Chrome/63.0.3239.84 Safari/537.36" 5
- 0:0:0:0:0:0:0:1 - - [05/Jan/2018:11:24:24 +0800] "GET /page/JiedanbaoDel.html? HTTP/1.1" 200 3488 "http://localhost:8080/page/JiedanbaoDel.html?" "Mozilla/5.0 (Macintosh; Intel Mac OS X 10_11_6) AppleWebKit/537.36 (KHTML, like Gecko) Chrome/63.0.3239.84 Safari/537.36" 6
- 0:0:0:0:0:0:0:1 - - [05/Jan/2018:11:24:31 +0800] "GET /page/JiedanbaoDel.html? HTTP/1.1" 200 3488 "http://localhost:8080/page/JiedanbaoDel.html?" "Mozilla/5.0 (Macintosh; Intel Mac OS X 10_11_6) AppleWebKit/537.36 (KHTML, like Gecko) Chrome/63.0.3239.84 Safari/537.36" 10
- 0:0:0:0:0:0:0:1 - - [05/Jan/2018:11:33:49 +0800] "GET / HTTP/1.1" 200 9392 "-" "Mozilla/5.0 (Macintosh; Intel Mac OS X 10_11_6) AppleWebKit/537.36 (KHTML, like Gecko) Chrome/63.0.3239.84 Safari/537.36" 171
- 0:0:0:0:0:0:0:1 - - [05/Jan/2018:11:33:49 +0800] "GET /main.html HTTP/1.1" 200 3518 "http://localhost:8080/" "Mozilla/5.0 (Macintosh; Intel Mac OS X 10_11_6) AppleWebKit/537.36 (KHTML, like Gecko) Chrome/63.0.3239.84 Safari/537.36" 11
- 0:0:0:0:0:0:0:1 - - [05/Jan/2018:11:33:53 +0800] "GET /page/JiedanbaoDel.html HTTP/1.1" 200 3488 "http://localhost:8080/" "Mozilla/5.0 (Macintosh; Intel Mac OS X 10_11_6) AppleWebKit/537.36 (KHTML, like Gecko) Chrome/63.0.3239.84 Safari/537.36" 9
- 0:0:0:0:0:0:0:1 - - [05/Jan/2018:11:33:54 +0800] "GET /page/JiedanbaoDel.html? HTTP/1.1" 200 3488 "http://localhost:8080/page/JiedanbaoDel.html" "Mozilla/5.0 (Macintosh; Intel Mac OS X 10_11_6) AppleWebKit/537.36 (KHTML, like Gecko) Chrome/63.0.3239.84 Safari/537.36" 8
- 0:0:0:0:0:0:0:1 - - [05/Jan/2018:11:35:45 +0800] "GET / HTTP/1.1" 200 9392 "-" "Mozilla/5.0 (Macintosh; Intel Mac OS X 10_11_6) AppleWebKit/537.36 (KHTML, like Gecko) Chrome/63.0.3239.84 Safari/537.36" 148
- 0:0:0:0:0:0:0:1 - - [05/Jan/2018:11:35:45 +0800] "GET /main.html HTTP/1.1" 200 3518 "http://localhost:8080/" "Mozilla/5.0 (Macintosh; Intel Mac OS X 10_11_6) AppleWebKit/537.36 (KHTML, like Gecko) Chrome/63.0.3239.84 Safari/537.36" 14
- 0:0:0:0:0:0:0:1 - - [05/Jan/2018:11:35:49 +0800] "GET /page/JiedanbaoDel.html HTTP/1.1" 200 3426 "http://localhost:8080/" "Mozilla/5.0 (Macintosh; Intel Mac OS X 10_11_6) AppleWebKit/537.36 (KHTML, like Gecko) Chrome/63.0.3239.84 Safari/537.36" 12
- 0:0:0:0:0:0:0:1 - - [05/Jan/2018:11:35:52 +0800] "GET /page/JiedanbaoDel.html? HTTP/1.1" 200 3426 "http://localhost:8080/page/JiedanbaoDel.html" "Mozilla/5.0 (Macintosh; Intel Mac OS X 10_11_6) AppleWebKit/537.36 (KHTML, like Gecko) Chrome/63.0.3239.84 Safari/537.36" 12
- 0:0:0:0:0:0:0:1 - - [05/Jan/2018:11:37:31 +0800] "GET / HTTP/1.1" 200 9392 "-" "Mozilla/5.0 (Macintosh; Intel Mac OS X 10_11_6) AppleWebKit/537.36 (KHTML, like Gecko) Chrome/63.0.3239.84 Safari/537.36" 192
- 0:0:0:0:0:0:0:1 - - [05/Jan/2018:11:37:31 +0800] "GET /main.html HTTP/1.1" 200 3450 "http://localhost:8080/" "Mozilla/5.0 (Macintosh; Intel Mac OS X 10_11_6) AppleWebKit/537.36 (KHTML, like Gecko) Chrome/63.0.3239.84 Safari/537.36" 15
- 0:0:0:0:0:0:0:1 - - [05/Jan/2018:11:37:40 +0800] "GET /page/JiedanbaoDel.html HTTP/1.1" 200 3426 "http://localhost:8080/" "Mozilla/5.0 (Macintosh; Intel Mac OS X 10_11_6) AppleWebKit/537.36 (KHTML, like Gecko) Chrome/63.0.3239.84 Safari/537.36" 11
- 0:0:0:0:0:0:0:1 - - [05/Jan/2018:11:37:42 +0800] "GET /page/JiedanbaoDel.html? HTTP/1.1" 200 3426 "http://localhost:8080/page/JiedanbaoDel.html" "Mozilla/5.0 (Macintosh; Intel Mac OS X 10_11_6) AppleWebKit/537.36 (KHTML, like Gecko) Chrome/63.0.3239.84 Safari/537.36" 10
- 0:0:0:0:0:0:0:1 - - [05/Jan/2018:11:45:25 +0800] "GET / HTTP/1.1" 200 9392 "-" "Mozilla/5.0 (Macintosh; Intel Mac OS X 10_11_6) AppleWebKit/537.36 (KHTML, like Gecko) Chrome/63.0.3239.84 Safari/537.36" 182
- 0:0:0:0:0:0:0:1 - - [05/Jan/2018:11:45:25 +0800] "GET /main.html HTTP/1.1" 200 3450 "http://localhost:8080/" "Mozilla/5.0 (Macintosh; Intel Mac OS X 10_11_6) AppleWebKit/537.36 (KHTML, like Gecko) Chrome/63.0.3239.84 Safari/537.36" 16
- 0:0:0:0:0:0:0:1 - - [05/Jan/2018:11:45:29 +0800] "GET /page/JiedanbaoDel.html HTTP/1.1" 200 3426 "http://localhost:8080/" "Mozilla/5.0 (Macintosh; Intel Mac OS X 10_11_6) AppleWebKit/537.36 (KHTML, like Gecko) Chrome/63.0.3239.84 Safari/537.36" 11
- 0:0:0:0:0:0:0:1 - - [05/Jan/2018:11:45:31 +0800] "GET /page/JiedanbaoDel.html? HTTP/1.1" 200 3426 "http://localhost:8080/page/JiedanbaoDel.html" "Mozilla/5.0 (Macintosh; Intel Mac OS X 10_11_6) AppleWebKit/537.36 (KHTML, like Gecko) Chrome/63.0.3239.84 Safari/537.36" 10
- 0:0:0:0:0:0:0:1 - - [05/Jan/2018:11:48:39 +0800] "GET / HTTP/1.1" 200 9392 "-" "Mozilla/5.0 (Macintosh; Intel Mac OS X 10_11_6) AppleWebKit/537.36 (KHTML, like Gecko) Chrome/63.0.3239.84 Safari/537.36" 168
- 0:0:0:0:0:0:0:1 - - [05/Jan/2018:11:48:39 +0800] "GET /main.html HTTP/1.1" 200 3450 "http://localhost:8080/" "Mozilla/5.0 (Macintosh; Intel Mac OS X 10_11_6) AppleWebKit/537.36 (KHTML, like Gecko) Chrome/63.0.3239.84 Safari/537.36" 24
- 0:0:0:0:0:0:0:1 - - [05/Jan/2018:11:48:42 +0800] "GET /page/JiedanbaoDel.html HTTP/1.1" 200 3552 "http://localhost:8080/" "Mozilla/5.0 (Macintosh; Intel Mac OS X 10_11_6) AppleWebKit/537.36 (KHTML, like Gecko) Chrome/63.0.3239.84 Safari/537.36" 12
- 0:0:0:0:0:0:0:1 - - [05/Jan/2018:11:48:42 +0800] "GET /js/jquery.min.js HTTP/1.1" 200 84349 "http://localhost:8080/page/JiedanbaoDel.html" "Mozilla/5.0 (Macintosh; Intel Mac OS X 10_11_6) AppleWebKit/537.36 (KHTML, like Gecko) Chrome/63.0.3239.84 Safari/537.36" 28
- 0:0:0:0:0:0:0:1 - - [05/Jan/2018:11:48:42 +0800] "GET /js/jquery.js HTTP/1.1" 200 256807 "http://localhost:8080/page/JiedanbaoDel.html" "Mozilla/5.0 (Macintosh; Intel Mac OS X 10_11_6) AppleWebKit/537.36 (KHTML, like Gecko) Chrome/63.0.3239.84 Safari/537.36" 28
- 0:0:0:0:0:0:0:1 - - [05/Jan/2018:11:48:44 +0800] "GET /jiedanbao/del?mid= HTTP/1.1" 200 39 "http://localhost:8080/page/JiedanbaoDel.html" "Mozilla/5.0 (Macintosh; Intel Mac OS X 10_11_6) AppleWebKit/537.36 (KHTML, like Gecko) Chrome/63.0.3239.84 Safari/537.36" 64
- 0:0:0:0:0:0:0:1 - - [05/Jan/2018:11:48:44 +0800] "GET /page/JiedanbaoDel.html? HTTP/1.1" 200 3552 "http://localhost:8080/page/JiedanbaoDel.html" "Mozilla/5.0 (Macintosh; Intel Mac OS X 10_11_6) AppleWebKit/537.36 (KHTML, like Gecko) Chrome/63.0.3239.84 Safari/537.36" 18
- 0:0:0:0:0:0:0:1 - - [05/Jan/2018:11:48:45 +0800] "GET /js/jquery.js HTTP/1.1" 304 - "http://localhost:8080/page/JiedanbaoDel.html?" "Mozilla/5.0 (Macintosh; Intel Mac OS X 10_11_6) AppleWebKit/537.36 (KHTML, like Gecko) Chrome/63.0.3239.84 Safari/537.36" 5
- 0:0:0:0:0:0:0:1 - - [05/Jan/2018:11:48:45 +0800] "GET /js/jquery.min.js HTTP/1.1" 304 - "http://localhost:8080/page/JiedanbaoDel.html?" "Mozilla/5.0 (Macintosh; Intel Mac OS X 10_11_6) AppleWebKit/537.36 (KHTML, like Gecko) Chrome/63.0.3239.84 Safari/537.36" 5
- 0:0:0:0:0:0:0:1 - - [05/Jan/2018:11:48:48 +0800] "GET /page/JiedanbaoDel.html? HTTP/1.1" 200 3552 "http://localhost:8080/page/JiedanbaoDel.html?" "Mozilla/5.0 (Macintosh; Intel Mac OS X 10_11_6) AppleWebKit/537.36 (KHTML, like Gecko) Chrome/63.0.3239.84 Safari/537.36" 11
- 0:0:0:0:0:0:0:1 - - [05/Jan/2018:11:48:48 +0800] "GET /js/jquery.min.js HTTP/1.1" 304 - "http://localhost:8080/page/JiedanbaoDel.html?" "Mozilla/5.0 (Macintosh; Intel Mac OS X 10_11_6) AppleWebKit/537.36 (KHTML, like Gecko) Chrome/63.0.3239.84 Safari/537.36" 3
- 0:0:0:0:0:0:0:1 - - [05/Jan/2018:11:48:48 +0800] "GET /js/jquery.js HTTP/1.1" 304 - "http://localhost:8080/page/JiedanbaoDel.html?" "Mozilla/5.0 (Macintosh; Intel Mac OS X 10_11_6) AppleWebKit/537.36 (KHTML, like Gecko) Chrome/63.0.3239.84 Safari/537.36" 3
- 0:0:0:0:0:0:0:1 - - [05/Jan/2018:11:48:48 +0800] "GET /jiedanbao/del?mid=1 HTTP/1.1" 200 147 "http://localhost:8080/page/JiedanbaoDel.html?" "Mozilla/5.0 (Macintosh; Intel Mac OS X 10_11_6) AppleWebKit/537.36 (KHTML, like Gecko) Chrome/63.0.3239.84 Safari/537.36" 211
- 0:0:0:0:0:0:0:1 - - [05/Jan/2018:11:48:52 +0800] "GET /page/JiedanbaoDel.html? HTTP/1.1" 200 3552 "http://localhost:8080/page/JiedanbaoDel.html?" "Mozilla/5.0 (Macintosh; Intel Mac OS X 10_11_6) AppleWebKit/537.36 (KHTML, like Gecko) Chrome/63.0.3239.84 Safari/537.36" 7
- 0:0:0:0:0:0:0:1 - - [05/Jan/2018:11:48:52 +0800] "GET /jiedanbao/del?mid=1 HTTP/1.1" 200 147 "http://localhost:8080/page/JiedanbaoDel.html?" "Mozilla/5.0 (Macintosh; Intel Mac OS X 10_11_6) AppleWebKit/537.36 (KHTML, like Gecko) Chrome/63.0.3239.84 Safari/537.36" 35
- 0:0:0:0:0:0:0:1 - - [05/Jan/2018:11:48:52 +0800] "GET /js/jquery.js HTTP/1.1" 304 - "http://localhost:8080/page/JiedanbaoDel.html?" "Mozilla/5.0 (Macintosh; Intel Mac OS X 10_11_6) AppleWebKit/537.36 (KHTML, like Gecko) Chrome/63.0.3239.84 Safari/537.36" 3
- 0:0:0:0:0:0:0:1 - - [05/Jan/2018:11:48:52 +0800] "GET /js/jquery.min.js HTTP/1.1" 304 - "http://localhost:8080/page/JiedanbaoDel.html?" "Mozilla/5.0 (Macintosh; Intel Mac OS X 10_11_6) AppleWebKit/537.36 (KHTML, like Gecko) Chrome/63.0.3239.84 Safari/537.36" 5
- 0:0:0:0:0:0:0:1 - - [05/Jan/2018:11:48:58 +0800] "GET /jiedanbao/del?mid= HTTP/1.1" 200 39 "http://localhost:8080/page/JiedanbaoDel.html?" "Mozilla/5.0 (Macintosh; Intel Mac OS X 10_11_6) AppleWebKit/537.36 (KHTML, like Gecko) Chrome/63.0.3239.84 Safari/537.36" 2
- 0:0:0:0:0:0:0:1 - - [05/Jan/2018:11:48:58 +0800] "GET /page/JiedanbaoDel.html? HTTP/1.1" 200 3552 "http://localhost:8080/page/JiedanbaoDel.html?" "Mozilla/5.0 (Macintosh; Intel Mac OS X 10_11_6) AppleWebKit/537.36 (KHTML, like Gecko) Chrome/63.0.3239.84 Safari/537.36" 9
- 0:0:0:0:0:0:0:1 - - [05/Jan/2018:11:48:58 +0800] "GET /js/jquery.min.js HTTP/1.1" 304 - "http://localhost:8080/page/JiedanbaoDel.html?" "Mozilla/5.0 (Macintosh; Intel Mac OS X 10_11_6) AppleWebKit/537.36 (KHTML, like Gecko) Chrome/63.0.3239.84 Safari/537.36" 3
- 0:0:0:0:0:0:0:1 - - [05/Jan/2018:11:48:58 +0800] "GET /js/jquery.js HTTP/1.1" 304 - "http://localhost:8080/page/JiedanbaoDel.html?" "Mozilla/5.0 (Macintosh; Intel Mac OS X 10_11_6) AppleWebKit/537.36 (KHTML, like Gecko) Chrome/63.0.3239.84 Safari/537.36" 4
- 0:0:0:0:0:0:0:1 - - [05/Jan/2018:11:49:01 +0800] "GET /page/JiedanbaoDel.html? HTTP/1.1" 200 3552 "http://localhost:8080/page/JiedanbaoDel.html?" "Mozilla/5.0 (Macintosh; Intel Mac OS X 10_11_6) AppleWebKit/537.36 (KHTML, like Gecko) Chrome/63.0.3239.84 Safari/537.36" 7
- 0:0:0:0:0:0:0:1 - - [05/Jan/2018:11:49:01 +0800] "GET /jiedanbao/del?mid=123 HTTP/1.1" 200 147 "http://localhost:8080/page/JiedanbaoDel.html?" "Mozilla/5.0 (Macintosh; Intel Mac OS X 10_11_6) AppleWebKit/537.36 (KHTML, like Gecko) Chrome/63.0.3239.84 Safari/537.36" 51
- 0:0:0:0:0:0:0:1 - - [05/Jan/2018:11:49:05 +0800] "GET /jiedanbao/del?mid= HTTP/1.1" 200 39 "http://localhost:8080/page/JiedanbaoDel.html?" "Mozilla/5.0 (Macintosh; Intel Mac OS X 10_11_6) AppleWebKit/537.36 (KHTML, like Gecko) Chrome/63.0.3239.84 Safari/537.36" 2
- 0:0:0:0:0:0:0:1 - - [05/Jan/2018:11:49:05 +0800] "GET /page/JiedanbaoDel.html? HTTP/1.1" 200 3552 "http://localhost:8080/page/JiedanbaoDel.html?" "Mozilla/5.0 (Macintosh; Intel Mac OS X 10_11_6) AppleWebKit/537.36 (KHTML, like Gecko) Chrome/63.0.3239.84 Safari/537.36" 9
- 0:0:0:0:0:0:0:1 - - [05/Jan/2018:11:49:05 +0800] "GET /js/jquery.js HTTP/1.1" 304 - "http://localhost:8080/page/JiedanbaoDel.html?" "Mozilla/5.0 (Macintosh; Intel Mac OS X 10_11_6) AppleWebKit/537.36 (KHTML, like Gecko) Chrome/63.0.3239.84 Safari/537.36" 2
- 0:0:0:0:0:0:0:1 - - [05/Jan/2018:11:49:05 +0800] "GET /js/jquery.min.js HTTP/1.1" 304 - "http://localhost:8080/page/JiedanbaoDel.html?" "Mozilla/5.0 (Macintosh; Intel Mac OS X 10_11_6) AppleWebKit/537.36 (KHTML, like Gecko) Chrome/63.0.3239.84 Safari/537.36" 2
- 0:0:0:0:0:0:0:1 - - [05/Jan/2018:11:49:34 +0800] "GET /jiedanbao/del?mid= HTTP/1.1" 200 39 "http://localhost:8080/page/JiedanbaoDel.html?" "Mozilla/5.0 (Macintosh; Intel Mac OS X 10_11_6) AppleWebKit/537.36 (KHTML, like Gecko) Chrome/63.0.3239.84 Safari/537.36" 3
- 0:0:0:0:0:0:0:1 - - [05/Jan/2018:11:49:34 +0800] "GET /page/JiedanbaoDel.html? HTTP/1.1" 200 3552 "http://localhost:8080/page/JiedanbaoDel.html?" "Mozilla/5.0 (Macintosh; Intel Mac OS X 10_11_6) AppleWebKit/537.36 (KHTML, like Gecko) Chrome/63.0.3239.84 Safari/537.36" 13
- 0:0:0:0:0:0:0:1 - - [05/Jan/2018:11:49:34 +0800] "GET /js/jquery.min.js HTTP/1.1" 304 - "http://localhost:8080/page/JiedanbaoDel.html?" "Mozilla/5.0 (Macintosh; Intel Mac OS X 10_11_6) AppleWebKit/537.36 (KHTML, like Gecko) Chrome/63.0.3239.84 Safari/537.36" 3
- 0:0:0:0:0:0:0:1 - - [05/Jan/2018:11:49:34 +0800] "GET /js/jquery.js HTTP/1.1" 304 - "http://localhost:8080/page/JiedanbaoDel.html?" "Mozilla/5.0 (Macintosh; Intel Mac OS X 10_11_6) AppleWebKit/537.36 (KHTML, like Gecko) Chrome/63.0.3239.84 Safari/537.36" 5
- 0:0:0:0:0:0:0:1 - - [05/Jan/2018:11:49:39 +0800] "GET /jiedanbao/del?mid= HTTP/1.1" 200 39 "http://localhost:8080/page/JiedanbaoDel.html?" "Mozilla/5.0 (Macintosh; Intel Mac OS X 10_11_6) AppleWebKit/537.36 (KHTML, like Gecko) Chrome/63.0.3239.84 Safari/537.36" 3
- 0:0:0:0:0:0:0:1 - - [05/Jan/2018:11:49:39 +0800] "GET /page/JiedanbaoDel.html? HTTP/1.1" 200 3552 "http://localhost:8080/page/JiedanbaoDel.html?" "Mozilla/5.0 (Macintosh; Intel Mac OS X 10_11_6) AppleWebKit/537.36 (KHTML, like Gecko) Chrome/63.0.3239.84 Safari/537.36" 9
- 0:0:0:0:0:0:0:1 - - [05/Jan/2018:11:50:45 +0800] "GET /jiedanbao/del?mid= HTTP/1.1" 200 39 "http://localhost:8080/page/JiedanbaoDel.html?" "Mozilla/5.0 (Macintosh; Intel Mac OS X 10_11_6) AppleWebKit/537.36 (KHTML, like Gecko) Chrome/63.0.3239.84 Safari/537.36" 2
- 0:0:0:0:0:0:0:1 - - [05/Jan/2018:11:50:46 +0800] "GET /page/JiedanbaoDel.html? HTTP/1.1" 200 3552 "http://localhost:8080/page/JiedanbaoDel.html?" "Mozilla/5.0 (Macintosh; Intel Mac OS X 10_11_6) AppleWebKit/537.36 (KHTML, like Gecko) Chrome/63.0.3239.84 Safari/537.36" 12
- 0:0:0:0:0:0:0:1 - - [05/Jan/2018:11:50:46 +0800] "GET /js/jquery.js HTTP/1.1" 304 - "http://localhost:8080/page/JiedanbaoDel.html?" "Mozilla/5.0 (Macintosh; Intel Mac OS X 10_11_6) AppleWebKit/537.36 (KHTML, like Gecko) Chrome/63.0.3239.84 Safari/537.36" 4
- 0:0:0:0:0:0:0:1 - - [05/Jan/2018:11:50:46 +0800] "GET /js/jquery.min.js HTTP/1.1" 304 - "http://localhost:8080/page/JiedanbaoDel.html?" "Mozilla/5.0 (Macintosh; Intel Mac OS X 10_11_6) AppleWebKit/537.36 (KHTML, like Gecko) Chrome/63.0.3239.84 Safari/537.36" 5
- 0:0:0:0:0:0:0:1 - - [05/Jan/2018:11:50:48 +0800] "GET /page/JiedanbaoDel.html? HTTP/1.1" 200 3552 "http://localhost:8080/page/JiedanbaoDel.html?" "Mozilla/5.0 (Macintosh; Intel Mac OS X 10_11_6) AppleWebKit/537.36 (KHTML, like Gecko) Chrome/63.0.3239.84 Safari/537.36" 7
- 0:0:0:0:0:0:0:1 - - [05/Jan/2018:11:50:48 +0800] "GET /jiedanbao/del?mid=1 HTTP/1.1" 200 147 "http://localhost:8080/page/JiedanbaoDel.html?" "Mozilla/5.0 (Macintosh; Intel Mac OS X 10_11_6) AppleWebKit/537.36 (KHTML, like Gecko) Chrome/63.0.3239.84 Safari/537.36" 40
- 0:0:0:0:0:0:0:1 - - [05/Jan/2018:14:41:26 +0800] "GET /jiedanbao/del?mid= HTTP/1.1" 200 39 "http://localhost:8080/page/JiedanbaoDel.html?" "Mozilla/5.0 (Macintosh; Intel Mac OS X 10_11_6) AppleWebKit/537.36 (KHTML, like Gecko) Chrome/63.0.3239.84 Safari/537.36" 29
- 0:0:0:0:0:0:0:1 - - [05/Jan/2018:14:41:26 +0800] "GET /page/JiedanbaoDel.html? HTTP/1.1" 200 3552 "http://localhost:8080/page/JiedanbaoDel.html?" "Mozilla/5.0 (Macintosh; Intel Mac OS X 10_11_6) AppleWebKit/537.36 (KHTML, like Gecko) Chrome/63.0.3239.84 Safari/537.36" 29
- 0:0:0:0:0:0:0:1 - - [05/Jan/2018:14:41:26 +0800] "GET /css/personal.css HTTP/1.1" 304 - "http://localhost:8080/page/JiedanbaoDel.html?" "Mozilla/5.0 (Macintosh; Intel Mac OS X 10_11_6) AppleWebKit/537.36 (KHTML, like Gecko) Chrome/63.0.3239.84 Safari/537.36" 6
- 0:0:0:0:0:0:0:1 - - [05/Jan/2018:14:41:26 +0800] "GET /common/global.css HTTP/1.1" 304 - "http://localhost:8080/page/JiedanbaoDel.html?" "Mozilla/5.0 (Macintosh; Intel Mac OS X 10_11_6) AppleWebKit/537.36 (KHTML, like Gecko) Chrome/63.0.3239.84 Safari/537.36" 15
- 0:0:0:0:0:0:0:1 - - [05/Jan/2018:14:41:26 +0800] "GET /js/jquery.js HTTP/1.1" 304 - "http://localhost:8080/page/JiedanbaoDel.html?" "Mozilla/5.0 (Macintosh; Intel Mac OS X 10_11_6) AppleWebKit/537.36 (KHTML, like Gecko) Chrome/63.0.3239.84 Safari/537.36" 4
- 0:0:0:0:0:0:0:1 - - [05/Jan/2018:14:41:26 +0800] "GET /js/jquery.min.js HTTP/1.1" 304 - "http://localhost:8080/page/JiedanbaoDel.html?" "Mozilla/5.0 (Macintosh; Intel Mac OS X 10_11_6) AppleWebKit/537.36 (KHTML, like Gecko) Chrome/63.0.3239.84 Safari/537.36" 5
- 0:0:0:0:0:0:0:1 - - [05/Jan/2018:14:41:30 +0800] "GET /page/JiedanbaoDel.html? HTTP/1.1" 200 3552 "http://localhost:8080/page/JiedanbaoDel.html?" "Mozilla/5.0 (Macintosh; Intel Mac OS X 10_11_6) AppleWebKit/537.36 (KHTML, like Gecko) Chrome/63.0.3239.84 Safari/537.36" 7
- 0:0:0:0:0:0:0:1 - - [05/Jan/2018:14:41:30 +0800] "GET /jiedanbao/del?mid=1 HTTP/1.1" 200 147 "http://localhost:8080/page/JiedanbaoDel.html?" "Mozilla/5.0 (Macintosh; Intel Mac OS X 10_11_6) AppleWebKit/537.36 (KHTML, like Gecko) Chrome/63.0.3239.84 Safari/537.36" 49
- 0:0:0:0:0:0:0:1 - - [05/Jan/2018:14:41:41 +0800] "GET /jiedanbao/del?mid=1 HTTP/1.1" 200 147 "-" "Mozilla/5.0 (Macintosh; Intel Mac OS X 10_11_6) AppleWebKit/537.36 (KHTML, like Gecko) Chrome/63.0.3239.84 Safari/537.36" 34
- 0:0:0:0:0:0:0:1 - - [05/Jan/2018:14:52:39 +0800] "GET /jiedanbao/del?mid= HTTP/1.1" 200 39 "http://localhost:8080/page/JiedanbaoDel.html?" "Mozilla/5.0 (Macintosh; Intel Mac OS X 10_11_6) AppleWebKit/537.36 (KHTML, like Gecko) Chrome/63.0.3239.84 Safari/537.36" 3
- 0:0:0:0:0:0:0:1 - - [05/Jan/2018:14:52:39 +0800] "GET /page/JiedanbaoDel.html? HTTP/1.1" 200 3552 "http://localhost:8080/page/JiedanbaoDel.html?" "Mozilla/5.0 (Macintosh; Intel Mac OS X 10_11_6) AppleWebKit/537.36 (KHTML, like Gecko) Chrome/63.0.3239.84 Safari/537.36" 16
- 0:0:0:0:0:0:0:1 - - [05/Jan/2018:14:54:10 +0800] "GET /jiedanbao/del?mid= HTTP/1.1" 200 39 "http://localhost:8080/page/JiedanbaoDel.html?" "Mozilla/5.0 (Macintosh; Intel Mac OS X 10_11_6) AppleWebKit/537.36 (KHTML, like Gecko) Chrome/63.0.3239.84 Safari/537.36" 3
- 0:0:0:0:0:0:0:1 - - [05/Jan/2018:14:54:10 +0800] "GET /page/JiedanbaoDel.html? HTTP/1.1" 200 3552 "http://localhost:8080/page/JiedanbaoDel.html?" "Mozilla/5.0 (Macintosh; Intel Mac OS X 10_11_6) AppleWebKit/537.36 (KHTML, like Gecko) Chrome/63.0.3239.84 Safari/537.36" 9
- 0:0:0:0:0:0:0:1 - - [05/Jan/2018:14:57:55 +0800] "GET /page/JiedanbaoDel.html? HTTP/1.1" 200 3552 "http://localhost:8080/page/JiedanbaoDel.html?" "Mozilla/5.0 (Macintosh; Intel Mac OS X 10_11_6) AppleWebKit/537.36 (KHTML, like Gecko) Chrome/63.0.3239.84 Safari/537.36" 9
- 0:0:0:0:0:0:0:1 - - [05/Jan/2018:14:57:55 +0800] "GET /jiedanbao/del?mid=123 HTTP/1.1" 200 147 "http://localhost:8080/page/JiedanbaoDel.html?" "Mozilla/5.0 (Macintosh; Intel Mac OS X 10_11_6) AppleWebKit/537.36 (KHTML, like Gecko) Chrome/63.0.3239.84 Safari/537.36" 72
- 0:0:0:0:0:0:0:1 - - [05/Jan/2018:14:59:27 +0800] "GET / HTTP/1.1" 200 9392 "-" "Mozilla/5.0 (Macintosh; Intel Mac OS X 10_11_6) AppleWebKit/601.7.7 (KHTML, like Gecko) Version/9.1.2 Safari/601.7.7" 188
- 0:0:0:0:0:0:0:1 - - [05/Jan/2018:14:59:27 +0800] "GET /css/adminstyle.css HTTP/1.1" 200 7233 "http://localhost:8080/" "Mozilla/5.0 (Macintosh; Intel Mac OS X 10_11_6) AppleWebKit/601.7.7 (KHTML, like Gecko) Version/9.1.2 Safari/601.7.7" 18
- 0:0:0:0:0:0:0:1 - - [05/Jan/2018:14:59:27 +0800] "GET /common/global.css HTTP/1.1" 200 16934 "http://localhost:8080/" "Mozilla/5.0 (Macintosh; Intel Mac OS X 10_11_6) AppleWebKit/601.7.7 (KHTML, like Gecko) Version/9.1.2 Safari/601.7.7" 17
- 0:0:0:0:0:0:0:1 - - [05/Jan/2018:14:59:27 +0800] "GET /common/layui/layui.js HTTP/1.1" 200 5940 "http://localhost:8080/" "Mozilla/5.0 (Macintosh; Intel Mac OS X 10_11_6) AppleWebKit/601.7.7 (KHTML, like Gecko) Version/9.1.2 Safari/601.7.7" 12
- 0:0:0:0:0:0:0:1 - - [05/Jan/2018:14:59:27 +0800] "GET /js/larry.js HTTP/1.1" 200 2994 "http://localhost:8080/" "Mozilla/5.0 (Macintosh; Intel Mac OS X 10_11_6) AppleWebKit/601.7.7 (KHTML, like Gecko) Version/9.1.2 Safari/601.7.7" 14
- 0:0:0:0:0:0:0:1 - - [05/Jan/2018:14:59:27 +0800] "GET /common/layui/css/layui.css HTTP/1.1" 200 41614 "http://localhost:8080/" "Mozilla/5.0 (Macintosh; Intel Mac OS X 10_11_6) AppleWebKit/601.7.7 (KHTML, like Gecko) Version/9.1.2 Safari/601.7.7" 32
- 0:0:0:0:0:0:0:1 - - [05/Jan/2018:14:59:27 +0800] "GET /images/didilogo.png HTTP/1.1" 200 40976 "http://localhost:8080/" "Mozilla/5.0 (Macintosh; Intel Mac OS X 10_11_6) AppleWebKit/601.7.7 (KHTML, like Gecko) Version/9.1.2 Safari/601.7.7" 24
- 0:0:0:0:0:0:0:1 - - [05/Jan/2018:14:59:27 +0800] "GET /js/index.js HTTP/1.1" 200 3449 "http://localhost:8080/" "Mozilla/5.0 (Macintosh; Intel Mac OS X 10_11_6) AppleWebKit/601.7.7 (KHTML, like Gecko) Version/9.1.2 Safari/601.7.7" 20
- 0:0:0:0:0:0:0:1 - - [05/Jan/2018:14:59:27 +0800] "GET /main.html HTTP/1.1" 200 3450 "http://localhost:8080/" "Mozilla/5.0 (Macintosh; Intel Mac OS X 10_11_6) AppleWebKit/601.7.7 (KHTML, like Gecko) Version/9.1.2 Safari/601.7.7" 29
- 0:0:0:0:0:0:0:1 - - [05/Jan/2018:14:59:27 +0800] "GET /common/layui/lay/modules/jquery.js HTTP/1.1" 200 97636 "http://localhost:8080/" "Mozilla/5.0 (Macintosh; Intel Mac OS X 10_11_6) AppleWebKit/601.7.7 (KHTML, like Gecko) Version/9.1.2 Safari/601.7.7" 6
- 0:0:0:0:0:0:0:1 - - [05/Jan/2018:14:59:27 +0800] "GET /common/bootstrap/css/bootstrap.css HTTP/1.1" 200 137590 "http://localhost:8080/main.html" "Mozilla/5.0 (Macintosh; Intel Mac OS X 10_11_6) AppleWebKit/601.7.7 (KHTML, like Gecko) Version/9.1.2 Safari/601.7.7" 21
- 0:0:0:0:0:0:0:1 - - [05/Jan/2018:14:59:27 +0800] "GET /js/main.js HTTP/1.1" 200 1634 "http://localhost:8080/main.html" "Mozilla/5.0 (Macintosh; Intel Mac OS X 10_11_6) AppleWebKit/601.7.7 (KHTML, like Gecko) Version/9.1.2 Safari/601.7.7" 6
- 0:0:0:0:0:0:0:1 - - [05/Jan/2018:14:59:27 +0800] "GET /css/main.css HTTP/1.1" 200 7331 "http://localhost:8080/main.html" "Mozilla/5.0 (Macintosh; Intel Mac OS X 10_11_6) AppleWebKit/601.7.7 (KHTML, like Gecko) Version/9.1.2 Safari/601.7.7" 11
- 0:0:0:0:0:0:0:1 - - [05/Jan/2018:14:59:27 +0800] "GET /images/system.png HTTP/1.1" 200 101166 "http://localhost:8080/main.html" "Mozilla/5.0 (Macintosh; Intel Mac OS X 10_11_6) AppleWebKit/601.7.7 (KHTML, like Gecko) Version/9.1.2 Safari/601.7.7" 25
- 0:0:0:0:0:0:0:1 - - [05/Jan/2018:14:59:27 +0800] "GET /common/layui/lay/modules/element.js HTTP/1.1" 200 5154 "http://localhost:8080/" "Mozilla/5.0 (Macintosh; Intel Mac OS X 10_11_6) AppleWebKit/601.7.7 (KHTML, like Gecko) Version/9.1.2 Safari/601.7.7" 5
- 0:0:0:0:0:0:0:1 - - [05/Jan/2018:14:59:28 +0800] "GET /common/layui/lay/modules/layer.js HTTP/1.1" 200 21341 "http://localhost:8080/" "Mozilla/5.0 (Macintosh; Intel Mac OS X 10_11_6) AppleWebKit/601.7.7 (KHTML, like Gecko) Version/9.1.2 Safari/601.7.7" 21
- 0:0:0:0:0:0:0:1 - - [05/Jan/2018:14:59:28 +0800] "GET /common/font/iconfont.woff?t=1480736048214 HTTP/1.1" 200 72560 "http://localhost:8080/" "Mozilla/5.0 (Macintosh; Intel Mac OS X 10_11_6) AppleWebKit/601.7.7 (KHTML, like Gecko) Version/9.1.2 Safari/601.7.7" 58
- 0:0:0:0:0:0:0:1 - - [05/Jan/2018:14:59:28 +0800] "GET /common/font/fontawesome-webfont.woff?v=4.7.0 HTTP/1.1" 200 98024 "http://localhost:8080/" "Mozilla/5.0 (Macintosh; Intel Mac OS X 10_11_6) AppleWebKit/601.7.7 (KHTML, like Gecko) Version/9.1.2 Safari/601.7.7" 56
- 0:0:0:0:0:0:0:1 - - [05/Jan/2018:14:59:28 +0800] "GET /common/font/pxgridsicons.woff HTTP/1.1" 200 89812 "http://localhost:8080/main.html" "Mozilla/5.0 (Macintosh; Intel Mac OS X 10_11_6) AppleWebKit/601.7.7 (KHTML, like Gecko) Version/9.1.2 Safari/601.7.7" 15
- 0:0:0:0:0:0:0:1 - - [05/Jan/2018:14:59:28 +0800] "GET /common/layui/css/modules/layer/default/layer.css?v=3.0.11110 HTTP/1.1" 200 14348 "http://localhost:8080/" "Mozilla/5.0 (Macintosh; Intel Mac OS X 10_11_6) AppleWebKit/601.7.7 (KHTML, like Gecko) Version/9.1.2 Safari/601.7.7" 21
- 0:0:0:0:0:0:0:1 - - [05/Jan/2018:14:59:28 +0800] "GET /js/navtab.js HTTP/1.1" 200 4949 "http://localhost:8080/" "Mozilla/5.0 (Macintosh; Intel Mac OS X 10_11_6) AppleWebKit/601.7.7 (KHTML, like Gecko) Version/9.1.2 Safari/601.7.7" 6
- 0:0:0:0:0:0:0:1 - - [05/Jan/2018:14:59:28 +0800] "GET /favicon.ico HTTP/1.1" 200 946 "http://localhost:8080/" "Mozilla/5.0 (Macintosh; Intel Mac OS X 10_11_6) AppleWebKit/601.7.7 (KHTML, like Gecko) Version/9.1.2 Safari/601.7.7" 27
- 0:0:0:0:0:0:0:1 - - [05/Jan/2018:14:59:30 +0800] "GET /common/layui/font/iconfont.woff?v=1.0.7 HTTP/1.1" 200 27904 "http://localhost:8080/" "Mozilla/5.0 (Macintosh; Intel Mac OS X 10_11_6) AppleWebKit/601.7.7 (KHTML, like Gecko) Version/9.1.2 Safari/601.7.7" 6
- 0:0:0:0:0:0:0:1 - - [05/Jan/2018:14:59:30 +0800] "GET /page/JiedanbaoDel.html HTTP/1.1" 200 3552 "http://localhost:8080/" "Mozilla/5.0 (Macintosh; Intel Mac OS X 10_11_6) AppleWebKit/601.7.7 (KHTML, like Gecko) Version/9.1.2 Safari/601.7.7" 9
- 0:0:0:0:0:0:0:1 - - [05/Jan/2018:14:59:30 +0800] "GET /js/jquery.min.js HTTP/1.1" 200 84349 "http://localhost:8080/page/JiedanbaoDel.html" "Mozilla/5.0 (Macintosh; Intel Mac OS X 10_11_6) AppleWebKit/601.7.7 (KHTML, like Gecko) Version/9.1.2 Safari/601.7.7" 4
- 0:0:0:0:0:0:0:1 - - [05/Jan/2018:14:59:30 +0800] "GET /css/personal.css HTTP/1.1" 200 3374 "http://localhost:8080/page/JiedanbaoDel.html" "Mozilla/5.0 (Macintosh; Intel Mac OS X 10_11_6) AppleWebKit/601.7.7 (KHTML, like Gecko) Version/9.1.2 Safari/601.7.7" 3
- 0:0:0:0:0:0:0:1 - - [05/Jan/2018:14:59:30 +0800] "GET /js/jquery.js HTTP/1.1" 200 256807 "http://localhost:8080/page/JiedanbaoDel.html" "Mozilla/5.0 (Macintosh; Intel Mac OS X 10_11_6) AppleWebKit/601.7.7 (KHTML, like Gecko) Version/9.1.2 Safari/601.7.7" 10
- 0:0:0:0:0:0:0:1 - - [05/Jan/2018:14:59:33 +0800] "GET /page/JiedanbaoDel.html? HTTP/1.1" 200 3552 "http://localhost:8080/page/JiedanbaoDel.html" "Mozilla/5.0 (Macintosh; Intel Mac OS X 10_11_6) AppleWebKit/601.7.7 (KHTML, like Gecko) Version/9.1.2 Safari/601.7.7" 8
- 0:0:0:0:0:0:0:1 - - [05/Jan/2018:14:59:33 +0800] "GET /jiedanbao/del?mid= HTTP/1.1" 200 39 "http://localhost:8080/page/JiedanbaoDel.html" "Mozilla/5.0 (Macintosh; Intel Mac OS X 10_11_6) AppleWebKit/601.7.7 (KHTML, like Gecko) Version/9.1.2 Safari/601.7.7" 101
- 0:0:0:0:0:0:0:1 - - [05/Jan/2018:14:59:36 +0800] "GET /page/JiedanbaoDel.html? HTTP/1.1" 200 3552 "http://localhost:8080/page/JiedanbaoDel.html?" "Mozilla/5.0 (Macintosh; Intel Mac OS X 10_11_6) AppleWebKit/601.7.7 (KHTML, like Gecko) Version/9.1.2 Safari/601.7.7" 7
- 0:0:0:0:0:0:0:1 - - [05/Jan/2018:14:59:36 +0800] "GET /jiedanbao/del?mid=1 HTTP/1.1" 200 147 "http://localhost:8080/page/JiedanbaoDel.html?" "Mozilla/5.0 (Macintosh; Intel Mac OS X 10_11_6) AppleWebKit/601.7.7 (KHTML, like Gecko) Version/9.1.2 Safari/601.7.7" 149
- 0:0:0:0:0:0:0:1 - - [05/Jan/2018:15:00:30 +0800] "GET / HTTP/1.1" 200 9392 "-" "Mozilla/5.0 (Macintosh; Intel Mac OS X 10_11_6) AppleWebKit/537.36 (KHTML, like Gecko) Chrome/63.0.3239.84 Safari/537.36" 16
- 0:0:0:0:0:0:0:1 - - [05/Jan/2018:15:00:30 +0800] "GET /css/adminstyle.css HTTP/1.1" 304 - "http://localhost:8080/" "Mozilla/5.0 (Macintosh; Intel Mac OS X 10_11_6) AppleWebKit/537.36 (KHTML, like Gecko) Chrome/63.0.3239.84 Safari/537.36" 8
- 0:0:0:0:0:0:0:1 - - [05/Jan/2018:15:00:30 +0800] "GET /js/larry.js HTTP/1.1" 304 - "http://localhost:8080/" "Mozilla/5.0 (Macintosh; Intel Mac OS X 10_11_6) AppleWebKit/537.36 (KHTML, like Gecko) Chrome/63.0.3239.84 Safari/537.36" 4
- 0:0:0:0:0:0:0:1 - - [05/Jan/2018:15:00:30 +0800] "GET /js/index.js HTTP/1.1" 304 - "http://localhost:8080/" "Mozilla/5.0 (Macintosh; Intel Mac OS X 10_11_6) AppleWebKit/537.36 (KHTML, like Gecko) Chrome/63.0.3239.84 Safari/537.36" 4
- 0:0:0:0:0:0:0:1 - - [05/Jan/2018:15:00:30 +0800] "GET /main.html HTTP/1.1" 200 3450 "http://localhost:8080/" "Mozilla/5.0 (Macintosh; Intel Mac OS X 10_11_6) AppleWebKit/537.36 (KHTML, like Gecko) Chrome/63.0.3239.84 Safari/537.36" 41
- 0:0:0:0:0:0:0:1 - - [05/Jan/2018:15:00:30 +0800] "GET /js/navtab.js HTTP/1.1" 304 - "http://localhost:8080/" "Mozilla/5.0 (Macintosh; Intel Mac OS X 10_11_6) AppleWebKit/537.36 (KHTML, like Gecko) Chrome/63.0.3239.84 Safari/537.36" 3
- 0:0:0:0:0:0:0:1 - - [05/Jan/2018:15:00:30 +0800] "GET /css/main.css HTTP/1.1" 304 - "http://localhost:8080/main.html" "Mozilla/5.0 (Macintosh; Intel Mac OS X 10_11_6) AppleWebKit/537.36 (KHTML, like Gecko) Chrome/63.0.3239.84 Safari/537.36" 3
- 0:0:0:0:0:0:0:1 - - [05/Jan/2018:15:00:30 +0800] "GET /js/main.js HTTP/1.1" 304 - "http://localhost:8080/main.html" "Mozilla/5.0 (Macintosh; Intel Mac OS X 10_11_6) AppleWebKit/537.36 (KHTML, like Gecko) Chrome/63.0.3239.84 Safari/537.36" 3
- 0:0:0:0:0:0:0:1 - - [05/Jan/2018:15:00:35 +0800] "GET /page/JiedanbaoDel.html HTTP/1.1" 200 3552 "http://localhost:8080/" "Mozilla/5.0 (Macintosh; Intel Mac OS X 10_11_6) AppleWebKit/537.36 (KHTML, like Gecko) Chrome/63.0.3239.84 Safari/537.36" 6
- 0:0:0:0:0:0:0:1 - - [05/Jan/2018:15:00:35 +0800] "GET /js/jquery.js HTTP/1.1" 304 - "http://localhost:8080/page/JiedanbaoDel.html" "Mozilla/5.0 (Macintosh; Intel Mac OS X 10_11_6) AppleWebKit/537.36 (KHTML, like Gecko) Chrome/63.0.3239.84 Safari/537.36" 3
- 0:0:0:0:0:0:0:1 - - [05/Jan/2018:15:00:35 +0800] "GET /js/jquery.min.js HTTP/1.1" 304 - "http://localhost:8080/page/JiedanbaoDel.html" "Mozilla/5.0 (Macintosh; Intel Mac OS X 10_11_6) AppleWebKit/537.36 (KHTML, like Gecko) Chrome/63.0.3239.84 Safari/537.36" 13
- 0:0:0:0:0:0:0:1 - - [05/Jan/2018:15:00:38 +0800] "GET /page/JiedanbaoDel.html? HTTP/1.1" 200 3552 "http://localhost:8080/page/JiedanbaoDel.html" "Mozilla/5.0 (Macintosh; Intel Mac OS X 10_11_6) AppleWebKit/537.36 (KHTML, like Gecko) Chrome/63.0.3239.84 Safari/537.36" 8
- 0:0:0:0:0:0:0:1 - - [05/Jan/2018:15:00:38 +0800] "GET /jiedanbao/del?mid=1 HTTP/1.1" 200 147 "http://localhost:8080/page/JiedanbaoDel.html" "Mozilla/5.0 (Macintosh; Intel Mac OS X 10_11_6) AppleWebKit/537.36 (KHTML, like Gecko) Chrome/63.0.3239.84 Safari/537.36" 65
- 0:0:0:0:0:0:0:1 - - [05/Jan/2018:15:01:26 +0800] "GET / HTTP/1.1" 200 9392 "-" "Mozilla/5.0 (Macintosh; Intel Mac OS X 10_11_6) AppleWebKit/537.36 (KHTML, like Gecko) Chrome/63.0.3239.84 Safari/537.36" 146
- 0:0:0:0:0:0:0:1 - - [05/Jan/2018:15:01:26 +0800] "GET /main.html HTTP/1.1" 200 3450 "http://localhost:8080/" "Mozilla/5.0 (Macintosh; Intel Mac OS X 10_11_6) AppleWebKit/537.36 (KHTML, like Gecko) Chrome/63.0.3239.84 Safari/537.36" 51
- 0:0:0:0:0:0:0:1 - - [05/Jan/2018:15:01:29 +0800] "GET /page/JiedanbaoDel.html HTTP/1.1" 200 3552 "http://localhost:8080/" "Mozilla/5.0 (Macintosh; Intel Mac OS X 10_11_6) AppleWebKit/537.36 (KHTML, like Gecko) Chrome/63.0.3239.84 Safari/537.36" 13
- 0:0:0:0:0:0:0:1 - - [05/Jan/2018:15:01:33 +0800] "GET /page/JiedanbaoDel.html? HTTP/1.1" 200 3552 "http://localhost:8080/page/JiedanbaoDel.html" "Mozilla/5.0 (Macintosh; Intel Mac OS X 10_11_6) AppleWebKit/537.36 (KHTML, like Gecko) Chrome/63.0.3239.84 Safari/537.36" 11
- 0:0:0:0:0:0:0:1 - - [05/Jan/2018:15:01:33 +0800] "GET /jiedanbao/del?mid=123 HTTP/1.1" 200 147 "http://localhost:8080/page/JiedanbaoDel.html" "Mozilla/5.0 (Macintosh; Intel Mac OS X 10_11_6) AppleWebKit/537.36 (KHTML, like Gecko) Chrome/63.0.3239.84 Safari/537.36" 282
- 0:0:0:0:0:0:0:1 - - [05/Jan/2018:15:01:41 +0800] "GET /jiedanbao/del?mid=123 HTTP/1.1" 200 147 "-" "Mozilla/5.0 (Macintosh; Intel Mac OS X 10_11_6) AppleWebKit/537.36 (KHTML, like Gecko) Chrome/63.0.3239.84 Safari/537.36" 37
- 0:0:0:0:0:0:0:1 - - [05/Jan/2018:15:02:37 +0800] "GET / HTTP/1.1" 200 9392 "-" "Mozilla/5.0 (Macintosh; Intel Mac OS X 10_11_6) AppleWebKit/537.36 (KHTML, like Gecko) Chrome/63.0.3239.84 Safari/537.36" 160
- 0:0:0:0:0:0:0:1 - - [05/Jan/2018:15:02:37 +0800] "GET /main.html HTTP/1.1" 200 3450 "http://localhost:8080/" "Mozilla/5.0 (Macintosh; Intel Mac OS X 10_11_6) AppleWebKit/537.36 (KHTML, like Gecko) Chrome/63.0.3239.84 Safari/537.36" 13
- 0:0:0:0:0:0:0:1 - - [05/Jan/2018:15:02:39 +0800] "GET /page/JiedanbaoDel.html HTTP/1.1" 200 3551 "http://localhost:8080/" "Mozilla/5.0 (Macintosh; Intel Mac OS X 10_11_6) AppleWebKit/537.36 (KHTML, like Gecko) Chrome/63.0.3239.84 Safari/537.36" 9
- 0:0:0:0:0:0:0:1 - - [05/Jan/2018:15:02:43 +0800] "GET /jiedanbaodel?mid= HTTP/1.1" 200 39 "http://localhost:8080/page/JiedanbaoDel.html" "Mozilla/5.0 (Macintosh; Intel Mac OS X 10_11_6) AppleWebKit/537.36 (KHTML, like Gecko) Chrome/63.0.3239.84 Safari/537.36" 52
- 0:0:0:0:0:0:0:1 - - [05/Jan/2018:15:02:43 +0800] "GET /page/JiedanbaoDel.html? HTTP/1.1" 200 3551 "http://localhost:8080/page/JiedanbaoDel.html" "Mozilla/5.0 (Macintosh; Intel Mac OS X 10_11_6) AppleWebKit/537.36 (KHTML, like Gecko) Chrome/63.0.3239.84 Safari/537.36" 14
- 0:0:0:0:0:0:0:1 - - [05/Jan/2018:15:02:48 +0800] "GET /page/JiedanbaoDel.html? HTTP/1.1" 200 3551 "http://localhost:8080/page/JiedanbaoDel.html?" "Mozilla/5.0 (Macintosh; Intel Mac OS X 10_11_6) AppleWebKit/537.36 (KHTML, like Gecko) Chrome/63.0.3239.84 Safari/537.36" 9
- 0:0:0:0:0:0:0:1 - - [05/Jan/2018:15:02:48 +0800] "GET /jiedanbaodel?mid=123 HTTP/1.1" 200 147 "http://localhost:8080/page/JiedanbaoDel.html?" "Mozilla/5.0 (Macintosh; Intel Mac OS X 10_11_6) AppleWebKit/537.36 (KHTML, like Gecko) Chrome/63.0.3239.84 Safari/537.36" 180
- 0:0:0:0:0:0:0:1 - - [05/Jan/2018:15:22:15 +0800] "GET /jiedanbaodel?mid= HTTP/1.1" 200 39 "http://localhost:8080/page/JiedanbaoDel.html?" "Mozilla/5.0 (Macintosh; Intel Mac OS X 10_11_6) AppleWebKit/537.36 (KHTML, like Gecko) Chrome/63.0.3239.84 Safari/537.36" 6
- 0:0:0:0:0:0:0:1 - - [05/Jan/2018:15:22:15 +0800] "GET /page/JiedanbaoDel.html? HTTP/1.1" 200 3551 "http://localhost:8080/page/JiedanbaoDel.html?" "Mozilla/5.0 (Macintosh; Intel Mac OS X 10_11_6) AppleWebKit/537.36 (KHTML, like Gecko) Chrome/63.0.3239.84 Safari/537.36" 15
- 0:0:0:0:0:0:0:1 - - [05/Jan/2018:15:22:16 +0800] "GET /js/jquery.js HTTP/1.1" 304 - "http://localhost:8080/page/JiedanbaoDel.html?" "Mozilla/5.0 (Macintosh; Intel Mac OS X 10_11_6) AppleWebKit/537.36 (KHTML, like Gecko) Chrome/63.0.3239.84 Safari/537.36" 21
- 0:0:0:0:0:0:0:1 - - [05/Jan/2018:15:22:16 +0800] "GET /js/jquery.min.js HTTP/1.1" 304 - "http://localhost:8080/page/JiedanbaoDel.html?" "Mozilla/5.0 (Macintosh; Intel Mac OS X 10_11_6) AppleWebKit/537.36 (KHTML, like Gecko) Chrome/63.0.3239.84 Safari/537.36" 28
- 0:0:0:0:0:0:0:1 - - [05/Jan/2018:15:29:05 +0800] "GET /page/JiedanbaoDel.html? HTTP/1.1" 200 3551 "http://localhost:8080/page/JiedanbaoDel.html?" "Mozilla/5.0 (Macintosh; Intel Mac OS X 10_11_6) AppleWebKit/537.36 (KHTML, like Gecko) Chrome/63.0.3239.84 Safari/537.36" 14
- 0:0:0:0:0:0:0:1 - - [05/Jan/2018:15:29:05 +0800] "GET /jiedanbaodel?mid=1 HTTP/1.1" 200 147 "http://localhost:8080/page/JiedanbaoDel.html?" "Mozilla/5.0 (Macintosh; Intel Mac OS X 10_11_6) AppleWebKit/537.36 (KHTML, like Gecko) Chrome/63.0.3239.84 Safari/537.36" 56
- 0:0:0:0:0:0:0:1 - - [05/Jan/2018:15:32:45 +0800] "GET / HTTP/1.1" 200 9392 "-" "Mozilla/5.0 (Macintosh; Intel Mac OS X 10_11_6) AppleWebKit/537.36 (KHTML, like Gecko) Chrome/63.0.3239.84 Safari/537.36" 152
- 0:0:0:0:0:0:0:1 - - [05/Jan/2018:15:32:45 +0800] "GET /main.html HTTP/1.1" 200 3450 "http://localhost:8080/" "Mozilla/5.0 (Macintosh; Intel Mac OS X 10_11_6) AppleWebKit/537.36 (KHTML, like Gecko) Chrome/63.0.3239.84 Safari/537.36" 35
- 0:0:0:0:0:0:0:1 - - [05/Jan/2018:15:32:48 +0800] "GET /page/JiedanbaoDel.html HTTP/1.1" 200 3552 "http://localhost:8080/" "Mozilla/5.0 (Macintosh; Intel Mac OS X 10_11_6) AppleWebKit/537.36 (KHTML, like Gecko) Chrome/63.0.3239.84 Safari/537.36" 11
- 0:0:0:0:0:0:0:1 - - [05/Jan/2018:15:32:53 +0800] "GET /page/JiedanbaoDel.html? HTTP/1.1" 200 3552 "http://localhost:8080/page/JiedanbaoDel.html" "Mozilla/5.0 (Macintosh; Intel Mac OS X 10_11_6) AppleWebKit/537.36 (KHTML, like Gecko) Chrome/63.0.3239.84 Safari/537.36" 14
- 0:0:0:0:0:0:0:1 - - [05/Jan/2018:15:32:54 +0800] "GET /jiedanbao/del?mid=1 HTTP/1.1" 200 147 "http://localhost:8080/page/JiedanbaoDel.html" "Mozilla/5.0 (Macintosh; Intel Mac OS X 10_11_6) AppleWebKit/537.36 (KHTML, like Gecko) Chrome/63.0.3239.84 Safari/537.36" 276
- 0:0:0:0:0:0:0:1 - - [05/Jan/2018:15:54:54 +0800] "GET /jiedanbao/del?mid= HTTP/1.1" 200 39 "http://localhost:8080/page/JiedanbaoDel.html?" "Mozilla/5.0 (Macintosh; Intel Mac OS X 10_11_6) AppleWebKit/537.36 (KHTML, like Gecko) Chrome/63.0.3239.84 Safari/537.36" 18
- 0:0:0:0:0:0:0:1 - - [05/Jan/2018:15:54:54 +0800] "GET /page/JiedanbaoDel.html? HTTP/1.1" 200 3552 "http://localhost:8080/page/JiedanbaoDel.html?" "Mozilla/5.0 (Macintosh; Intel Mac OS X 10_11_6) AppleWebKit/537.36 (KHTML, like Gecko) Chrome/63.0.3239.84 Safari/537.36" 24
- 0:0:0:0:0:0:0:1 - - [05/Jan/2018:15:54:54 +0800] "GET /js/jquery.js HTTP/1.1" 304 - "http://localhost:8080/page/JiedanbaoDel.html?" "Mozilla/5.0 (Macintosh; Intel Mac OS X 10_11_6) AppleWebKit/537.36 (KHTML, like Gecko) Chrome/63.0.3239.84 Safari/537.36" 29
- 0:0:0:0:0:0:0:1 - - [05/Jan/2018:15:54:54 +0800] "GET /js/jquery.min.js HTTP/1.1" 304 - "http://localhost:8080/page/JiedanbaoDel.html?" "Mozilla/5.0 (Macintosh; Intel Mac OS X 10_11_6) AppleWebKit/537.36 (KHTML, like Gecko) Chrome/63.0.3239.84 Safari/537.36" 43
- 0:0:0:0:0:0:0:1 - - [05/Jan/2018:15:55:03 +0800] "GET /jiedanbao/del?mid= HTTP/1.1" 200 39 "http://localhost:8080/page/JiedanbaoDel.html?" "Mozilla/5.0 (Macintosh; Intel Mac OS X 10_11_6) AppleWebKit/537.36 (KHTML, like Gecko) Chrome/63.0.3239.84 Safari/537.36" 4
- 0:0:0:0:0:0:0:1 - - [05/Jan/2018:15:55:03 +0800] "GET /page/JiedanbaoDel.html? HTTP/1.1" 200 3552 "http://localhost:8080/page/JiedanbaoDel.html?" "Mozilla/5.0 (Macintosh; Intel Mac OS X 10_11_6) AppleWebKit/537.36 (KHTML, like Gecko) Chrome/63.0.3239.84 Safari/537.36" 9
- 0:0:0:0:0:0:0:1 - - [05/Jan/2018:15:55:17 +0800] "GET /page/JiedanbaoDel.html? HTTP/1.1" 200 3552 "http://localhost:8080/page/JiedanbaoDel.html?" "Mozilla/5.0 (Macintosh; Intel Mac OS X 10_11_6) AppleWebKit/537.36 (KHTML, like Gecko) Chrome/63.0.3239.84 Safari/537.36" 10
- 0:0:0:0:0:0:0:1 - - [05/Jan/2018:15:55:35 +0800] "GET /jiedanbao/del?mid=123 HTTP/1.1" 200 147 "http://localhost:8080/page/JiedanbaoDel.html?" "Mozilla/5.0 (Macintosh; Intel Mac OS X 10_11_6) AppleWebKit/537.36 (KHTML, like Gecko) Chrome/63.0.3239.84 Safari/537.36" 18097
- 0:0:0:0:0:0:0:1 - - [05/Jan/2018:15:55:49 +0800] "GET /jiedanbao/del?mid=123 HTTP/1.1" 200 147 "-" "Mozilla/5.0 (Macintosh; Intel Mac OS X 10_11_6) AppleWebKit/537.36 (KHTML, like Gecko) Chrome/63.0.3239.84 Safari/537.36" 18075
- 0:0:0:0:0:0:0:1 - - [05/Jan/2018:15:55:49 +0800] "GET /jiedanbao/del?mid=123 HTTP/1.1" 200 147 "-" "Mozilla/5.0 (Macintosh; Intel Mac OS X 10_11_6) AppleWebKit/537.36 (KHTML, like Gecko) Chrome/63.0.3239.84 Safari/537.36" 61
- 0:0:0:0:0:0:0:1 - - [05/Jan/2018:15:56:01 +0800] "GET /jiedanbao/del?mid=123 HTTP/1.1" 200 147 "-" "Mozilla/5.0 (Macintosh; Intel Mac OS X 10_11_6) AppleWebKit/537.36 (KHTML, like Gecko) Chrome/63.0.3239.84 Safari/537.36" 57
- 0:0:0:0:0:0:0:1 - - [05/Jan/2018:15:56:06 +0800] "GET /page/JiedanbaoDel.html? HTTP/1.1" 200 3552 "http://localhost:8080/page/JiedanbaoDel.html?" "Mozilla/5.0 (Macintosh; Intel Mac OS X 10_11_6) AppleWebKit/537.36 (KHTML, like Gecko) Chrome/63.0.3239.84 Safari/537.36" 11
- 0:0:0:0:0:0:0:1 - - [05/Jan/2018:15:56:06 +0800] "GET /jiedanbao/del?mid=123 HTTP/1.1" 200 147 "http://localhost:8080/page/JiedanbaoDel.html?" "Mozilla/5.0 (Macintosh; Intel Mac OS X 10_11_6) AppleWebKit/537.36 (KHTML, like Gecko) Chrome/63.0.3239.84 Safari/537.36" 67
- 0:0:0:0:0:0:0:1 - - [05/Jan/2018:15:56:14 +0800] "GET /page/JiedanbaoDel.html? HTTP/1.1" 200 3552 "http://localhost:8080/page/JiedanbaoDel.html?" "Mozilla/5.0 (Macintosh; Intel Mac OS X 10_11_6) AppleWebKit/537.36 (KHTML, like Gecko) Chrome/63.0.3239.84 Safari/537.36" 8
- 0:0:0:0:0:0:0:1 - - [05/Jan/2018:15:56:14 +0800] "GET /jiedanbao/del?mid=123 HTTP/1.1" 200 147 "http://localhost:8080/page/JiedanbaoDel.html?" "Mozilla/5.0 (Macintosh; Intel Mac OS X 10_11_6) AppleWebKit/537.36 (KHTML, like Gecko) Chrome/63.0.3239.84 Safari/537.36" 96
- 0:0:0:0:0:0:0:1 - - [05/Jan/2018:15:56:16 +0800] "GET /jiedanbao/del?mid=123 HTTP/1.1" 200 147 "-" "Mozilla/5.0 (Macintosh; Intel Mac OS X 10_11_6) AppleWebKit/537.36 (KHTML, like Gecko) Chrome/63.0.3239.84 Safari/537.36" 57
- 0:0:0:0:0:0:0:1 - - [05/Jan/2018:15:56:29 +0800] "GET /jiedanbao/del?mid=123 HTTP/1.1" 200 147 "-" "Mozilla/5.0 (Macintosh; Intel Mac OS X 10_11_6) AppleWebKit/537.36 (KHTML, like Gecko) Chrome/63.0.3239.84 Safari/537.36" 56
- 0:0:0:0:0:0:0:1 - - [05/Jan/2018:15:58:19 +0800] "GET / HTTP/1.1" 200 9392 "-" "Mozilla/5.0 (Macintosh; Intel Mac OS X 10_11_6) AppleWebKit/537.36 (KHTML, like Gecko) Chrome/63.0.3239.84 Safari/537.36" 214
- 0:0:0:0:0:0:0:1 - - [05/Jan/2018:15:58:19 +0800] "GET /main.html HTTP/1.1" 200 3450 "http://localhost:8080/" "Mozilla/5.0 (Macintosh; Intel Mac OS X 10_11_6) AppleWebKit/537.36 (KHTML, like Gecko) Chrome/63.0.3239.84 Safari/537.36" 22
- 0:0:0:0:0:0:0:1 - - [05/Jan/2018:15:58:22 +0800] "GET /page/JiedanbaoDel.html HTTP/1.1" 200 3552 "http://localhost:8080/" "Mozilla/5.0 (Macintosh; Intel Mac OS X 10_11_6) AppleWebKit/537.36 (KHTML, like Gecko) Chrome/63.0.3239.84 Safari/537.36" 12
- 0:0:0:0:0:0:0:1 - - [05/Jan/2018:15:58:38 +0800] "GET /page/JiedanbaoDel.html? HTTP/1.1" 200 3552 "http://localhost:8080/page/JiedanbaoDel.html" "Mozilla/5.0 (Macintosh; Intel Mac OS X 10_11_6) AppleWebKit/537.36 (KHTML, like Gecko) Chrome/63.0.3239.84 Safari/537.36" 11351
- 0:0:0:0:0:0:0:1 - - [05/Jan/2018:15:58:38 +0800] "GET /jiedanbao/del?mid=123 HTTP/1.1" 200 147 "http://localhost:8080/page/JiedanbaoDel.html" "Mozilla/5.0 (Macintosh; Intel Mac OS X 10_11_6) AppleWebKit/537.36 (KHTML, like Gecko) Chrome/63.0.3239.84 Safari/537.36" 11722
- 0:0:0:0:0:0:0:1 - - [05/Jan/2018:15:59:05 +0800] "GET / HTTP/1.1" 200 9392 "-" "Mozilla/5.0 (Macintosh; Intel Mac OS X 10_11_6) AppleWebKit/537.36 (KHTML, like Gecko) Chrome/63.0.3239.84 Safari/537.36" 296
- 0:0:0:0:0:0:0:1 - - [05/Jan/2018:15:59:05 +0800] "GET /main.html HTTP/1.1" 200 3450 "http://localhost:8080/" "Mozilla/5.0 (Macintosh; Intel Mac OS X 10_11_6) AppleWebKit/537.36 (KHTML, like Gecko) Chrome/63.0.3239.84 Safari/537.36" 65
- 0:0:0:0:0:0:0:1 - - [05/Jan/2018:15:59:07 +0800] "GET /page/JiedanbaoDel.html HTTP/1.1" 200 3552 "http://localhost:8080/" "Mozilla/5.0 (Macintosh; Intel Mac OS X 10_11_6) AppleWebKit/537.36 (KHTML, like Gecko) Chrome/63.0.3239.84 Safari/537.36" 13
- 0:0:0:0:0:0:0:1 - - [05/Jan/2018:15:59:16 +0800] "GET /page/JiedanbaoDel.html? HTTP/1.1" 200 3552 "http://localhost:8080/page/JiedanbaoDel.html" "Mozilla/5.0 (Macintosh; Intel Mac OS X 10_11_6) AppleWebKit/537.36 (KHTML, like Gecko) Chrome/63.0.3239.84 Safari/537.36" 4680
- 0:0:0:0:0:0:0:1 - - [05/Jan/2018:16:01:42 +0800] "GET /jiedanbao/del?mid=123 HTTP/1.1" 200 147 "http://localhost:8080/page/JiedanbaoDel.html" "Mozilla/5.0 (Macintosh; Intel Mac OS X 10_11_6) AppleWebKit/537.36 (KHTML, like Gecko) Chrome/63.0.3239.84 Safari/537.36" 150129
- 0:0:0:0:0:0:0:1 - - [05/Jan/2018:16:02:02 +0800] "GET / HTTP/1.1" 200 9392 "-" "Mozilla/5.0 (Macintosh; Intel Mac OS X 10_11_6) AppleWebKit/537.36 (KHTML, like Gecko) Chrome/63.0.3239.84 Safari/537.36" 205
- 0:0:0:0:0:0:0:1 - - [05/Jan/2018:16:02:02 +0800] "GET /main.html HTTP/1.1" 200 3450 "http://localhost:8080/" "Mozilla/5.0 (Macintosh; Intel Mac OS X 10_11_6) AppleWebKit/537.36 (KHTML, like Gecko) Chrome/63.0.3239.84 Safari/537.36" 15
- 0:0:0:0:0:0:0:1 - - [05/Jan/2018:16:02:03 +0800] "GET /page/JiedanbaoDel.html HTTP/1.1" 200 3577 "http://localhost:8080/" "Mozilla/5.0 (Macintosh; Intel Mac OS X 10_11_6) AppleWebKit/537.36 (KHTML, like Gecko) Chrome/63.0.3239.84 Safari/537.36" 12
- 0:0:0:0:0:0:0:1 - - [05/Jan/2018:16:02:12 +0800] "GET /page/JiedanbaoDel.html? HTTP/1.1" 200 3577 "http://localhost:8080/page/JiedanbaoDel.html" "Mozilla/5.0 (Macintosh; Intel Mac OS X 10_11_6) AppleWebKit/537.36 (KHTML, like Gecko) Chrome/63.0.3239.84 Safari/537.36" 4102
- 0:0:0:0:0:0:0:1 - - [05/Jan/2018:16:02:23 +0800] "GET /jiedanbao/del?mid=123 HTTP/1.1" 200 147 "http://localhost:8080/page/JiedanbaoDel.html" "Mozilla/5.0 (Macintosh; Intel Mac OS X 10_11_6) AppleWebKit/537.36 (KHTML, like Gecko) Chrome/63.0.3239.84 Safari/537.36" 15366
- 0:0:0:0:0:0:0:1 - - [05/Jan/2018:16:02:54 +0800] "GET / HTTP/1.1" 200 9392 "-" "Mozilla/5.0 (Macintosh; Intel Mac OS X 10_11_6) AppleWebKit/537.36 (KHTML, like Gecko) Chrome/63.0.3239.84 Safari/537.36" 215
- 0:0:0:0:0:0:0:1 - - [05/Jan/2018:16:02:54 +0800] "GET /main.html HTTP/1.1" 200 3450 "http://localhost:8080/" "Mozilla/5.0 (Macintosh; Intel Mac OS X 10_11_6) AppleWebKit/537.36 (KHTML, like Gecko) Chrome/63.0.3239.84 Safari/537.36" 12
- 0:0:0:0:0:0:0:1 - - [05/Jan/2018:16:02:58 +0800] "GET /page/JiedanbaoDel.html HTTP/1.1" 200 3577 "http://localhost:8080/" "Mozilla/5.0 (Macintosh; Intel Mac OS X 10_11_6) AppleWebKit/537.36 (KHTML, like Gecko) Chrome/63.0.3239.84 Safari/537.36" 13
- 0:0:0:0:0:0:0:1 - - [05/Jan/2018:16:03:01 +0800] "GET /page/JiedanbaoDel.html? HTTP/1.1" 200 3577 "http://localhost:8080/page/JiedanbaoDel.html" "Mozilla/5.0 (Macintosh; Intel Mac OS X 10_11_6) AppleWebKit/537.36 (KHTML, like Gecko) Chrome/63.0.3239.84 Safari/537.36" 15
- 0:0:0:0:0:0:0:1 - - [05/Jan/2018:16:03:01 +0800] "GET /jiedanbao/del?mid=123 HTTP/1.1" 200 147 "http://localhost:8080/page/JiedanbaoDel.html" "Mozilla/5.0 (Macintosh; Intel Mac OS X 10_11_6) AppleWebKit/537.36 (KHTML, like Gecko) Chrome/63.0.3239.84 Safari/537.36" 325
- 0:0:0:0:0:0:0:1 - - [05/Jan/2018:16:03:50 +0800] "GET / HTTP/1.1" 200 9392 "-" "Mozilla/5.0 (Macintosh; Intel Mac OS X 10_11_6) AppleWebKit/537.36 (KHTML, like Gecko) Chrome/63.0.3239.84 Safari/537.36" 197
- 0:0:0:0:0:0:0:1 - - [05/Jan/2018:16:03:50 +0800] "GET /main.html HTTP/1.1" 200 3450 "http://localhost:8080/" "Mozilla/5.0 (Macintosh; Intel Mac OS X 10_11_6) AppleWebKit/537.36 (KHTML, like Gecko) Chrome/63.0.3239.84 Safari/537.36" 24
- 0:0:0:0:0:0:0:1 - - [05/Jan/2018:16:03:52 +0800] "GET /page/JiedanbaoDel.html HTTP/1.1" 200 3612 "http://localhost:8080/" "Mozilla/5.0 (Macintosh; Intel Mac OS X 10_11_6) AppleWebKit/537.36 (KHTML, like Gecko) Chrome/63.0.3239.84 Safari/537.36" 13
- 0:0:0:0:0:0:0:1 - - [05/Jan/2018:16:03:54 +0800] "GET /page/JiedanbaoDel.html? HTTP/1.1" 200 3612 "http://localhost:8080/page/JiedanbaoDel.html" "Mozilla/5.0 (Macintosh; Intel Mac OS X 10_11_6) AppleWebKit/537.36 (KHTML, like Gecko) Chrome/63.0.3239.84 Safari/537.36" 9
- 0:0:0:0:0:0:0:1 - - [05/Jan/2018:16:03:54 +0800] "GET /jiedanbao/del?mid=111 HTTP/1.1" 200 147 "http://localhost:8080/page/JiedanbaoDel.html" "Mozilla/5.0 (Macintosh; Intel Mac OS X 10_11_6) AppleWebKit/537.36 (KHTML, like Gecko) Chrome/63.0.3239.84 Safari/537.36" 318
- 0:0:0:0:0:0:0:1 - - [05/Jan/2018:16:04:32 +0800] "GET /page/JiedanbaoDel.html? HTTP/1.1" 200 3612 "http://localhost:8080/page/JiedanbaoDel.html?" "Mozilla/5.0 (Macintosh; Intel Mac OS X 10_11_6) AppleWebKit/537.36 (KHTML, like Gecko) Chrome/63.0.3239.84 Safari/537.36" 12
- 0:0:0:0:0:0:0:1 - - [05/Jan/2018:16:04:32 +0800] "GET /jiedanbao/del?mid=11 HTTP/1.1" 200 147 "http://localhost:8080/page/JiedanbaoDel.html?" "Mozilla/5.0 (Macintosh; Intel Mac OS X 10_11_6) AppleWebKit/537.36 (KHTML, like Gecko) Chrome/63.0.3239.84 Safari/537.36" 81
- 0:0:0:0:0:0:0:1 - - [05/Jan/2018:16:11:54 +0800] "GET / HTTP/1.1" 200 9392 "-" "Mozilla/5.0 (Macintosh; Intel Mac OS X 10_11_6) AppleWebKit/537.36 (KHTML, like Gecko) Chrome/63.0.3239.84 Safari/537.36" 161
- 0:0:0:0:0:0:0:1 - - [05/Jan/2018:16:11:54 +0800] "GET /images/didilogo.png HTTP/1.1" 304 - "http://localhost:8080/" "Mozilla/5.0 (Macintosh; Intel Mac OS X 10_11_6) AppleWebKit/537.36 (KHTML, like Gecko) Chrome/63.0.3239.84 Safari/537.36" 13
- 0:0:0:0:0:0:0:1 - - [05/Jan/2018:16:11:54 +0800] "GET /main.html HTTP/1.1" 200 3450 "http://localhost:8080/" "Mozilla/5.0 (Macintosh; Intel Mac OS X 10_11_6) AppleWebKit/537.36 (KHTML, like Gecko) Chrome/63.0.3239.84 Safari/537.36" 10
- 0:0:0:0:0:0:0:1 - - [05/Jan/2018:16:11:56 +0800] "GET /page/JiedanbaoDel.html HTTP/1.1" 200 3375 "http://localhost:8080/" "Mozilla/5.0 (Macintosh; Intel Mac OS X 10_11_6) AppleWebKit/537.36 (KHTML, like Gecko) Chrome/63.0.3239.84 Safari/537.36" 12
- 0:0:0:0:0:0:0:1 - - [05/Jan/2018:16:11:59 +0800] "GET null null" 400 - "-" "-" 0
- 0:0:0:0:0:0:0:1 - - [05/Jan/2018:16:12:00 +0800] "GET /page/JiedanbaoDel.html? HTTP/1.1" 200 3375 "http://localhost:8080/page/JiedanbaoDel.html" "Mozilla/5.0 (Macintosh; Intel Mac OS X 10_11_6) AppleWebKit/537.36 (KHTML, like Gecko) Chrome/63.0.3239.84 Safari/537.36" 7
- 0:0:0:0:0:0:0:1 - - [05/Jan/2018:16:12:11 +0800] "GET null null" 400 - "-" "-" 0
- 0:0:0:0:0:0:0:1 - - [05/Jan/2018:16:12:11 +0800] "GET /page/JiedanbaoDel.html? HTTP/1.1" 200 3375 "http://localhost:8080/page/JiedanbaoDel.html?" "Mozilla/5.0 (Macintosh; Intel Mac OS X 10_11_6) AppleWebKit/537.36 (KHTML, like Gecko) Chrome/63.0.3239.84 Safari/537.36" 10
- 0:0:0:0:0:0:0:1 - - [05/Jan/2018:16:13:22 +0800] "GET / HTTP/1.1" 200 9392 "-" "Mozilla/5.0 (Macintosh; Intel Mac OS X 10_11_6) AppleWebKit/537.36 (KHTML, like Gecko) Chrome/63.0.3239.84 Safari/537.36" 149
- 0:0:0:0:0:0:0:1 - - [05/Jan/2018:16:13:22 +0800] "GET /main.html HTTP/1.1" 200 3450 "http://localhost:8080/" "Mozilla/5.0 (Macintosh; Intel Mac OS X 10_11_6) AppleWebKit/537.36 (KHTML, like Gecko) Chrome/63.0.3239.84 Safari/537.36" 14
- 0:0:0:0:0:0:0:1 - - [05/Jan/2018:16:13:23 +0800] "GET /page/JiedanbaoDel.html HTTP/1.1" 200 3377 "http://localhost:8080/" "Mozilla/5.0 (Macintosh; Intel Mac OS X 10_11_6) AppleWebKit/537.36 (KHTML, like Gecko) Chrome/63.0.3239.84 Safari/537.36" 12
- 0:0:0:0:0:0:0:1 - - [05/Jan/2018:16:13:27 +0800] "GET /jiedanbao/del?mid= HTTP/1.1" 200 39 "http://localhost:8080/page/JiedanbaoDel.html" "Mozilla/5.0 (Macintosh; Intel Mac OS X 10_11_6) AppleWebKit/537.36 (KHTML, like Gecko) Chrome/63.0.3239.84 Safari/537.36" 53
- 0:0:0:0:0:0:0:1 - - [05/Jan/2018:16:13:27 +0800] "GET /page/JiedanbaoDel.html? HTTP/1.1" 200 3377 "http://localhost:8080/page/JiedanbaoDel.html" "Mozilla/5.0 (Macintosh; Intel Mac OS X 10_11_6) AppleWebKit/537.36 (KHTML, like Gecko) Chrome/63.0.3239.84 Safari/537.36" 9
- 0:0:0:0:0:0:0:1 - - [05/Jan/2018:16:13:32 +0800] "GET /page/JiedanbaoDel.html? HTTP/1.1" 200 3377 "http://localhost:8080/page/JiedanbaoDel.html?" "Mozilla/5.0 (Macintosh; Intel Mac OS X 10_11_6) AppleWebKit/537.36 (KHTML, like Gecko) Chrome/63.0.3239.84 Safari/537.36" 11
- 0:0:0:0:0:0:0:1 - - [05/Jan/2018:16:13:32 +0800] "GET /jiedanbao/del?mid=1 HTTP/1.1" 200 147 "http://localhost:8080/page/JiedanbaoDel.html?" "Mozilla/5.0 (Macintosh; Intel Mac OS X 10_11_6) AppleWebKit/537.36 (KHTML, like Gecko) Chrome/63.0.3239.84 Safari/537.36" 230
- 0:0:0:0:0:0:0:1 - - [05/Jan/2018:16:14:11 +0800] "GET /jiedanbao/del?mid=1 HTTP/1.1" 200 147 "-" "Mozilla/5.0 (Macintosh; Intel Mac OS X 10_11_6) AppleWebKit/537.36 (KHTML, like Gecko) Chrome/63.0.3239.84 Safari/537.36" 88
- 0:0:0:0:0:0:0:1 - - [05/Jan/2018:16:15:35 +0800] "GET / HTTP/1.1" 200 9392 "-" "Mozilla/5.0 (Macintosh; Intel Mac OS X 10_11_6) AppleWebKit/537.36 (KHTML, like Gecko) Chrome/63.0.3239.84 Safari/537.36" 152
- 0:0:0:0:0:0:0:1 - - [05/Jan/2018:16:15:35 +0800] "GET /main.html HTTP/1.1" 200 3450 "http://localhost:8080/" "Mozilla/5.0 (Macintosh; Intel Mac OS X 10_11_6) AppleWebKit/537.36 (KHTML, like Gecko) Chrome/63.0.3239.84 Safari/537.36" 22
- 0:0:0:0:0:0:0:1 - - [05/Jan/2018:16:15:37 +0800] "GET /page/JiedanbaoDel.html HTTP/1.1" 200 3377 "http://localhost:8080/" "Mozilla/5.0 (Macintosh; Intel Mac OS X 10_11_6) AppleWebKit/537.36 (KHTML, like Gecko) Chrome/63.0.3239.84 Safari/537.36" 12
- 0:0:0:0:0:0:0:1 - - [05/Jan/2018:16:15:41 +0800] "GET /page/JiedanbaoDel.html? HTTP/1.1" 200 3377 "http://localhost:8080/page/JiedanbaoDel.html" "Mozilla/5.0 (Macintosh; Intel Mac OS X 10_11_6) AppleWebKit/537.36 (KHTML, like Gecko) Chrome/63.0.3239.84 Safari/537.36" 9
- 0:0:0:0:0:0:0:1 - - [05/Jan/2018:16:15:47 +0800] "GET /page/JiedanbaoDel.html? HTTP/1.1" 200 3377 "http://localhost:8080/page/JiedanbaoDel.html?" "Mozilla/5.0 (Macintosh; Intel Mac OS X 10_11_6) AppleWebKit/537.36 (KHTML, like Gecko) Chrome/63.0.3239.84 Safari/537.36" 10
- 0:0:0:0:0:0:0:1 - - [05/Jan/2018:16:16:51 +0800] "GET / HTTP/1.1" 200 9392 "-" "Mozilla/5.0 (Macintosh; Intel Mac OS X 10_11_6) AppleWebKit/537.36 (KHTML, like Gecko) Chrome/63.0.3239.84 Safari/537.36" 152
- 0:0:0:0:0:0:0:1 - - [05/Jan/2018:16:16:51 +0800] "GET /main.html HTTP/1.1" 200 3450 "http://localhost:8080/" "Mozilla/5.0 (Macintosh; Intel Mac OS X 10_11_6) AppleWebKit/537.36 (KHTML, like Gecko) Chrome/63.0.3239.84 Safari/537.36" 13
- 0:0:0:0:0:0:0:1 - - [05/Jan/2018:16:16:57 +0800] "GET /page/JiedanbaoDel.html HTTP/1.1" 200 3382 "http://localhost:8080/" "Mozilla/5.0 (Macintosh; Intel Mac OS X 10_11_6) AppleWebKit/537.36 (KHTML, like Gecko) Chrome/63.0.3239.84 Safari/537.36" 11
- 0:0:0:0:0:0:0:1 - - [05/Jan/2018:16:17:04 +0800] "GET /jiedanbao/del?mid= HTTP/1.1" 200 39 "http://localhost:8080/page/JiedanbaoDel.html" "Mozilla/5.0 (Macintosh; Intel Mac OS X 10_11_6) AppleWebKit/537.36 (KHTML, like Gecko) Chrome/63.0.3239.84 Safari/537.36" 53
- 0:0:0:0:0:0:0:1 - - [05/Jan/2018:16:17:05 +0800] "GET /page/JiedanbaoDel.html? HTTP/1.1" 200 3382 "http://localhost:8080/page/JiedanbaoDel.html" "Mozilla/5.0 (Macintosh; Intel Mac OS X 10_11_6) AppleWebKit/537.36 (KHTML, like Gecko) Chrome/63.0.3239.84 Safari/537.36" 12
- 0:0:0:0:0:0:0:1 - - [05/Jan/2018:16:17:07 +0800] "GET /jiedanbao/del?mid= HTTP/1.1" 200 39 "-" "Mozilla/5.0 (Macintosh; Intel Mac OS X 10_11_6) AppleWebKit/537.36 (KHTML, like Gecko) Chrome/63.0.3239.84 Safari/537.36" 4
- 0:0:0:0:0:0:0:1 - - [05/Jan/2018:16:17:13 +0800] "GET /page/JiedanbaoDel.html? HTTP/1.1" 200 3382 "http://localhost:8080/page/JiedanbaoDel.html?" "Mozilla/5.0 (Macintosh; Intel Mac OS X 10_11_6) AppleWebKit/537.36 (KHTML, like Gecko) Chrome/63.0.3239.84 Safari/537.36" 10
- 0:0:0:0:0:0:0:1 - - [05/Jan/2018:16:17:14 +0800] "GET /jiedanbao/del?mid=1 HTTP/1.1" 200 147 "http://localhost:8080/page/JiedanbaoDel.html?" "Mozilla/5.0 (Macintosh; Intel Mac OS X 10_11_6) AppleWebKit/537.36 (KHTML, like Gecko) Chrome/63.0.3239.84 Safari/537.36" 272
- 0:0:0:0:0:0:0:1 - - [05/Jan/2018:16:17:20 +0800] "GET /jiedanbao/del?mid=1 HTTP/1.1" 200 147 "-" "Mozilla/5.0 (Macintosh; Intel Mac OS X 10_11_6) AppleWebKit/537.36 (KHTML, like Gecko) Chrome/63.0.3239.84 Safari/537.36" 71
- 0:0:0:0:0:0:0:1 - - [05/Jan/2018:16:19:15 +0800] "GET / HTTP/1.1" 200 9392 "-" "Mozilla/5.0 (Macintosh; Intel Mac OS X 10_11_6) AppleWebKit/537.36 (KHTML, like Gecko) Chrome/63.0.3239.84 Safari/537.36" 158
- 0:0:0:0:0:0:0:1 - - [05/Jan/2018:16:19:15 +0800] "GET /main.html HTTP/1.1" 200 3450 "http://localhost:8080/" "Mozilla/5.0 (Macintosh; Intel Mac OS X 10_11_6) AppleWebKit/537.36 (KHTML, like Gecko) Chrome/63.0.3239.84 Safari/537.36" 31
- 0:0:0:0:0:0:0:1 - - [05/Jan/2018:16:19:18 +0800] "GET /page/JiedanbaoDel.html HTTP/1.1" 200 3381 "http://localhost:8080/" "Mozilla/5.0 (Macintosh; Intel Mac OS X 10_11_6) AppleWebKit/537.36 (KHTML, like Gecko) Chrome/63.0.3239.84 Safari/537.36" 9
- 0:0:0:0:0:0:0:1 - - [05/Jan/2018:16:19:23 +0800] "GET /page/JiedanbaoDel.html? HTTP/1.1" 200 3381 "http://localhost:8080/page/JiedanbaoDel.html" "Mozilla/5.0 (Macintosh; Intel Mac OS X 10_11_6) AppleWebKit/537.36 (KHTML, like Gecko) Chrome/63.0.3239.84 Safari/537.36" 13
- 0:0:0:0:0:0:0:1 - - [05/Jan/2018:16:19:23 +0800] "GET /jiedanbao/del?mid=1 HTTP/1.1" 200 147 "http://localhost:8080/page/JiedanbaoDel.html" "Mozilla/5.0 (Macintosh; Intel Mac OS X 10_11_6) AppleWebKit/537.36 (KHTML, like Gecko) Chrome/63.0.3239.84 Safari/537.36" 301
- 0:0:0:0:0:0:0:1 - - [05/Jan/2018:16:19:24 +0800] "GET /jiedanbao/del?mid=1 HTTP/1.1" 200 147 "-" "Mozilla/5.0 (Macintosh; Intel Mac OS X 10_11_6) AppleWebKit/537.36 (KHTML, like Gecko) Chrome/63.0.3239.84 Safari/537.36" 81
- 0:0:0:0:0:0:0:1 - - [05/Jan/2018:16:41:15 +0800] "GET / HTTP/1.1" 200 9392 "-" "Mozilla/5.0 (Macintosh; Intel Mac OS X 10_11_6) AppleWebKit/537.36 (KHTML, like Gecko) Chrome/63.0.3239.84 Safari/537.36" 181
- 0:0:0:0:0:0:0:1 - - [05/Jan/2018:16:41:15 +0800] "GET /main.html HTTP/1.1" 200 3450 "http://localhost:8080/" "Mozilla/5.0 (Macintosh; Intel Mac OS X 10_11_6) AppleWebKit/537.36 (KHTML, like Gecko) Chrome/63.0.3239.84 Safari/537.36" 18
- 0:0:0:0:0:0:0:1 - - [05/Jan/2018:16:41:17 +0800] "GET /page/JiedanbaoDel.html HTTP/1.1" 200 3413 "http://localhost:8080/" "Mozilla/5.0 (Macintosh; Intel Mac OS X 10_11_6) AppleWebKit/537.36 (KHTML, like Gecko) Chrome/63.0.3239.84 Safari/537.36" 18
- 0:0:0:0:0:0:0:1 - - [05/Jan/2018:16:41:17 +0800] "GET /js/jquery.js HTTP/1.1" 304 - "http://localhost:8080/page/JiedanbaoDel.html" "Mozilla/5.0 (Macintosh; Intel Mac OS X 10_11_6) AppleWebKit/537.36 (KHTML, like Gecko) Chrome/63.0.3239.84 Safari/537.36" 13
- 0:0:0:0:0:0:0:1 - - [05/Jan/2018:16:41:17 +0800] "GET /js/jquery.min.js HTTP/1.1" 304 - "http://localhost:8080/page/JiedanbaoDel.html" "Mozilla/5.0 (Macintosh; Intel Mac OS X 10_11_6) AppleWebKit/537.36 (KHTML, like Gecko) Chrome/63.0.3239.84 Safari/537.36" 16
- 0:0:0:0:0:0:0:1 - - [05/Jan/2018:16:41:20 +0800] "GET /page/JiedanbaoDel.html? HTTP/1.1" 200 3413 "http://localhost:8080/page/JiedanbaoDel.html" "Mozilla/5.0 (Macintosh; Intel Mac OS X 10_11_6) AppleWebKit/537.36 (KHTML, like Gecko) Chrome/63.0.3239.84 Safari/537.36" 11
- 0:0:0:0:0:0:0:1 - - [05/Jan/2018:16:41:20 +0800] "GET /jiedanbao/del?mid=1 HTTP/1.1" 200 147 "http://localhost:8080/page/JiedanbaoDel.html" "Mozilla/5.0 (Macintosh; Intel Mac OS X 10_11_6) AppleWebKit/537.36 (KHTML, like Gecko) Chrome/63.0.3239.84 Safari/537.36" 341
- 0:0:0:0:0:0:0:1 - - [05/Jan/2018:16:50:24 +0800] "GET / HTTP/1.1" 200 9392 "-" "Mozilla/5.0 (Macintosh; Intel Mac OS X 10_11_6) AppleWebKit/537.36 (KHTML, like Gecko) Chrome/63.0.3239.84 Safari/537.36" 161
- 0:0:0:0:0:0:0:1 - - [05/Jan/2018:16:50:24 +0800] "GET /common/global.css HTTP/1.1" 304 - "http://localhost:8080/" "Mozilla/5.0 (Macintosh; Intel Mac OS X 10_11_6) AppleWebKit/537.36 (KHTML, like Gecko) Chrome/63.0.3239.84 Safari/537.36" 54
- 0:0:0:0:0:0:0:1 - - [05/Jan/2018:16:50:24 +0800] "GET /main.html HTTP/1.1" 200 3450 "http://localhost:8080/" "Mozilla/5.0 (Macintosh; Intel Mac OS X 10_11_6) AppleWebKit/537.36 (KHTML, like Gecko) Chrome/63.0.3239.84 Safari/537.36" 24
- 0:0:0:0:0:0:0:1 - - [05/Jan/2018:16:50:26 +0800] "GET /page/JiedanbaoDel.html HTTP/1.1" 200 3552 "http://localhost:8080/" "Mozilla/5.0 (Macintosh; Intel Mac OS X 10_11_6) AppleWebKit/537.36 (KHTML, like Gecko) Chrome/63.0.3239.84 Safari/537.36" 11
- 0:0:0:0:0:0:0:1 - - [05/Jan/2018:16:50:26 +0800] "GET /css/personal.css HTTP/1.1" 304 - "http://localhost:8080/page/JiedanbaoDel.html" "Mozilla/5.0 (Macintosh; Intel Mac OS X 10_11_6) AppleWebKit/537.36 (KHTML, like Gecko) Chrome/63.0.3239.84 Safari/537.36" 7
- 0:0:0:0:0:0:0:1 - - [05/Jan/2018:16:50:29 +0800] "GET /page/JiedanbaoDel.html? HTTP/1.1" 200 3552 "http://localhost:8080/page/JiedanbaoDel.html" "Mozilla/5.0 (Macintosh; Intel Mac OS X 10_11_6) AppleWebKit/537.36 (KHTML, like Gecko) Chrome/63.0.3239.84 Safari/537.36" 9
- 0:0:0:0:0:0:0:1 - - [05/Jan/2018:16:50:30 +0800] "POST /jiedanbao/del HTTP/1.1" 500 170 "http://localhost:8080/page/JiedanbaoDel.html" "Mozilla/5.0 (Macintosh; Intel Mac OS X 10_11_6) AppleWebKit/537.36 (KHTML, like Gecko) Chrome/63.0.3239.84 Safari/537.36" 194
- 0:0:0:0:0:0:0:1 - - [05/Jan/2018:16:50:35 +0800] "GET /jiedanbao/del HTTP/1.1" 500 302 "-" "Mozilla/5.0 (Macintosh; Intel Mac OS X 10_11_6) AppleWebKit/537.36 (KHTML, like Gecko) Chrome/63.0.3239.84 Safari/537.36" 46
- 0:0:0:0:0:0:0:1 - - [05/Jan/2018:16:56:44 +0800] "GET / HTTP/1.1" 200 9392 "-" "Mozilla/5.0 (Macintosh; Intel Mac OS X 10_11_6) AppleWebKit/537.36 (KHTML, like Gecko) Chrome/63.0.3239.84 Safari/537.36" 229
- 0:0:0:0:0:0:0:1 - - [05/Jan/2018:16:56:44 +0800] "GET /main.html HTTP/1.1" 200 3450 "http://localhost:8080/" "Mozilla/5.0 (Macintosh; Intel Mac OS X 10_11_6) AppleWebKit/537.36 (KHTML, like Gecko) Chrome/63.0.3239.84 Safari/537.36" 13
- 0:0:0:0:0:0:0:1 - - [05/Jan/2018:16:56:46 +0800] "GET /page/JiedanbaoDel.html HTTP/1.1" 200 3725 "http://localhost:8080/" "Mozilla/5.0 (Macintosh; Intel Mac OS X 10_11_6) AppleWebKit/537.36 (KHTML, like Gecko) Chrome/63.0.3239.84 Safari/537.36" 11
- 0:0:0:0:0:0:0:1 - - [05/Jan/2018:16:56:49 +0800] "GET /page/JiedanbaoDel.html? HTTP/1.1" 200 3725 "http://localhost:8080/page/JiedanbaoDel.html" "Mozilla/5.0 (Macintosh; Intel Mac OS X 10_11_6) AppleWebKit/537.36 (KHTML, like Gecko) Chrome/63.0.3239.84 Safari/537.36" 12
- 0:0:0:0:0:0:0:1 - - [05/Jan/2018:16:56:49 +0800] "GET /jiedanbao/del?mid1 HTTP/1.1" 500 170 "http://localhost:8080/page/JiedanbaoDel.html" "Mozilla/5.0 (Macintosh; Intel Mac OS X 10_11_6) AppleWebKit/537.36 (KHTML, like Gecko) Chrome/63.0.3239.84 Safari/537.36" 155
- 0:0:0:0:0:0:0:1 - - [05/Jan/2018:16:56:51 +0800] "GET /jiedanbao/del?mid1 HTTP/1.1" 500 302 "-" "Mozilla/5.0 (Macintosh; Intel Mac OS X 10_11_6) AppleWebKit/537.36 (KHTML, like Gecko) Chrome/63.0.3239.84 Safari/537.36" 50
- 0:0:0:0:0:0:0:1 - - [05/Jan/2018:16:57:17 +0800] "GET / HTTP/1.1" 200 9392 "-" "Mozilla/5.0 (Macintosh; Intel Mac OS X 10_11_6) AppleWebKit/537.36 (KHTML, like Gecko) Chrome/63.0.3239.84 Safari/537.36" 341
- 0:0:0:0:0:0:0:1 - - [05/Jan/2018:16:57:18 +0800] "GET /main.html HTTP/1.1" 200 3450 "http://localhost:8080/" "Mozilla/5.0 (Macintosh; Intel Mac OS X 10_11_6) AppleWebKit/537.36 (KHTML, like Gecko) Chrome/63.0.3239.84 Safari/537.36" 14
- 0:0:0:0:0:0:0:1 - - [05/Jan/2018:16:57:21 +0800] "GET /page/JiedanbaoDel.html HTTP/1.1" 200 3726 "http://localhost:8080/" "Mozilla/5.0 (Macintosh; Intel Mac OS X 10_11_6) AppleWebKit/537.36 (KHTML, like Gecko) Chrome/63.0.3239.84 Safari/537.36" 10
- 0:0:0:0:0:0:0:1 - - [05/Jan/2018:16:57:22 +0800] "GET / HTTP/1.1" 200 9392 "-" "Mozilla/5.0 (Macintosh; Intel Mac OS X 10_11_6) AppleWebKit/537.36 (KHTML, like Gecko) Chrome/63.0.3239.84 Safari/537.36" 8
- 0:0:0:0:0:0:0:1 - - [05/Jan/2018:16:57:22 +0800] "GET /main.html HTTP/1.1" 200 3450 "http://localhost:8080/" "Mozilla/5.0 (Macintosh; Intel Mac OS X 10_11_6) AppleWebKit/537.36 (KHTML, like Gecko) Chrome/63.0.3239.84 Safari/537.36" 10
- 0:0:0:0:0:0:0:1 - - [05/Jan/2018:16:57:22 +0800] "GET /favicon.ico HTTP/1.1" 200 946 "http://localhost:8080/" "Mozilla/5.0 (Macintosh; Intel Mac OS X 10_11_6) AppleWebKit/537.36 (KHTML, like Gecko) Chrome/63.0.3239.84 Safari/537.36" 29
- 0:0:0:0:0:0:0:1 - - [05/Jan/2018:16:57:26 +0800] "GET /page/JiedanbaoDel.html HTTP/1.1" 200 3726 "http://localhost:8080/" "Mozilla/5.0 (Macintosh; Intel Mac OS X 10_11_6) AppleWebKit/537.36 (KHTML, like Gecko) Chrome/63.0.3239.84 Safari/537.36" 9
- 0:0:0:0:0:0:0:1 - - [05/Jan/2018:16:57:32 +0800] "GET /page/JiedanbaoDel.html? HTTP/1.1" 200 3726 "http://localhost:8080/page/JiedanbaoDel.html" "Mozilla/5.0 (Macintosh; Intel Mac OS X 10_11_6) AppleWebKit/537.36 (KHTML, like Gecko) Chrome/63.0.3239.84 Safari/537.36" 19
- 0:0:0:0:0:0:0:1 - - [05/Jan/2018:16:57:36 +0800] "GET /page/JiedanbaoDel.html? HTTP/1.1" 200 3726 "http://localhost:8080/page/JiedanbaoDel.html?" "Mozilla/5.0 (Macintosh; Intel Mac OS X 10_11_6) AppleWebKit/537.36 (KHTML, like Gecko) Chrome/63.0.3239.84 Safari/537.36" 13
- 0:0:0:0:0:0:0:1 - - [05/Jan/2018:16:57:37 +0800] "GET /jiedanbao/del?mid=1 HTTP/1.1" 200 147 "http://localhost:8080/page/JiedanbaoDel.html?" "Mozilla/5.0 (Macintosh; Intel Mac OS X 10_11_6) AppleWebKit/537.36 (KHTML, like Gecko) Chrome/63.0.3239.84 Safari/537.36" 324
- 0:0:0:0:0:0:0:1 - - [05/Jan/2018:16:57:38 +0800] "GET /jiedanbao/del?mid=1 HTTP/1.1" 200 147 "-" "Mozilla/5.0 (Macintosh; Intel Mac OS X 10_11_6) AppleWebKit/537.36 (KHTML, like Gecko) Chrome/63.0.3239.84 Safari/537.36" 74
- 0:0:0:0:0:0:0:1 - - [05/Jan/2018:17:03:51 +0800] "GET / HTTP/1.1" 200 9392 "-" "Mozilla/5.0 (Macintosh; Intel Mac OS X 10_11_6) AppleWebKit/537.36 (KHTML, like Gecko) Chrome/63.0.3239.84 Safari/537.36" 153
- 0:0:0:0:0:0:0:1 - - [05/Jan/2018:17:03:51 +0800] "GET /main.html HTTP/1.1" 200 3450 "http://localhost:8080/" "Mozilla/5.0 (Macintosh; Intel Mac OS X 10_11_6) AppleWebKit/537.36 (KHTML, like Gecko) Chrome/63.0.3239.84 Safari/537.36" 16
- 0:0:0:0:0:0:0:1 - - [05/Jan/2018:17:03:53 +0800] "GET /page/JiedanbaoDel.html HTTP/1.1" 200 3759 "http://localhost:8080/" "Mozilla/5.0 (Macintosh; Intel Mac OS X 10_11_6) AppleWebKit/537.36 (KHTML, like Gecko) Chrome/63.0.3239.84 Safari/537.36" 10
- 0:0:0:0:0:0:0:1 - - [05/Jan/2018:17:03:55 +0800] "GET /page/JiedanbaoDel.html? HTTP/1.1" 200 3759 "http://localhost:8080/page/JiedanbaoDel.html" "Mozilla/5.0 (Macintosh; Intel Mac OS X 10_11_6) AppleWebKit/537.36 (KHTML, like Gecko) Chrome/63.0.3239.84 Safari/537.36" 12
- 0:0:0:0:0:0:0:1 - - [05/Jan/2018:17:03:56 +0800] "GET /jiedanbao/del?mid=1 HTTP/1.1" 200 147 "http://localhost:8080/page/JiedanbaoDel.html" "Mozilla/5.0 (Macintosh; Intel Mac OS X 10_11_6) AppleWebKit/537.36 (KHTML, like Gecko) Chrome/63.0.3239.84 Safari/537.36" 294
- 0:0:0:0:0:0:0:1 - - [05/Jan/2018:18:44:32 +0800] "GET /page/login.html HTTP/1.1" 200 2183 "http://localhost:8080/" "Mozilla/5.0 (Macintosh; Intel Mac OS X 10_11_6) AppleWebKit/537.36 (KHTML, like Gecko) Chrome/63.0.3239.84 Safari/537.36" 28
- 0:0:0:0:0:0:0:1 - - [05/Jan/2018:18:44:32 +0800] "GET /common/layui/css/layui.css HTTP/1.1" 304 - "http://localhost:8080/page/login.html" "Mozilla/5.0 (Macintosh; Intel Mac OS X 10_11_6) AppleWebKit/537.36 (KHTML, like Gecko) Chrome/63.0.3239.84 Safari/537.36" 31
- 0:0:0:0:0:0:0:1 - - [05/Jan/2018:18:44:32 +0800] "GET /common/layui/lay/dest/layui.all.js HTTP/1.1" 304 - "http://localhost:8080/page/login.html" "Mozilla/5.0 (Macintosh; Intel Mac OS X 10_11_6) AppleWebKit/537.36 (KHTML, like Gecko) Chrome/63.0.3239.84 Safari/537.36" 29
- 0:0:0:0:0:0:0:1 - - [05/Jan/2018:18:44:32 +0800] "GET /css/login.css HTTP/1.1" 200 3525 "http://localhost:8080/page/login.html" "Mozilla/5.0 (Macintosh; Intel Mac OS X 10_11_6) AppleWebKit/537.36 (KHTML, like Gecko) Chrome/63.0.3239.84 Safari/537.36" 37
- 0:0:0:0:0:0:0:1 - - [05/Jan/2018:18:44:32 +0800] "GET /jsplug/jparticle.jquery.js HTTP/1.1" 304 - "http://localhost:8080/page/login.html" "Mozilla/5.0 (Macintosh; Intel Mac OS X 10_11_6) AppleWebKit/537.36 (KHTML, like Gecko) Chrome/63.0.3239.84 Safari/537.36" 5
- 0:0:0:0:0:0:0:1 - - [05/Jan/2018:18:44:32 +0800] "GET /js/login.js HTTP/1.1" 200 684 "http://localhost:8080/page/login.html" "Mozilla/5.0 (Macintosh; Intel Mac OS X 10_11_6) AppleWebKit/537.36 (KHTML, like Gecko) Chrome/63.0.3239.84 Safari/537.36" 9
- 0:0:0:0:0:0:0:1 - - [05/Jan/2018:18:44:32 +0800] "GET /images/verifyimg.png HTTP/1.1" 304 - "http://localhost:8080/page/login.html" "Mozilla/5.0 (Macintosh; Intel Mac OS X 10_11_6) AppleWebKit/537.36 (KHTML, like Gecko) Chrome/63.0.3239.84 Safari/537.36" 8
- 0:0:0:0:0:0:0:1 - - [05/Jan/2018:18:44:32 +0800] "GET /common/layui/css/modules/laydate/laydate.css HTTP/1.1" 304 - "http://localhost:8080/page/login.html" "Mozilla/5.0 (Macintosh; Intel Mac OS X 10_11_6) AppleWebKit/537.36 (KHTML, like Gecko) Chrome/63.0.3239.84 Safari/537.36" 8
- 0:0:0:0:0:0:0:1 - - [05/Jan/2018:18:44:32 +0800] "GET /css/font/adminthemes-webfont.woff2 HTTP/1.1" 200 6116 "http://localhost:8080/css/login.css" "Mozilla/5.0 (Macintosh; Intel Mac OS X 10_11_6) AppleWebKit/537.36 (KHTML, like Gecko) Chrome/63.0.3239.84 Safari/537.36" 19
- 0:0:0:0:0:0:0:1 - - [05/Jan/2018:18:44:32 +0800] "GET /common/layui/css/modules/layer/default/layer.css?v=3.0.11110 HTTP/1.1" 304 - "http://localhost:8080/page/login.html" "Mozilla/5.0 (Macintosh; Intel Mac OS X 10_11_6) AppleWebKit/537.36 (KHTML, like Gecko) Chrome/63.0.3239.84 Safari/537.36" 7
- 0:0:0:0:0:0:0:1 - - [05/Jan/2018:18:44:32 +0800] "GET /common/layui/css/modules/code.css HTTP/1.1" 304 - "http://localhost:8080/page/login.html" "Mozilla/5.0 (Macintosh; Intel Mac OS X 10_11_6) AppleWebKit/537.36 (KHTML, like Gecko) Chrome/63.0.3239.84 Safari/537.36" 5
- 0:0:0:0:0:0:0:1 - - [05/Jan/2018:18:44:36 +0800] "GET / HTTP/1.1" 200 9392 "http://localhost:8080/page/login.html" "Mozilla/5.0 (Macintosh; Intel Mac OS X 10_11_6) AppleWebKit/537.36 (KHTML, like Gecko) Chrome/63.0.3239.84 Safari/537.36" 13
- 0:0:0:0:0:0:0:1 - - [05/Jan/2018:18:44:37 +0800] "GET /css/adminstyle.css HTTP/1.1" 304 - "http://localhost:8080/" "Mozilla/5.0 (Macintosh; Intel Mac OS X 10_11_6) AppleWebKit/537.36 (KHTML, like Gecko) Chrome/63.0.3239.84 Safari/537.36" 6
- 0:0:0:0:0:0:0:1 - - [05/Jan/2018:18:44:37 +0800] "GET /common/layui/layui.js HTTP/1.1" 304 - "http://localhost:8080/" "Mozilla/5.0 (Macintosh; Intel Mac OS X 10_11_6) AppleWebKit/537.36 (KHTML, like Gecko) Chrome/63.0.3239.84 Safari/537.36" 4
- 0:0:0:0:0:0:0:1 - - [05/Jan/2018:18:44:37 +0800] "GET /js/index.js HTTP/1.1" 304 - "http://localhost:8080/" "Mozilla/5.0 (Macintosh; Intel Mac OS X 10_11_6) AppleWebKit/537.36 (KHTML, like Gecko) Chrome/63.0.3239.84 Safari/537.36" 9
- 0:0:0:0:0:0:0:1 - - [05/Jan/2018:18:44:37 +0800] "GET /js/larry.js HTTP/1.1" 304 - "http://localhost:8080/" "Mozilla/5.0 (Macintosh; Intel Mac OS X 10_11_6) AppleWebKit/537.36 (KHTML, like Gecko) Chrome/63.0.3239.84 Safari/537.36" 10
- 0:0:0:0:0:0:0:1 - - [05/Jan/2018:18:44:37 +0800] "GET /common/font/iconfont.woff?t=1480736048214 HTTP/1.1" 304 - "http://localhost:8080/common/global.css" "Mozilla/5.0 (Macintosh; Intel Mac OS X 10_11_6) AppleWebKit/537.36 (KHTML, like Gecko) Chrome/63.0.3239.84 Safari/537.36" 6
- 0:0:0:0:0:0:0:1 - - [05/Jan/2018:18:44:37 +0800] "GET /common/font/fontawesome-webfont.woff2?v=4.7.0 HTTP/1.1" 304 - "http://localhost:8080/common/global.css" "Mozilla/5.0 (Macintosh; Intel Mac OS X 10_11_6) AppleWebKit/537.36 (KHTML, like Gecko) Chrome/63.0.3239.84 Safari/537.36" 7
- 0:0:0:0:0:0:0:1 - - [05/Jan/2018:18:44:37 +0800] "GET /common/layui/lay/modules/jquery.js HTTP/1.1" 304 - "http://localhost:8080/" "Mozilla/5.0 (Macintosh; Intel Mac OS X 10_11_6) AppleWebKit/537.36 (KHTML, like Gecko) Chrome/63.0.3239.84 Safari/537.36" 10
- 0:0:0:0:0:0:0:1 - - [05/Jan/2018:18:44:37 +0800] "GET /main.html HTTP/1.1" 200 3450 "http://localhost:8080/" "Mozilla/5.0 (Macintosh; Intel Mac OS X 10_11_6) AppleWebKit/537.36 (KHTML, like Gecko) Chrome/63.0.3239.84 Safari/537.36" 47
- 0:0:0:0:0:0:0:1 - - [05/Jan/2018:18:44:37 +0800] "GET /common/layui/lay/modules/element.js HTTP/1.1" 304 - "http://localhost:8080/" "Mozilla/5.0 (Macintosh; Intel Mac OS X 10_11_6) AppleWebKit/537.36 (KHTML, like Gecko) Chrome/63.0.3239.84 Safari/537.36" 6
- 0:0:0:0:0:0:0:1 - - [05/Jan/2018:18:44:37 +0800] "GET /common/layui/lay/modules/layer.js HTTP/1.1" 304 - "http://localhost:8080/" "Mozilla/5.0 (Macintosh; Intel Mac OS X 10_11_6) AppleWebKit/537.36 (KHTML, like Gecko) Chrome/63.0.3239.84 Safari/537.36" 4
- 0:0:0:0:0:0:0:1 - - [05/Jan/2018:18:44:37 +0800] "GET /css/main.css HTTP/1.1" 304 - "http://localhost:8080/main.html" "Mozilla/5.0 (Macintosh; Intel Mac OS X 10_11_6) AppleWebKit/537.36 (KHTML, like Gecko) Chrome/63.0.3239.84 Safari/537.36" 6
- 0:0:0:0:0:0:0:1 - - [05/Jan/2018:18:44:37 +0800] "GET /images/system.png HTTP/1.1" 304 - "http://localhost:8080/main.html" "Mozilla/5.0 (Macintosh; Intel Mac OS X 10_11_6) AppleWebKit/537.36 (KHTML, like Gecko) Chrome/63.0.3239.84 Safari/537.36" 5
- 0:0:0:0:0:0:0:1 - - [05/Jan/2018:18:44:37 +0800] "GET /common/bootstrap/css/bootstrap.css HTTP/1.1" 304 - "http://localhost:8080/main.html" "Mozilla/5.0 (Macintosh; Intel Mac OS X 10_11_6) AppleWebKit/537.36 (KHTML, like Gecko) Chrome/63.0.3239.84 Safari/537.36" 8
- 0:0:0:0:0:0:0:1 - - [05/Jan/2018:18:44:37 +0800] "GET /js/main.js HTTP/1.1" 304 - "http://localhost:8080/main.html" "Mozilla/5.0 (Macintosh; Intel Mac OS X 10_11_6) AppleWebKit/537.36 (KHTML, like Gecko) Chrome/63.0.3239.84 Safari/537.36" 3
- 0:0:0:0:0:0:0:1 - - [05/Jan/2018:18:44:37 +0800] "GET /js/navtab.js HTTP/1.1" 304 - "http://localhost:8080/" "Mozilla/5.0 (Macintosh; Intel Mac OS X 10_11_6) AppleWebKit/537.36 (KHTML, like Gecko) Chrome/63.0.3239.84 Safari/537.36" 4
- 0:0:0:0:0:0:0:1 - - [05/Jan/2018:18:44:37 +0800] "GET /common/font/pxgridsicons.woff HTTP/1.1" 304 - "http://localhost:8080/common/global.css" "Mozilla/5.0 (Macintosh; Intel Mac OS X 10_11_6) AppleWebKit/537.36 (KHTML, like Gecko) Chrome/63.0.3239.84 Safari/537.36" 3
- 0:0:0:0:0:0:0:1 - - [05/Jan/2018:18:44:39 +0800] "GET /page/personInfo.html HTTP/1.1" 200 4267 "http://localhost:8080/" "Mozilla/5.0 (Macintosh; Intel Mac OS X 10_11_6) AppleWebKit/537.36 (KHTML, like Gecko) Chrome/63.0.3239.84 Safari/537.36" 8
- 0:0:0:0:0:0:0:1 - - [05/Jan/2018:18:44:39 +0800] "GET /common/layui/lay/modules/form.js HTTP/1.1" 304 - "http://localhost:8080/page/personInfo.html" "Mozilla/5.0 (Macintosh; Intel Mac OS X 10_11_6) AppleWebKit/537.36 (KHTML, like Gecko) Chrome/63.0.3239.84 Safari/537.36" 4
- 0:0:0:0:0:0:0:1 - - [05/Jan/2018:18:44:39 +0800] "GET /common/layui/font/iconfont.woff?v=1.0.7 HTTP/1.1" 304 - "http://localhost:8080/common/layui/css/layui.css" "Mozilla/5.0 (Macintosh; Intel Mac OS X 10_11_6) AppleWebKit/537.36 (KHTML, like Gecko) Chrome/63.0.3239.84 Safari/537.36" 3
- 0:0:0:0:0:0:0:1 - - [05/Jan/2018:18:44:39 +0800] "GET /common/layui/lay/modules/upload.js HTTP/1.1" 304 - "http://localhost:8080/page/personInfo.html" "Mozilla/5.0 (Macintosh; Intel Mac OS X 10_11_6) AppleWebKit/537.36 (KHTML, like Gecko) Chrome/63.0.3239.84 Safari/537.36" 3
- 0:0:0:0:0:0:0:1 - - [05/Jan/2018:18:44:43 +0800] "GET /page/login.html HTTP/1.1" 200 2183 "http://localhost:8080/" "Mozilla/5.0 (Macintosh; Intel Mac OS X 10_11_6) AppleWebKit/537.36 (KHTML, like Gecko) Chrome/63.0.3239.84 Safari/537.36" 5
- 0:0:0:0:0:0:0:1 - - [05/Jan/2018:18:44:45 +0800] "GET / HTTP/1.1" 200 9392 "http://localhost:8080/page/login.html" "Mozilla/5.0 (Macintosh; Intel Mac OS X 10_11_6) AppleWebKit/537.36 (KHTML, like Gecko) Chrome/63.0.3239.84 Safari/537.36" 10
- 0:0:0:0:0:0:0:1 - - [05/Jan/2018:18:44:45 +0800] "GET /main.html HTTP/1.1" 200 3450 "http://localhost:8080/" "Mozilla/5.0 (Macintosh; Intel Mac OS X 10_11_6) AppleWebKit/537.36 (KHTML, like Gecko) Chrome/63.0.3239.84 Safari/537.36" 9
- 0:0:0:0:0:0:0:1 - - [05/Jan/2018:18:46:27 +0800] "GET / HTTP/1.1" 200 9440 "-" "Mozilla/5.0 (Macintosh; Intel Mac OS X 10_11_6) AppleWebKit/537.36 (KHTML, like Gecko) Chrome/63.0.3239.84 Safari/537.36" 131
- 0:0:0:0:0:0:0:1 - - [05/Jan/2018:18:46:27 +0800] "GET /main.html HTTP/1.1" 200 3450 "http://localhost:8080/" "Mozilla/5.0 (Macintosh; Intel Mac OS X 10_11_6) AppleWebKit/537.36 (KHTML, like Gecko) Chrome/63.0.3239.84 Safari/537.36" 13
- 0:0:0:0:0:0:0:1 - - [05/Jan/2018:18:46:33 +0800] "GET /page/login.html HTTP/1.1" 200 2183 "http://localhost:8080/" "Mozilla/5.0 (Macintosh; Intel Mac OS X 10_11_6) AppleWebKit/537.36 (KHTML, like Gecko) Chrome/63.0.3239.84 Safari/537.36" 7
- 0:0:0:0:0:0:0:1 - - [05/Jan/2018:18:46:37 +0800] "GET /page/login.html HTTP/1.1" 200 2183 "http://localhost:8080/" "Mozilla/5.0 (Macintosh; Intel Mac OS X 10_11_6) AppleWebKit/537.36 (KHTML, like Gecko) Chrome/63.0.3239.84 Safari/537.36" 9
- 0:0:0:0:0:0:0:1 - - [05/Jan/2018:18:46:44 +0800] "GET / HTTP/1.1" 200 9440 "http://localhost:8080/page/login.html" "Mozilla/5.0 (Macintosh; Intel Mac OS X 10_11_6) AppleWebKit/537.36 (KHTML, like Gecko) Chrome/63.0.3239.84 Safari/537.36" 10
- 0:0:0:0:0:0:0:1 - - [05/Jan/2018:18:46:44 +0800] "GET /main.html HTTP/1.1" 200 3450 "http://localhost:8080/" "Mozilla/5.0 (Macintosh; Intel Mac OS X 10_11_6) AppleWebKit/537.36 (KHTML, like Gecko) Chrome/63.0.3239.84 Safari/537.36" 11
- 0:0:0:0:0:0:0:1 - - [05/Jan/2018:18:47:25 +0800] "GET /page/login.html HTTP/1.1" 200 2183 "http://localhost:8080/" "Mozilla/5.0 (Macintosh; Intel Mac OS X 10_11_6) AppleWebKit/537.36 (KHTML, like Gecko) Chrome/63.0.3239.84 Safari/537.36" 7
- 0:0:0:0:0:0:0:1 - - [05/Jan/2018:18:47:29 +0800] "GET / HTTP/1.1" 200 9440 "http://localhost:8080/page/login.html" "Mozilla/5.0 (Macintosh; Intel Mac OS X 10_11_6) AppleWebKit/537.36 (KHTML, like Gecko) Chrome/63.0.3239.84 Safari/537.36" 11
- 0:0:0:0:0:0:0:1 - - [05/Jan/2018:18:47:29 +0800] "GET /main.html HTTP/1.1" 200 3450 "http://localhost:8080/" "Mozilla/5.0 (Macintosh; Intel Mac OS X 10_11_6) AppleWebKit/537.36 (KHTML, like Gecko) Chrome/63.0.3239.84 Safari/537.36" 10
- 0:0:0:0:0:0:0:1 - - [05/Jan/2018:18:47:34 +0800] "GET /page/login.html HTTP/1.1" 200 2183 "http://localhost:8080/" "Mozilla/5.0 (Macintosh; Intel Mac OS X 10_11_6) AppleWebKit/537.36 (KHTML, like Gecko) Chrome/63.0.3239.84 Safari/537.36" 6
- 0:0:0:0:0:0:0:1 - - [05/Jan/2018:18:47:47 +0800] "GET / HTTP/1.1" 200 9440 "http://localhost:8080/page/login.html" "Mozilla/5.0 (Macintosh; Intel Mac OS X 10_11_6) AppleWebKit/537.36 (KHTML, like Gecko) Chrome/63.0.3239.84 Safari/537.36" 9
- 0:0:0:0:0:0:0:1 - - [05/Jan/2018:18:47:47 +0800] "GET /main.html HTTP/1.1" 200 3450 "http://localhost:8080/" "Mozilla/5.0 (Macintosh; Intel Mac OS X 10_11_6) AppleWebKit/537.36 (KHTML, like Gecko) Chrome/63.0.3239.84 Safari/537.36" 6
- 0:0:0:0:0:0:0:1 - - [05/Jan/2018:18:48:10 +0800] "GET /page/JiedanbaoDel.html HTTP/1.1" 200 3759 "http://localhost:8080/" "Mozilla/5.0 (Macintosh; Intel Mac OS X 10_11_6) AppleWebKit/537.36 (KHTML, like Gecko) Chrome/63.0.3239.84 Safari/537.36" 9
- 0:0:0:0:0:0:0:1 - - [05/Jan/2018:18:48:10 +0800] "GET /js/jquery.js HTTP/1.1" 304 - "http://localhost:8080/page/JiedanbaoDel.html" "Mozilla/5.0 (Macintosh; Intel Mac OS X 10_11_6) AppleWebKit/537.36 (KHTML, like Gecko) Chrome/63.0.3239.84 Safari/537.36" 7
- 0:0:0:0:0:0:0:1 - - [05/Jan/2018:18:48:10 +0800] "GET /js/jquery.min.js HTTP/1.1" 304 - "http://localhost:8080/page/JiedanbaoDel.html" "Mozilla/5.0 (Macintosh; Intel Mac OS X 10_11_6) AppleWebKit/537.36 (KHTML, like Gecko) Chrome/63.0.3239.84 Safari/537.36" 12
- 0:0:0:0:0:0:0:1 - - [05/Jan/2018:18:48:13 +0800] "GET /page/JiedanbaoDel.html? HTTP/1.1" 200 3759 "http://localhost:8080/page/JiedanbaoDel.html" "Mozilla/5.0 (Macintosh; Intel Mac OS X 10_11_6) AppleWebKit/537.36 (KHTML, like Gecko) Chrome/63.0.3239.84 Safari/537.36" 5
- 0:0:0:0:0:0:0:1 - - [05/Jan/2018:18:48:14 +0800] "GET /page/JiedanbaoDel.html? HTTP/1.1" 200 3759 "http://localhost:8080/page/JiedanbaoDel.html?" "Mozilla/5.0 (Macintosh; Intel Mac OS X 10_11_6) AppleWebKit/537.36 (KHTML, like Gecko) Chrome/63.0.3239.84 Safari/537.36" 4
- 0:0:0:0:0:0:0:1 - - [05/Jan/2018:18:48:14 +0800] "GET /jiedanbao/del?mid=1 HTTP/1.1" 200 147 "http://localhost:8080/page/JiedanbaoDel.html?" "Mozilla/5.0 (Macintosh; Intel Mac OS X 10_11_6) AppleWebKit/537.36 (KHTML, like Gecko) Chrome/63.0.3239.84 Safari/537.36" 206
