- 0:0:0:0:0:0:0:1 - - [10/Jan/2018:11:07:39 +0800] "POST /jiedanbao/query HTTP/1.1" 500 172 "-" "PostmanRuntime/7.1.1" 160
- 0:0:0:0:0:0:0:1 - - [10/Jan/2018:11:07:47 +0800] "POST /jiedanbao/query HTTP/1.1" 200 199 "-" "PostmanRuntime/7.1.1" 126
- 0:0:0:0:0:0:0:1 - - [10/Jan/2018:11:08:24 +0800] "POST /jiedanbao/query HTTP/1.1" 500 172 "-" "PostmanRuntime/7.1.1" 7
- 0:0:0:0:0:0:0:1 - - [10/Jan/2018:11:08:25 +0800] "POST /jiedanbao/query HTTP/1.1" 500 172 "-" "PostmanRuntime/7.1.1" 5
- 0:0:0:0:0:0:0:1 - - [10/Jan/2018:11:08:31 +0800] "POST /jiedanbao/query HTTP/1.1" 200 199 "-" "PostmanRuntime/7.1.1" 69
- 0:0:0:0:0:0:0:1 - - [10/Jan/2018:11:08:44 +0800] "POST /jiedanbao/query HTTP/1.1" 500 172 "-" "PostmanRuntime/7.1.1" 7
- 0:0:0:0:0:0:0:1 - - [10/Jan/2018:11:11:24 +0800] "POST /jiedanbao/query HTTP/1.1" 500 172 "-" "PostmanRuntime/7.1.1" 5559
- 0:0:0:0:0:0:0:1 - - [10/Jan/2018:11:14:46 +0800] "POST /jiedanbao/query HTTP/1.1" 500 555 "-" "PostmanRuntime/7.1.1" 156
- 0:0:0:0:0:0:0:1 - - [10/Jan/2018:11:15:35 +0800] "POST /jiedanbao/query HTTP/1.1" 500 555 "-" "PostmanRuntime/7.1.1" 147
- 0:0:0:0:0:0:0:1 - - [10/Jan/2018:11:18:38 +0800] "POST /jiedanbao/query HTTP/1.1" 500 172 "-" "PostmanRuntime/7.1.1" 123492
- 0:0:0:0:0:0:0:1 - - [10/Jan/2018:11:19:01 +0800] "POST /jiedanbao/query HTTP/1.1" 400 241 "-" "PostmanRuntime/7.1.1" 152
- 0:0:0:0:0:0:0:1 - - [10/Jan/2018:11:19:10 +0800] "POST /jiedanbao/query HTTP/1.1" 400 241 "-" "PostmanRuntime/7.1.1" 7
- 0:0:0:0:0:0:0:1 - - [10/Jan/2018:11:19:35 +0800] "POST /jiedanbao/query HTTP/1.1" 400 241 "-" "PostmanRuntime/7.1.1" 139
- 0:0:0:0:0:0:0:1 - - [10/Jan/2018:11:22:39 +0800] "GET /jiedanbao/query?mid=100100045690 HTTP/1.1" 200 285 "-" "Mozilla/5.0 (Macintosh; Intel Mac OS X 10_11_6) AppleWebKit/537.36 (KHTML, like Gecko) Chrome/63.0.3239.84 Safari/537.36" 199
- 0:0:0:0:0:0:0:1 - - [10/Jan/2018:11:22:46 +0800] "GET /jiedanbao/query?mid=100100045684 HTTP/1.1" 500 445 "-" "Mozilla/5.0 (Macintosh; Intel Mac OS X 10_11_6) AppleWebKit/537.36 (KHTML, like Gecko) Chrome/63.0.3239.84 Safari/537.36" 61
- 0:0:0:0:0:0:0:1 - - [10/Jan/2018:11:24:24 +0800] "GET /jiedanbao/query?mid=100100045690 HTTP/1.1" 200 285 "-" "Mozilla/5.0 (Macintosh; Intel Mac OS X 10_11_6) AppleWebKit/537.36 (KHTML, like Gecko) Chrome/63.0.3239.84 Safari/537.36" 54
- 0:0:0:0:0:0:0:1 - - [10/Jan/2018:11:24:58 +0800] "GET /jiedanbao/query?mid=100100045684 HTTP/1.1" 500 445 "-" "Mozilla/5.0 (Macintosh; Intel Mac OS X 10_11_6) AppleWebKit/537.36 (KHTML, like Gecko) Chrome/63.0.3239.84 Safari/537.36" 8090
- 0:0:0:0:0:0:0:1 - - [10/Jan/2018:11:25:52 +0800] "GET /jiedanbao/query?mid=100100045684 HTTP/1.1" 500 445 "-" "Mozilla/5.0 (Macintosh; Intel Mac OS X 10_11_6) AppleWebKit/537.36 (KHTML, like Gecko) Chrome/63.0.3239.84 Safari/537.36" 51978
- 0:0:0:0:0:0:0:1 - - [10/Jan/2018:11:26:21 +0800] "GET /jiedanbao/query?mid=100100045684 HTTP/1.1" 500 445 "-" "Mozilla/5.0 (Macintosh; Intel Mac OS X 10_11_6) AppleWebKit/537.36 (KHTML, like Gecko) Chrome/63.0.3239.84 Safari/537.36" 248
- 0:0:0:0:0:0:0:1 - - [10/Jan/2018:11:27:06 +0800] "GET /jiedanbao/query?mid=100100045684 HTTP/1.1" 500 445 "-" "Mozilla/5.0 (Macintosh; Intel Mac OS X 10_11_6) AppleWebKit/537.36 (KHTML, like Gecko) Chrome/63.0.3239.84 Safari/537.36" 29230
- 0:0:0:0:0:0:0:1 - - [10/Jan/2018:11:38:56 +0800] "POST /jiedanbao/query HTTP/1.1" 500 172 "-" "PostmanRuntime/7.1.1" 225320
- 0:0:0:0:0:0:0:1 - - [10/Jan/2018:11:42:44 +0800] "POST /jiedanbao/query HTTP/1.1" 200 199 "-" "PostmanRuntime/7.1.1" 223779
- 0:0:0:0:0:0:0:1 - - [10/Jan/2018:11:43:38 +0800] "GET /jiedanbao/query?mid=100100045684 HTTP/1.1" 500 864 "-" "Mozilla/5.0 (Macintosh; Intel Mac OS X 10_11_6) AppleWebKit/537.36 (KHTML, like Gecko) Chrome/63.0.3239.84 Safari/537.36" 38742
- 0:0:0:0:0:0:0:1 - - [10/Jan/2018:11:45:27 +0800] "GET /jiedanbao/query?mid=100100045684 HTTP/1.1" 500 864 "-" "Mozilla/5.0 (Macintosh; Intel Mac OS X 10_11_6) AppleWebKit/537.36 (KHTML, like Gecko) Chrome/63.0.3239.84 Safari/537.36" 14114
- 0:0:0:0:0:0:0:1 - - [10/Jan/2018:11:46:59 +0800] "GET /jiedanbao/query?mid=100100045684 HTTP/1.1" 500 445 "-" "Mozilla/5.0 (Macintosh; Intel Mac OS X 10_11_6) AppleWebKit/537.36 (KHTML, like Gecko) Chrome/63.0.3239.84 Safari/537.36" 17284
- 0:0:0:0:0:0:0:1 - - [10/Jan/2018:12:02:06 +0800] "GET /jiedanbao/query?mid=100100045684 HTTP/1.1" 200 639 "-" "Mozilla/5.0 (Macintosh; Intel Mac OS X 10_11_6) AppleWebKit/537.36 (KHTML, like Gecko) Chrome/63.0.3239.84 Safari/537.36" 36488
- 0:0:0:0:0:0:0:1 - - [10/Jan/2018:12:04:09 +0800] "GET / HTTP/1.1" 200 9440 "-" "Mozilla/5.0 (Macintosh; Intel Mac OS X 10_11_6) AppleWebKit/537.36 (KHTML, like Gecko) Chrome/63.0.3239.84 Safari/537.36" 220
- 0:0:0:0:0:0:0:1 - - [10/Jan/2018:12:04:10 +0800] "GET /main.html HTTP/1.1" 200 3450 "http://localhost:8080/" "Mozilla/5.0 (Macintosh; Intel Mac OS X 10_11_6) AppleWebKit/537.36 (KHTML, like Gecko) Chrome/63.0.3239.84 Safari/537.36" 28
- 0:0:0:0:0:0:0:1 - - [10/Jan/2018:12:04:10 +0800] "GET /common/global.css HTTP/1.1" 304 - "http://localhost:8080/" "Mozilla/5.0 (Macintosh; Intel Mac OS X 10_11_6) AppleWebKit/537.36 (KHTML, like Gecko) Chrome/63.0.3239.84 Safari/537.36" 49
- 0:0:0:0:0:0:0:1 - - [10/Jan/2018:12:04:10 +0800] "GET /common/layui/css/layui.css HTTP/1.1" 304 - "http://localhost:8080/" "Mozilla/5.0 (Macintosh; Intel Mac OS X 10_11_6) AppleWebKit/537.36 (KHTML, like Gecko) Chrome/63.0.3239.84 Safari/537.36" 51
- 0:0:0:0:0:0:0:1 - - [10/Jan/2018:12:04:10 +0800] "GET /common/layui/layui.js HTTP/1.1" 304 - "http://localhost:8080/" "Mozilla/5.0 (Macintosh; Intel Mac OS X 10_11_6) AppleWebKit/537.36 (KHTML, like Gecko) Chrome/63.0.3239.84 Safari/537.36" 43
- 0:0:0:0:0:0:0:1 - - [10/Jan/2018:12:04:10 +0800] "GET /css/adminstyle.css HTTP/1.1" 304 - "http://localhost:8080/" "Mozilla/5.0 (Macintosh; Intel Mac OS X 10_11_6) AppleWebKit/537.36 (KHTML, like Gecko) Chrome/63.0.3239.84 Safari/537.36" 54
- 0:0:0:0:0:0:0:1 - - [10/Jan/2018:12:04:10 +0800] "GET /js/larry.js HTTP/1.1" 304 - "http://localhost:8080/" "Mozilla/5.0 (Macintosh; Intel Mac OS X 10_11_6) AppleWebKit/537.36 (KHTML, like Gecko) Chrome/63.0.3239.84 Safari/537.36" 8
- 0:0:0:0:0:0:0:1 - - [10/Jan/2018:12:04:10 +0800] "GET /images/didilogo.png HTTP/1.1" 304 - "http://localhost:8080/" "Mozilla/5.0 (Macintosh; Intel Mac OS X 10_11_6) AppleWebKit/537.36 (KHTML, like Gecko) Chrome/63.0.3239.84 Safari/537.36" 7
- 0:0:0:0:0:0:0:1 - - [10/Jan/2018:12:04:10 +0800] "GET /js/index.js HTTP/1.1" 304 - "http://localhost:8080/" "Mozilla/5.0 (Macintosh; Intel Mac OS X 10_11_6) AppleWebKit/537.36 (KHTML, like Gecko) Chrome/63.0.3239.84 Safari/537.36" 7
- 0:0:0:0:0:0:0:1 - - [10/Jan/2018:12:04:10 +0800] "GET /common/layui/lay/modules/jquery.js HTTP/1.1" 304 - "http://localhost:8080/" "Mozilla/5.0 (Macintosh; Intel Mac OS X 10_11_6) AppleWebKit/537.36 (KHTML, like Gecko) Chrome/63.0.3239.84 Safari/537.36" 4
- 0:0:0:0:0:0:0:1 - - [10/Jan/2018:12:04:10 +0800] "GET /common/bootstrap/css/bootstrap.css HTTP/1.1" 304 - "http://localhost:8080/main.html" "Mozilla/5.0 (Macintosh; Intel Mac OS X 10_11_6) AppleWebKit/537.36 (KHTML, like Gecko) Chrome/63.0.3239.84 Safari/537.36" 4
- 0:0:0:0:0:0:0:1 - - [10/Jan/2018:12:04:10 +0800] "GET /css/main.css HTTP/1.1" 304 - "http://localhost:8080/main.html" "Mozilla/5.0 (Macintosh; Intel Mac OS X 10_11_6) AppleWebKit/537.36 (KHTML, like Gecko) Chrome/63.0.3239.84 Safari/537.36" 5
- 0:0:0:0:0:0:0:1 - - [10/Jan/2018:12:04:10 +0800] "GET /js/main.js HTTP/1.1" 304 - "http://localhost:8080/main.html" "Mozilla/5.0 (Macintosh; Intel Mac OS X 10_11_6) AppleWebKit/537.36 (KHTML, like Gecko) Chrome/63.0.3239.84 Safari/537.36" 4
- 0:0:0:0:0:0:0:1 - - [10/Jan/2018:12:04:10 +0800] "GET /images/system.png HTTP/1.1" 304 - "http://localhost:8080/main.html" "Mozilla/5.0 (Macintosh; Intel Mac OS X 10_11_6) AppleWebKit/537.36 (KHTML, like Gecko) Chrome/63.0.3239.84 Safari/537.36" 6
- 0:0:0:0:0:0:0:1 - - [10/Jan/2018:12:04:10 +0800] "GET /common/font/fontawesome-webfont.woff2?v=4.7.0 HTTP/1.1" 304 - "http://localhost:8080/common/global.css" "Mozilla/5.0 (Macintosh; Intel Mac OS X 10_11_6) AppleWebKit/537.36 (KHTML, like Gecko) Chrome/63.0.3239.84 Safari/537.36" 67
- 0:0:0:0:0:0:0:1 - - [10/Jan/2018:12:04:10 +0800] "GET /common/font/iconfont.woff?t=1480736048214 HTTP/1.1" 304 - "http://localhost:8080/common/global.css" "Mozilla/5.0 (Macintosh; Intel Mac OS X 10_11_6) AppleWebKit/537.36 (KHTML, like Gecko) Chrome/63.0.3239.84 Safari/537.36" 62
- 0:0:0:0:0:0:0:1 - - [10/Jan/2018:12:04:10 +0800] "GET /common/layui/lay/modules/element.js HTTP/1.1" 304 - "http://localhost:8080/" "Mozilla/5.0 (Macintosh; Intel Mac OS X 10_11_6) AppleWebKit/537.36 (KHTML, like Gecko) Chrome/63.0.3239.84 Safari/537.36" 5
- 0:0:0:0:0:0:0:1 - - [10/Jan/2018:12:04:10 +0800] "GET /common/layui/lay/modules/layer.js HTTP/1.1" 304 - "http://localhost:8080/" "Mozilla/5.0 (Macintosh; Intel Mac OS X 10_11_6) AppleWebKit/537.36 (KHTML, like Gecko) Chrome/63.0.3239.84 Safari/537.36" 4
- 0:0:0:0:0:0:0:1 - - [10/Jan/2018:12:04:10 +0800] "GET /common/font/pxgridsicons.woff HTTP/1.1" 304 - "http://localhost:8080/common/global.css" "Mozilla/5.0 (Macintosh; Intel Mac OS X 10_11_6) AppleWebKit/537.36 (KHTML, like Gecko) Chrome/63.0.3239.84 Safari/537.36" 2
- 0:0:0:0:0:0:0:1 - - [10/Jan/2018:12:04:10 +0800] "GET /common/layui/css/modules/layer/default/layer.css?v=3.0.11110 HTTP/1.1" 304 - "http://localhost:8080/" "Mozilla/5.0 (Macintosh; Intel Mac OS X 10_11_6) AppleWebKit/537.36 (KHTML, like Gecko) Chrome/63.0.3239.84 Safari/537.36" 2
- 0:0:0:0:0:0:0:1 - - [10/Jan/2018:12:04:10 +0800] "GET /js/navtab.js HTTP/1.1" 304 - "http://localhost:8080/" "Mozilla/5.0 (Macintosh; Intel Mac OS X 10_11_6) AppleWebKit/537.36 (KHTML, like Gecko) Chrome/63.0.3239.84 Safari/537.36" 8
- 0:0:0:0:0:0:0:1 - - [10/Jan/2018:12:04:15 +0800] "GET /common/layui/font/iconfont.woff?v=1.0.7 HTTP/1.1" 304 - "http://localhost:8080/common/layui/css/layui.css" "Mozilla/5.0 (Macintosh; Intel Mac OS X 10_11_6) AppleWebKit/537.36 (KHTML, like Gecko) Chrome/63.0.3239.84 Safari/537.36" 3
- 0:0:0:0:0:0:0:1 - - [10/Jan/2018:12:04:15 +0800] "GET /page/personInfo.html HTTP/1.1" 200 4267 "http://localhost:8080/" "Mozilla/5.0 (Macintosh; Intel Mac OS X 10_11_6) AppleWebKit/537.36 (KHTML, like Gecko) Chrome/63.0.3239.84 Safari/537.36" 12
- 0:0:0:0:0:0:0:1 - - [10/Jan/2018:12:04:15 +0800] "GET /css/personal.css HTTP/1.1" 304 - "http://localhost:8080/page/personInfo.html" "Mozilla/5.0 (Macintosh; Intel Mac OS X 10_11_6) AppleWebKit/537.36 (KHTML, like Gecko) Chrome/63.0.3239.84 Safari/537.36" 3
- 0:0:0:0:0:0:0:1 - - [10/Jan/2018:12:04:15 +0800] "GET /common/layui/lay/modules/form.js HTTP/1.1" 304 - "http://localhost:8080/page/personInfo.html" "Mozilla/5.0 (Macintosh; Intel Mac OS X 10_11_6) AppleWebKit/537.36 (KHTML, like Gecko) Chrome/63.0.3239.84 Safari/537.36" 3
- 0:0:0:0:0:0:0:1 - - [10/Jan/2018:12:04:15 +0800] "GET /common/layui/lay/modules/upload.js HTTP/1.1" 304 - "http://localhost:8080/page/personInfo.html" "Mozilla/5.0 (Macintosh; Intel Mac OS X 10_11_6) AppleWebKit/537.36 (KHTML, like Gecko) Chrome/63.0.3239.84 Safari/537.36" 3
- 0:0:0:0:0:0:0:1 - - [10/Jan/2018:12:04:18 +0800] "GET /page/table.html HTTP/1.1" 200 19410 "http://localhost:8080/" "Mozilla/5.0 (Macintosh; Intel Mac OS X 10_11_6) AppleWebKit/537.36 (KHTML, like Gecko) Chrome/63.0.3239.84 Safari/537.36" 34
- 0:0:0:0:0:0:0:1 - - [10/Jan/2018:12:04:18 +0800] "GET /js/newslist.js HTTP/1.1" 304 - "http://localhost:8080/page/table.html" "Mozilla/5.0 (Macintosh; Intel Mac OS X 10_11_6) AppleWebKit/537.36 (KHTML, like Gecko) Chrome/63.0.3239.84 Safari/537.36" 5
- 0:0:0:0:0:0:0:1 - - [10/Jan/2018:12:04:18 +0800] "GET /common/layui/lay/modules/laypage.js HTTP/1.1" 304 - "http://localhost:8080/page/table.html" "Mozilla/5.0 (Macintosh; Intel Mac OS X 10_11_6) AppleWebKit/537.36 (KHTML, like Gecko) Chrome/63.0.3239.84 Safari/537.36" 3
- 0:0:0:0:0:0:0:1 - - [10/Jan/2018:12:04:18 +0800] "GET /json/newsList.json HTTP/1.1" 304 - "http://localhost:8080/page/table.html" "Mozilla/5.0 (Macintosh; Intel Mac OS X 10_11_6) AppleWebKit/537.36 (KHTML, like Gecko) Chrome/63.0.3239.84 Safari/537.36" 4
- 0:0:0:0:0:0:0:1 - - [10/Jan/2018:12:04:22 +0800] "GET /page/table_1.html HTTP/1.1" 200 6186 "http://localhost:8080/" "Mozilla/5.0 (Macintosh; Intel Mac OS X 10_11_6) AppleWebKit/537.36 (KHTML, like Gecko) Chrome/63.0.3239.84 Safari/537.36" 11
- 0:0:0:0:0:0:0:1 - - [10/Jan/2018:12:04:26 +0800] "GET /page/myloginfo.html HTTP/1.1" 200 12170 "http://localhost:8080/" "Mozilla/5.0 (Macintosh; Intel Mac OS X 10_11_6) AppleWebKit/537.36 (KHTML, like Gecko) Chrome/63.0.3239.84 Safari/537.36" 14
- 0:0:0:0:0:0:0:1 - - [10/Jan/2018:14:09:02 +0800] "POST /jiedanbao/query HTTP/1.1" 200 23 "-" "PostmanRuntime/7.1.1" 8821
- 0:0:0:0:0:0:0:1 - - [10/Jan/2018:14:20:06 +0800] "GET /page/changepwd.html HTTP/1.1" 200 2783 "http://localhost:8080/" "Mozilla/5.0 (Macintosh; Intel Mac OS X 10_11_6) AppleWebKit/537.36 (KHTML, like Gecko) Chrome/63.0.3239.84 Safari/537.36" 16
- 0:0:0:0:0:0:0:1 - - [10/Jan/2018:14:20:07 +0800] "GET /page/myloginfo.html HTTP/1.1" 200 12170 "http://localhost:8080/" "Mozilla/5.0 (Macintosh; Intel Mac OS X 10_11_6) AppleWebKit/537.36 (KHTML, like Gecko) Chrome/63.0.3239.84 Safari/537.36" 16
- 0:0:0:0:0:0:0:1 - - [10/Jan/2018:14:20:18 +0800] "GET /page/personInfo.html HTTP/1.1" 200 4267 "http://localhost:8080/" "Mozilla/5.0 (Macintosh; Intel Mac OS X 10_11_6) AppleWebKit/537.36 (KHTML, like Gecko) Chrome/63.0.3239.84 Safari/537.36" 10
- 0:0:0:0:0:0:0:1 - - [10/Jan/2018:14:20:21 +0800] "GET /page/table.html HTTP/1.1" 200 19410 "http://localhost:8080/" "Mozilla/5.0 (Macintosh; Intel Mac OS X 10_11_6) AppleWebKit/537.36 (KHTML, like Gecko) Chrome/63.0.3239.84 Safari/537.36" 10
- 0:0:0:0:0:0:0:1 - - [10/Jan/2018:14:20:32 +0800] "GET /page/table.html HTTP/1.1" 200 19410 "http://localhost:8080/" "Mozilla/5.0 (Macintosh; Intel Mac OS X 10_11_6) AppleWebKit/537.36 (KHTML, like Gecko) Chrome/63.0.3239.84 Safari/537.36" 9
- 0:0:0:0:0:0:0:1 - - [10/Jan/2018:14:20:33 +0800] "GET /page/table_1.html HTTP/1.1" 200 6186 "http://localhost:8080/" "Mozilla/5.0 (Macintosh; Intel Mac OS X 10_11_6) AppleWebKit/537.36 (KHTML, like Gecko) Chrome/63.0.3239.84 Safari/537.36" 6
- 0:0:0:0:0:0:0:1 - - [10/Jan/2018:14:20:44 +0800] "GET /page/myloginfo.html HTTP/1.1" 200 12170 "http://localhost:8080/" "Mozilla/5.0 (Macintosh; Intel Mac OS X 10_11_6) AppleWebKit/537.36 (KHTML, like Gecko) Chrome/63.0.3239.84 Safari/537.36" 8
- 0:0:0:0:0:0:0:1 - - [10/Jan/2018:14:20:59 +0800] "GET /page/JiedanbaoDel.html HTTP/1.1" 200 3758 "http://localhost:8080/" "Mozilla/5.0 (Macintosh; Intel Mac OS X 10_11_6) AppleWebKit/537.36 (KHTML, like Gecko) Chrome/63.0.3239.84 Safari/537.36" 6
- 0:0:0:0:0:0:0:1 - - [10/Jan/2018:14:20:59 +0800] "GET /js/jquery.js HTTP/1.1" 304 - "http://localhost:8080/page/JiedanbaoDel.html" "Mozilla/5.0 (Macintosh; Intel Mac OS X 10_11_6) AppleWebKit/537.36 (KHTML, like Gecko) Chrome/63.0.3239.84 Safari/537.36" 5
- 0:0:0:0:0:0:0:1 - - [10/Jan/2018:14:20:59 +0800] "GET /js/jquery.min.js HTTP/1.1" 304 - "http://localhost:8080/page/JiedanbaoDel.html" "Mozilla/5.0 (Macintosh; Intel Mac OS X 10_11_6) AppleWebKit/537.36 (KHTML, like Gecko) Chrome/63.0.3239.84 Safari/537.36" 6
- 0:0:0:0:0:0:0:1 - - [10/Jan/2018:14:21:15 +0800] "GET /page/table.html HTTP/1.1" 200 19410 "http://localhost:8080/" "Mozilla/5.0 (Macintosh; Intel Mac OS X 10_11_6) AppleWebKit/537.36 (KHTML, like Gecko) Chrome/63.0.3239.84 Safari/537.36" 7
- 0:0:0:0:0:0:0:1 - - [10/Jan/2018:14:21:46 +0800] "GET /page/myloginfo.html HTTP/1.1" 200 12170 "http://localhost:8080/" "Mozilla/5.0 (Macintosh; Intel Mac OS X 10_11_6) AppleWebKit/537.36 (KHTML, like Gecko) Chrome/63.0.3239.84 Safari/537.36" 10
- 0:0:0:0:0:0:0:1 - - [10/Jan/2018:14:22:32 +0800] "GET /page/table_1.html HTTP/1.1" 200 6186 "http://localhost:8080/" "Mozilla/5.0 (Macintosh; Intel Mac OS X 10_11_6) AppleWebKit/537.36 (KHTML, like Gecko) Chrome/63.0.3239.84 Safari/537.36" 6
- 0:0:0:0:0:0:0:1 - - [10/Jan/2018:14:22:51 +0800] "GET /page/table.html HTTP/1.1" 200 19410 "http://localhost:8080/" "Mozilla/5.0 (Macintosh; Intel Mac OS X 10_11_6) AppleWebKit/537.36 (KHTML, like Gecko) Chrome/63.0.3239.84 Safari/537.36" 7
- 0:0:0:0:0:0:0:1 - - [10/Jan/2018:14:43:23 +0800] "GET /page/PolicyQuery.html HTTP/1.1" 500 579 "-" "Mozilla/5.0 (Macintosh; Intel Mac OS X 10_11_6) AppleWebKit/537.36 (KHTML, like Gecko) Chrome/63.0.3239.84 Safari/537.36" 182
- 0:0:0:0:0:0:0:1 - - [10/Jan/2018:14:49:55 +0800] "GET / HTTP/1.1" 200 9668 "-" "Mozilla/5.0 (Macintosh; Intel Mac OS X 10_11_6) AppleWebKit/537.36 (KHTML, like Gecko) Chrome/63.0.3239.84 Safari/537.36" 138
- 0:0:0:0:0:0:0:1 - - [10/Jan/2018:14:49:56 +0800] "GET /main.html HTTP/1.1" 200 3450 "http://localhost:8080/" "Mozilla/5.0 (Macintosh; Intel Mac OS X 10_11_6) AppleWebKit/537.36 (KHTML, like Gecko) Chrome/63.0.3239.84 Safari/537.36" 18
- 0:0:0:0:0:0:0:1 - - [10/Jan/2018:14:49:59 +0800] "GET /page/PolicyQuery.html HTTP/1.1" 500 384 "http://localhost:8080/" "Mozilla/5.0 (Macintosh; Intel Mac OS X 10_11_6) AppleWebKit/537.36 (KHTML, like Gecko) Chrome/63.0.3239.84 Safari/537.36" 65
- 0:0:0:0:0:0:0:1 - - [10/Jan/2018:14:51:04 +0800] "GET / HTTP/1.1" 200 9668 "-" "Mozilla/5.0 (Macintosh; Intel Mac OS X 10_11_6) AppleWebKit/537.36 (KHTML, like Gecko) Chrome/63.0.3239.84 Safari/537.36" 156
- 0:0:0:0:0:0:0:1 - - [10/Jan/2018:14:51:04 +0800] "GET /main.html HTTP/1.1" 200 3450 "http://localhost:8080/" "Mozilla/5.0 (Macintosh; Intel Mac OS X 10_11_6) AppleWebKit/537.36 (KHTML, like Gecko) Chrome/63.0.3239.84 Safari/537.36" 13
- 0:0:0:0:0:0:0:1 - - [10/Jan/2018:14:51:04 +0800] "GET /favicon.ico HTTP/1.1" 200 946 "http://localhost:8080/" "Mozilla/5.0 (Macintosh; Intel Mac OS X 10_11_6) AppleWebKit/537.36 (KHTML, like Gecko) Chrome/63.0.3239.84 Safari/537.36" 29
- 0:0:0:0:0:0:0:1 - - [10/Jan/2018:14:51:06 +0800] "GET /page/JiedanbaoDel.html HTTP/1.1" 200 3758 "http://localhost:8080/" "Mozilla/5.0 (Macintosh; Intel Mac OS X 10_11_6) AppleWebKit/537.36 (KHTML, like Gecko) Chrome/63.0.3239.84 Safari/537.36" 13
- 0:0:0:0:0:0:0:1 - - [10/Jan/2018:14:51:06 +0800] "GET /page/PolicyQuery.html HTTP/1.1" 500 385 "http://localhost:8080/" "Mozilla/5.0 (Macintosh; Intel Mac OS X 10_11_6) AppleWebKit/537.36 (KHTML, like Gecko) Chrome/63.0.3239.84 Safari/537.36" 62
- 0:0:0:0:0:0:0:1 - - [10/Jan/2018:14:54:32 +0800] "GET / HTTP/1.1" 200 9668 "-" "Mozilla/5.0 (Macintosh; Intel Mac OS X 10_11_6) AppleWebKit/537.36 (KHTML, like Gecko) Chrome/63.0.3239.84 Safari/537.36" 145
- 0:0:0:0:0:0:0:1 - - [10/Jan/2018:14:54:32 +0800] "GET /main.html HTTP/1.1" 200 3450 "http://localhost:8080/" "Mozilla/5.0 (Macintosh; Intel Mac OS X 10_11_6) AppleWebKit/537.36 (KHTML, like Gecko) Chrome/63.0.3239.84 Safari/537.36" 15
- 0:0:0:0:0:0:0:1 - - [10/Jan/2018:14:54:32 +0800] "GET /favicon.ico HTTP/1.1" 200 946 "http://localhost:8080/" "Mozilla/5.0 (Macintosh; Intel Mac OS X 10_11_6) AppleWebKit/537.36 (KHTML, like Gecko) Chrome/63.0.3239.84 Safari/537.36" 28
- 0:0:0:0:0:0:0:1 - - [10/Jan/2018:14:54:35 +0800] "GET /page/PolicyQuery.html HTTP/1.1" 500 385 "http://localhost:8080/" "Mozilla/5.0 (Macintosh; Intel Mac OS X 10_11_6) AppleWebKit/537.36 (KHTML, like Gecko) Chrome/63.0.3239.84 Safari/537.36" 59
- 0:0:0:0:0:0:0:1 - - [10/Jan/2018:14:56:01 +0800] "GET / HTTP/1.1" 200 9668 "-" "Mozilla/5.0 (Macintosh; Intel Mac OS X 10_11_6) AppleWebKit/537.36 (KHTML, like Gecko) Chrome/63.0.3239.84 Safari/537.36" 172
- 0:0:0:0:0:0:0:1 - - [10/Jan/2018:14:56:01 +0800] "GET /main.html HTTP/1.1" 200 3450 "http://localhost:8080/" "Mozilla/5.0 (Macintosh; Intel Mac OS X 10_11_6) AppleWebKit/537.36 (KHTML, like Gecko) Chrome/63.0.3239.84 Safari/537.36" 19
- 0:0:0:0:0:0:0:1 - - [10/Jan/2018:14:56:01 +0800] "GET /favicon.ico HTTP/1.1" 200 946 "http://localhost:8080/" "Mozilla/5.0 (Macintosh; Intel Mac OS X 10_11_6) AppleWebKit/537.36 (KHTML, like Gecko) Chrome/63.0.3239.84 Safari/537.36" 25
- 0:0:0:0:0:0:0:1 - - [10/Jan/2018:14:56:03 +0800] "GET /page/PolicyQuery.html HTTP/1.1" 200 4536 "http://localhost:8080/" "Mozilla/5.0 (Macintosh; Intel Mac OS X 10_11_6) AppleWebKit/537.36 (KHTML, like Gecko) Chrome/63.0.3239.84 Safari/537.36" 14
- 0:0:0:0:0:0:0:1 - - [10/Jan/2018:14:56:34 +0800] "GET /page/JiedanbaoDel.html HTTP/1.1" 200 3758 "http://localhost:8080/" "Mozilla/5.0 (Macintosh; Intel Mac OS X 10_11_6) AppleWebKit/537.36 (KHTML, like Gecko) Chrome/63.0.3239.84 Safari/537.36" 12
- 0:0:0:0:0:0:0:1 - - [10/Jan/2018:14:59:07 +0800] "GET / HTTP/1.1" 200 9668 "-" "Mozilla/5.0 (Macintosh; Intel Mac OS X 10_11_6) AppleWebKit/537.36 (KHTML, like Gecko) Chrome/63.0.3239.84 Safari/537.36" 153
- 0:0:0:0:0:0:0:1 - - [10/Jan/2018:14:59:07 +0800] "GET /main.html HTTP/1.1" 200 3450 "http://localhost:8080/" "Mozilla/5.0 (Macintosh; Intel Mac OS X 10_11_6) AppleWebKit/537.36 (KHTML, like Gecko) Chrome/63.0.3239.84 Safari/537.36" 15
- 0:0:0:0:0:0:0:1 - - [10/Jan/2018:14:59:07 +0800] "GET /favicon.ico HTTP/1.1" 200 946 "http://localhost:8080/" "Mozilla/5.0 (Macintosh; Intel Mac OS X 10_11_6) AppleWebKit/537.36 (KHTML, like Gecko) Chrome/63.0.3239.84 Safari/537.36" 44
- 0:0:0:0:0:0:0:1 - - [10/Jan/2018:14:59:09 +0800] "GET /page/PolicyQuery.html HTTP/1.1" 200 4261 "http://localhost:8080/" "Mozilla/5.0 (Macintosh; Intel Mac OS X 10_11_6) AppleWebKit/537.36 (KHTML, like Gecko) Chrome/63.0.3239.84 Safari/537.36" 9
- 0:0:0:0:0:0:0:1 - - [10/Jan/2018:14:59:16 +0800] "GET /page/JiedanbaoDel.html HTTP/1.1" 200 3758 "http://localhost:8080/" "Mozilla/5.0 (Macintosh; Intel Mac OS X 10_11_6) AppleWebKit/537.36 (KHTML, like Gecko) Chrome/63.0.3239.84 Safari/537.36" 10
- 0:0:0:0:0:0:0:1 - - [10/Jan/2018:14:59:45 +0800] "GET /page/myloginfo.html HTTP/1.1" 200 12170 "http://localhost:8080/" "Mozilla/5.0 (Macintosh; Intel Mac OS X 10_11_6) AppleWebKit/537.36 (KHTML, like Gecko) Chrome/63.0.3239.84 Safari/537.36" 15
- 0:0:0:0:0:0:0:1 - - [10/Jan/2018:15:01:27 +0800] "GET / HTTP/1.1" 200 9668 "-" "Mozilla/5.0 (Macintosh; Intel Mac OS X 10_11_6) AppleWebKit/537.36 (KHTML, like Gecko) Chrome/63.0.3239.84 Safari/537.36" 152
- 0:0:0:0:0:0:0:1 - - [10/Jan/2018:15:01:27 +0800] "GET /main.html HTTP/1.1" 200 3450 "http://localhost:8080/" "Mozilla/5.0 (Macintosh; Intel Mac OS X 10_11_6) AppleWebKit/537.36 (KHTML, like Gecko) Chrome/63.0.3239.84 Safari/537.36" 20
- 0:0:0:0:0:0:0:1 - - [10/Jan/2018:15:01:27 +0800] "GET /favicon.ico HTTP/1.1" 200 946 "http://localhost:8080/" "Mozilla/5.0 (Macintosh; Intel Mac OS X 10_11_6) AppleWebKit/537.36 (KHTML, like Gecko) Chrome/63.0.3239.84 Safari/537.36" 25
- 0:0:0:0:0:0:0:1 - - [10/Jan/2018:15:01:29 +0800] "GET /page/PolicyQuery.html HTTP/1.1" 200 4303 "http://localhost:8080/" "Mozilla/5.0 (Macintosh; Intel Mac OS X 10_11_6) AppleWebKit/537.36 (KHTML, like Gecko) Chrome/63.0.3239.84 Safari/537.36" 13
- 0:0:0:0:0:0:0:1 - - [10/Jan/2018:15:01:36 +0800] "GET /page/JiedanbaoDel.html HTTP/1.1" 200 3758 "http://localhost:8080/" "Mozilla/5.0 (Macintosh; Intel Mac OS X 10_11_6) AppleWebKit/537.36 (KHTML, like Gecko) Chrome/63.0.3239.84 Safari/537.36" 11
- 0:0:0:0:0:0:0:1 - - [10/Jan/2018:15:02:26 +0800] "GET / HTTP/1.1" 200 9668 "-" "Mozilla/5.0 (Macintosh; Intel Mac OS X 10_11_6) AppleWebKit/537.36 (KHTML, like Gecko) Chrome/63.0.3239.84 Safari/537.36" 147
- 0:0:0:0:0:0:0:1 - - [10/Jan/2018:15:02:26 +0800] "GET /main.html HTTP/1.1" 200 3450 "http://localhost:8080/" "Mozilla/5.0 (Macintosh; Intel Mac OS X 10_11_6) AppleWebKit/537.36 (KHTML, like Gecko) Chrome/63.0.3239.84 Safari/537.36" 11
- 0:0:0:0:0:0:0:1 - - [10/Jan/2018:15:02:26 +0800] "GET /favicon.ico HTTP/1.1" 200 946 "http://localhost:8080/" "Mozilla/5.0 (Macintosh; Intel Mac OS X 10_11_6) AppleWebKit/537.36 (KHTML, like Gecko) Chrome/63.0.3239.84 Safari/537.36" 25
- 0:0:0:0:0:0:0:1 - - [10/Jan/2018:15:02:28 +0800] "GET /page/PolicyQuery.html HTTP/1.1" 200 4317 "http://localhost:8080/" "Mozilla/5.0 (Macintosh; Intel Mac OS X 10_11_6) AppleWebKit/537.36 (KHTML, like Gecko) Chrome/63.0.3239.84 Safari/537.36" 13
- 0:0:0:0:0:0:0:1 - - [10/Jan/2018:15:02:32 +0800] "GET /page/JiedanbaoDel.html HTTP/1.1" 200 3758 "http://localhost:8080/" "Mozilla/5.0 (Macintosh; Intel Mac OS X 10_11_6) AppleWebKit/537.36 (KHTML, like Gecko) Chrome/63.0.3239.84 Safari/537.36" 11
- 0:0:0:0:0:0:0:1 - - [10/Jan/2018:15:03:24 +0800] "GET / HTTP/1.1" 200 9668 "-" "Mozilla/5.0 (Macintosh; Intel Mac OS X 10_11_6) AppleWebKit/537.36 (KHTML, like Gecko) Chrome/63.0.3239.84 Safari/537.36" 174
- 0:0:0:0:0:0:0:1 - - [10/Jan/2018:15:03:24 +0800] "GET /main.html HTTP/1.1" 200 3450 "http://localhost:8080/" "Mozilla/5.0 (Macintosh; Intel Mac OS X 10_11_6) AppleWebKit/537.36 (KHTML, like Gecko) Chrome/63.0.3239.84 Safari/537.36" 13
- 0:0:0:0:0:0:0:1 - - [10/Jan/2018:15:03:24 +0800] "GET /favicon.ico HTTP/1.1" 200 946 "http://localhost:8080/" "Mozilla/5.0 (Macintosh; Intel Mac OS X 10_11_6) AppleWebKit/537.36 (KHTML, like Gecko) Chrome/63.0.3239.84 Safari/537.36" 27
- 0:0:0:0:0:0:0:1 - - [10/Jan/2018:15:03:26 +0800] "GET /page/PolicyQuery.html HTTP/1.1" 200 4320 "http://localhost:8080/" "Mozilla/5.0 (Macintosh; Intel Mac OS X 10_11_6) AppleWebKit/537.36 (KHTML, like Gecko) Chrome/63.0.3239.84 Safari/537.36" 12
- 0:0:0:0:0:0:0:1 - - [10/Jan/2018:15:03:29 +0800] "GET /page/JiedanbaoDel.html HTTP/1.1" 200 3758 "http://localhost:8080/" "Mozilla/5.0 (Macintosh; Intel Mac OS X 10_11_6) AppleWebKit/537.36 (KHTML, like Gecko) Chrome/63.0.3239.84 Safari/537.36" 10
- 0:0:0:0:0:0:0:1 - - [10/Jan/2018:15:06:08 +0800] "GET /page/personInfo.html HTTP/1.1" 200 4267 "http://localhost:8080/" "Mozilla/5.0 (Macintosh; Intel Mac OS X 10_11_6) AppleWebKit/537.36 (KHTML, like Gecko) Chrome/63.0.3239.84 Safari/537.36" 11
- 0:0:0:0:0:0:0:1 - - [10/Jan/2018:15:06:12 +0800] "GET /page/changepwd.html HTTP/1.1" 200 2783 "http://localhost:8080/" "Mozilla/5.0 (Macintosh; Intel Mac OS X 10_11_6) AppleWebKit/537.36 (KHTML, like Gecko) Chrome/63.0.3239.84 Safari/537.36" 7
- 0:0:0:0:0:0:0:1 - - [10/Jan/2018:15:06:17 +0800] "GET /page/myloginfo.html HTTP/1.1" 200 12170 "http://localhost:8080/" "Mozilla/5.0 (Macintosh; Intel Mac OS X 10_11_6) AppleWebKit/537.36 (KHTML, like Gecko) Chrome/63.0.3239.84 Safari/537.36" 15
- 0:0:0:0:0:0:0:1 - - [10/Jan/2018:15:09:28 +0800] "GET / HTTP/1.1" 200 9668 "-" "Mozilla/5.0 (Macintosh; Intel Mac OS X 10_11_6) AppleWebKit/537.36 (KHTML, like Gecko) Chrome/63.0.3239.84 Safari/537.36" 163
- 0:0:0:0:0:0:0:1 - - [10/Jan/2018:15:09:28 +0800] "GET /main.html HTTP/1.1" 200 3450 "http://localhost:8080/" "Mozilla/5.0 (Macintosh; Intel Mac OS X 10_11_6) AppleWebKit/537.36 (KHTML, like Gecko) Chrome/63.0.3239.84 Safari/537.36" 15
- 0:0:0:0:0:0:0:1 - - [10/Jan/2018:15:09:28 +0800] "GET /favicon.ico HTTP/1.1" 200 946 "http://localhost:8080/" "Mozilla/5.0 (Macintosh; Intel Mac OS X 10_11_6) AppleWebKit/537.36 (KHTML, like Gecko) Chrome/63.0.3239.84 Safari/537.36" 30
- 0:0:0:0:0:0:0:1 - - [10/Jan/2018:15:09:29 +0800] "GET /page/PolicyQuery.html HTTP/1.1" 200 5154 "http://localhost:8080/" "Mozilla/5.0 (Macintosh; Intel Mac OS X 10_11_6) AppleWebKit/537.36 (KHTML, like Gecko) Chrome/63.0.3239.84 Safari/537.36" 11
- 0:0:0:0:0:0:0:1 - - [10/Jan/2018:15:09:30 +0800] "GET /jiedanbao/query?mid=undefined HTTP/1.1" 500 199 "http://localhost:8080/page/PolicyQuery.html" "Mozilla/5.0 (Macintosh; Intel Mac OS X 10_11_6) AppleWebKit/537.36 (KHTML, like Gecko) Chrome/63.0.3239.84 Safari/537.36" 72
- 0:0:0:0:0:0:0:1 - - [10/Jan/2018:15:12:44 +0800] "GET / HTTP/1.1" 200 9668 "-" "Mozilla/5.0 (Macintosh; Intel Mac OS X 10_11_6) AppleWebKit/537.36 (KHTML, like Gecko) Chrome/63.0.3239.84 Safari/537.36" 202
- 0:0:0:0:0:0:0:1 - - [10/Jan/2018:15:12:44 +0800] "GET /main.html HTTP/1.1" 200 3450 "http://localhost:8080/" "Mozilla/5.0 (Macintosh; Intel Mac OS X 10_11_6) AppleWebKit/537.36 (KHTML, like Gecko) Chrome/63.0.3239.84 Safari/537.36" 15
- 0:0:0:0:0:0:0:1 - - [10/Jan/2018:15:12:44 +0800] "GET /favicon.ico HTTP/1.1" 200 946 "http://localhost:8080/" "Mozilla/5.0 (Macintosh; Intel Mac OS X 10_11_6) AppleWebKit/537.36 (KHTML, like Gecko) Chrome/63.0.3239.84 Safari/537.36" 27
- 0:0:0:0:0:0:0:1 - - [10/Jan/2018:15:12:46 +0800] "GET /page/PolicyQuery.html HTTP/1.1" 200 5154 "http://localhost:8080/" "Mozilla/5.0 (Macintosh; Intel Mac OS X 10_11_6) AppleWebKit/537.36 (KHTML, like Gecko) Chrome/63.0.3239.84 Safari/537.36" 10
- 0:0:0:0:0:0:0:1 - - [10/Jan/2018:15:13:07 +0800] "GET /jiedanbao/query?mid=undefined HTTP/1.1" 500 199 "http://localhost:8080/page/PolicyQuery.html" "Mozilla/5.0 (Macintosh; Intel Mac OS X 10_11_6) AppleWebKit/537.36 (KHTML, like Gecko) Chrome/63.0.3239.84 Safari/537.36" 19054
- 0:0:0:0:0:0:0:1 - - [10/Jan/2018:15:14:35 +0800] "GET /jiedanbao/query?mid=undefined HTTP/1.1" 500 199 "http://localhost:8080/page/PolicyQuery.html" "Mozilla/5.0 (Macintosh; Intel Mac OS X 10_11_6) AppleWebKit/537.36 (KHTML, like Gecko) Chrome/63.0.3239.84 Safari/537.36" 83748
- 0:0:0:0:0:0:0:1 - - [10/Jan/2018:15:14:47 +0800] "GET / HTTP/1.1" 200 9668 "-" "Mozilla/5.0 (Macintosh; Intel Mac OS X 10_11_6) AppleWebKit/537.36 (KHTML, like Gecko) Chrome/63.0.3239.84 Safari/537.36" 211
- 0:0:0:0:0:0:0:1 - - [10/Jan/2018:15:14:47 +0800] "GET /main.html HTTP/1.1" 200 3450 "http://localhost:8080/" "Mozilla/5.0 (Macintosh; Intel Mac OS X 10_11_6) AppleWebKit/537.36 (KHTML, like Gecko) Chrome/63.0.3239.84 Safari/537.36" 25
- 0:0:0:0:0:0:0:1 - - [10/Jan/2018:15:14:47 +0800] "GET /favicon.ico HTTP/1.1" 200 946 "http://localhost:8080/" "Mozilla/5.0 (Macintosh; Intel Mac OS X 10_11_6) AppleWebKit/537.36 (KHTML, like Gecko) Chrome/63.0.3239.84 Safari/537.36" 32
- 0:0:0:0:0:0:0:1 - - [10/Jan/2018:15:14:49 +0800] "GET /page/PolicyQuery.html HTTP/1.1" 200 5163 "http://localhost:8080/" "Mozilla/5.0 (Macintosh; Intel Mac OS X 10_11_6) AppleWebKit/537.36 (KHTML, like Gecko) Chrome/63.0.3239.84 Safari/537.36" 14
- 0:0:0:0:0:0:0:1 - - [10/Jan/2018:15:15:14 +0800] "GET /jiedanbao/query?mid=1 HTTP/1.1" 200 23 "http://localhost:8080/page/PolicyQuery.html" "Mozilla/5.0 (Macintosh; Intel Mac OS X 10_11_6) AppleWebKit/537.36 (KHTML, like Gecko) Chrome/63.0.3239.84 Safari/537.36" 18180
- 0:0:0:0:0:0:0:1 - - [10/Jan/2018:15:18:00 +0800] "GET / HTTP/1.1" 200 9668 "-" "Mozilla/5.0 (Macintosh; Intel Mac OS X 10_11_6) AppleWebKit/537.36 (KHTML, like Gecko) Chrome/63.0.3239.84 Safari/537.36" 155
- 0:0:0:0:0:0:0:1 - - [10/Jan/2018:15:18:00 +0800] "GET /main.html HTTP/1.1" 200 3450 "http://localhost:8080/" "Mozilla/5.0 (Macintosh; Intel Mac OS X 10_11_6) AppleWebKit/537.36 (KHTML, like Gecko) Chrome/63.0.3239.84 Safari/537.36" 15
- 0:0:0:0:0:0:0:1 - - [10/Jan/2018:15:18:00 +0800] "GET /favicon.ico HTTP/1.1" 200 946 "http://localhost:8080/" "Mozilla/5.0 (Macintosh; Intel Mac OS X 10_11_6) AppleWebKit/537.36 (KHTML, like Gecko) Chrome/63.0.3239.84 Safari/537.36" 27
- 0:0:0:0:0:0:0:1 - - [10/Jan/2018:15:18:02 +0800] "GET /page/JiedanbaoDel.html HTTP/1.1" 200 3969 "http://localhost:8080/" "Mozilla/5.0 (Macintosh; Intel Mac OS X 10_11_6) AppleWebKit/537.36 (KHTML, like Gecko) Chrome/63.0.3239.84 Safari/537.36" 14
- 0:0:0:0:0:0:0:1 - - [10/Jan/2018:15:18:05 +0800] "GET /page/JiedanbaoDel.html? HTTP/1.1" 200 3969 "http://localhost:8080/page/JiedanbaoDel.html" "Mozilla/5.0 (Macintosh; Intel Mac OS X 10_11_6) AppleWebKit/537.36 (KHTML, like Gecko) Chrome/63.0.3239.84 Safari/537.36" 9
- 0:0:0:0:0:0:0:1 - - [10/Jan/2018:15:18:08 +0800] "GET /page/JiedanbaoDel.html? HTTP/1.1" 200 3969 "http://localhost:8080/page/JiedanbaoDel.html?" "Mozilla/5.0 (Macintosh; Intel Mac OS X 10_11_6) AppleWebKit/537.36 (KHTML, like Gecko) Chrome/63.0.3239.84 Safari/537.36" 9
- 0:0:0:0:0:0:0:1 - - [10/Jan/2018:15:18:08 +0800] "GET /jiedanbao/del?mid=1 HTTP/1.1" 200 147 "http://localhost:8080/page/JiedanbaoDel.html?" "Mozilla/5.0 (Macintosh; Intel Mac OS X 10_11_6) AppleWebKit/537.36 (KHTML, like Gecko) Chrome/63.0.3239.84 Safari/537.36" 206
- 0:0:0:0:0:0:0:1 - - [10/Jan/2018:15:18:12 +0800] "GET /page/JiedanbaoDel.html? HTTP/1.1" 200 3969 "http://localhost:8080/page/JiedanbaoDel.html?" "Mozilla/5.0 (Macintosh; Intel Mac OS X 10_11_6) AppleWebKit/537.36 (KHTML, like Gecko) Chrome/63.0.3239.84 Safari/537.36" 7
- 0:0:0:0:0:0:0:1 - - [10/Jan/2018:15:18:12 +0800] "GET /jiedanbao/del?mid=1 HTTP/1.1" 200 147 "http://localhost:8080/page/JiedanbaoDel.html?" "Mozilla/5.0 (Macintosh; Intel Mac OS X 10_11_6) AppleWebKit/537.36 (KHTML, like Gecko) Chrome/63.0.3239.84 Safari/537.36" 36
- 0:0:0:0:0:0:0:1 - - [10/Jan/2018:15:18:14 +0800] "GET /page/JiedanbaoDel.html? HTTP/1.1" 200 3969 "http://localhost:8080/page/JiedanbaoDel.html?" "Mozilla/5.0 (Macintosh; Intel Mac OS X 10_11_6) AppleWebKit/537.36 (KHTML, like Gecko) Chrome/63.0.3239.84 Safari/537.36" 6
- 0:0:0:0:0:0:0:1 - - [10/Jan/2018:15:18:14 +0800] "GET /jiedanbao/del?mid=1 HTTP/1.1" 200 147 "http://localhost:8080/page/JiedanbaoDel.html?" "Mozilla/5.0 (Macintosh; Intel Mac OS X 10_11_6) AppleWebKit/537.36 (KHTML, like Gecko) Chrome/63.0.3239.84 Safari/537.36" 30
- 0:0:0:0:0:0:0:1 - - [10/Jan/2018:15:19:00 +0800] "GET /page/PolicyQuery.html HTTP/1.1" 200 5163 "http://localhost:8080/" "Mozilla/5.0 (Macintosh; Intel Mac OS X 10_11_6) AppleWebKit/537.36 (KHTML, like Gecko) Chrome/63.0.3239.84 Safari/537.36" 9
- 0:0:0:0:0:0:0:1 - - [10/Jan/2018:15:28:38 +0800] "GET /page/del.html HTTP/1.1" 500 375 "-" "Mozilla/5.0 (Macintosh; Intel Mac OS X 10_11_6) AppleWebKit/537.36 (KHTML, like Gecko) Chrome/63.0.3239.84 Safari/537.36" 171
- 0:0:0:0:0:0:0:1 - - [10/Jan/2018:15:29:02 +0800] "GET /page/del.html HTTP/1.1" 200 2729 "-" "Mozilla/5.0 (Macintosh; Intel Mac OS X 10_11_6) AppleWebKit/537.36 (KHTML, like Gecko) Chrome/63.0.3239.84 Safari/537.36" 132
- 0:0:0:0:0:0:0:1 - - [10/Jan/2018:15:29:35 +0800] "GET /page/del.html HTTP/1.1" 200 2719 "-" "Mozilla/5.0 (Macintosh; Intel Mac OS X 10_11_6) AppleWebKit/537.36 (KHTML, like Gecko) Chrome/63.0.3239.84 Safari/537.36" 129
- 0:0:0:0:0:0:0:1 - - [10/Jan/2018:15:29:38 +0800] "GET /jiedanbao/del?mid=123 HTTP/1.1" 200 147 "http://localhost:8080/page/del.html" "Mozilla/5.0 (Macintosh; Intel Mac OS X 10_11_6) AppleWebKit/537.36 (KHTML, like Gecko) Chrome/63.0.3239.84 Safari/537.36" 167
- 0:0:0:0:0:0:0:1 - - [10/Jan/2018:15:31:26 +0800] "GET / HTTP/1.1" 200 9668 "-" "Mozilla/5.0 (Macintosh; Intel Mac OS X 10_11_6) AppleWebKit/537.36 (KHTML, like Gecko) Chrome/63.0.3239.84 Safari/537.36" 143
- 0:0:0:0:0:0:0:1 - - [10/Jan/2018:15:31:26 +0800] "GET /main.html HTTP/1.1" 200 3450 "http://localhost:8080/" "Mozilla/5.0 (Macintosh; Intel Mac OS X 10_11_6) AppleWebKit/537.36 (KHTML, like Gecko) Chrome/63.0.3239.84 Safari/537.36" 14
- 0:0:0:0:0:0:0:1 - - [10/Jan/2018:15:31:29 +0800] "GET /page/JiedanbaoDel.html HTTP/1.1" 200 3709 "http://localhost:8080/" "Mozilla/5.0 (Macintosh; Intel Mac OS X 10_11_6) AppleWebKit/537.36 (KHTML, like Gecko) Chrome/63.0.3239.84 Safari/537.36" 10
- 0:0:0:0:0:0:0:1 - - [10/Jan/2018:15:31:32 +0800] "GET /jiedanbao/del?mid=123 HTTP/1.1" 200 147 "http://localhost:8080/page/JiedanbaoDel.html" "Mozilla/5.0 (Macintosh; Intel Mac OS X 10_11_6) AppleWebKit/537.36 (KHTML, like Gecko) Chrome/63.0.3239.84 Safari/537.36" 168
- 0:0:0:0:0:0:0:1 - - [10/Jan/2018:15:32:48 +0800] "GET / HTTP/1.1" 200 9668 "-" "Mozilla/5.0 (Macintosh; Intel Mac OS X 10_11_6) AppleWebKit/537.36 (KHTML, like Gecko) Chrome/63.0.3239.84 Safari/537.36" 146
- 0:0:0:0:0:0:0:1 - - [10/Jan/2018:15:32:48 +0800] "GET /main.html HTTP/1.1" 200 3450 "http://localhost:8080/" "Mozilla/5.0 (Macintosh; Intel Mac OS X 10_11_6) AppleWebKit/537.36 (KHTML, like Gecko) Chrome/63.0.3239.84 Safari/537.36" 17
- 0:0:0:0:0:0:0:1 - - [10/Jan/2018:15:32:48 +0800] "GET /favicon.ico HTTP/1.1" 200 946 "http://localhost:8080/" "Mozilla/5.0 (Macintosh; Intel Mac OS X 10_11_6) AppleWebKit/537.36 (KHTML, like Gecko) Chrome/63.0.3239.84 Safari/537.36" 33
- 0:0:0:0:0:0:0:1 - - [10/Jan/2018:15:32:49 +0800] "GET /page/JiedanbaoDel.html HTTP/1.1" 200 3726 "http://localhost:8080/" "Mozilla/5.0 (Macintosh; Intel Mac OS X 10_11_6) AppleWebKit/537.36 (KHTML, like Gecko) Chrome/63.0.3239.84 Safari/537.36" 14
- 0:0:0:0:0:0:0:1 - - [10/Jan/2018:15:32:52 +0800] "GET /jiedanbao/del?mid=12 HTTP/1.1" 200 147 "http://localhost:8080/page/JiedanbaoDel.html" "Mozilla/5.0 (Macintosh; Intel Mac OS X 10_11_6) AppleWebKit/537.36 (KHTML, like Gecko) Chrome/63.0.3239.84 Safari/537.36" 151
- 0:0:0:0:0:0:0:1 - - [10/Jan/2018:15:33:30 +0800] "GET /page/PolicyQuery.html HTTP/1.1" 200 5416 "http://localhost:8080/" "Mozilla/5.0 (Macintosh; Intel Mac OS X 10_11_6) AppleWebKit/537.36 (KHTML, like Gecko) Chrome/63.0.3239.84 Safari/537.36" 11
- 0:0:0:0:0:0:0:1 - - [10/Jan/2018:15:33:35 +0800] "GET /jiedanbao/query?mid=1 HTTP/1.1" 200 23 "http://localhost:8080/page/PolicyQuery.html" "Mozilla/5.0 (Macintosh; Intel Mac OS X 10_11_6) AppleWebKit/537.36 (KHTML, like Gecko) Chrome/63.0.3239.84 Safari/537.36" 16
- 0:0:0:0:0:0:0:1 - - [10/Jan/2018:15:34:39 +0800] "GET /page/JiedanbaoDel.html HTTP/1.1" 200 3726 "http://localhost:8080/" "Mozilla/5.0 (Macintosh; Intel Mac OS X 10_11_6) AppleWebKit/537.36 (KHTML, like Gecko) Chrome/63.0.3239.84 Safari/537.36" 11
- 0:0:0:0:0:0:0:1 - - [10/Jan/2018:15:35:21 +0800] "GET /page/myloginfo.html HTTP/1.1" 200 12170 "http://localhost:8080/" "Mozilla/5.0 (Macintosh; Intel Mac OS X 10_11_6) AppleWebKit/537.36 (KHTML, like Gecko) Chrome/63.0.3239.84 Safari/537.36" 14
- 0:0:0:0:0:0:0:1 - - [10/Jan/2018:15:35:29 +0800] "GET /page/table_1.html HTTP/1.1" 200 6186 "http://localhost:8080/" "Mozilla/5.0 (Macintosh; Intel Mac OS X 10_11_6) AppleWebKit/537.36 (KHTML, like Gecko) Chrome/63.0.3239.84 Safari/537.36" 8
- 0:0:0:0:0:0:0:1 - - [10/Jan/2018:15:35:31 +0800] "GET /page/table.html HTTP/1.1" 200 19410 "http://localhost:8080/" "Mozilla/5.0 (Macintosh; Intel Mac OS X 10_11_6) AppleWebKit/537.36 (KHTML, like Gecko) Chrome/63.0.3239.84 Safari/537.36" 22
- 0:0:0:0:0:0:0:1 - - [10/Jan/2018:15:35:33 +0800] "GET /page/myloginfo.html HTTP/1.1" 200 12170 "http://localhost:8080/" "Mozilla/5.0 (Macintosh; Intel Mac OS X 10_11_6) AppleWebKit/537.36 (KHTML, like Gecko) Chrome/63.0.3239.84 Safari/537.36" 6
- 0:0:0:0:0:0:0:1 - - [10/Jan/2018:15:37:18 +0800] "GET / HTTP/1.1" 200 9668 "-" "Mozilla/5.0 (Macintosh; Intel Mac OS X 10_11_6) AppleWebKit/537.36 (KHTML, like Gecko) Chrome/63.0.3239.84 Safari/537.36" 149
- 0:0:0:0:0:0:0:1 - - [10/Jan/2018:15:37:18 +0800] "GET /main.html HTTP/1.1" 200 3451 "http://localhost:8080/" "Mozilla/5.0 (Macintosh; Intel Mac OS X 10_11_6) AppleWebKit/537.36 (KHTML, like Gecko) Chrome/63.0.3239.84 Safari/537.36" 21
- 0:0:0:0:0:0:0:1 - - [10/Jan/2018:15:37:18 +0800] "GET /favicon.ico HTTP/1.1" 200 946 "http://localhost:8080/" "Mozilla/5.0 (Macintosh; Intel Mac OS X 10_11_6) AppleWebKit/537.36 (KHTML, like Gecko) Chrome/63.0.3239.84 Safari/537.36" 30
- 0:0:0:0:0:0:0:1 - - [10/Jan/2018:15:37:20 +0800] "GET /page/PolicyQuery.html HTTP/1.1" 200 5423 "http://localhost:8080/" "Mozilla/5.0 (Macintosh; Intel Mac OS X 10_11_6) AppleWebKit/537.36 (KHTML, like Gecko) Chrome/63.0.3239.84 Safari/537.36" 13
- 0:0:0:0:0:0:0:1 - - [10/Jan/2018:15:37:23 +0800] "GET /jiedanbao/query?mid=1 HTTP/1.1" 200 23 "http://localhost:8080/page/PolicyQuery.html" "Mozilla/5.0 (Macintosh; Intel Mac OS X 10_11_6) AppleWebKit/537.36 (KHTML, like Gecko) Chrome/63.0.3239.84 Safari/537.36" 105
- 0:0:0:0:0:0:0:1 - - [10/Jan/2018:15:40:17 +0800] "GET / HTTP/1.1" 200 9668 "-" "Mozilla/5.0 (Macintosh; Intel Mac OS X 10_11_6) AppleWebKit/537.36 (KHTML, like Gecko) Chrome/63.0.3239.84 Safari/537.36" 146
- 0:0:0:0:0:0:0:1 - - [10/Jan/2018:15:40:17 +0800] "GET /main.html HTTP/1.1" 200 3451 "http://localhost:8080/" "Mozilla/5.0 (Macintosh; Intel Mac OS X 10_11_6) AppleWebKit/537.36 (KHTML, like Gecko) Chrome/63.0.3239.84 Safari/537.36" 16
- 0:0:0:0:0:0:0:1 - - [10/Jan/2018:15:40:17 +0800] "GET /favicon.ico HTTP/1.1" 200 946 "http://localhost:8080/" "Mozilla/5.0 (Macintosh; Intel Mac OS X 10_11_6) AppleWebKit/537.36 (KHTML, like Gecko) Chrome/63.0.3239.84 Safari/537.36" 23
- 0:0:0:0:0:0:0:1 - - [10/Jan/2018:15:40:19 +0800] "GET /page/PolicyQuery.html HTTP/1.1" 200 5575 "http://localhost:8080/" "Mozilla/5.0 (Macintosh; Intel Mac OS X 10_11_6) AppleWebKit/537.36 (KHTML, like Gecko) Chrome/63.0.3239.84 Safari/537.36" 13
- 0:0:0:0:0:0:0:1 - - [10/Jan/2018:15:40:23 +0800] "GET /jiedanbao/query?mid=1 HTTP/1.1" 200 23 "http://localhost:8080/page/PolicyQuery.html" "Mozilla/5.0 (Macintosh; Intel Mac OS X 10_11_6) AppleWebKit/537.36 (KHTML, like Gecko) Chrome/63.0.3239.84 Safari/537.36" 105
- 0:0:0:0:0:0:0:1 - - [10/Jan/2018:15:40:24 +0800] "GET /jiedanbao/query?mid=1 HTTP/1.1" 200 23 "http://localhost:8080/page/PolicyQuery.html" "Mozilla/5.0 (Macintosh; Intel Mac OS X 10_11_6) AppleWebKit/537.36 (KHTML, like Gecko) Chrome/63.0.3239.84 Safari/537.36" 6
- 0:0:0:0:0:0:0:1 - - [10/Jan/2018:15:40:25 +0800] "GET /jiedanbao/query?mid=1 HTTP/1.1" 200 23 "http://localhost:8080/page/PolicyQuery.html" "Mozilla/5.0 (Macintosh; Intel Mac OS X 10_11_6) AppleWebKit/537.36 (KHTML, like Gecko) Chrome/63.0.3239.84 Safari/537.36" 6
- 0:0:0:0:0:0:0:1 - - [10/Jan/2018:15:40:25 +0800] "GET /jiedanbao/query?mid=1 HTTP/1.1" 200 23 "http://localhost:8080/page/PolicyQuery.html" "Mozilla/5.0 (Macintosh; Intel Mac OS X 10_11_6) AppleWebKit/537.36 (KHTML, like Gecko) Chrome/63.0.3239.84 Safari/537.36" 5
- 0:0:0:0:0:0:0:1 - - [10/Jan/2018:15:40:25 +0800] "GET /jiedanbao/query?mid=1 HTTP/1.1" 200 23 "http://localhost:8080/page/PolicyQuery.html" "Mozilla/5.0 (Macintosh; Intel Mac OS X 10_11_6) AppleWebKit/537.36 (KHTML, like Gecko) Chrome/63.0.3239.84 Safari/537.36" 5
- 0:0:0:0:0:0:0:1 - - [10/Jan/2018:15:40:25 +0800] "GET /jiedanbao/query?mid=1 HTTP/1.1" 200 23 "http://localhost:8080/page/PolicyQuery.html" "Mozilla/5.0 (Macintosh; Intel Mac OS X 10_11_6) AppleWebKit/537.36 (KHTML, like Gecko) Chrome/63.0.3239.84 Safari/537.36" 6
- 0:0:0:0:0:0:0:1 - - [10/Jan/2018:15:40:25 +0800] "GET /jiedanbao/query?mid=1 HTTP/1.1" 200 23 "http://localhost:8080/page/PolicyQuery.html" "Mozilla/5.0 (Macintosh; Intel Mac OS X 10_11_6) AppleWebKit/537.36 (KHTML, like Gecko) Chrome/63.0.3239.84 Safari/537.36" 5
- 0:0:0:0:0:0:0:1 - - [10/Jan/2018:16:02:06 +0800] "GET / HTTP/1.1" 200 9668 "-" "Mozilla/5.0 (Macintosh; Intel Mac OS X 10_11_6) AppleWebKit/537.36 (KHTML, like Gecko) Chrome/63.0.3239.84 Safari/537.36" 150
- 0:0:0:0:0:0:0:1 - - [10/Jan/2018:16:02:06 +0800] "GET /main.html HTTP/1.1" 200 3451 "http://localhost:8080/" "Mozilla/5.0 (Macintosh; Intel Mac OS X 10_11_6) AppleWebKit/537.36 (KHTML, like Gecko) Chrome/63.0.3239.84 Safari/537.36" 17
- 0:0:0:0:0:0:0:1 - - [10/Jan/2018:16:02:06 +0800] "GET /favicon.ico HTTP/1.1" 200 946 "http://localhost:8080/" "Mozilla/5.0 (Macintosh; Intel Mac OS X 10_11_6) AppleWebKit/537.36 (KHTML, like Gecko) Chrome/63.0.3239.84 Safari/537.36" 27
- 0:0:0:0:0:0:0:1 - - [10/Jan/2018:16:02:08 +0800] "GET /page/PolicyQuery.html HTTP/1.1" 500 383 "http://localhost:8080/" "Mozilla/5.0 (Macintosh; Intel Mac OS X 10_11_6) AppleWebKit/537.36 (KHTML, like Gecko) Chrome/63.0.3239.84 Safari/537.36" 62
- 0:0:0:0:0:0:0:1 - - [10/Jan/2018:16:03:00 +0800] "GET / HTTP/1.1" 200 9668 "-" "Mozilla/5.0 (Macintosh; Intel Mac OS X 10_11_6) AppleWebKit/537.36 (KHTML, like Gecko) Chrome/63.0.3239.84 Safari/537.36" 162
- 0:0:0:0:0:0:0:1 - - [10/Jan/2018:16:03:00 +0800] "GET /main.html HTTP/1.1" 200 3451 "http://localhost:8080/" "Mozilla/5.0 (Macintosh; Intel Mac OS X 10_11_6) AppleWebKit/537.36 (KHTML, like Gecko) Chrome/63.0.3239.84 Safari/537.36" 12
- 0:0:0:0:0:0:0:1 - - [10/Jan/2018:16:03:00 +0800] "GET /favicon.ico HTTP/1.1" 200 946 "http://localhost:8080/" "Mozilla/5.0 (Macintosh; Intel Mac OS X 10_11_6) AppleWebKit/537.36 (KHTML, like Gecko) Chrome/63.0.3239.84 Safari/537.36" 27
- 0:0:0:0:0:0:0:1 - - [10/Jan/2018:16:03:02 +0800] "GET /page/PolicyQuery.html HTTP/1.1" 500 385 "http://localhost:8080/" "Mozilla/5.0 (Macintosh; Intel Mac OS X 10_11_6) AppleWebKit/537.36 (KHTML, like Gecko) Chrome/63.0.3239.84 Safari/537.36" 60
- 0:0:0:0:0:0:0:1 - - [10/Jan/2018:16:04:50 +0800] "GET / HTTP/1.1" 200 9668 "-" "Mozilla/5.0 (Macintosh; Intel Mac OS X 10_11_6) AppleWebKit/537.36 (KHTML, like Gecko) Chrome/63.0.3239.84 Safari/537.36" 150
- 0:0:0:0:0:0:0:1 - - [10/Jan/2018:16:04:50 +0800] "GET /main.html HTTP/1.1" 200 3451 "http://localhost:8080/" "Mozilla/5.0 (Macintosh; Intel Mac OS X 10_11_6) AppleWebKit/537.36 (KHTML, like Gecko) Chrome/63.0.3239.84 Safari/537.36" 15
- 0:0:0:0:0:0:0:1 - - [10/Jan/2018:16:04:51 +0800] "GET /favicon.ico HTTP/1.1" 200 946 "http://localhost:8080/" "Mozilla/5.0 (Macintosh; Intel Mac OS X 10_11_6) AppleWebKit/537.36 (KHTML, like Gecko) Chrome/63.0.3239.84 Safari/537.36" 24
- 0:0:0:0:0:0:0:1 - - [10/Jan/2018:16:04:52 +0800] "GET /page/PolicyQuery.html HTTP/1.1" 500 385 "http://localhost:8080/" "Mozilla/5.0 (Macintosh; Intel Mac OS X 10_11_6) AppleWebKit/537.36 (KHTML, like Gecko) Chrome/63.0.3239.84 Safari/537.36" 59
- 0:0:0:0:0:0:0:1 - - [10/Jan/2018:16:05:32 +0800] "GET / HTTP/1.1" 200 9668 "-" "Mozilla/5.0 (Macintosh; Intel Mac OS X 10_11_6) AppleWebKit/537.36 (KHTML, like Gecko) Chrome/63.0.3239.84 Safari/537.36" 156
- 0:0:0:0:0:0:0:1 - - [10/Jan/2018:16:05:32 +0800] "GET /main.html HTTP/1.1" 200 3451 "http://localhost:8080/" "Mozilla/5.0 (Macintosh; Intel Mac OS X 10_11_6) AppleWebKit/537.36 (KHTML, like Gecko) Chrome/63.0.3239.84 Safari/537.36" 12
- 0:0:0:0:0:0:0:1 - - [10/Jan/2018:16:05:32 +0800] "GET /favicon.ico HTTP/1.1" 200 946 "http://localhost:8080/" "Mozilla/5.0 (Macintosh; Intel Mac OS X 10_11_6) AppleWebKit/537.36 (KHTML, like Gecko) Chrome/63.0.3239.84 Safari/537.36" 29
- 0:0:0:0:0:0:0:1 - - [10/Jan/2018:16:05:34 +0800] "GET /page/PolicyQuery.html HTTP/1.1" 500 385 "http://localhost:8080/" "Mozilla/5.0 (Macintosh; Intel Mac OS X 10_11_6) AppleWebKit/537.36 (KHTML, like Gecko) Chrome/63.0.3239.84 Safari/537.36" 52
- 0:0:0:0:0:0:0:1 - - [10/Jan/2018:16:08:05 +0800] "GET / HTTP/1.1" 200 9668 "-" "Mozilla/5.0 (Macintosh; Intel Mac OS X 10_11_6) AppleWebKit/537.36 (KHTML, like Gecko) Chrome/63.0.3239.84 Safari/537.36" 142
- 0:0:0:0:0:0:0:1 - - [10/Jan/2018:16:08:05 +0800] "GET /main.html HTTP/1.1" 200 3451 "http://localhost:8080/" "Mozilla/5.0 (Macintosh; Intel Mac OS X 10_11_6) AppleWebKit/537.36 (KHTML, like Gecko) Chrome/63.0.3239.84 Safari/537.36" 17
- 0:0:0:0:0:0:0:1 - - [10/Jan/2018:16:08:05 +0800] "GET /favicon.ico HTTP/1.1" 200 946 "http://localhost:8080/" "Mozilla/5.0 (Macintosh; Intel Mac OS X 10_11_6) AppleWebKit/537.36 (KHTML, like Gecko) Chrome/63.0.3239.84 Safari/537.36" 20
- 0:0:0:0:0:0:0:1 - - [10/Jan/2018:16:08:07 +0800] "GET /page/PolicyQuery.html HTTP/1.1" 200 5731 "http://localhost:8080/" "Mozilla/5.0 (Macintosh; Intel Mac OS X 10_11_6) AppleWebKit/537.36 (KHTML, like Gecko) Chrome/63.0.3239.84 Safari/537.36" 11
- 0:0:0:0:0:0:0:1 - - [10/Jan/2018:16:08:12 +0800] "GET /page/JiedanbaoDel.html HTTP/1.1" 200 3726 "http://localhost:8080/" "Mozilla/5.0 (Macintosh; Intel Mac OS X 10_11_6) AppleWebKit/537.36 (KHTML, like Gecko) Chrome/63.0.3239.84 Safari/537.36" 10
- 0:0:0:0:0:0:0:1 - - [10/Jan/2018:16:16:14 +0800] "GET / HTTP/1.1" 200 9668 "-" "Mozilla/5.0 (Macintosh; Intel Mac OS X 10_11_6) AppleWebKit/537.36 (KHTML, like Gecko) Chrome/63.0.3239.84 Safari/537.36" 153
- 0:0:0:0:0:0:0:1 - - [10/Jan/2018:16:16:14 +0800] "GET /main.html HTTP/1.1" 200 3451 "http://localhost:8080/" "Mozilla/5.0 (Macintosh; Intel Mac OS X 10_11_6) AppleWebKit/537.36 (KHTML, like Gecko) Chrome/63.0.3239.84 Safari/537.36" 18
- 0:0:0:0:0:0:0:1 - - [10/Jan/2018:16:16:15 +0800] "GET /favicon.ico HTTP/1.1" 200 946 "http://localhost:8080/" "Mozilla/5.0 (Macintosh; Intel Mac OS X 10_11_6) AppleWebKit/537.36 (KHTML, like Gecko) Chrome/63.0.3239.84 Safari/537.36" 44
- 0:0:0:0:0:0:0:1 - - [10/Jan/2018:16:16:17 +0800] "GET /page/PolicyQuery.html HTTP/1.1" 200 6071 "http://localhost:8080/" "Mozilla/5.0 (Macintosh; Intel Mac OS X 10_11_6) AppleWebKit/537.36 (KHTML, like Gecko) Chrome/63.0.3239.84 Safari/537.36" 14
- 0:0:0:0:0:0:0:1 - - [10/Jan/2018:16:16:18 +0800] "GET /jiedanbao/query?mid=1 HTTP/1.1" 200 23 "http://localhost:8080/page/PolicyQuery.html" "Mozilla/5.0 (Macintosh; Intel Mac OS X 10_11_6) AppleWebKit/537.36 (KHTML, like Gecko) Chrome/63.0.3239.84 Safari/537.36" 106
- 0:0:0:0:0:0:0:1 - - [10/Jan/2018:16:18:01 +0800] "GET /jiedanbao/query?mid=100100045684 HTTP/1.1" 200 639 "http://localhost:8080/page/PolicyQuery.html" "Mozilla/5.0 (Macintosh; Intel Mac OS X 10_11_6) AppleWebKit/537.36 (KHTML, like Gecko) Chrome/63.0.3239.84 Safari/537.36" 24
- 0:0:0:0:0:0:0:1 - - [10/Jan/2018:16:18:03 +0800] "GET /jiedanbao/query?mid=100100045684 HTTP/1.1" 200 639 "http://localhost:8080/page/PolicyQuery.html" "Mozilla/5.0 (Macintosh; Intel Mac OS X 10_11_6) AppleWebKit/537.36 (KHTML, like Gecko) Chrome/63.0.3239.84 Safari/537.36" 5
- 0:0:0:0:0:0:0:1 - - [10/Jan/2018:16:18:04 +0800] "GET /jiedanbao/query?mid=100100045684 HTTP/1.1" 200 639 "http://localhost:8080/page/PolicyQuery.html" "Mozilla/5.0 (Macintosh; Intel Mac OS X 10_11_6) AppleWebKit/537.36 (KHTML, like Gecko) Chrome/63.0.3239.84 Safari/537.36" 9
- 0:0:0:0:0:0:0:1 - - [10/Jan/2018:16:18:05 +0800] "GET /jiedanbao/query?mid=100100045684 HTTP/1.1" 200 639 "http://localhost:8080/page/PolicyQuery.html" "Mozilla/5.0 (Macintosh; Intel Mac OS X 10_11_6) AppleWebKit/537.36 (KHTML, like Gecko) Chrome/63.0.3239.84 Safari/537.36" 6
- 0:0:0:0:0:0:0:1 - - [10/Jan/2018:16:18:05 +0800] "GET /jiedanbao/query?mid=100100045684 HTTP/1.1" 200 639 "http://localhost:8080/page/PolicyQuery.html" "Mozilla/5.0 (Macintosh; Intel Mac OS X 10_11_6) AppleWebKit/537.36 (KHTML, like Gecko) Chrome/63.0.3239.84 Safari/537.36" 6
- 0:0:0:0:0:0:0:1 - - [10/Jan/2018:16:18:06 +0800] "GET /jiedanbao/query?mid=100100045684 HTTP/1.1" 200 639 "http://localhost:8080/page/PolicyQuery.html" "Mozilla/5.0 (Macintosh; Intel Mac OS X 10_11_6) AppleWebKit/537.36 (KHTML, like Gecko) Chrome/63.0.3239.84 Safari/537.36" 6
- 0:0:0:0:0:0:0:1 - - [10/Jan/2018:16:18:06 +0800] "GET /jiedanbao/query?mid=100100045684 HTTP/1.1" 200 639 "http://localhost:8080/page/PolicyQuery.html" "Mozilla/5.0 (Macintosh; Intel Mac OS X 10_11_6) AppleWebKit/537.36 (KHTML, like Gecko) Chrome/63.0.3239.84 Safari/537.36" 5
- 0:0:0:0:0:0:0:1 - - [10/Jan/2018:16:18:08 +0800] "GET /jiedanbao/query?mid=100100045684 HTTP/1.1" 200 639 "http://localhost:8080/page/PolicyQuery.html" "Mozilla/5.0 (Macintosh; Intel Mac OS X 10_11_6) AppleWebKit/537.36 (KHTML, like Gecko) Chrome/63.0.3239.84 Safari/537.36" 6
- 0:0:0:0:0:0:0:1 - - [10/Jan/2018:16:18:10 +0800] "GET / HTTP/1.1" 200 9668 "-" "Mozilla/5.0 (Macintosh; Intel Mac OS X 10_11_6) AppleWebKit/537.36 (KHTML, like Gecko) Chrome/63.0.3239.84 Safari/537.36" 9
- 0:0:0:0:0:0:0:1 - - [10/Jan/2018:16:18:10 +0800] "GET /main.html HTTP/1.1" 200 3451 "http://localhost:8080/" "Mozilla/5.0 (Macintosh; Intel Mac OS X 10_11_6) AppleWebKit/537.36 (KHTML, like Gecko) Chrome/63.0.3239.84 Safari/537.36" 14
- 0:0:0:0:0:0:0:1 - - [10/Jan/2018:16:18:11 +0800] "GET /favicon.ico HTTP/1.1" 200 946 "http://localhost:8080/" "Mozilla/5.0 (Macintosh; Intel Mac OS X 10_11_6) AppleWebKit/537.36 (KHTML, like Gecko) Chrome/63.0.3239.84 Safari/537.36" 4
- 0:0:0:0:0:0:0:1 - - [10/Jan/2018:16:18:12 +0800] "GET /page/PolicyQuery.html HTTP/1.1" 200 6071 "http://localhost:8080/" "Mozilla/5.0 (Macintosh; Intel Mac OS X 10_11_6) AppleWebKit/537.36 (KHTML, like Gecko) Chrome/63.0.3239.84 Safari/537.36" 9
- 0:0:0:0:0:0:0:1 - - [10/Jan/2018:16:18:14 +0800] "GET /jiedanbao/query?mid=100100045684 HTTP/1.1" 200 639 "http://localhost:8080/page/PolicyQuery.html" "Mozilla/5.0 (Macintosh; Intel Mac OS X 10_11_6) AppleWebKit/537.36 (KHTML, like Gecko) Chrome/63.0.3239.84 Safari/537.36" 6
- 0:0:0:0:0:0:0:1 - - [10/Jan/2018:16:18:50 +0800] "GET /jiedanbao/query?mid=100100045690 HTTP/1.1" 200 337 "http://localhost:8080/page/PolicyQuery.html" "Mozilla/5.0 (Macintosh; Intel Mac OS X 10_11_6) AppleWebKit/537.36 (KHTML, like Gecko) Chrome/63.0.3239.84 Safari/537.36" 8
- 0:0:0:0:0:0:0:1 - - [10/Jan/2018:16:19:26 +0800] "GET / HTTP/1.1" 200 9668 "-" "Mozilla/5.0 (Macintosh; Intel Mac OS X 10_11_6) AppleWebKit/537.36 (KHTML, like Gecko) Chrome/63.0.3239.84 Safari/537.36" 147
- 0:0:0:0:0:0:0:1 - - [10/Jan/2018:16:19:26 +0800] "GET /main.html HTTP/1.1" 200 3451 "http://localhost:8080/" "Mozilla/5.0 (Macintosh; Intel Mac OS X 10_11_6) AppleWebKit/537.36 (KHTML, like Gecko) Chrome/63.0.3239.84 Safari/537.36" 16
- 0:0:0:0:0:0:0:1 - - [10/Jan/2018:16:19:26 +0800] "GET /favicon.ico HTTP/1.1" 200 946 "http://localhost:8080/" "Mozilla/5.0 (Macintosh; Intel Mac OS X 10_11_6) AppleWebKit/537.36 (KHTML, like Gecko) Chrome/63.0.3239.84 Safari/537.36" 27
- 0:0:0:0:0:0:0:1 - - [10/Jan/2018:16:19:28 +0800] "GET /page/PolicyQuery.html HTTP/1.1" 200 6050 "http://localhost:8080/" "Mozilla/5.0 (Macintosh; Intel Mac OS X 10_11_6) AppleWebKit/537.36 (KHTML, like Gecko) Chrome/63.0.3239.84 Safari/537.36" 13
- 0:0:0:0:0:0:0:1 - - [10/Jan/2018:16:19:30 +0800] "GET /jiedanbao/query?mid=100100045690 HTTP/1.1" 200 337 "http://localhost:8080/page/PolicyQuery.html" "Mozilla/5.0 (Macintosh; Intel Mac OS X 10_11_6) AppleWebKit/537.36 (KHTML, like Gecko) Chrome/63.0.3239.84 Safari/537.36" 120
- 0:0:0:0:0:0:0:1 - - [10/Jan/2018:16:19:54 +0800] "GET / HTTP/1.1" 200 9668 "-" "Mozilla/5.0 (Macintosh; Intel Mac OS X 10_11_6) AppleWebKit/537.36 (KHTML, like Gecko) Chrome/63.0.3239.84 Safari/537.36" 157
- 0:0:0:0:0:0:0:1 - - [10/Jan/2018:16:19:54 +0800] "GET /main.html HTTP/1.1" 200 3451 "http://localhost:8080/" "Mozilla/5.0 (Macintosh; Intel Mac OS X 10_11_6) AppleWebKit/537.36 (KHTML, like Gecko) Chrome/63.0.3239.84 Safari/537.36" 14
- 0:0:0:0:0:0:0:1 - - [10/Jan/2018:16:19:54 +0800] "GET /favicon.ico HTTP/1.1" 200 946 "http://localhost:8080/" "Mozilla/5.0 (Macintosh; Intel Mac OS X 10_11_6) AppleWebKit/537.36 (KHTML, like Gecko) Chrome/63.0.3239.84 Safari/537.36" 24
- 0:0:0:0:0:0:0:1 - - [10/Jan/2018:16:19:57 +0800] "GET /page/PolicyQuery.html HTTP/1.1" 200 6048 "http://localhost:8080/" "Mozilla/5.0 (Macintosh; Intel Mac OS X 10_11_6) AppleWebKit/537.36 (KHTML, like Gecko) Chrome/63.0.3239.84 Safari/537.36" 14
- 0:0:0:0:0:0:0:1 - - [10/Jan/2018:16:20:00 +0800] "GET /jiedanbao/query?mid=100100045690 HTTP/1.1" 200 337 "http://localhost:8080/page/PolicyQuery.html" "Mozilla/5.0 (Macintosh; Intel Mac OS X 10_11_6) AppleWebKit/537.36 (KHTML, like Gecko) Chrome/63.0.3239.84 Safari/537.36" 123
- 0:0:0:0:0:0:0:1 - - [10/Jan/2018:16:20:01 +0800] "GET /jiedanbao/query?mid=100100045690 HTTP/1.1" 200 337 "http://localhost:8080/page/PolicyQuery.html" "Mozilla/5.0 (Macintosh; Intel Mac OS X 10_11_6) AppleWebKit/537.36 (KHTML, like Gecko) Chrome/63.0.3239.84 Safari/537.36" 6
- 0:0:0:0:0:0:0:1 - - [10/Jan/2018:16:20:02 +0800] "GET /jiedanbao/query?mid=100100045690 HTTP/1.1" 200 337 "http://localhost:8080/page/PolicyQuery.html" "Mozilla/5.0 (Macintosh; Intel Mac OS X 10_11_6) AppleWebKit/537.36 (KHTML, like Gecko) Chrome/63.0.3239.84 Safari/537.36" 6
- 0:0:0:0:0:0:0:1 - - [10/Jan/2018:16:20:09 +0800] "GET /jiedanbao/query?mid=100100045690 HTTP/1.1" 200 337 "http://localhost:8080/page/PolicyQuery.html" "Mozilla/5.0 (Macintosh; Intel Mac OS X 10_11_6) AppleWebKit/537.36 (KHTML, like Gecko) Chrome/63.0.3239.84 Safari/537.36" 11
- 0:0:0:0:0:0:0:1 - - [10/Jan/2018:16:20:09 +0800] "GET /jiedanbao/query?mid=100100045690 HTTP/1.1" 200 337 "http://localhost:8080/page/PolicyQuery.html" "Mozilla/5.0 (Macintosh; Intel Mac OS X 10_11_6) AppleWebKit/537.36 (KHTML, like Gecko) Chrome/63.0.3239.84 Safari/537.36" 6
- 0:0:0:0:0:0:0:1 - - [10/Jan/2018:16:20:10 +0800] "GET /jiedanbao/query?mid=100100045690 HTTP/1.1" 200 337 "http://localhost:8080/page/PolicyQuery.html" "Mozilla/5.0 (Macintosh; Intel Mac OS X 10_11_6) AppleWebKit/537.36 (KHTML, like Gecko) Chrome/63.0.3239.84 Safari/537.36" 5
- 0:0:0:0:0:0:0:1 - - [10/Jan/2018:16:20:10 +0800] "GET /jiedanbao/query?mid=100100045690 HTTP/1.1" 200 337 "http://localhost:8080/page/PolicyQuery.html" "Mozilla/5.0 (Macintosh; Intel Mac OS X 10_11_6) AppleWebKit/537.36 (KHTML, like Gecko) Chrome/63.0.3239.84 Safari/537.36" 5
- 0:0:0:0:0:0:0:1 - - [10/Jan/2018:16:20:10 +0800] "GET /jiedanbao/query?mid=100100045690 HTTP/1.1" 200 337 "http://localhost:8080/page/PolicyQuery.html" "Mozilla/5.0 (Macintosh; Intel Mac OS X 10_11_6) AppleWebKit/537.36 (KHTML, like Gecko) Chrome/63.0.3239.84 Safari/537.36" 5
- 0:0:0:0:0:0:0:1 - - [10/Jan/2018:16:20:10 +0800] "GET /jiedanbao/query?mid=100100045690 HTTP/1.1" 200 337 "http://localhost:8080/page/PolicyQuery.html" "Mozilla/5.0 (Macintosh; Intel Mac OS X 10_11_6) AppleWebKit/537.36 (KHTML, like Gecko) Chrome/63.0.3239.84 Safari/537.36" 4
- 0:0:0:0:0:0:0:1 - - [10/Jan/2018:16:20:53 +0800] "GET / HTTP/1.1" 200 9668 "-" "Mozilla/5.0 (Macintosh; Intel Mac OS X 10_11_6) AppleWebKit/537.36 (KHTML, like Gecko) Chrome/63.0.3239.84 Safari/537.36" 146
- 0:0:0:0:0:0:0:1 - - [10/Jan/2018:16:20:53 +0800] "GET /main.html HTTP/1.1" 200 3451 "http://localhost:8080/" "Mozilla/5.0 (Macintosh; Intel Mac OS X 10_11_6) AppleWebKit/537.36 (KHTML, like Gecko) Chrome/63.0.3239.84 Safari/537.36" 14
- 0:0:0:0:0:0:0:1 - - [10/Jan/2018:16:20:53 +0800] "GET /favicon.ico HTTP/1.1" 200 946 "http://localhost:8080/" "Mozilla/5.0 (Macintosh; Intel Mac OS X 10_11_6) AppleWebKit/537.36 (KHTML, like Gecko) Chrome/63.0.3239.84 Safari/537.36" 27
- 0:0:0:0:0:0:0:1 - - [10/Jan/2018:16:20:55 +0800] "GET /page/PolicyQuery.html HTTP/1.1" 200 6056 "http://localhost:8080/" "Mozilla/5.0 (Macintosh; Intel Mac OS X 10_11_6) AppleWebKit/537.36 (KHTML, like Gecko) Chrome/63.0.3239.84 Safari/537.36" 23
- 0:0:0:0:0:0:0:1 - - [10/Jan/2018:16:21:02 +0800] "GET /jiedanbao/query?mid=100100045690 HTTP/1.1" 200 337 "http://localhost:8080/page/PolicyQuery.html" "Mozilla/5.0 (Macintosh; Intel Mac OS X 10_11_6) AppleWebKit/537.36 (KHTML, like Gecko) Chrome/63.0.3239.84 Safari/537.36" 134
- 0:0:0:0:0:0:0:1 - - [10/Jan/2018:16:21:03 +0800] "GET /jiedanbao/query?mid=100100045690 HTTP/1.1" 200 337 "http://localhost:8080/page/PolicyQuery.html" "Mozilla/5.0 (Macintosh; Intel Mac OS X 10_11_6) AppleWebKit/537.36 (KHTML, like Gecko) Chrome/63.0.3239.84 Safari/537.36" 6
- 0:0:0:0:0:0:0:1 - - [10/Jan/2018:16:21:03 +0800] "GET /jiedanbao/query?mid=100100045690 HTTP/1.1" 200 337 "http://localhost:8080/page/PolicyQuery.html" "Mozilla/5.0 (Macintosh; Intel Mac OS X 10_11_6) AppleWebKit/537.36 (KHTML, like Gecko) Chrome/63.0.3239.84 Safari/537.36" 5
- 0:0:0:0:0:0:0:1 - - [10/Jan/2018:16:21:03 +0800] "GET /jiedanbao/query?mid=100100045690 HTTP/1.1" 200 337 "http://localhost:8080/page/PolicyQuery.html" "Mozilla/5.0 (Macintosh; Intel Mac OS X 10_11_6) AppleWebKit/537.36 (KHTML, like Gecko) Chrome/63.0.3239.84 Safari/537.36" 6
- 0:0:0:0:0:0:0:1 - - [10/Jan/2018:16:21:34 +0800] "GET / HTTP/1.1" 200 9668 "-" "Mozilla/5.0 (Macintosh; Intel Mac OS X 10_11_6) AppleWebKit/537.36 (KHTML, like Gecko) Chrome/63.0.3239.84 Safari/537.36" 19
- 0:0:0:0:0:0:0:1 - - [10/Jan/2018:16:21:35 +0800] "GET /main.html HTTP/1.1" 200 3451 "http://localhost:8080/" "Mozilla/5.0 (Macintosh; Intel Mac OS X 10_11_6) AppleWebKit/537.36 (KHTML, like Gecko) Chrome/63.0.3239.84 Safari/537.36" 14
- 0:0:0:0:0:0:0:1 - - [10/Jan/2018:16:21:42 +0800] "GET /jiedanbao/query?mid=100100045684 HTTP/1.1" 200 639 "-" "Mozilla/5.0 (Macintosh; Intel Mac OS X 10_11_6) AppleWebKit/537.36 (KHTML, like Gecko) Chrome/63.0.3239.84 Safari/537.36" 8
- 0:0:0:0:0:0:0:1 - - [10/Jan/2018:16:23:47 +0800] "GET / HTTP/1.1" 200 9668 "-" "Mozilla/5.0 (Macintosh; Intel Mac OS X 10_11_6) AppleWebKit/537.36 (KHTML, like Gecko) Chrome/63.0.3239.84 Safari/537.36" 148
- 0:0:0:0:0:0:0:1 - - [10/Jan/2018:16:23:47 +0800] "GET /main.html HTTP/1.1" 200 3451 "http://localhost:8080/" "Mozilla/5.0 (Macintosh; Intel Mac OS X 10_11_6) AppleWebKit/537.36 (KHTML, like Gecko) Chrome/63.0.3239.84 Safari/537.36" 23
- 0:0:0:0:0:0:0:1 - - [10/Jan/2018:16:23:48 +0800] "GET /favicon.ico HTTP/1.1" 200 946 "http://localhost:8080/" "Mozilla/5.0 (Macintosh; Intel Mac OS X 10_11_6) AppleWebKit/537.36 (KHTML, like Gecko) Chrome/63.0.3239.84 Safari/537.36" 21
- 0:0:0:0:0:0:0:1 - - [10/Jan/2018:16:23:51 +0800] "GET /page/PolicyQuery.html HTTP/1.1" 200 6092 "http://localhost:8080/" "Mozilla/5.0 (Macintosh; Intel Mac OS X 10_11_6) AppleWebKit/537.36 (KHTML, like Gecko) Chrome/63.0.3239.84 Safari/537.36" 12
- 0:0:0:0:0:0:0:1 - - [10/Jan/2018:16:24:01 +0800] "GET /jiedanbao/query?mid=100100045690 HTTP/1.1" 200 337 "http://localhost:8080/page/PolicyQuery.html" "Mozilla/5.0 (Macintosh; Intel Mac OS X 10_11_6) AppleWebKit/537.36 (KHTML, like Gecko) Chrome/63.0.3239.84 Safari/537.36" 120
- 0:0:0:0:0:0:0:1 - - [10/Jan/2018:16:24:32 +0800] "GET /jiedanbao/query?mid=100100045690 HTTP/1.1" 200 337 "http://localhost:8080/page/PolicyQuery.html" "Mozilla/5.0 (Macintosh; Intel Mac OS X 10_11_6) AppleWebKit/537.36 (KHTML, like Gecko) Chrome/63.0.3239.84 Safari/537.36" 11
- 0:0:0:0:0:0:0:1 - - [10/Jan/2018:16:28:54 +0800] "GET / HTTP/1.1" 200 9668 "-" "Mozilla/5.0 (Macintosh; Intel Mac OS X 10_11_6) AppleWebKit/537.36 (KHTML, like Gecko) Chrome/63.0.3239.84 Safari/537.36" 152
- 0:0:0:0:0:0:0:1 - - [10/Jan/2018:16:28:54 +0800] "GET /main.html HTTP/1.1" 200 3451 "http://localhost:8080/" "Mozilla/5.0 (Macintosh; Intel Mac OS X 10_11_6) AppleWebKit/537.36 (KHTML, like Gecko) Chrome/63.0.3239.84 Safari/537.36" 21
- 0:0:0:0:0:0:0:1 - - [10/Jan/2018:16:28:54 +0800] "GET /favicon.ico HTTP/1.1" 200 946 "http://localhost:8080/" "Mozilla/5.0 (Macintosh; Intel Mac OS X 10_11_6) AppleWebKit/537.36 (KHTML, like Gecko) Chrome/63.0.3239.84 Safari/537.36" 30
- 0:0:0:0:0:0:0:1 - - [10/Jan/2018:16:28:56 +0800] "GET /page/JiedanbaoDel.html HTTP/1.1" 200 3726 "http://localhost:8080/" "Mozilla/5.0 (Macintosh; Intel Mac OS X 10_11_6) AppleWebKit/537.36 (KHTML, like Gecko) Chrome/63.0.3239.84 Safari/537.36" 9
- 0:0:0:0:0:0:0:1 - - [10/Jan/2018:16:28:56 +0800] "GET /page/PolicyQuery.html HTTP/1.1" 200 5886 "http://localhost:8080/" "Mozilla/5.0 (Macintosh; Intel Mac OS X 10_11_6) AppleWebKit/537.36 (KHTML, like Gecko) Chrome/63.0.3239.84 Safari/537.36" 11
- 0:0:0:0:0:0:0:1 - - [10/Jan/2018:16:28:59 +0800] "GET /jiedanbao/query?mid=100100045690 HTTP/1.1" 200 337 "http://localhost:8080/page/PolicyQuery.html" "Mozilla/5.0 (Macintosh; Intel Mac OS X 10_11_6) AppleWebKit/537.36 (KHTML, like Gecko) Chrome/63.0.3239.84 Safari/537.36" 128
- 0:0:0:0:0:0:0:1 - - [10/Jan/2018:17:02:45 +0800] "GET /jiedanbao/query?mid=100100045690 HTTP/1.1" 200 337 "http://localhost:8080/page/PolicyQuery.html" "Mozilla/5.0 (Macintosh; Intel Mac OS X 10_11_6) AppleWebKit/537.36 (KHTML, like Gecko) Chrome/63.0.3239.84 Safari/537.36" 10
- 0:0:0:0:0:0:0:1 - - [10/Jan/2018:17:14:48 +0800] "GET /jiedanbao/del?mid=1 HTTP/1.1" 200 147 "http://localhost:8080/page/JiedanbaoDel.html" "Mozilla/5.0 (Macintosh; Intel Mac OS X 10_11_6) AppleWebKit/537.36 (KHTML, like Gecko) Chrome/63.0.3239.84 Safari/537.36" 76
- 0:0:0:0:0:0:0:1 - - [10/Jan/2018:17:16:00 +0800] "GET / HTTP/1.1" 200 9668 "-" "Mozilla/5.0 (Macintosh; Intel Mac OS X 10_11_6) AppleWebKit/537.36 (KHTML, like Gecko) Chrome/63.0.3239.84 Safari/537.36" 156
- 0:0:0:0:0:0:0:1 - - [10/Jan/2018:17:16:00 +0800] "GET /main.html HTTP/1.1" 200 3451 "http://localhost:8080/" "Mozilla/5.0 (Macintosh; Intel Mac OS X 10_11_6) AppleWebKit/537.36 (KHTML, like Gecko) Chrome/63.0.3239.84 Safari/537.36" 12
- 0:0:0:0:0:0:0:1 - - [10/Jan/2018:17:16:01 +0800] "GET /favicon.ico HTTP/1.1" 200 946 "http://localhost:8080/" "Mozilla/5.0 (Macintosh; Intel Mac OS X 10_11_6) AppleWebKit/537.36 (KHTML, like Gecko) Chrome/63.0.3239.84 Safari/537.36" 35
- 0:0:0:0:0:0:0:1 - - [10/Jan/2018:17:16:02 +0800] "GET /page/JiedanbaoDel.html HTTP/1.1" 200 3704 "http://localhost:8080/" "Mozilla/5.0 (Macintosh; Intel Mac OS X 10_11_6) AppleWebKit/537.36 (KHTML, like Gecko) Chrome/63.0.3239.84 Safari/537.36" 12
- 0:0:0:0:0:0:0:1 - - [10/Jan/2018:17:16:04 +0800] "GET /jiedanbao/del?mid=1 HTTP/1.1" 200 147 "http://localhost:8080/page/JiedanbaoDel.html" "Mozilla/5.0 (Macintosh; Intel Mac OS X 10_11_6) AppleWebKit/537.36 (KHTML, like Gecko) Chrome/63.0.3239.84 Safari/537.36" 151
- 0:0:0:0:0:0:0:1 - - [10/Jan/2018:17:16:06 +0800] "GET /jiedanbao/del?mid=1 HTTP/1.1" 200 147 "http://localhost:8080/page/JiedanbaoDel.html" "Mozilla/5.0 (Macintosh; Intel Mac OS X 10_11_6) AppleWebKit/537.36 (KHTML, like Gecko) Chrome/63.0.3239.84 Safari/537.36" 30
- 0:0:0:0:0:0:0:1 - - [10/Jan/2018:17:16:29 +0800] "GET / HTTP/1.1" 200 9668 "-" "Mozilla/5.0 (Macintosh; Intel Mac OS X 10_11_6) AppleWebKit/537.36 (KHTML, like Gecko) Chrome/63.0.3239.84 Safari/537.36" 152
- 0:0:0:0:0:0:0:1 - - [10/Jan/2018:17:16:29 +0800] "GET /main.html HTTP/1.1" 200 3451 "http://localhost:8080/" "Mozilla/5.0 (Macintosh; Intel Mac OS X 10_11_6) AppleWebKit/537.36 (KHTML, like Gecko) Chrome/63.0.3239.84 Safari/537.36" 13
- 0:0:0:0:0:0:0:1 - - [10/Jan/2018:17:16:29 +0800] "GET /favicon.ico HTTP/1.1" 200 946 "http://localhost:8080/" "Mozilla/5.0 (Macintosh; Intel Mac OS X 10_11_6) AppleWebKit/537.36 (KHTML, like Gecko) Chrome/63.0.3239.84 Safari/537.36" 37
- 0:0:0:0:0:0:0:1 - - [10/Jan/2018:17:16:31 +0800] "GET /page/JiedanbaoDel.html HTTP/1.1" 200 3702 "http://localhost:8080/" "Mozilla/5.0 (Macintosh; Intel Mac OS X 10_11_6) AppleWebKit/537.36 (KHTML, like Gecko) Chrome/63.0.3239.84 Safari/537.36" 12
- 0:0:0:0:0:0:0:1 - - [10/Jan/2018:17:16:33 +0800] "GET /jiedanbao/del?mid=1 HTTP/1.1" 200 147 "http://localhost:8080/page/JiedanbaoDel.html" "Mozilla/5.0 (Macintosh; Intel Mac OS X 10_11_6) AppleWebKit/537.36 (KHTML, like Gecko) Chrome/63.0.3239.84 Safari/537.36" 148
- 0:0:0:0:0:0:0:1 - - [10/Jan/2018:17:17:03 +0800] "GET / HTTP/1.1" 200 9668 "-" "Mozilla/5.0 (Macintosh; Intel Mac OS X 10_11_6) AppleWebKit/537.36 (KHTML, like Gecko) Chrome/63.0.3239.84 Safari/537.36" 149
- 0:0:0:0:0:0:0:1 - - [10/Jan/2018:17:17:03 +0800] "GET /main.html HTTP/1.1" 200 3451 "http://localhost:8080/" "Mozilla/5.0 (Macintosh; Intel Mac OS X 10_11_6) AppleWebKit/537.36 (KHTML, like Gecko) Chrome/63.0.3239.84 Safari/537.36" 15
- 0:0:0:0:0:0:0:1 - - [10/Jan/2018:17:17:03 +0800] "GET /favicon.ico HTTP/1.1" 200 946 "http://localhost:8080/" "Mozilla/5.0 (Macintosh; Intel Mac OS X 10_11_6) AppleWebKit/537.36 (KHTML, like Gecko) Chrome/63.0.3239.84 Safari/537.36" 27
- 0:0:0:0:0:0:0:1 - - [10/Jan/2018:17:17:05 +0800] "GET /page/JiedanbaoDel.html HTTP/1.1" 200 3705 "http://localhost:8080/" "Mozilla/5.0 (Macintosh; Intel Mac OS X 10_11_6) AppleWebKit/537.36 (KHTML, like Gecko) Chrome/63.0.3239.84 Safari/537.36" 9
- 0:0:0:0:0:0:0:1 - - [10/Jan/2018:17:17:07 +0800] "GET /jiedanbao/del?mid=1 HTTP/1.1" 200 147 "http://localhost:8080/page/JiedanbaoDel.html" "Mozilla/5.0 (Macintosh; Intel Mac OS X 10_11_6) AppleWebKit/537.36 (KHTML, like Gecko) Chrome/63.0.3239.84 Safari/537.36" 168
- 0:0:0:0:0:0:0:1 - - [10/Jan/2018:17:19:30 +0800] "GET / HTTP/1.1" 200 9668 "-" "Mozilla/5.0 (Macintosh; Intel Mac OS X 10_11_6) AppleWebKit/537.36 (KHTML, like Gecko) Chrome/63.0.3239.84 Safari/537.36" 150
- 0:0:0:0:0:0:0:1 - - [10/Jan/2018:17:19:30 +0800] "GET /main.html HTTP/1.1" 200 3451 "http://localhost:8080/" "Mozilla/5.0 (Macintosh; Intel Mac OS X 10_11_6) AppleWebKit/537.36 (KHTML, like Gecko) Chrome/63.0.3239.84 Safari/537.36" 15
- 0:0:0:0:0:0:0:1 - - [10/Jan/2018:17:19:30 +0800] "GET /favicon.ico HTTP/1.1" 200 946 "http://localhost:8080/" "Mozilla/5.0 (Macintosh; Intel Mac OS X 10_11_6) AppleWebKit/537.36 (KHTML, like Gecko) Chrome/63.0.3239.84 Safari/537.36" 29
- 0:0:0:0:0:0:0:1 - - [10/Jan/2018:17:19:32 +0800] "GET /page/JiedanbaoDel.html HTTP/1.1" 200 3840 "http://localhost:8080/" "Mozilla/5.0 (Macintosh; Intel Mac OS X 10_11_6) AppleWebKit/537.36 (KHTML, like Gecko) Chrome/63.0.3239.84 Safari/537.36" 9
- 0:0:0:0:0:0:0:1 - - [10/Jan/2018:17:19:34 +0800] "GET /jiedanbao/del?mid=1 HTTP/1.1" 200 147 "http://localhost:8080/page/JiedanbaoDel.html" "Mozilla/5.0 (Macintosh; Intel Mac OS X 10_11_6) AppleWebKit/537.36 (KHTML, like Gecko) Chrome/63.0.3239.84 Safari/537.36" 151
- 0:0:0:0:0:0:0:1 - - [10/Jan/2018:17:19:56 +0800] "GET / HTTP/1.1" 200 9668 "-" "Mozilla/5.0 (Macintosh; Intel Mac OS X 10_11_6) AppleWebKit/537.36 (KHTML, like Gecko) Chrome/63.0.3239.84 Safari/537.36" 151
- 0:0:0:0:0:0:0:1 - - [10/Jan/2018:17:19:56 +0800] "GET /main.html HTTP/1.1" 200 3451 "http://localhost:8080/" "Mozilla/5.0 (Macintosh; Intel Mac OS X 10_11_6) AppleWebKit/537.36 (KHTML, like Gecko) Chrome/63.0.3239.84 Safari/537.36" 17
- 0:0:0:0:0:0:0:1 - - [10/Jan/2018:17:19:56 +0800] "GET /favicon.ico HTTP/1.1" 200 946 "http://localhost:8080/" "Mozilla/5.0 (Macintosh; Intel Mac OS X 10_11_6) AppleWebKit/537.36 (KHTML, like Gecko) Chrome/63.0.3239.84 Safari/537.36" 24
- 0:0:0:0:0:0:0:1 - - [10/Jan/2018:17:19:58 +0800] "GET /page/JiedanbaoDel.html HTTP/1.1" 200 3842 "http://localhost:8080/" "Mozilla/5.0 (Macintosh; Intel Mac OS X 10_11_6) AppleWebKit/537.36 (KHTML, like Gecko) Chrome/63.0.3239.84 Safari/537.36" 13
- 0:0:0:0:0:0:0:1 - - [10/Jan/2018:17:20:00 +0800] "GET /jiedanbao/del?mid=1 HTTP/1.1" 200 147 "http://localhost:8080/page/JiedanbaoDel.html" "Mozilla/5.0 (Macintosh; Intel Mac OS X 10_11_6) AppleWebKit/537.36 (KHTML, like Gecko) Chrome/63.0.3239.84 Safari/537.36" 176
- 0:0:0:0:0:0:0:1 - - [10/Jan/2018:17:21:08 +0800] "GET /jiedanbao/del?mid=1 HTTP/1.1" 200 147 "http://localhost:8080/page/JiedanbaoDel.html" "Mozilla/5.0 (Macintosh; Intel Mac OS X 10_11_6) AppleWebKit/537.36 (KHTML, like Gecko) Chrome/63.0.3239.84 Safari/537.36" 34
- 0:0:0:0:0:0:0:1 - - [10/Jan/2018:17:21:15 +0800] "GET /page/PolicyQuery.html HTTP/1.1" 200 5862 "http://localhost:8080/" "Mozilla/5.0 (Macintosh; Intel Mac OS X 10_11_6) AppleWebKit/537.36 (KHTML, like Gecko) Chrome/63.0.3239.84 Safari/537.36" 12
- 0:0:0:0:0:0:0:1 - - [10/Jan/2018:17:28:49 +0800] "GET /jiedanbao/query?mid=1 HTTP/1.1" 200 23 "http://localhost:8080/page/PolicyQuery.html" "Mozilla/5.0 (Macintosh; Intel Mac OS X 10_11_6) AppleWebKit/537.36 (KHTML, like Gecko) Chrome/63.0.3239.84 Safari/537.36" 23
- 0:0:0:0:0:0:0:1 - - [10/Jan/2018:19:20:24 +0800] "GET / HTTP/1.1" 200 9668 "-" "Mozilla/5.0 (Macintosh; Intel Mac OS X 10_11_6) AppleWebKit/537.36 (KHTML, like Gecko) Chrome/63.0.3239.84 Safari/537.36" 152
- 0:0:0:0:0:0:0:1 - - [10/Jan/2018:19:20:24 +0800] "GET /main.html HTTP/1.1" 200 3451 "http://localhost:8080/" "Mozilla/5.0 (Macintosh; Intel Mac OS X 10_11_6) AppleWebKit/537.36 (KHTML, like Gecko) Chrome/63.0.3239.84 Safari/537.36" 15
- 0:0:0:0:0:0:0:1 - - [10/Jan/2018:19:20:24 +0800] "GET /favicon.ico HTTP/1.1" 200 946 "http://localhost:8080/" "Mozilla/5.0 (Macintosh; Intel Mac OS X 10_11_6) AppleWebKit/537.36 (KHTML, like Gecko) Chrome/63.0.3239.84 Safari/537.36" 34
- 0:0:0:0:0:0:0:1 - - [10/Jan/2018:19:20:26 +0800] "GET /page/PolicyQuery.html HTTP/1.1" 200 4945 "http://localhost:8080/" "Mozilla/5.0 (Macintosh; Intel Mac OS X 10_11_6) AppleWebKit/537.36 (KHTML, like Gecko) Chrome/63.0.3239.84 Safari/537.36" 12
- 0:0:0:0:0:0:0:1 - - [10/Jan/2018:19:20:29 +0800] "GET /jiedanbao/query?mid=1 HTTP/1.1" 200 23 "http://localhost:8080/page/PolicyQuery.html" "Mozilla/5.0 (Macintosh; Intel Mac OS X 10_11_6) AppleWebKit/537.36 (KHTML, like Gecko) Chrome/63.0.3239.84 Safari/537.36" 110
- 0:0:0:0:0:0:0:1 - - [10/Jan/2018:19:23:59 +0800] "GET / HTTP/1.1" 200 9668 "-" "Mozilla/5.0 (Macintosh; Intel Mac OS X 10_11_6) AppleWebKit/537.36 (KHTML, like Gecko) Chrome/63.0.3239.84 Safari/537.36" 153
- 0:0:0:0:0:0:0:1 - - [10/Jan/2018:19:23:59 +0800] "GET /main.html HTTP/1.1" 200 3451 "http://localhost:8080/" "Mozilla/5.0 (Macintosh; Intel Mac OS X 10_11_6) AppleWebKit/537.36 (KHTML, like Gecko) Chrome/63.0.3239.84 Safari/537.36" 20
- 0:0:0:0:0:0:0:1 - - [10/Jan/2018:19:24:00 +0800] "GET /favicon.ico HTTP/1.1" 200 946 "http://localhost:8080/" "Mozilla/5.0 (Macintosh; Intel Mac OS X 10_11_6) AppleWebKit/537.36 (KHTML, like Gecko) Chrome/63.0.3239.84 Safari/537.36" 31
- 0:0:0:0:0:0:0:1 - - [10/Jan/2018:19:24:02 +0800] "GET /page/PolicyQuery.html HTTP/1.1" 200 4754 "http://localhost:8080/" "Mozilla/5.0 (Macintosh; Intel Mac OS X 10_11_6) AppleWebKit/537.36 (KHTML, like Gecko) Chrome/63.0.3239.84 Safari/537.36" 12
- 0:0:0:0:0:0:0:1 - - [10/Jan/2018:19:24:03 +0800] "GET /jiedanbao/query?mid=1 HTTP/1.1" 200 23 "http://localhost:8080/page/PolicyQuery.html" "Mozilla/5.0 (Macintosh; Intel Mac OS X 10_11_6) AppleWebKit/537.36 (KHTML, like Gecko) Chrome/63.0.3239.84 Safari/537.36" 110
- 0:0:0:0:0:0:0:1 - - [10/Jan/2018:19:25:52 +0800] "GET / HTTP/1.1" 200 9668 "-" "Mozilla/5.0 (Macintosh; Intel Mac OS X 10_11_6) AppleWebKit/537.36 (KHTML, like Gecko) Chrome/63.0.3239.84 Safari/537.36" 201
- 0:0:0:0:0:0:0:1 - - [10/Jan/2018:19:25:52 +0800] "GET /main.html HTTP/1.1" 200 3451 "http://localhost:8080/" "Mozilla/5.0 (Macintosh; Intel Mac OS X 10_11_6) AppleWebKit/537.36 (KHTML, like Gecko) Chrome/63.0.3239.84 Safari/537.36" 17
- 0:0:0:0:0:0:0:1 - - [10/Jan/2018:19:25:52 +0800] "GET /favicon.ico HTTP/1.1" 200 946 "http://localhost:8080/" "Mozilla/5.0 (Macintosh; Intel Mac OS X 10_11_6) AppleWebKit/537.36 (KHTML, like Gecko) Chrome/63.0.3239.84 Safari/537.36" 32
- 0:0:0:0:0:0:0:1 - - [10/Jan/2018:19:25:55 +0800] "GET /page/PolicyQuery.html HTTP/1.1" 200 3346 "http://localhost:8080/" "Mozilla/5.0 (Macintosh; Intel Mac OS X 10_11_6) AppleWebKit/537.36 (KHTML, like Gecko) Chrome/63.0.3239.84 Safari/537.36" 12
- 0:0:0:0:0:0:0:1 - - [10/Jan/2018:19:26:13 +0800] "GET /jiedanbao/query?mid=1 HTTP/1.1" 200 23 "http://localhost:8080/page/PolicyQuery.html" "Mozilla/5.0 (Macintosh; Intel Mac OS X 10_11_6) AppleWebKit/537.36 (KHTML, like Gecko) Chrome/63.0.3239.84 Safari/537.36" 17260
- 0:0:0:0:0:0:0:1 - - [10/Jan/2018:19:27:10 +0800] "GET / HTTP/1.1" 200 9668 "-" "Mozilla/5.0 (Macintosh; Intel Mac OS X 10_11_6) AppleWebKit/537.36 (KHTML, like Gecko) Chrome/63.0.3239.84 Safari/537.36" 143
- 0:0:0:0:0:0:0:1 - - [10/Jan/2018:19:27:10 +0800] "GET /main.html HTTP/1.1" 200 3451 "http://localhost:8080/" "Mozilla/5.0 (Macintosh; Intel Mac OS X 10_11_6) AppleWebKit/537.36 (KHTML, like Gecko) Chrome/63.0.3239.84 Safari/537.36" 15
- 0:0:0:0:0:0:0:1 - - [10/Jan/2018:19:27:11 +0800] "GET /favicon.ico HTTP/1.1" 200 946 "http://localhost:8080/" "Mozilla/5.0 (Macintosh; Intel Mac OS X 10_11_6) AppleWebKit/537.36 (KHTML, like Gecko) Chrome/63.0.3239.84 Safari/537.36" 28
- 0:0:0:0:0:0:0:1 - - [10/Jan/2018:19:27:12 +0800] "GET /page/PolicyQuery.html HTTP/1.1" 200 4178 "http://localhost:8080/" "Mozilla/5.0 (Macintosh; Intel Mac OS X 10_11_6) AppleWebKit/537.36 (KHTML, like Gecko) Chrome/63.0.3239.84 Safari/537.36" 11
- 0:0:0:0:0:0:0:1 - - [10/Jan/2018:19:27:15 +0800] "GET /jiedanbao/query?mid=2 HTTP/1.1" 200 23 "http://localhost:8080/page/PolicyQuery.html" "Mozilla/5.0 (Macintosh; Intel Mac OS X 10_11_6) AppleWebKit/537.36 (KHTML, like Gecko) Chrome/63.0.3239.84 Safari/537.36" 115
- 0:0:0:0:0:0:0:1 - - [10/Jan/2018:19:27:21 +0800] "GET /jiedanbao/query?mid=1 HTTP/1.1" 200 23 "http://localhost:8080/page/PolicyQuery.html" "Mozilla/5.0 (Macintosh; Intel Mac OS X 10_11_6) AppleWebKit/537.36 (KHTML, like Gecko) Chrome/63.0.3239.84 Safari/537.36" 11
- 0:0:0:0:0:0:0:1 - - [10/Jan/2018:19:27:22 +0800] "GET /jiedanbao/query?mid=1 HTTP/1.1" 200 23 "http://localhost:8080/page/PolicyQuery.html" "Mozilla/5.0 (Macintosh; Intel Mac OS X 10_11_6) AppleWebKit/537.36 (KHTML, like Gecko) Chrome/63.0.3239.84 Safari/537.36" 5
- 0:0:0:0:0:0:0:1 - - [10/Jan/2018:19:29:04 +0800] "GET / HTTP/1.1" 200 9668 "-" "Mozilla/5.0 (Macintosh; Intel Mac OS X 10_11_6) AppleWebKit/537.36 (KHTML, like Gecko) Chrome/63.0.3239.84 Safari/537.36" 153
- 0:0:0:0:0:0:0:1 - - [10/Jan/2018:19:29:04 +0800] "GET /main.html HTTP/1.1" 200 3451 "http://localhost:8080/" "Mozilla/5.0 (Macintosh; Intel Mac OS X 10_11_6) AppleWebKit/537.36 (KHTML, like Gecko) Chrome/63.0.3239.84 Safari/537.36" 13
- 0:0:0:0:0:0:0:1 - - [10/Jan/2018:19:29:04 +0800] "GET /favicon.ico HTTP/1.1" 200 946 "http://localhost:8080/" "Mozilla/5.0 (Macintosh; Intel Mac OS X 10_11_6) AppleWebKit/537.36 (KHTML, like Gecko) Chrome/63.0.3239.84 Safari/537.36" 26
- 0:0:0:0:0:0:0:1 - - [10/Jan/2018:19:29:06 +0800] "GET /page/JiedanbaoDel.html HTTP/1.1" 200 3702 "http://localhost:8080/" "Mozilla/5.0 (Macintosh; Intel Mac OS X 10_11_6) AppleWebKit/537.36 (KHTML, like Gecko) Chrome/63.0.3239.84 Safari/537.36" 9
- 0:0:0:0:0:0:0:1 - - [10/Jan/2018:19:29:08 +0800] "GET /page/PolicyQuery.html HTTP/1.1" 200 4181 "http://localhost:8080/" "Mozilla/5.0 (Macintosh; Intel Mac OS X 10_11_6) AppleWebKit/537.36 (KHTML, like Gecko) Chrome/63.0.3239.84 Safari/537.36" 9
- 0:0:0:0:0:0:0:1 - - [10/Jan/2018:19:29:09 +0800] "GET /jiedanbao/query?mid=1 HTTP/1.1" 200 23 "http://localhost:8080/page/PolicyQuery.html" "Mozilla/5.0 (Macintosh; Intel Mac OS X 10_11_6) AppleWebKit/537.36 (KHTML, like Gecko) Chrome/63.0.3239.84 Safari/537.36" 113
- 0:0:0:0:0:0:0:1 - - [10/Jan/2018:19:30:16 +0800] "GET /common/bootstrap/css/bootstrap.css.map HTTP/1.1" 304 - "-" "Mozilla/5.0 (iPhone; CPU iPhone OS 10_3 like Mac OS X) AppleWebKit/602.1.50 (KHTML, like Gecko) CriOS/56.0.2924.75 Mobile/14E5239e Safari/602.1" 23
- 0:0:0:0:0:0:0:1 - - [10/Jan/2018:19:30:21 +0800] "GET /jiedanbao/query?mid=1 HTTP/1.1" 200 23 "http://localhost:8080/page/PolicyQuery.html" "Mozilla/5.0 (Macintosh; Intel Mac OS X 10_11_6) AppleWebKit/537.36 (KHTML, like Gecko) Chrome/63.0.3239.84 Safari/537.36" 10
- 0:0:0:0:0:0:0:1 - - [10/Jan/2018:19:30:27 +0800] "GET /jiedanbao/query?mid=1 HTTP/1.1" 200 23 "-" "Mozilla/5.0 (Macintosh; Intel Mac OS X 10_11_6) AppleWebKit/537.36 (KHTML, like Gecko) Chrome/63.0.3239.84 Safari/537.36" 9
- 0:0:0:0:0:0:0:1 - - [10/Jan/2018:19:31:47 +0800] "GET / HTTP/1.1" 200 9668 "-" "Mozilla/5.0 (Macintosh; Intel Mac OS X 10_11_6) AppleWebKit/537.36 (KHTML, like Gecko) Chrome/63.0.3239.84 Safari/537.36" 152
- 0:0:0:0:0:0:0:1 - - [10/Jan/2018:19:31:47 +0800] "GET /main.html HTTP/1.1" 200 3451 "http://localhost:8080/" "Mozilla/5.0 (Macintosh; Intel Mac OS X 10_11_6) AppleWebKit/537.36 (KHTML, like Gecko) Chrome/63.0.3239.84 Safari/537.36" 22
- 0:0:0:0:0:0:0:1 - - [10/Jan/2018:19:31:50 +0800] "GET /page/JiedanbaoDel.html HTTP/1.1" 200 3702 "http://localhost:8080/" "Mozilla/5.0 (Macintosh; Intel Mac OS X 10_11_6) AppleWebKit/537.36 (KHTML, like Gecko) Chrome/63.0.3239.84 Safari/537.36" 11
- 0:0:0:0:0:0:0:1 - - [10/Jan/2018:19:31:50 +0800] "GET /page/PolicyQuery.html HTTP/1.1" 200 4194 "http://localhost:8080/" "Mozilla/5.0 (Macintosh; Intel Mac OS X 10_11_6) AppleWebKit/537.36 (KHTML, like Gecko) Chrome/63.0.3239.84 Safari/537.36" 12
- 0:0:0:0:0:0:0:1 - - [10/Jan/2018:19:31:54 +0800] "GET /page/PolicyQuery.html? HTTP/1.1" 200 4194 "http://localhost:8080/page/PolicyQuery.html" "Mozilla/5.0 (Macintosh; Intel Mac OS X 10_11_6) AppleWebKit/537.36 (KHTML, like Gecko) Chrome/63.0.3239.84 Safari/537.36" 11
- 0:0:0:0:0:0:0:1 - - [10/Jan/2018:19:31:54 +0800] "GET /jiedanbao/query?mid=1 HTTP/1.1" 200 23 "http://localhost:8080/page/PolicyQuery.html" "Mozilla/5.0 (Macintosh; Intel Mac OS X 10_11_6) AppleWebKit/537.36 (KHTML, like Gecko) Chrome/63.0.3239.84 Safari/537.36" 264
- 0:0:0:0:0:0:0:1 - - [10/Jan/2018:19:34:38 +0800] "GET / HTTP/1.1" 200 9668 "-" "Mozilla/5.0 (Macintosh; Intel Mac OS X 10_11_6) AppleWebKit/537.36 (KHTML, like Gecko) Chrome/63.0.3239.84 Safari/537.36" 160
- 0:0:0:0:0:0:0:1 - - [10/Jan/2018:19:34:38 +0800] "GET /main.html HTTP/1.1" 200 3451 "http://localhost:8080/" "Mozilla/5.0 (Macintosh; Intel Mac OS X 10_11_6) AppleWebKit/537.36 (KHTML, like Gecko) Chrome/63.0.3239.84 Safari/537.36" 16
- 0:0:0:0:0:0:0:1 - - [10/Jan/2018:19:34:39 +0800] "GET /page/PolicyQuery.html HTTP/1.1" 200 3639 "http://localhost:8080/" "Mozilla/5.0 (Macintosh; Intel Mac OS X 10_11_6) AppleWebKit/537.36 (KHTML, like Gecko) Chrome/63.0.3239.84 Safari/537.36" 10
- 0:0:0:0:0:0:0:1 - - [10/Jan/2018:19:34:43 +0800] "GET /jiedanbao/query?mid=1 HTTP/1.1" 200 23 "http://localhost:8080/page/PolicyQuery.html" "Mozilla/5.0 (Macintosh; Intel Mac OS X 10_11_6) AppleWebKit/537.36 (KHTML, like Gecko) Chrome/63.0.3239.84 Safari/537.36" 135
- 0:0:0:0:0:0:0:1 - - [10/Jan/2018:19:36:07 +0800] "POST /jiedanbao/query HTTP/1.1" 500 172 "-" "PostmanRuntime/7.1.1" 54
- 0:0:0:0:0:0:0:1 - - [10/Jan/2018:19:36:14 +0800] "POST /jiedanbao/query HTTP/1.1" 200 23 "-" "PostmanRuntime/7.1.1" 39
- 0:0:0:0:0:0:0:1 - - [10/Jan/2018:19:36:19 +0800] "POST /jiedanbao/query HTTP/1.1" 200 23 "-" "PostmanRuntime/7.1.1" 11
- 0:0:0:0:0:0:0:1 - - [10/Jan/2018:19:37:29 +0800] "POST /jiedanbao/query HTTP/1.1" 500 172 "-" "PostmanRuntime/7.1.1" 118
- 0:0:0:0:0:0:0:1 - - [10/Jan/2018:19:37:33 +0800] "POST /jiedanbao/query HTTP/1.1" 200 23 "-" "PostmanRuntime/7.1.1" 133
- 0:0:0:0:0:0:0:1 - - [10/Jan/2018:19:37:38 +0800] "POST /jiedanbao/query HTTP/1.1" 200 23 "-" "PostmanRuntime/7.1.1" 11
- 0:0:0:0:0:0:0:1 - - [10/Jan/2018:19:37:44 +0800] "POST /jiedanbao/query HTTP/1.1" 500 172 "-" "PostmanRuntime/7.1.1" 7
- 0:0:0:0:0:0:0:1 - - [10/Jan/2018:19:38:16 +0800] "GET /jiedanbao/query?mid=1 HTTP/1.1" 405 230 "-" "PostmanRuntime/7.1.1" 5
- 0:0:0:0:0:0:0:1 - - [10/Jan/2018:19:38:36 +0800] "GET /jiedanbao/query?mid=1 HTTP/1.1" 405 230 "http://localhost:8080/page/PolicyQuery.html" "Mozilla/5.0 (Macintosh; Intel Mac OS X 10_11_6) AppleWebKit/537.36 (KHTML, like Gecko) Chrome/63.0.3239.84 Safari/537.36" 13
