- 0:0:0:0:0:0:0:1 - - [23/Jan/2018:11:16:41 +0800] "GET / HTTP/1.1" 200 9668 "-" "Mozilla/5.0 (Macintosh; Intel Mac OS X 10_11_6) AppleWebKit/537.36 (KHTML, like Gecko) Chrome/63.0.3239.132 Safari/537.36" 191
- 0:0:0:0:0:0:0:1 - - [23/Jan/2018:11:16:41 +0800] "GET /css/adminstyle.css HTTP/1.1" 304 - "http://localhost:8080/" "Mozilla/5.0 (Macintosh; Intel Mac OS X 10_11_6) AppleWebKit/537.36 (KHTML, like Gecko) Chrome/63.0.3239.132 Safari/537.36" 28
- 0:0:0:0:0:0:0:1 - - [23/Jan/2018:11:16:41 +0800] "GET /js/larry.js HTTP/1.1" 304 - "http://localhost:8080/" "Mozilla/5.0 (Macintosh; Intel Mac OS X 10_11_6) AppleWebKit/537.36 (KHTML, like Gecko) Chrome/63.0.3239.132 Safari/537.36" 36
- 0:0:0:0:0:0:0:1 - - [23/Jan/2018:11:16:41 +0800] "GET /common/layui/layui.js HTTP/1.1" 304 - "http://localhost:8080/" "Mozilla/5.0 (Macintosh; Intel Mac OS X 10_11_6) AppleWebKit/537.36 (KHTML, like Gecko) Chrome/63.0.3239.132 Safari/537.36" 31
- 0:0:0:0:0:0:0:1 - - [23/Jan/2018:11:16:41 +0800] "GET /common/layui/css/layui.css HTTP/1.1" 304 - "http://localhost:8080/" "Mozilla/5.0 (Macintosh; Intel Mac OS X 10_11_6) AppleWebKit/537.36 (KHTML, like Gecko) Chrome/63.0.3239.132 Safari/537.36" 26
- 0:0:0:0:0:0:0:1 - - [23/Jan/2018:11:16:41 +0800] "GET /images/didilogo.png HTTP/1.1" 304 - "http://localhost:8080/" "Mozilla/5.0 (Macintosh; Intel Mac OS X 10_11_6) AppleWebKit/537.36 (KHTML, like Gecko) Chrome/63.0.3239.132 Safari/537.36" 31
- 0:0:0:0:0:0:0:1 - - [23/Jan/2018:11:16:41 +0800] "GET /common/global.css HTTP/1.1" 304 - "http://localhost:8080/" "Mozilla/5.0 (Macintosh; Intel Mac OS X 10_11_6) AppleWebKit/537.36 (KHTML, like Gecko) Chrome/63.0.3239.132 Safari/537.36" 39
- 0:0:0:0:0:0:0:1 - - [23/Jan/2018:11:16:41 +0800] "GET /js/index.js HTTP/1.1" 304 - "http://localhost:8080/" "Mozilla/5.0 (Macintosh; Intel Mac OS X 10_11_6) AppleWebKit/537.36 (KHTML, like Gecko) Chrome/63.0.3239.132 Safari/537.36" 5
- 0:0:0:0:0:0:0:1 - - [23/Jan/2018:11:16:42 +0800] "GET /common/layui/lay/modules/jquery.js HTTP/1.1" 304 - "http://localhost:8080/" "Mozilla/5.0 (Macintosh; Intel Mac OS X 10_11_6) AppleWebKit/537.36 (KHTML, like Gecko) Chrome/63.0.3239.132 Safari/537.36" 5
- 0:0:0:0:0:0:0:1 - - [23/Jan/2018:11:16:42 +0800] "GET /common/layui/lay/modules/element.js?v=1516677402282 HTTP/1.1" 200 5154 "http://localhost:8080/" "Mozilla/5.0 (Macintosh; Intel Mac OS X 10_11_6) AppleWebKit/537.36 (KHTML, like Gecko) Chrome/63.0.3239.132 Safari/537.36" 13
- 0:0:0:0:0:0:0:1 - - [23/Jan/2018:11:16:42 +0800] "GET /common/font/iconfont.woff?t=1480736048214 HTTP/1.1" 304 - "http://localhost:8080/common/global.css" "Mozilla/5.0 (Macintosh; Intel Mac OS X 10_11_6) AppleWebKit/537.36 (KHTML, like Gecko) Chrome/63.0.3239.132 Safari/537.36" 13
- 0:0:0:0:0:0:0:1 - - [23/Jan/2018:11:16:42 +0800] "GET /common/font/fontawesome-webfont.woff2?v=4.7.0 HTTP/1.1" 304 - "http://localhost:8080/common/global.css" "Mozilla/5.0 (Macintosh; Intel Mac OS X 10_11_6) AppleWebKit/537.36 (KHTML, like Gecko) Chrome/63.0.3239.132 Safari/537.36" 21
- 0:0:0:0:0:0:0:1 - - [23/Jan/2018:11:16:42 +0800] "GET /main.html HTTP/1.1" 200 3577 "http://localhost:8080/" "Mozilla/5.0 (Macintosh; Intel Mac OS X 10_11_6) AppleWebKit/537.36 (KHTML, like Gecko) Chrome/63.0.3239.132 Safari/537.36" 14
- 0:0:0:0:0:0:0:1 - - [23/Jan/2018:11:16:42 +0800] "GET /common/layui/lay/modules/layer.js?v=1516677402282 HTTP/1.1" 200 21341 "http://localhost:8080/" "Mozilla/5.0 (Macintosh; Intel Mac OS X 10_11_6) AppleWebKit/537.36 (KHTML, like Gecko) Chrome/63.0.3239.132 Safari/537.36" 5
- 0:0:0:0:0:0:0:1 - - [23/Jan/2018:11:16:42 +0800] "GET /common/layui/css/modules/layer/default/layer.css?v=3.0.11110 HTTP/1.1" 304 - "http://localhost:8080/" "Mozilla/5.0 (Macintosh; Intel Mac OS X 10_11_6) AppleWebKit/537.36 (KHTML, like Gecko) Chrome/63.0.3239.132 Safari/537.36" 11
- 0:0:0:0:0:0:0:1 - - [23/Jan/2018:11:16:42 +0800] "GET /common/bootstrap/css/bootstrap.css HTTP/1.1" 304 - "http://localhost:8080/main.html" "Mozilla/5.0 (Macintosh; Intel Mac OS X 10_11_6) AppleWebKit/537.36 (KHTML, like Gecko) Chrome/63.0.3239.132 Safari/537.36" 2
- 0:0:0:0:0:0:0:1 - - [23/Jan/2018:11:16:42 +0800] "GET /css/main.css HTTP/1.1" 304 - "http://localhost:8080/main.html" "Mozilla/5.0 (Macintosh; Intel Mac OS X 10_11_6) AppleWebKit/537.36 (KHTML, like Gecko) Chrome/63.0.3239.132 Safari/537.36" 3
- 0:0:0:0:0:0:0:1 - - [23/Jan/2018:11:16:42 +0800] "GET /images/system.png HTTP/1.1" 304 - "http://localhost:8080/main.html" "Mozilla/5.0 (Macintosh; Intel Mac OS X 10_11_6) AppleWebKit/537.36 (KHTML, like Gecko) Chrome/63.0.3239.132 Safari/537.36" 3
- 0:0:0:0:0:0:0:1 - - [23/Jan/2018:11:16:42 +0800] "GET /js/main.js HTTP/1.1" 304 - "http://localhost:8080/main.html" "Mozilla/5.0 (Macintosh; Intel Mac OS X 10_11_6) AppleWebKit/537.36 (KHTML, like Gecko) Chrome/63.0.3239.132 Safari/537.36" 2
- 0:0:0:0:0:0:0:1 - - [23/Jan/2018:11:16:42 +0800] "GET /js/jquery.js HTTP/1.1" 304 - "http://localhost:8080/main.html" "Mozilla/5.0 (Macintosh; Intel Mac OS X 10_11_6) AppleWebKit/537.36 (KHTML, like Gecko) Chrome/63.0.3239.132 Safari/537.36" 4
- 0:0:0:0:0:0:0:1 - - [23/Jan/2018:11:16:42 +0800] "GET /js/jquery.min.js HTTP/1.1" 304 - "http://localhost:8080/main.html" "Mozilla/5.0 (Macintosh; Intel Mac OS X 10_11_6) AppleWebKit/537.36 (KHTML, like Gecko) Chrome/63.0.3239.132 Safari/537.36" 5
- 0:0:0:0:0:0:0:1 - - [23/Jan/2018:11:16:42 +0800] "GET /js/navtab.js?v=1516677402282 HTTP/1.1" 200 4949 "http://localhost:8080/" "Mozilla/5.0 (Macintosh; Intel Mac OS X 10_11_6) AppleWebKit/537.36 (KHTML, like Gecko) Chrome/63.0.3239.132 Safari/537.36" 6
- 0:0:0:0:0:0:0:1 - - [23/Jan/2018:11:16:42 +0800] "GET /common/font/pxgridsicons.woff HTTP/1.1" 304 - "http://localhost:8080/common/global.css" "Mozilla/5.0 (Macintosh; Intel Mac OS X 10_11_6) AppleWebKit/537.36 (KHTML, like Gecko) Chrome/63.0.3239.132 Safari/537.36" 2
- 0:0:0:0:0:0:0:1 - - [23/Jan/2018:11:16:42 +0800] "GET /js/navbar.js?v=1516677402282 HTTP/1.1" 404 127 "http://localhost:8080/" "Mozilla/5.0 (Macintosh; Intel Mac OS X 10_11_6) AppleWebKit/537.36 (KHTML, like Gecko) Chrome/63.0.3239.132 Safari/537.36" 90
- 0:0:0:0:0:0:0:1 - - [23/Jan/2018:11:16:42 +0800] "GET /common/layui/lay/modules/layer.js HTTP/1.1" 304 - "http://localhost:8080/main.html" "Mozilla/5.0 (Macintosh; Intel Mac OS X 10_11_6) AppleWebKit/537.36 (KHTML, like Gecko) Chrome/63.0.3239.132 Safari/537.36" 3
- 0:0:0:0:0:0:0:1 - - [23/Jan/2018:11:16:43 +0800] "GET /common/layui/lay/modules/element.js HTTP/1.1" 304 - "http://localhost:8080/main.html" "Mozilla/5.0 (Macintosh; Intel Mac OS X 10_11_6) AppleWebKit/537.36 (KHTML, like Gecko) Chrome/63.0.3239.132 Safari/537.36" 3
- 0:0:0:0:0:0:0:1 - - [23/Jan/2018:11:16:49 +0800] "GET /common/layui/font/iconfont.woff?v=1.0.7 HTTP/1.1" 304 - "http://localhost:8080/common/layui/css/layui.css" "Mozilla/5.0 (Macintosh; Intel Mac OS X 10_11_6) AppleWebKit/537.36 (KHTML, like Gecko) Chrome/63.0.3239.132 Safari/537.36" 2
- 0:0:0:0:0:0:0:1 - - [23/Jan/2018:11:18:10 +0800] "GET /common/layui/lay/modules/element.js?v=1516677490232 HTTP/1.1" 200 5154 "http://localhost:8080/" "Mozilla/5.0 (Macintosh; Intel Mac OS X 10_11_6) AppleWebKit/537.36 (KHTML, like Gecko) Chrome/63.0.3239.132 Safari/537.36" 9
- 0:0:0:0:0:0:0:1 - - [23/Jan/2018:11:18:10 +0800] "GET /common/layui/lay/modules/layer.js?v=1516677490232 HTTP/1.1" 200 21341 "http://localhost:8080/" "Mozilla/5.0 (Macintosh; Intel Mac OS X 10_11_6) AppleWebKit/537.36 (KHTML, like Gecko) Chrome/63.0.3239.132 Safari/537.36" 6
- 0:0:0:0:0:0:0:1 - - [23/Jan/2018:11:18:10 +0800] "GET /js/navtab.js?v=1516677490232 HTTP/1.1" 200 4949 "http://localhost:8080/" "Mozilla/5.0 (Macintosh; Intel Mac OS X 10_11_6) AppleWebKit/537.36 (KHTML, like Gecko) Chrome/63.0.3239.132 Safari/537.36" 4
- 0:0:0:0:0:0:0:1 - - [23/Jan/2018:11:18:10 +0800] "GET /js/navbar.js?v=1516677490232 HTTP/1.1" 404 127 "http://localhost:8080/" "Mozilla/5.0 (Macintosh; Intel Mac OS X 10_11_6) AppleWebKit/537.36 (KHTML, like Gecko) Chrome/63.0.3239.132 Safari/537.36" 8
- 0:0:0:0:0:0:0:1 - - [23/Jan/2018:11:18:14 +0800] "GET / HTTP/1.1" 200 9668 "-" "Mozilla/5.0 (Macintosh; Intel Mac OS X 10_11_6) AppleWebKit/537.36 (KHTML, like Gecko) Chrome/63.0.3239.132 Safari/537.36" 10
- 0:0:0:0:0:0:0:1 - - [23/Jan/2018:11:18:14 +0800] "GET /main.html HTTP/1.1" 200 3577 "http://localhost:8080/" "Mozilla/5.0 (Macintosh; Intel Mac OS X 10_11_6) AppleWebKit/537.36 (KHTML, like Gecko) Chrome/63.0.3239.132 Safari/537.36" 13
- 0:0:0:0:0:0:0:1 - - [23/Jan/2018:11:18:14 +0800] "GET /common/layui/lay/modules/element.js?v=1516677494591 HTTP/1.1" 200 5154 "http://localhost:8080/" "Mozilla/5.0 (Macintosh; Intel Mac OS X 10_11_6) AppleWebKit/537.36 (KHTML, like Gecko) Chrome/63.0.3239.132 Safari/537.36" 4
- 0:0:0:0:0:0:0:1 - - [23/Jan/2018:11:18:14 +0800] "GET /common/layui/lay/modules/layer.js?v=1516677494591 HTTP/1.1" 200 21341 "http://localhost:8080/" "Mozilla/5.0 (Macintosh; Intel Mac OS X 10_11_6) AppleWebKit/537.36 (KHTML, like Gecko) Chrome/63.0.3239.132 Safari/537.36" 5
- 0:0:0:0:0:0:0:1 - - [23/Jan/2018:11:18:14 +0800] "GET /js/navbar.js?v=1516677494591 HTTP/1.1" 404 127 "http://localhost:8080/" "Mozilla/5.0 (Macintosh; Intel Mac OS X 10_11_6) AppleWebKit/537.36 (KHTML, like Gecko) Chrome/63.0.3239.132 Safari/537.36" 6
- 0:0:0:0:0:0:0:1 - - [23/Jan/2018:11:18:14 +0800] "GET /js/navtab.js?v=1516677494591 HTTP/1.1" 200 4949 "http://localhost:8080/" "Mozilla/5.0 (Macintosh; Intel Mac OS X 10_11_6) AppleWebKit/537.36 (KHTML, like Gecko) Chrome/63.0.3239.132 Safari/537.36" 6
- 0:0:0:0:0:0:0:1 - - [23/Jan/2018:11:18:14 +0800] "GET /favicon.ico HTTP/1.1" 200 946 "http://localhost:8080/" "Mozilla/5.0 (Macintosh; Intel Mac OS X 10_11_6) AppleWebKit/537.36 (KHTML, like Gecko) Chrome/63.0.3239.132 Safari/537.36" 20
- 0:0:0:0:0:0:0:1 - - [23/Jan/2018:11:20:23 +0800] "GET /common/layui/lay/modules/element.js?v=1516677623645 HTTP/1.1" 200 5154 "http://localhost:8080/" "Mozilla/5.0 (Macintosh; Intel Mac OS X 10_11_6) AppleWebKit/537.36 (KHTML, like Gecko) Chrome/63.0.3239.132 Safari/537.36" 7
- 0:0:0:0:0:0:0:1 - - [23/Jan/2018:11:20:23 +0800] "GET /common/layui/lay/modules/layer.js?v=1516677623645 HTTP/1.1" 200 21341 "http://localhost:8080/" "Mozilla/5.0 (Macintosh; Intel Mac OS X 10_11_6) AppleWebKit/537.36 (KHTML, like Gecko) Chrome/63.0.3239.132 Safari/537.36" 5
- 0:0:0:0:0:0:0:1 - - [23/Jan/2018:11:20:24 +0800] "GET /js/navtab.js?v=1516677623645 HTTP/1.1" 200 4949 "http://localhost:8080/" "Mozilla/5.0 (Macintosh; Intel Mac OS X 10_11_6) AppleWebKit/537.36 (KHTML, like Gecko) Chrome/63.0.3239.132 Safari/537.36" 3
- 0:0:0:0:0:0:0:1 - - [23/Jan/2018:11:20:24 +0800] "GET /js/navbar.js?v=1516677623645 HTTP/1.1" 404 127 "http://localhost:8080/" "Mozilla/5.0 (Macintosh; Intel Mac OS X 10_11_6) AppleWebKit/537.36 (KHTML, like Gecko) Chrome/63.0.3239.132 Safari/537.36" 5
- 0:0:0:0:0:0:0:1 - - [23/Jan/2018:11:20:27 +0800] "GET /page/PolicyQuery.html HTTP/1.1" 200 5394 "http://localhost:8080/" "Mozilla/5.0 (Macintosh; Intel Mac OS X 10_11_6) AppleWebKit/537.36 (KHTML, like Gecko) Chrome/63.0.3239.132 Safari/537.36" 9
- 0:0:0:0:0:0:0:1 - - [23/Jan/2018:11:20:27 +0800] "GET /css/personal.css HTTP/1.1" 304 - "http://localhost:8080/page/PolicyQuery.html" "Mozilla/5.0 (Macintosh; Intel Mac OS X 10_11_6) AppleWebKit/537.36 (KHTML, like Gecko) Chrome/63.0.3239.132 Safari/537.36" 3
- 0:0:0:0:0:0:0:1 - - [23/Jan/2018:11:22:17 +0800] "GET /page/JiedanbaoDel.html HTTP/1.1" 200 3710 "http://localhost:8080/" "Mozilla/5.0 (Macintosh; Intel Mac OS X 10_11_6) AppleWebKit/537.36 (KHTML, like Gecko) Chrome/63.0.3239.132 Safari/537.36" 12
- 0:0:0:0:0:0:0:1 - - [23/Jan/2018:11:28:17 +0800] "GET / HTTP/1.1" 200 9668 "-" "Mozilla/5.0 (Macintosh; Intel Mac OS X 10_11_6) AppleWebKit/537.36 (KHTML, like Gecko) Chrome/63.0.3239.132 Safari/537.36" 152
- 0:0:0:0:0:0:0:1 - - [23/Jan/2018:11:28:17 +0800] "GET /main.html HTTP/1.1" 200 3905 "http://localhost:8080/" "Mozilla/5.0 (Macintosh; Intel Mac OS X 10_11_6) AppleWebKit/537.36 (KHTML, like Gecko) Chrome/63.0.3239.132 Safari/537.36" 25
- 0:0:0:0:0:0:0:1 - - [23/Jan/2018:11:28:17 +0800] "GET /common/layui/lay/modules/element.js?v=1516678097367 HTTP/1.1" 200 5154 "http://localhost:8080/" "Mozilla/5.0 (Macintosh; Intel Mac OS X 10_11_6) AppleWebKit/537.36 (KHTML, like Gecko) Chrome/63.0.3239.132 Safari/537.36" 25
- 0:0:0:0:0:0:0:1 - - [23/Jan/2018:11:28:17 +0800] "GET /common/layui/lay/modules/layer.js?v=1516678097367 HTTP/1.1" 200 21341 "http://localhost:8080/" "Mozilla/5.0 (Macintosh; Intel Mac OS X 10_11_6) AppleWebKit/537.36 (KHTML, like Gecko) Chrome/63.0.3239.132 Safari/537.36" 8
- 0:0:0:0:0:0:0:1 - - [23/Jan/2018:11:28:17 +0800] "GET /js/navtab.js?v=1516678097367 HTTP/1.1" 200 4949 "http://localhost:8080/" "Mozilla/5.0 (Macintosh; Intel Mac OS X 10_11_6) AppleWebKit/537.36 (KHTML, like Gecko) Chrome/63.0.3239.132 Safari/537.36" 4
- 0:0:0:0:0:0:0:1 - - [23/Jan/2018:11:28:17 +0800] "GET /js/navbar.js?v=1516678097367 HTTP/1.1" 404 127 "http://localhost:8080/" "Mozilla/5.0 (Macintosh; Intel Mac OS X 10_11_6) AppleWebKit/537.36 (KHTML, like Gecko) Chrome/63.0.3239.132 Safari/537.36" 204
- 0:0:0:0:0:0:0:1 - - [23/Jan/2018:11:28:17 +0800] "GET /favicon.ico HTTP/1.1" 200 946 "http://localhost:8080/" "Mozilla/5.0 (Macintosh; Intel Mac OS X 10_11_6) AppleWebKit/537.36 (KHTML, like Gecko) Chrome/63.0.3239.132 Safari/537.36" 14
- 0:0:0:0:0:0:0:1 - - [23/Jan/2018:11:28:23 +0800] "GET /common/layui/lay/modules/element.js?v=1516678103754 HTTP/1.1" 200 5154 "http://localhost:8080/" "Mozilla/5.0 (Macintosh; Intel Mac OS X 10_11_6) AppleWebKit/537.36 (KHTML, like Gecko) Chrome/63.0.3239.132 Safari/537.36" 7
- 0:0:0:0:0:0:0:1 - - [23/Jan/2018:11:28:24 +0800] "GET /common/layui/lay/modules/layer.js?v=1516678103754 HTTP/1.1" 200 21341 "http://localhost:8080/" "Mozilla/5.0 (Macintosh; Intel Mac OS X 10_11_6) AppleWebKit/537.36 (KHTML, like Gecko) Chrome/63.0.3239.132 Safari/537.36" 7
- 0:0:0:0:0:0:0:1 - - [23/Jan/2018:11:28:24 +0800] "GET /js/navbar.js?v=1516678103754 HTTP/1.1" 404 127 "http://localhost:8080/" "Mozilla/5.0 (Macintosh; Intel Mac OS X 10_11_6) AppleWebKit/537.36 (KHTML, like Gecko) Chrome/63.0.3239.132 Safari/537.36" 4
- 0:0:0:0:0:0:0:1 - - [23/Jan/2018:11:28:24 +0800] "GET /js/navtab.js?v=1516678103754 HTTP/1.1" 200 4949 "http://localhost:8080/" "Mozilla/5.0 (Macintosh; Intel Mac OS X 10_11_6) AppleWebKit/537.36 (KHTML, like Gecko) Chrome/63.0.3239.132 Safari/537.36" 3
- 0:0:0:0:0:0:0:1 - - [23/Jan/2018:11:30:37 +0800] "GET / HTTP/1.1" 200 9668 "-" "Mozilla/5.0 (Macintosh; Intel Mac OS X 10_11_6) AppleWebKit/537.36 (KHTML, like Gecko) Chrome/63.0.3239.132 Safari/537.36" 158
- 0:0:0:0:0:0:0:1 - - [23/Jan/2018:11:30:37 +0800] "GET /main.html HTTP/1.1" 200 3977 "http://localhost:8080/" "Mozilla/5.0 (Macintosh; Intel Mac OS X 10_11_6) AppleWebKit/537.36 (KHTML, like Gecko) Chrome/63.0.3239.132 Safari/537.36" 17
- 0:0:0:0:0:0:0:1 - - [23/Jan/2018:11:30:37 +0800] "GET /common/layui/lay/modules/element.js?v=1516678237502 HTTP/1.1" 200 5154 "http://localhost:8080/" "Mozilla/5.0 (Macintosh; Intel Mac OS X 10_11_6) AppleWebKit/537.36 (KHTML, like Gecko) Chrome/63.0.3239.132 Safari/537.36" 17
- 0:0:0:0:0:0:0:1 - - [23/Jan/2018:11:30:37 +0800] "GET /common/layui/lay/modules/layer.js?v=1516678237502 HTTP/1.1" 200 21341 "http://localhost:8080/" "Mozilla/5.0 (Macintosh; Intel Mac OS X 10_11_6) AppleWebKit/537.36 (KHTML, like Gecko) Chrome/63.0.3239.132 Safari/537.36" 12
- 0:0:0:0:0:0:0:1 - - [23/Jan/2018:11:30:37 +0800] "GET /js/navtab.js?v=1516678237502 HTTP/1.1" 200 4949 "http://localhost:8080/" "Mozilla/5.0 (Macintosh; Intel Mac OS X 10_11_6) AppleWebKit/537.36 (KHTML, like Gecko) Chrome/63.0.3239.132 Safari/537.36" 6
- 0:0:0:0:0:0:0:1 - - [23/Jan/2018:11:30:37 +0800] "GET /js/navbar.js?v=1516678237502 HTTP/1.1" 404 127 "http://localhost:8080/" "Mozilla/5.0 (Macintosh; Intel Mac OS X 10_11_6) AppleWebKit/537.36 (KHTML, like Gecko) Chrome/63.0.3239.132 Safari/537.36" 118
- 0:0:0:0:0:0:0:1 - - [23/Jan/2018:11:30:37 +0800] "GET /favicon.ico HTTP/1.1" 200 946 "http://localhost:8080/" "Mozilla/5.0 (Macintosh; Intel Mac OS X 10_11_6) AppleWebKit/537.36 (KHTML, like Gecko) Chrome/63.0.3239.132 Safari/537.36" 17
- 0:0:0:0:0:0:0:1 - - [23/Jan/2018:11:30:40 +0800] "GET / HTTP/1.1" 200 9668 "-" "Mozilla/5.0 (Macintosh; Intel Mac OS X 10_11_6) AppleWebKit/537.36 (KHTML, like Gecko) Chrome/63.0.3239.132 Safari/537.36" 9
- 0:0:0:0:0:0:0:1 - - [23/Jan/2018:11:30:40 +0800] "GET /main.html HTTP/1.1" 200 3977 "http://localhost:8080/" "Mozilla/5.0 (Macintosh; Intel Mac OS X 10_11_6) AppleWebKit/537.36 (KHTML, like Gecko) Chrome/63.0.3239.132 Safari/537.36" 9
- 0:0:0:0:0:0:0:1 - - [23/Jan/2018:11:30:40 +0800] "GET /common/layui/lay/modules/element.js?v=1516678240085 HTTP/1.1" 200 5154 "http://localhost:8080/" "Mozilla/5.0 (Macintosh; Intel Mac OS X 10_11_6) AppleWebKit/537.36 (KHTML, like Gecko) Chrome/63.0.3239.132 Safari/537.36" 4
- 0:0:0:0:0:0:0:1 - - [23/Jan/2018:11:30:40 +0800] "GET /common/layui/lay/modules/layer.js?v=1516678240085 HTTP/1.1" 200 21341 "http://localhost:8080/" "Mozilla/5.0 (Macintosh; Intel Mac OS X 10_11_6) AppleWebKit/537.36 (KHTML, like Gecko) Chrome/63.0.3239.132 Safari/537.36" 4
- 0:0:0:0:0:0:0:1 - - [23/Jan/2018:11:30:40 +0800] "GET /js/navtab.js?v=1516678240085 HTTP/1.1" 200 4949 "http://localhost:8080/" "Mozilla/5.0 (Macintosh; Intel Mac OS X 10_11_6) AppleWebKit/537.36 (KHTML, like Gecko) Chrome/63.0.3239.132 Safari/537.36" 4
- 0:0:0:0:0:0:0:1 - - [23/Jan/2018:11:30:40 +0800] "GET /js/navbar.js?v=1516678240085 HTTP/1.1" 404 127 "http://localhost:8080/" "Mozilla/5.0 (Macintosh; Intel Mac OS X 10_11_6) AppleWebKit/537.36 (KHTML, like Gecko) Chrome/63.0.3239.132 Safari/537.36" 5
- 0:0:0:0:0:0:0:1 - - [23/Jan/2018:11:30:40 +0800] "GET /favicon.ico HTTP/1.1" 200 946 "http://localhost:8080/" "Mozilla/5.0 (Macintosh; Intel Mac OS X 10_11_6) AppleWebKit/537.36 (KHTML, like Gecko) Chrome/63.0.3239.132 Safari/537.36" 3
- 0:0:0:0:0:0:0:1 - - [23/Jan/2018:11:30:45 +0800] "GET / HTTP/1.1" 200 9668 "-" "Mozilla/5.0 (Macintosh; Intel Mac OS X 10_11_6) AppleWebKit/537.36 (KHTML, like Gecko) Chrome/63.0.3239.132 Safari/537.36" 9
- 0:0:0:0:0:0:0:1 - - [23/Jan/2018:11:30:45 +0800] "GET /main.html HTTP/1.1" 200 3977 "http://localhost:8080/" "Mozilla/5.0 (Macintosh; Intel Mac OS X 10_11_6) AppleWebKit/537.36 (KHTML, like Gecko) Chrome/63.0.3239.132 Safari/537.36" 10
- 0:0:0:0:0:0:0:1 - - [23/Jan/2018:11:30:45 +0800] "GET /common/layui/lay/modules/element.js?v=1516678245840 HTTP/1.1" 200 5154 "http://localhost:8080/" "Mozilla/5.0 (Macintosh; Intel Mac OS X 10_11_6) AppleWebKit/537.36 (KHTML, like Gecko) Chrome/63.0.3239.132 Safari/537.36" 3
- 0:0:0:0:0:0:0:1 - - [23/Jan/2018:11:30:45 +0800] "GET /common/layui/lay/modules/layer.js?v=1516678245840 HTTP/1.1" 200 21341 "http://localhost:8080/" "Mozilla/5.0 (Macintosh; Intel Mac OS X 10_11_6) AppleWebKit/537.36 (KHTML, like Gecko) Chrome/63.0.3239.132 Safari/537.36" 4
- 0:0:0:0:0:0:0:1 - - [23/Jan/2018:11:30:45 +0800] "GET /js/navtab.js?v=1516678245840 HTTP/1.1" 200 4949 "http://localhost:8080/" "Mozilla/5.0 (Macintosh; Intel Mac OS X 10_11_6) AppleWebKit/537.36 (KHTML, like Gecko) Chrome/63.0.3239.132 Safari/537.36" 5
- 0:0:0:0:0:0:0:1 - - [23/Jan/2018:11:30:45 +0800] "GET /js/navbar.js?v=1516678245840 HTTP/1.1" 404 127 "http://localhost:8080/" "Mozilla/5.0 (Macintosh; Intel Mac OS X 10_11_6) AppleWebKit/537.36 (KHTML, like Gecko) Chrome/63.0.3239.132 Safari/537.36" 9
- 0:0:0:0:0:0:0:1 - - [23/Jan/2018:11:30:45 +0800] "GET /favicon.ico HTTP/1.1" 200 946 "http://localhost:8080/" "Mozilla/5.0 (Macintosh; Intel Mac OS X 10_11_6) AppleWebKit/537.36 (KHTML, like Gecko) Chrome/63.0.3239.132 Safari/537.36" 3
- 0:0:0:0:0:0:0:1 - - [23/Jan/2018:11:31:27 +0800] "GET / HTTP/1.1" 200 9668 "-" "Mozilla/5.0 (Macintosh; Intel Mac OS X 10_11_6) AppleWebKit/537.36 (KHTML, like Gecko) Chrome/63.0.3239.132 Safari/537.36" 155
- 0:0:0:0:0:0:0:1 - - [23/Jan/2018:11:31:27 +0800] "GET /main.html HTTP/1.1" 200 3938 "http://localhost:8080/" "Mozilla/5.0 (Macintosh; Intel Mac OS X 10_11_6) AppleWebKit/537.36 (KHTML, like Gecko) Chrome/63.0.3239.132 Safari/537.36" 19
- 0:0:0:0:0:0:0:1 - - [23/Jan/2018:11:31:27 +0800] "GET /common/layui/lay/modules/element.js?v=1516678287477 HTTP/1.1" 200 5154 "http://localhost:8080/" "Mozilla/5.0 (Macintosh; Intel Mac OS X 10_11_6) AppleWebKit/537.36 (KHTML, like Gecko) Chrome/63.0.3239.132 Safari/537.36" 21
- 0:0:0:0:0:0:0:1 - - [23/Jan/2018:11:31:27 +0800] "GET /common/layui/lay/modules/layer.js?v=1516678287477 HTTP/1.1" 200 21341 "http://localhost:8080/" "Mozilla/5.0 (Macintosh; Intel Mac OS X 10_11_6) AppleWebKit/537.36 (KHTML, like Gecko) Chrome/63.0.3239.132 Safari/537.36" 8
- 0:0:0:0:0:0:0:1 - - [23/Jan/2018:11:31:27 +0800] "GET /js/navtab.js?v=1516678287477 HTTP/1.1" 200 4949 "http://localhost:8080/" "Mozilla/5.0 (Macintosh; Intel Mac OS X 10_11_6) AppleWebKit/537.36 (KHTML, like Gecko) Chrome/63.0.3239.132 Safari/537.36" 7
- 0:0:0:0:0:0:0:1 - - [23/Jan/2018:11:31:27 +0800] "GET /js/navbar.js?v=1516678287477 HTTP/1.1" 404 127 "http://localhost:8080/" "Mozilla/5.0 (Macintosh; Intel Mac OS X 10_11_6) AppleWebKit/537.36 (KHTML, like Gecko) Chrome/63.0.3239.132 Safari/537.36" 167
- 0:0:0:0:0:0:0:1 - - [23/Jan/2018:11:31:27 +0800] "GET /favicon.ico HTTP/1.1" 200 946 "http://localhost:8080/" "Mozilla/5.0 (Macintosh; Intel Mac OS X 10_11_6) AppleWebKit/537.36 (KHTML, like Gecko) Chrome/63.0.3239.132 Safari/537.36" 15
- 0:0:0:0:0:0:0:1 - - [23/Jan/2018:11:32:48 +0800] "GET / HTTP/1.1" 200 9668 "-" "Mozilla/5.0 (Macintosh; Intel Mac OS X 10_11_6) AppleWebKit/537.36 (KHTML, like Gecko) Chrome/63.0.3239.132 Safari/537.36" 146
- 0:0:0:0:0:0:0:1 - - [23/Jan/2018:11:32:48 +0800] "GET /main.html HTTP/1.1" 200 3909 "http://localhost:8080/" "Mozilla/5.0 (Macintosh; Intel Mac OS X 10_11_6) AppleWebKit/537.36 (KHTML, like Gecko) Chrome/63.0.3239.132 Safari/537.36" 17
- 0:0:0:0:0:0:0:1 - - [23/Jan/2018:11:32:48 +0800] "GET /common/layui/lay/modules/element.js?v=1516678368393 HTTP/1.1" 200 5154 "http://localhost:8080/" "Mozilla/5.0 (Macintosh; Intel Mac OS X 10_11_6) AppleWebKit/537.36 (KHTML, like Gecko) Chrome/63.0.3239.132 Safari/537.36" 17
- 0:0:0:0:0:0:0:1 - - [23/Jan/2018:11:32:48 +0800] "GET /common/layui/lay/modules/layer.js?v=1516678368393 HTTP/1.1" 200 21341 "http://localhost:8080/" "Mozilla/5.0 (Macintosh; Intel Mac OS X 10_11_6) AppleWebKit/537.36 (KHTML, like Gecko) Chrome/63.0.3239.132 Safari/537.36" 7
- 0:0:0:0:0:0:0:1 - - [23/Jan/2018:11:32:48 +0800] "GET /js/navtab.js?v=1516678368393 HTTP/1.1" 200 4949 "http://localhost:8080/" "Mozilla/5.0 (Macintosh; Intel Mac OS X 10_11_6) AppleWebKit/537.36 (KHTML, like Gecko) Chrome/63.0.3239.132 Safari/537.36" 6
- 0:0:0:0:0:0:0:1 - - [23/Jan/2018:11:32:48 +0800] "GET /js/navbar.js?v=1516678368393 HTTP/1.1" 404 127 "http://localhost:8080/" "Mozilla/5.0 (Macintosh; Intel Mac OS X 10_11_6) AppleWebKit/537.36 (KHTML, like Gecko) Chrome/63.0.3239.132 Safari/537.36" 159
- 0:0:0:0:0:0:0:1 - - [23/Jan/2018:11:32:48 +0800] "GET /favicon.ico HTTP/1.1" 200 946 "http://localhost:8080/" "Mozilla/5.0 (Macintosh; Intel Mac OS X 10_11_6) AppleWebKit/537.36 (KHTML, like Gecko) Chrome/63.0.3239.132 Safari/537.36" 8
- 0:0:0:0:0:0:0:1 - - [23/Jan/2018:11:33:24 +0800] "GET / HTTP/1.1" 200 9668 "-" "Mozilla/5.0 (Macintosh; Intel Mac OS X 10_11_6) AppleWebKit/537.36 (KHTML, like Gecko) Chrome/63.0.3239.132 Safari/537.36" 144
- 0:0:0:0:0:0:0:1 - - [23/Jan/2018:11:33:24 +0800] "GET /main.html HTTP/1.1" 200 3905 "http://localhost:8080/" "Mozilla/5.0 (Macintosh; Intel Mac OS X 10_11_6) AppleWebKit/537.36 (KHTML, like Gecko) Chrome/63.0.3239.132 Safari/537.36" 23
- 0:0:0:0:0:0:0:1 - - [23/Jan/2018:11:33:24 +0800] "GET /common/layui/lay/modules/element.js?v=1516678404159 HTTP/1.1" 200 5154 "http://localhost:8080/" "Mozilla/5.0 (Macintosh; Intel Mac OS X 10_11_6) AppleWebKit/537.36 (KHTML, like Gecko) Chrome/63.0.3239.132 Safari/537.36" 17
- 0:0:0:0:0:0:0:1 - - [23/Jan/2018:11:33:24 +0800] "GET /common/layui/lay/modules/layer.js?v=1516678404159 HTTP/1.1" 200 21341 "http://localhost:8080/" "Mozilla/5.0 (Macintosh; Intel Mac OS X 10_11_6) AppleWebKit/537.36 (KHTML, like Gecko) Chrome/63.0.3239.132 Safari/537.36" 7
- 0:0:0:0:0:0:0:1 - - [23/Jan/2018:11:33:24 +0800] "GET /js/navtab.js?v=1516678404159 HTTP/1.1" 200 4949 "http://localhost:8080/" "Mozilla/5.0 (Macintosh; Intel Mac OS X 10_11_6) AppleWebKit/537.36 (KHTML, like Gecko) Chrome/63.0.3239.132 Safari/537.36" 5
- 0:0:0:0:0:0:0:1 - - [23/Jan/2018:11:33:24 +0800] "GET /js/navbar.js?v=1516678404159 HTTP/1.1" 404 127 "http://localhost:8080/" "Mozilla/5.0 (Macintosh; Intel Mac OS X 10_11_6) AppleWebKit/537.36 (KHTML, like Gecko) Chrome/63.0.3239.132 Safari/537.36" 215
- 0:0:0:0:0:0:0:1 - - [23/Jan/2018:11:33:54 +0800] "GET / HTTP/1.1" 200 9668 "-" "Mozilla/5.0 (Macintosh; Intel Mac OS X 10_11_6) AppleWebKit/537.36 (KHTML, like Gecko) Chrome/63.0.3239.132 Safari/537.36" 146
- 0:0:0:0:0:0:0:1 - - [23/Jan/2018:11:33:54 +0800] "GET /main.html HTTP/1.1" 200 3919 "http://localhost:8080/" "Mozilla/5.0 (Macintosh; Intel Mac OS X 10_11_6) AppleWebKit/537.36 (KHTML, like Gecko) Chrome/63.0.3239.132 Safari/537.36" 26
- 0:0:0:0:0:0:0:1 - - [23/Jan/2018:11:33:54 +0800] "GET /common/layui/lay/modules/element.js?v=1516678434662 HTTP/1.1" 200 5154 "http://localhost:8080/" "Mozilla/5.0 (Macintosh; Intel Mac OS X 10_11_6) AppleWebKit/537.36 (KHTML, like Gecko) Chrome/63.0.3239.132 Safari/537.36" 28
- 0:0:0:0:0:0:0:1 - - [23/Jan/2018:11:33:54 +0800] "GET /common/layui/lay/modules/layer.js?v=1516678434662 HTTP/1.1" 200 21341 "http://localhost:8080/" "Mozilla/5.0 (Macintosh; Intel Mac OS X 10_11_6) AppleWebKit/537.36 (KHTML, like Gecko) Chrome/63.0.3239.132 Safari/537.36" 6
- 0:0:0:0:0:0:0:1 - - [23/Jan/2018:11:33:54 +0800] "GET /js/navtab.js?v=1516678434662 HTTP/1.1" 200 4949 "http://localhost:8080/" "Mozilla/5.0 (Macintosh; Intel Mac OS X 10_11_6) AppleWebKit/537.36 (KHTML, like Gecko) Chrome/63.0.3239.132 Safari/537.36" 4
- 0:0:0:0:0:0:0:1 - - [23/Jan/2018:11:33:54 +0800] "GET /js/navbar.js?v=1516678434662 HTTP/1.1" 404 127 "http://localhost:8080/" "Mozilla/5.0 (Macintosh; Intel Mac OS X 10_11_6) AppleWebKit/537.36 (KHTML, like Gecko) Chrome/63.0.3239.132 Safari/537.36" 121
- 0:0:0:0:0:0:0:1 - - [23/Jan/2018:11:34:18 +0800] "GET / HTTP/1.1" 200 9668 "-" "Mozilla/5.0 (Macintosh; Intel Mac OS X 10_11_6) AppleWebKit/537.36 (KHTML, like Gecko) Chrome/63.0.3239.132 Safari/537.36" 141
- 0:0:0:0:0:0:0:1 - - [23/Jan/2018:11:34:18 +0800] "GET /main.html HTTP/1.1" 200 3922 "http://localhost:8080/" "Mozilla/5.0 (Macintosh; Intel Mac OS X 10_11_6) AppleWebKit/537.36 (KHTML, like Gecko) Chrome/63.0.3239.132 Safari/537.36" 16
- 0:0:0:0:0:0:0:1 - - [23/Jan/2018:11:34:18 +0800] "GET /common/layui/lay/modules/element.js?v=1516678458252 HTTP/1.1" 200 5154 "http://localhost:8080/" "Mozilla/5.0 (Macintosh; Intel Mac OS X 10_11_6) AppleWebKit/537.36 (KHTML, like Gecko) Chrome/63.0.3239.132 Safari/537.36" 18
- 0:0:0:0:0:0:0:1 - - [23/Jan/2018:11:34:18 +0800] "GET /common/layui/lay/modules/layer.js?v=1516678458252 HTTP/1.1" 200 21341 "http://localhost:8080/" "Mozilla/5.0 (Macintosh; Intel Mac OS X 10_11_6) AppleWebKit/537.36 (KHTML, like Gecko) Chrome/63.0.3239.132 Safari/537.36" 6
- 0:0:0:0:0:0:0:1 - - [23/Jan/2018:11:34:18 +0800] "GET /js/navtab.js?v=1516678458252 HTTP/1.1" 200 4949 "http://localhost:8080/" "Mozilla/5.0 (Macintosh; Intel Mac OS X 10_11_6) AppleWebKit/537.36 (KHTML, like Gecko) Chrome/63.0.3239.132 Safari/537.36" 6
- 0:0:0:0:0:0:0:1 - - [23/Jan/2018:11:34:18 +0800] "GET /js/navbar.js?v=1516678458252 HTTP/1.1" 404 127 "http://localhost:8080/" "Mozilla/5.0 (Macintosh; Intel Mac OS X 10_11_6) AppleWebKit/537.36 (KHTML, like Gecko) Chrome/63.0.3239.132 Safari/537.36" 115
- 0:0:0:0:0:0:0:1 - - [23/Jan/2018:11:34:54 +0800] "GET / HTTP/1.1" 200 9668 "-" "Mozilla/5.0 (Macintosh; Intel Mac OS X 10_11_6) AppleWebKit/537.36 (KHTML, like Gecko) Chrome/63.0.3239.132 Safari/537.36" 187
- 0:0:0:0:0:0:0:1 - - [23/Jan/2018:11:34:54 +0800] "GET /common/layui/lay/modules/element.js?v=1516678494421 HTTP/1.1" 200 5154 "http://localhost:8080/" "Mozilla/5.0 (Macintosh; Intel Mac OS X 10_11_6) AppleWebKit/537.36 (KHTML, like Gecko) Chrome/63.0.3239.132 Safari/537.36" 24
- 0:0:0:0:0:0:0:1 - - [23/Jan/2018:11:34:54 +0800] "GET /main.html HTTP/1.1" 200 3935 "http://localhost:8080/" "Mozilla/5.0 (Macintosh; Intel Mac OS X 10_11_6) AppleWebKit/537.36 (KHTML, like Gecko) Chrome/63.0.3239.132 Safari/537.36" 28
- 0:0:0:0:0:0:0:1 - - [23/Jan/2018:11:34:54 +0800] "GET /common/layui/lay/modules/layer.js?v=1516678494421 HTTP/1.1" 200 21341 "http://localhost:8080/" "Mozilla/5.0 (Macintosh; Intel Mac OS X 10_11_6) AppleWebKit/537.36 (KHTML, like Gecko) Chrome/63.0.3239.132 Safari/537.36" 11
- 0:0:0:0:0:0:0:1 - - [23/Jan/2018:11:34:54 +0800] "GET /js/navtab.js?v=1516678494421 HTTP/1.1" 200 4949 "http://localhost:8080/" "Mozilla/5.0 (Macintosh; Intel Mac OS X 10_11_6) AppleWebKit/537.36 (KHTML, like Gecko) Chrome/63.0.3239.132 Safari/537.36" 10
- 0:0:0:0:0:0:0:1 - - [23/Jan/2018:11:34:54 +0800] "GET /js/navbar.js?v=1516678494421 HTTP/1.1" 404 127 "http://localhost:8080/" "Mozilla/5.0 (Macintosh; Intel Mac OS X 10_11_6) AppleWebKit/537.36 (KHTML, like Gecko) Chrome/63.0.3239.132 Safari/537.36" 99
- 0:0:0:0:0:0:0:1 - - [23/Jan/2018:11:34:54 +0800] "GET /favicon.ico HTTP/1.1" 200 946 "http://localhost:8080/" "Mozilla/5.0 (Macintosh; Intel Mac OS X 10_11_6) AppleWebKit/537.36 (KHTML, like Gecko) Chrome/63.0.3239.132 Safari/537.36" 10
- 0:0:0:0:0:0:0:1 - - [23/Jan/2018:11:34:59 +0800] "GET / HTTP/1.1" 200 9668 "-" "Mozilla/5.0 (Macintosh; Intel Mac OS X 10_11_6) AppleWebKit/537.36 (KHTML, like Gecko) Chrome/63.0.3239.132 Safari/537.36" 11
- 0:0:0:0:0:0:0:1 - - [23/Jan/2018:11:34:59 +0800] "GET /common/layui/lay/modules/element.js?v=1516678499267 HTTP/1.1" 200 5154 "http://localhost:8080/" "Mozilla/5.0 (Macintosh; Intel Mac OS X 10_11_6) AppleWebKit/537.36 (KHTML, like Gecko) Chrome/63.0.3239.132 Safari/537.36" 4
- 0:0:0:0:0:0:0:1 - - [23/Jan/2018:11:34:59 +0800] "GET /main.html HTTP/1.1" 200 3935 "http://localhost:8080/" "Mozilla/5.0 (Macintosh; Intel Mac OS X 10_11_6) AppleWebKit/537.36 (KHTML, like Gecko) Chrome/63.0.3239.132 Safari/537.36" 20
- 0:0:0:0:0:0:0:1 - - [23/Jan/2018:11:34:59 +0800] "GET /common/layui/lay/modules/layer.js?v=1516678499267 HTTP/1.1" 200 21341 "http://localhost:8080/" "Mozilla/5.0 (Macintosh; Intel Mac OS X 10_11_6) AppleWebKit/537.36 (KHTML, like Gecko) Chrome/63.0.3239.132 Safari/537.36" 4
- 0:0:0:0:0:0:0:1 - - [23/Jan/2018:11:34:59 +0800] "GET /js/navtab.js?v=1516678499267 HTTP/1.1" 200 4949 "http://localhost:8080/" "Mozilla/5.0 (Macintosh; Intel Mac OS X 10_11_6) AppleWebKit/537.36 (KHTML, like Gecko) Chrome/63.0.3239.132 Safari/537.36" 4
- 0:0:0:0:0:0:0:1 - - [23/Jan/2018:11:34:59 +0800] "GET /js/navbar.js?v=1516678499267 HTTP/1.1" 404 127 "http://localhost:8080/" "Mozilla/5.0 (Macintosh; Intel Mac OS X 10_11_6) AppleWebKit/537.36 (KHTML, like Gecko) Chrome/63.0.3239.132 Safari/537.36" 5
- 0:0:0:0:0:0:0:1 - - [23/Jan/2018:11:35:22 +0800] "GET / HTTP/1.1" 200 9668 "-" "Mozilla/5.0 (Macintosh; Intel Mac OS X 10_11_6) AppleWebKit/537.36 (KHTML, like Gecko) Chrome/63.0.3239.132 Safari/537.36" 159
- 0:0:0:0:0:0:0:1 - - [23/Jan/2018:11:35:22 +0800] "GET /common/layui/lay/modules/element.js?v=1516678522381 HTTP/1.1" 200 5154 "http://localhost:8080/" "Mozilla/5.0 (Macintosh; Intel Mac OS X 10_11_6) AppleWebKit/537.36 (KHTML, like Gecko) Chrome/63.0.3239.132 Safari/537.36" 22
- 0:0:0:0:0:0:0:1 - - [23/Jan/2018:11:35:22 +0800] "GET /main.html HTTP/1.1" 200 3926 "http://localhost:8080/" "Mozilla/5.0 (Macintosh; Intel Mac OS X 10_11_6) AppleWebKit/537.36 (KHTML, like Gecko) Chrome/63.0.3239.132 Safari/537.36" 38
- 0:0:0:0:0:0:0:1 - - [23/Jan/2018:11:35:22 +0800] "GET /common/layui/lay/modules/layer.js?v=1516678522381 HTTP/1.1" 200 21341 "http://localhost:8080/" "Mozilla/5.0 (Macintosh; Intel Mac OS X 10_11_6) AppleWebKit/537.36 (KHTML, like Gecko) Chrome/63.0.3239.132 Safari/537.36" 12
- 0:0:0:0:0:0:0:1 - - [23/Jan/2018:11:35:22 +0800] "GET /js/navtab.js?v=1516678522381 HTTP/1.1" 200 4949 "http://localhost:8080/" "Mozilla/5.0 (Macintosh; Intel Mac OS X 10_11_6) AppleWebKit/537.36 (KHTML, like Gecko) Chrome/63.0.3239.132 Safari/537.36" 4
- 0:0:0:0:0:0:0:1 - - [23/Jan/2018:11:35:22 +0800] "GET /js/navbar.js?v=1516678522381 HTTP/1.1" 404 127 "http://localhost:8080/" "Mozilla/5.0 (Macintosh; Intel Mac OS X 10_11_6) AppleWebKit/537.36 (KHTML, like Gecko) Chrome/63.0.3239.132 Safari/537.36" 270
- 0:0:0:0:0:0:0:1 - - [23/Jan/2018:11:35:22 +0800] "GET /favicon.ico HTTP/1.1" 200 946 "http://localhost:8080/" "Mozilla/5.0 (Macintosh; Intel Mac OS X 10_11_6) AppleWebKit/537.36 (KHTML, like Gecko) Chrome/63.0.3239.132 Safari/537.36" 15
- 0:0:0:0:0:0:0:1 - - [23/Jan/2018:11:35:46 +0800] "GET / HTTP/1.1" 200 9668 "-" "Mozilla/5.0 (Macintosh; Intel Mac OS X 10_11_6) AppleWebKit/537.36 (KHTML, like Gecko) Chrome/63.0.3239.132 Safari/537.36" 150
- 0:0:0:0:0:0:0:1 - - [23/Jan/2018:11:35:46 +0800] "GET /main.html HTTP/1.1" 200 3925 "http://localhost:8080/" "Mozilla/5.0 (Macintosh; Intel Mac OS X 10_11_6) AppleWebKit/537.36 (KHTML, like Gecko) Chrome/63.0.3239.132 Safari/537.36" 16
- 0:0:0:0:0:0:0:1 - - [23/Jan/2018:11:35:46 +0800] "GET /common/layui/lay/modules/element.js?v=1516678546058 HTTP/1.1" 200 5154 "http://localhost:8080/" "Mozilla/5.0 (Macintosh; Intel Mac OS X 10_11_6) AppleWebKit/537.36 (KHTML, like Gecko) Chrome/63.0.3239.132 Safari/537.36" 15
- 0:0:0:0:0:0:0:1 - - [23/Jan/2018:11:35:46 +0800] "GET /common/layui/lay/modules/layer.js?v=1516678546058 HTTP/1.1" 200 21341 "http://localhost:8080/" "Mozilla/5.0 (Macintosh; Intel Mac OS X 10_11_6) AppleWebKit/537.36 (KHTML, like Gecko) Chrome/63.0.3239.132 Safari/537.36" 9
- 0:0:0:0:0:0:0:1 - - [23/Jan/2018:11:35:46 +0800] "GET /js/navtab.js?v=1516678546058 HTTP/1.1" 200 4949 "http://localhost:8080/" "Mozilla/5.0 (Macintosh; Intel Mac OS X 10_11_6) AppleWebKit/537.36 (KHTML, like Gecko) Chrome/63.0.3239.132 Safari/537.36" 5
- 0:0:0:0:0:0:0:1 - - [23/Jan/2018:11:35:46 +0800] "GET /js/navbar.js?v=1516678546058 HTTP/1.1" 404 127 "http://localhost:8080/" "Mozilla/5.0 (Macintosh; Intel Mac OS X 10_11_6) AppleWebKit/537.36 (KHTML, like Gecko) Chrome/63.0.3239.132 Safari/537.36" 160
- 0:0:0:0:0:0:0:1 - - [23/Jan/2018:11:35:46 +0800] "GET /favicon.ico HTTP/1.1" 200 946 "http://localhost:8080/" "Mozilla/5.0 (Macintosh; Intel Mac OS X 10_11_6) AppleWebKit/537.36 (KHTML, like Gecko) Chrome/63.0.3239.132 Safari/537.36" 13
- 0:0:0:0:0:0:0:1 - - [23/Jan/2018:11:35:47 +0800] "GET / HTTP/1.1" 200 9668 "-" "Mozilla/5.0 (Macintosh; Intel Mac OS X 10_11_6) AppleWebKit/537.36 (KHTML, like Gecko) Chrome/63.0.3239.132 Safari/537.36" 9
- 0:0:0:0:0:0:0:1 - - [23/Jan/2018:11:35:47 +0800] "GET /main.html HTTP/1.1" 200 3925 "http://localhost:8080/" "Mozilla/5.0 (Macintosh; Intel Mac OS X 10_11_6) AppleWebKit/537.36 (KHTML, like Gecko) Chrome/63.0.3239.132 Safari/537.36" 10
- 0:0:0:0:0:0:0:1 - - [23/Jan/2018:11:35:47 +0800] "GET /common/layui/lay/modules/element.js?v=1516678547837 HTTP/1.1" 200 5154 "http://localhost:8080/" "Mozilla/5.0 (Macintosh; Intel Mac OS X 10_11_6) AppleWebKit/537.36 (KHTML, like Gecko) Chrome/63.0.3239.132 Safari/537.36" 4
- 0:0:0:0:0:0:0:1 - - [23/Jan/2018:11:35:47 +0800] "GET /common/layui/lay/modules/layer.js?v=1516678547837 HTTP/1.1" 200 21341 "http://localhost:8080/" "Mozilla/5.0 (Macintosh; Intel Mac OS X 10_11_6) AppleWebKit/537.36 (KHTML, like Gecko) Chrome/63.0.3239.132 Safari/537.36" 4
- 0:0:0:0:0:0:0:1 - - [23/Jan/2018:11:35:47 +0800] "GET /js/navtab.js?v=1516678547837 HTTP/1.1" 200 4949 "http://localhost:8080/" "Mozilla/5.0 (Macintosh; Intel Mac OS X 10_11_6) AppleWebKit/537.36 (KHTML, like Gecko) Chrome/63.0.3239.132 Safari/537.36" 5
- 0:0:0:0:0:0:0:1 - - [23/Jan/2018:11:35:47 +0800] "GET /js/navbar.js?v=1516678547837 HTTP/1.1" 404 127 "http://localhost:8080/" "Mozilla/5.0 (Macintosh; Intel Mac OS X 10_11_6) AppleWebKit/537.36 (KHTML, like Gecko) Chrome/63.0.3239.132 Safari/537.36" 9
- 0:0:0:0:0:0:0:1 - - [23/Jan/2018:11:35:47 +0800] "GET /favicon.ico HTTP/1.1" 200 946 "http://localhost:8080/" "Mozilla/5.0 (Macintosh; Intel Mac OS X 10_11_6) AppleWebKit/537.36 (KHTML, like Gecko) Chrome/63.0.3239.132 Safari/537.36" 8
- 0:0:0:0:0:0:0:1 - - [23/Jan/2018:11:36:06 +0800] "GET / HTTP/1.1" 200 9668 "-" "Mozilla/5.0 (Macintosh; Intel Mac OS X 10_11_6) AppleWebKit/537.36 (KHTML, like Gecko) Chrome/63.0.3239.132 Safari/537.36" 168
- 0:0:0:0:0:0:0:1 - - [23/Jan/2018:11:36:06 +0800] "GET /main.html HTTP/1.1" 200 3921 "http://localhost:8080/" "Mozilla/5.0 (Macintosh; Intel Mac OS X 10_11_6) AppleWebKit/537.36 (KHTML, like Gecko) Chrome/63.0.3239.132 Safari/537.36" 13
- 0:0:0:0:0:0:0:1 - - [23/Jan/2018:11:36:06 +0800] "GET /common/layui/lay/modules/element.js?v=1516678566706 HTTP/1.1" 200 5154 "http://localhost:8080/" "Mozilla/5.0 (Macintosh; Intel Mac OS X 10_11_6) AppleWebKit/537.36 (KHTML, like Gecko) Chrome/63.0.3239.132 Safari/537.36" 16
- 0:0:0:0:0:0:0:1 - - [23/Jan/2018:11:36:06 +0800] "GET / HTTP/1.1" 200 9668 "-" "Mozilla/5.0 (Macintosh; Intel Mac OS X 10_11_6) AppleWebKit/537.36 (KHTML, like Gecko) Chrome/63.0.3239.132 Safari/537.36" 18
- 0:0:0:0:0:0:0:1 - - [23/Jan/2018:11:36:06 +0800] "GET /common/layui/lay/modules/layer.js?v=1516678566706 HTTP/1.1" 200 21341 "http://localhost:8080/" "Mozilla/5.0 (Macintosh; Intel Mac OS X 10_11_6) AppleWebKit/537.36 (KHTML, like Gecko) Chrome/63.0.3239.132 Safari/537.36" 6
- 0:0:0:0:0:0:0:1 - - [23/Jan/2018:11:36:06 +0800] "GET /main.html HTTP/1.1" 200 3921 "http://localhost:8080/" "Mozilla/5.0 (Macintosh; Intel Mac OS X 10_11_6) AppleWebKit/537.36 (KHTML, like Gecko) Chrome/63.0.3239.132 Safari/537.36" 10
- 0:0:0:0:0:0:0:1 - - [23/Jan/2018:11:36:06 +0800] "GET /common/layui/lay/modules/element.js?v=1516678566891 HTTP/1.1" 200 5154 "http://localhost:8080/" "Mozilla/5.0 (Macintosh; Intel Mac OS X 10_11_6) AppleWebKit/537.36 (KHTML, like Gecko) Chrome/63.0.3239.132 Safari/537.36" 6
- 0:0:0:0:0:0:0:1 - - [23/Jan/2018:11:36:06 +0800] "GET /common/layui/lay/modules/layer.js?v=1516678566891 HTTP/1.1" 200 21341 "http://localhost:8080/" "Mozilla/5.0 (Macintosh; Intel Mac OS X 10_11_6) AppleWebKit/537.36 (KHTML, like Gecko) Chrome/63.0.3239.132 Safari/537.36" 7
- 0:0:0:0:0:0:0:1 - - [23/Jan/2018:11:36:06 +0800] "GET /js/navtab.js?v=1516678566891 HTTP/1.1" 200 4949 "http://localhost:8080/" "Mozilla/5.0 (Macintosh; Intel Mac OS X 10_11_6) AppleWebKit/537.36 (KHTML, like Gecko) Chrome/63.0.3239.132 Safari/537.36" 4
- 0:0:0:0:0:0:0:1 - - [23/Jan/2018:11:36:07 +0800] "GET /js/navbar.js?v=1516678566891 HTTP/1.1" 404 127 "http://localhost:8080/" "Mozilla/5.0 (Macintosh; Intel Mac OS X 10_11_6) AppleWebKit/537.36 (KHTML, like Gecko) Chrome/63.0.3239.132 Safari/537.36" 89
- 0:0:0:0:0:0:0:1 - - [23/Jan/2018:11:36:07 +0800] "GET /favicon.ico HTTP/1.1" 200 946 "http://localhost:8080/" "Mozilla/5.0 (Macintosh; Intel Mac OS X 10_11_6) AppleWebKit/537.36 (KHTML, like Gecko) Chrome/63.0.3239.132 Safari/537.36" 13
- 0:0:0:0:0:0:0:1 - - [23/Jan/2018:11:36:27 +0800] "GET / HTTP/1.1" 200 9668 "-" "Mozilla/5.0 (Macintosh; Intel Mac OS X 10_11_6) AppleWebKit/537.36 (KHTML, like Gecko) Chrome/63.0.3239.132 Safari/537.36" 9
- 0:0:0:0:0:0:0:1 - - [23/Jan/2018:11:36:27 +0800] "GET /common/layui/lay/modules/element.js?v=1516678587313 HTTP/1.1" 200 5154 "http://localhost:8080/" "Mozilla/5.0 (Macintosh; Intel Mac OS X 10_11_6) AppleWebKit/537.36 (KHTML, like Gecko) Chrome/63.0.3239.132 Safari/537.36" 9
- 0:0:0:0:0:0:0:1 - - [23/Jan/2018:11:36:27 +0800] "GET /main.html HTTP/1.1" 200 3921 "http://localhost:8080/" "Mozilla/5.0 (Macintosh; Intel Mac OS X 10_11_6) AppleWebKit/537.36 (KHTML, like Gecko) Chrome/63.0.3239.132 Safari/537.36" 21
- 0:0:0:0:0:0:0:1 - - [23/Jan/2018:11:36:27 +0800] "GET /common/layui/lay/modules/layer.js?v=1516678587313 HTTP/1.1" 200 21341 "http://localhost:8080/" "Mozilla/5.0 (Macintosh; Intel Mac OS X 10_11_6) AppleWebKit/537.36 (KHTML, like Gecko) Chrome/63.0.3239.132 Safari/537.36" 5
- 0:0:0:0:0:0:0:1 - - [23/Jan/2018:11:36:27 +0800] "GET /js/navtab.js?v=1516678587313 HTTP/1.1" 200 4949 "http://localhost:8080/" "Mozilla/5.0 (Macintosh; Intel Mac OS X 10_11_6) AppleWebKit/537.36 (KHTML, like Gecko) Chrome/63.0.3239.132 Safari/537.36" 3
- 0:0:0:0:0:0:0:1 - - [23/Jan/2018:11:36:27 +0800] "GET /js/navbar.js?v=1516678587313 HTTP/1.1" 404 127 "http://localhost:8080/" "Mozilla/5.0 (Macintosh; Intel Mac OS X 10_11_6) AppleWebKit/537.36 (KHTML, like Gecko) Chrome/63.0.3239.132 Safari/537.36" 8
- 0:0:0:0:0:0:0:1 - - [23/Jan/2018:11:36:27 +0800] "GET /favicon.ico HTTP/1.1" 200 946 "http://localhost:8080/" "Mozilla/5.0 (Macintosh; Intel Mac OS X 10_11_6) AppleWebKit/537.36 (KHTML, like Gecko) Chrome/63.0.3239.132 Safari/537.36" 3
- 0:0:0:0:0:0:0:1 - - [23/Jan/2018:11:58:40 +0800] "GET / HTTP/1.1" 200 9668 "-" "Mozilla/5.0 (Macintosh; Intel Mac OS X 10_11_6) AppleWebKit/537.36 (KHTML, like Gecko) Chrome/63.0.3239.132 Safari/537.36" 149
- 0:0:0:0:0:0:0:1 - - [23/Jan/2018:11:58:40 +0800] "GET /common/layui/lay/modules/element.js?v=1516679920850 HTTP/1.1" 200 5154 "http://localhost:8080/" "Mozilla/5.0 (Macintosh; Intel Mac OS X 10_11_6) AppleWebKit/537.36 (KHTML, like Gecko) Chrome/63.0.3239.132 Safari/537.36" 23
- 0:0:0:0:0:0:0:1 - - [23/Jan/2018:11:58:40 +0800] "GET /main.html HTTP/1.1" 500 371 "http://localhost:8080/" "Mozilla/5.0 (Macintosh; Intel Mac OS X 10_11_6) AppleWebKit/537.36 (KHTML, like Gecko) Chrome/63.0.3239.132 Safari/537.36" 89
- 0:0:0:0:0:0:0:1 - - [23/Jan/2018:11:58:40 +0800] "GET /common/layui/lay/modules/layer.js?v=1516679920850 HTTP/1.1" 200 21341 "http://localhost:8080/" "Mozilla/5.0 (Macintosh; Intel Mac OS X 10_11_6) AppleWebKit/537.36 (KHTML, like Gecko) Chrome/63.0.3239.132 Safari/537.36" 17
- 0:0:0:0:0:0:0:1 - - [23/Jan/2018:11:58:41 +0800] "GET /js/navtab.js?v=1516679920850 HTTP/1.1" 200 4949 "http://localhost:8080/" "Mozilla/5.0 (Macintosh; Intel Mac OS X 10_11_6) AppleWebKit/537.36 (KHTML, like Gecko) Chrome/63.0.3239.132 Safari/537.36" 5
- 0:0:0:0:0:0:0:1 - - [23/Jan/2018:11:58:41 +0800] "GET /js/navbar.js?v=1516679920850 HTTP/1.1" 404 127 "http://localhost:8080/" "Mozilla/5.0 (Macintosh; Intel Mac OS X 10_11_6) AppleWebKit/537.36 (KHTML, like Gecko) Chrome/63.0.3239.132 Safari/537.36" 160
- 0:0:0:0:0:0:0:1 - - [23/Jan/2018:11:58:41 +0800] "GET /favicon.ico HTTP/1.1" 200 946 "http://localhost:8080/" "Mozilla/5.0 (Macintosh; Intel Mac OS X 10_11_6) AppleWebKit/537.36 (KHTML, like Gecko) Chrome/63.0.3239.132 Safari/537.36" 13
- 0:0:0:0:0:0:0:1 - - [23/Jan/2018:11:59:45 +0800] "GET / HTTP/1.1" 200 9668 "-" "Mozilla/5.0 (Macintosh; Intel Mac OS X 10_11_6) AppleWebKit/537.36 (KHTML, like Gecko) Chrome/63.0.3239.132 Safari/537.36" 158
- 0:0:0:0:0:0:0:1 - - [23/Jan/2018:11:59:45 +0800] "GET /main.html HTTP/1.1" 200 4366 "http://localhost:8080/" "Mozilla/5.0 (Macintosh; Intel Mac OS X 10_11_6) AppleWebKit/537.36 (KHTML, like Gecko) Chrome/63.0.3239.132 Safari/537.36" 29
- 0:0:0:0:0:0:0:1 - - [23/Jan/2018:11:59:45 +0800] "GET /common/layui/lay/modules/element.js?v=1516679985351 HTTP/1.1" 200 5154 "http://localhost:8080/" "Mozilla/5.0 (Macintosh; Intel Mac OS X 10_11_6) AppleWebKit/537.36 (KHTML, like Gecko) Chrome/63.0.3239.132 Safari/537.36" 24
- 0:0:0:0:0:0:0:1 - - [23/Jan/2018:11:59:45 +0800] "GET /common/layui/lay/modules/layer.js?v=1516679985351 HTTP/1.1" 200 21341 "http://localhost:8080/" "Mozilla/5.0 (Macintosh; Intel Mac OS X 10_11_6) AppleWebKit/537.36 (KHTML, like Gecko) Chrome/63.0.3239.132 Safari/537.36" 13
- 0:0:0:0:0:0:0:1 - - [23/Jan/2018:11:59:45 +0800] "GET /js/navtab.js?v=1516679985351 HTTP/1.1" 200 4949 "http://localhost:8080/" "Mozilla/5.0 (Macintosh; Intel Mac OS X 10_11_6) AppleWebKit/537.36 (KHTML, like Gecko) Chrome/63.0.3239.132 Safari/537.36" 5
- 0:0:0:0:0:0:0:1 - - [23/Jan/2018:11:59:45 +0800] "GET /js/navbar.js?v=1516679985351 HTTP/1.1" 404 127 "http://localhost:8080/" "Mozilla/5.0 (Macintosh; Intel Mac OS X 10_11_6) AppleWebKit/537.36 (KHTML, like Gecko) Chrome/63.0.3239.132 Safari/537.36" 97
- 0:0:0:0:0:0:0:1 - - [23/Jan/2018:11:59:45 +0800] "GET /favicon.ico HTTP/1.1" 200 946 "http://localhost:8080/" "Mozilla/5.0 (Macintosh; Intel Mac OS X 10_11_6) AppleWebKit/537.36 (KHTML, like Gecko) Chrome/63.0.3239.132 Safari/537.36" 13
- 0:0:0:0:0:0:0:1 - - [23/Jan/2018:12:00:24 +0800] "GET / HTTP/1.1" 200 9668 "-" "Mozilla/5.0 (Macintosh; Intel Mac OS X 10_11_6) AppleWebKit/537.36 (KHTML, like Gecko) Chrome/63.0.3239.132 Safari/537.36" 216
- 0:0:0:0:0:0:0:1 - - [23/Jan/2018:12:00:24 +0800] "GET /main.html HTTP/1.1" 200 4339 "http://localhost:8080/" "Mozilla/5.0 (Macintosh; Intel Mac OS X 10_11_6) AppleWebKit/537.36 (KHTML, like Gecko) Chrome/63.0.3239.132 Safari/537.36" 15
- 0:0:0:0:0:0:0:1 - - [23/Jan/2018:12:00:24 +0800] "GET /common/layui/lay/modules/element.js?v=1516680024683 HTTP/1.1" 200 5154 "http://localhost:8080/" "Mozilla/5.0 (Macintosh; Intel Mac OS X 10_11_6) AppleWebKit/537.36 (KHTML, like Gecko) Chrome/63.0.3239.132 Safari/537.36" 23
- 0:0:0:0:0:0:0:1 - - [23/Jan/2018:12:00:24 +0800] "GET /common/layui/lay/modules/layer.js?v=1516680024683 HTTP/1.1" 200 21341 "http://localhost:8080/" "Mozilla/5.0 (Macintosh; Intel Mac OS X 10_11_6) AppleWebKit/537.36 (KHTML, like Gecko) Chrome/63.0.3239.132 Safari/537.36" 10
- 0:0:0:0:0:0:0:1 - - [23/Jan/2018:12:00:24 +0800] "GET /js/navtab.js?v=1516680024683 HTTP/1.1" 200 4949 "http://localhost:8080/" "Mozilla/5.0 (Macintosh; Intel Mac OS X 10_11_6) AppleWebKit/537.36 (KHTML, like Gecko) Chrome/63.0.3239.132 Safari/537.36" 8
- 0:0:0:0:0:0:0:1 - - [23/Jan/2018:12:00:24 +0800] "GET /js/navbar.js?v=1516680024683 HTTP/1.1" 404 127 "http://localhost:8080/" "Mozilla/5.0 (Macintosh; Intel Mac OS X 10_11_6) AppleWebKit/537.36 (KHTML, like Gecko) Chrome/63.0.3239.132 Safari/537.36" 108
- 0:0:0:0:0:0:0:1 - - [23/Jan/2018:12:00:24 +0800] "GET /favicon.ico HTTP/1.1" 200 946 "http://localhost:8080/" "Mozilla/5.0 (Macintosh; Intel Mac OS X 10_11_6) AppleWebKit/537.36 (KHTML, like Gecko) Chrome/63.0.3239.132 Safari/537.36" 13
- 0:0:0:0:0:0:0:1 - - [23/Jan/2018:12:02:42 +0800] "GET / HTTP/1.1" 200 9668 "-" "Mozilla/5.0 (Macintosh; Intel Mac OS X 10_11_6) AppleWebKit/537.36 (KHTML, like Gecko) Chrome/63.0.3239.132 Safari/537.36" 149
- 0:0:0:0:0:0:0:1 - - [23/Jan/2018:12:02:42 +0800] "GET /main.html HTTP/1.1" 200 4275 "http://localhost:8080/" "Mozilla/5.0 (Macintosh; Intel Mac OS X 10_11_6) AppleWebKit/537.36 (KHTML, like Gecko) Chrome/63.0.3239.132 Safari/537.36" 19
- 0:0:0:0:0:0:0:1 - - [23/Jan/2018:12:02:42 +0800] "GET /common/layui/lay/modules/element.js?v=1516680162484 HTTP/1.1" 200 5154 "http://localhost:8080/" "Mozilla/5.0 (Macintosh; Intel Mac OS X 10_11_6) AppleWebKit/537.36 (KHTML, like Gecko) Chrome/63.0.3239.132 Safari/537.36" 18
- 0:0:0:0:0:0:0:1 - - [23/Jan/2018:12:02:42 +0800] "GET /common/layui/lay/modules/layer.js?v=1516680162484 HTTP/1.1" 200 21341 "http://localhost:8080/" "Mozilla/5.0 (Macintosh; Intel Mac OS X 10_11_6) AppleWebKit/537.36 (KHTML, like Gecko) Chrome/63.0.3239.132 Safari/537.36" 10
- 0:0:0:0:0:0:0:1 - - [23/Jan/2018:12:02:42 +0800] "GET /js/navtab.js?v=1516680162484 HTTP/1.1" 200 4949 "http://localhost:8080/" "Mozilla/5.0 (Macintosh; Intel Mac OS X 10_11_6) AppleWebKit/537.36 (KHTML, like Gecko) Chrome/63.0.3239.132 Safari/537.36" 4
- 0:0:0:0:0:0:0:1 - - [23/Jan/2018:12:02:42 +0800] "GET /js/navbar.js?v=1516680162484 HTTP/1.1" 404 127 "http://localhost:8080/" "Mozilla/5.0 (Macintosh; Intel Mac OS X 10_11_6) AppleWebKit/537.36 (KHTML, like Gecko) Chrome/63.0.3239.132 Safari/537.36" 93
- 0:0:0:0:0:0:0:1 - - [23/Jan/2018:12:02:42 +0800] "GET /favicon.ico HTTP/1.1" 200 946 "http://localhost:8080/" "Mozilla/5.0 (Macintosh; Intel Mac OS X 10_11_6) AppleWebKit/537.36 (KHTML, like Gecko) Chrome/63.0.3239.132 Safari/537.36" 14
- 0:0:0:0:0:0:0:1 - - [23/Jan/2018:12:03:56 +0800] "GET / HTTP/1.1" 200 9668 "-" "Mozilla/5.0 (Macintosh; Intel Mac OS X 10_11_6) AppleWebKit/537.36 (KHTML, like Gecko) Chrome/63.0.3239.132 Safari/537.36" 144
- 0:0:0:0:0:0:0:1 - - [23/Jan/2018:12:03:56 +0800] "GET /main.html HTTP/1.1" 200 3986 "http://localhost:8080/" "Mozilla/5.0 (Macintosh; Intel Mac OS X 10_11_6) AppleWebKit/537.36 (KHTML, like Gecko) Chrome/63.0.3239.132 Safari/537.36" 14
- 0:0:0:0:0:0:0:1 - - [23/Jan/2018:12:03:56 +0800] "GET /common/layui/lay/modules/element.js?v=1516680236176 HTTP/1.1" 200 5154 "http://localhost:8080/" "Mozilla/5.0 (Macintosh; Intel Mac OS X 10_11_6) AppleWebKit/537.36 (KHTML, like Gecko) Chrome/63.0.3239.132 Safari/537.36" 18
- 0:0:0:0:0:0:0:1 - - [23/Jan/2018:12:03:56 +0800] "GET /common/layui/lay/modules/layer.js?v=1516680236176 HTTP/1.1" 200 21341 "http://localhost:8080/" "Mozilla/5.0 (Macintosh; Intel Mac OS X 10_11_6) AppleWebKit/537.36 (KHTML, like Gecko) Chrome/63.0.3239.132 Safari/537.36" 13
- 0:0:0:0:0:0:0:1 - - [23/Jan/2018:12:03:56 +0800] "GET /js/navtab.js?v=1516680236176 HTTP/1.1" 200 4949 "http://localhost:8080/" "Mozilla/5.0 (Macintosh; Intel Mac OS X 10_11_6) AppleWebKit/537.36 (KHTML, like Gecko) Chrome/63.0.3239.132 Safari/537.36" 5
- 0:0:0:0:0:0:0:1 - - [23/Jan/2018:12:03:56 +0800] "GET /js/navbar.js?v=1516680236176 HTTP/1.1" 404 127 "http://localhost:8080/" "Mozilla/5.0 (Macintosh; Intel Mac OS X 10_11_6) AppleWebKit/537.36 (KHTML, like Gecko) Chrome/63.0.3239.132 Safari/537.36" 150
- 0:0:0:0:0:0:0:1 - - [23/Jan/2018:12:04:47 +0800] "GET / HTTP/1.1" 200 9668 "-" "Mozilla/5.0 (Macintosh; Intel Mac OS X 10_11_6) AppleWebKit/537.36 (KHTML, like Gecko) Chrome/63.0.3239.132 Safari/537.36" 146
- 0:0:0:0:0:0:0:1 - - [23/Jan/2018:12:04:47 +0800] "GET /main.html HTTP/1.1" 200 4000 "http://localhost:8080/" "Mozilla/5.0 (Macintosh; Intel Mac OS X 10_11_6) AppleWebKit/537.36 (KHTML, like Gecko) Chrome/63.0.3239.132 Safari/537.36" 19
- 0:0:0:0:0:0:0:1 - - [23/Jan/2018:12:04:47 +0800] "GET /common/layui/lay/modules/element.js?v=1516680287774 HTTP/1.1" 200 5154 "http://localhost:8080/" "Mozilla/5.0 (Macintosh; Intel Mac OS X 10_11_6) AppleWebKit/537.36 (KHTML, like Gecko) Chrome/63.0.3239.132 Safari/537.36" 22
- 0:0:0:0:0:0:0:1 - - [23/Jan/2018:12:04:47 +0800] "GET /common/layui/lay/modules/layer.js?v=1516680287774 HTTP/1.1" 200 21341 "http://localhost:8080/" "Mozilla/5.0 (Macintosh; Intel Mac OS X 10_11_6) AppleWebKit/537.36 (KHTML, like Gecko) Chrome/63.0.3239.132 Safari/537.36" 14
- 0:0:0:0:0:0:0:1 - - [23/Jan/2018:12:04:47 +0800] "GET /js/navtab.js?v=1516680287774 HTTP/1.1" 200 4949 "http://localhost:8080/" "Mozilla/5.0 (Macintosh; Intel Mac OS X 10_11_6) AppleWebKit/537.36 (KHTML, like Gecko) Chrome/63.0.3239.132 Safari/537.36" 8
- 0:0:0:0:0:0:0:1 - - [23/Jan/2018:12:04:48 +0800] "GET /js/navbar.js?v=1516680287774 HTTP/1.1" 404 127 "http://localhost:8080/" "Mozilla/5.0 (Macintosh; Intel Mac OS X 10_11_6) AppleWebKit/537.36 (KHTML, like Gecko) Chrome/63.0.3239.132 Safari/537.36" 182
- 0:0:0:0:0:0:0:1 - - [23/Jan/2018:12:05:46 +0800] "GET / HTTP/1.1" 200 9668 "-" "Mozilla/5.0 (Macintosh; Intel Mac OS X 10_11_6) AppleWebKit/537.36 (KHTML, like Gecko) Chrome/63.0.3239.132 Safari/537.36" 162
- 0:0:0:0:0:0:0:1 - - [23/Jan/2018:12:05:46 +0800] "GET /main.html HTTP/1.1" 200 4056 "http://localhost:8080/" "Mozilla/5.0 (Macintosh; Intel Mac OS X 10_11_6) AppleWebKit/537.36 (KHTML, like Gecko) Chrome/63.0.3239.132 Safari/537.36" 15
- 0:0:0:0:0:0:0:1 - - [23/Jan/2018:12:05:47 +0800] "GET /common/layui/lay/modules/element.js?v=1516680346956 HTTP/1.1" 200 5154 "http://localhost:8080/" "Mozilla/5.0 (Macintosh; Intel Mac OS X 10_11_6) AppleWebKit/537.36 (KHTML, like Gecko) Chrome/63.0.3239.132 Safari/537.36" 40
- 0:0:0:0:0:0:0:1 - - [23/Jan/2018:12:05:47 +0800] "GET /common/layui/lay/modules/layer.js?v=1516680346956 HTTP/1.1" 200 21341 "http://localhost:8080/" "Mozilla/5.0 (Macintosh; Intel Mac OS X 10_11_6) AppleWebKit/537.36 (KHTML, like Gecko) Chrome/63.0.3239.132 Safari/537.36" 10
- 0:0:0:0:0:0:0:1 - - [23/Jan/2018:12:05:47 +0800] "GET /js/navtab.js?v=1516680346956 HTTP/1.1" 200 4949 "http://localhost:8080/" "Mozilla/5.0 (Macintosh; Intel Mac OS X 10_11_6) AppleWebKit/537.36 (KHTML, like Gecko) Chrome/63.0.3239.132 Safari/537.36" 6
- 0:0:0:0:0:0:0:1 - - [23/Jan/2018:12:05:47 +0800] "GET /js/navbar.js?v=1516680346956 HTTP/1.1" 404 127 "http://localhost:8080/" "Mozilla/5.0 (Macintosh; Intel Mac OS X 10_11_6) AppleWebKit/537.36 (KHTML, like Gecko) Chrome/63.0.3239.132 Safari/537.36" 120
- 0:0:0:0:0:0:0:1 - - [23/Jan/2018:12:06:58 +0800] "GET / HTTP/1.1" 200 9668 "-" "Mozilla/5.0 (Macintosh; Intel Mac OS X 10_11_6) AppleWebKit/537.36 (KHTML, like Gecko) Chrome/63.0.3239.132 Safari/537.36" 11
- 0:0:0:0:0:0:0:1 - - [23/Jan/2018:12:06:58 +0800] "GET /common/layui/lay/modules/element.js?v=1516680418980 HTTP/1.1" 200 5154 "http://localhost:8080/" "Mozilla/5.0 (Macintosh; Intel Mac OS X 10_11_6) AppleWebKit/537.36 (KHTML, like Gecko) Chrome/63.0.3239.132 Safari/537.36" 5
- 0:0:0:0:0:0:0:1 - - [23/Jan/2018:12:06:58 +0800] "GET /main.html HTTP/1.1" 200 4056 "http://localhost:8080/" "Mozilla/5.0 (Macintosh; Intel Mac OS X 10_11_6) AppleWebKit/537.36 (KHTML, like Gecko) Chrome/63.0.3239.132 Safari/537.36" 19
- 0:0:0:0:0:0:0:1 - - [23/Jan/2018:12:06:59 +0800] "GET /common/layui/lay/modules/layer.js?v=1516680418980 HTTP/1.1" 200 21341 "http://localhost:8080/" "Mozilla/5.0 (Macintosh; Intel Mac OS X 10_11_6) AppleWebKit/537.36 (KHTML, like Gecko) Chrome/63.0.3239.132 Safari/537.36" 6
- 0:0:0:0:0:0:0:1 - - [23/Jan/2018:12:06:59 +0800] "GET /js/navbar.js?v=1516680418980 HTTP/1.1" 404 127 "http://localhost:8080/" "Mozilla/5.0 (Macintosh; Intel Mac OS X 10_11_6) AppleWebKit/537.36 (KHTML, like Gecko) Chrome/63.0.3239.132 Safari/537.36" 6
- 0:0:0:0:0:0:0:1 - - [23/Jan/2018:12:06:59 +0800] "GET /js/navtab.js?v=1516680418980 HTTP/1.1" 200 4949 "http://localhost:8080/" "Mozilla/5.0 (Macintosh; Intel Mac OS X 10_11_6) AppleWebKit/537.36 (KHTML, like Gecko) Chrome/63.0.3239.132 Safari/537.36" 6
- 0:0:0:0:0:0:0:1 - - [23/Jan/2018:12:06:59 +0800] "GET /favicon.ico HTTP/1.1" 200 946 "http://localhost:8080/" "Mozilla/5.0 (Macintosh; Intel Mac OS X 10_11_6) AppleWebKit/537.36 (KHTML, like Gecko) Chrome/63.0.3239.132 Safari/537.36" 10
- 0:0:0:0:0:0:0:1 - - [23/Jan/2018:12:07:02 +0800] "GET / HTTP/1.1" 200 9668 "-" "Mozilla/5.0 (Macintosh; Intel Mac OS X 10_11_6) AppleWebKit/537.36 (KHTML, like Gecko) Chrome/63.0.3239.132 Safari/537.36" 11
- 0:0:0:0:0:0:0:1 - - [23/Jan/2018:12:07:02 +0800] "GET /main.html HTTP/1.1" 200 4056 "http://localhost:8080/" "Mozilla/5.0 (Macintosh; Intel Mac OS X 10_11_6) AppleWebKit/537.36 (KHTML, like Gecko) Chrome/63.0.3239.132 Safari/537.36" 14
- 0:0:0:0:0:0:0:1 - - [23/Jan/2018:12:07:02 +0800] "GET /common/layui/lay/modules/element.js?v=1516680422854 HTTP/1.1" 200 5154 "http://localhost:8080/" "Mozilla/5.0 (Macintosh; Intel Mac OS X 10_11_6) AppleWebKit/537.36 (KHTML, like Gecko) Chrome/63.0.3239.132 Safari/537.36" 5
- 0:0:0:0:0:0:0:1 - - [23/Jan/2018:12:07:02 +0800] "GET /common/layui/lay/modules/layer.js?v=1516680422854 HTTP/1.1" 200 21341 "http://localhost:8080/" "Mozilla/5.0 (Macintosh; Intel Mac OS X 10_11_6) AppleWebKit/537.36 (KHTML, like Gecko) Chrome/63.0.3239.132 Safari/537.36" 4
- 0:0:0:0:0:0:0:1 - - [23/Jan/2018:12:07:02 +0800] "GET /js/navbar.js?v=1516680422854 HTTP/1.1" 404 127 "http://localhost:8080/" "Mozilla/5.0 (Macintosh; Intel Mac OS X 10_11_6) AppleWebKit/537.36 (KHTML, like Gecko) Chrome/63.0.3239.132 Safari/537.36" 5
- 0:0:0:0:0:0:0:1 - - [23/Jan/2018:12:07:03 +0800] "GET /js/navtab.js?v=1516680422854 HTTP/1.1" 200 4949 "http://localhost:8080/" "Mozilla/5.0 (Macintosh; Intel Mac OS X 10_11_6) AppleWebKit/537.36 (KHTML, like Gecko) Chrome/63.0.3239.132 Safari/537.36" 4
- 0:0:0:0:0:0:0:1 - - [23/Jan/2018:12:07:03 +0800] "GET /favicon.ico HTTP/1.1" 200 946 "http://localhost:8080/" "Mozilla/5.0 (Macintosh; Intel Mac OS X 10_11_6) AppleWebKit/537.36 (KHTML, like Gecko) Chrome/63.0.3239.132 Safari/537.36" 7
- 0:0:0:0:0:0:0:1 - - [23/Jan/2018:12:07:53 +0800] "GET / HTTP/1.1" 200 9668 "-" "Mozilla/5.0 (Macintosh; Intel Mac OS X 10_11_6) AppleWebKit/537.36 (KHTML, like Gecko) Chrome/63.0.3239.132 Safari/537.36" 172
- 0:0:0:0:0:0:0:1 - - [23/Jan/2018:12:07:53 +0800] "GET /main.html HTTP/1.1" 200 4072 "http://localhost:8080/" "Mozilla/5.0 (Macintosh; Intel Mac OS X 10_11_6) AppleWebKit/537.36 (KHTML, like Gecko) Chrome/63.0.3239.132 Safari/537.36" 24
- 0:0:0:0:0:0:0:1 - - [23/Jan/2018:12:07:53 +0800] "GET /common/layui/lay/modules/element.js?v=1516680473279 HTTP/1.1" 200 5154 "http://localhost:8080/" "Mozilla/5.0 (Macintosh; Intel Mac OS X 10_11_6) AppleWebKit/537.36 (KHTML, like Gecko) Chrome/63.0.3239.132 Safari/537.36" 26
- 0:0:0:0:0:0:0:1 - - [23/Jan/2018:12:07:53 +0800] "GET /common/layui/lay/modules/layer.js?v=1516680473279 HTTP/1.1" 200 21341 "http://localhost:8080/" "Mozilla/5.0 (Macintosh; Intel Mac OS X 10_11_6) AppleWebKit/537.36 (KHTML, like Gecko) Chrome/63.0.3239.132 Safari/537.36" 19
- 0:0:0:0:0:0:0:1 - - [23/Jan/2018:12:07:53 +0800] "GET /js/navtab.js?v=1516680473279 HTTP/1.1" 200 4949 "http://localhost:8080/" "Mozilla/5.0 (Macintosh; Intel Mac OS X 10_11_6) AppleWebKit/537.36 (KHTML, like Gecko) Chrome/63.0.3239.132 Safari/537.36" 8
- 0:0:0:0:0:0:0:1 - - [23/Jan/2018:12:07:53 +0800] "GET /js/navbar.js?v=1516680473279 HTTP/1.1" 404 127 "http://localhost:8080/" "Mozilla/5.0 (Macintosh; Intel Mac OS X 10_11_6) AppleWebKit/537.36 (KHTML, like Gecko) Chrome/63.0.3239.132 Safari/537.36" 130
- 0:0:0:0:0:0:0:1 - - [23/Jan/2018:12:07:53 +0800] "GET /favicon.ico HTTP/1.1" 200 946 "http://localhost:8080/" "Mozilla/5.0 (Macintosh; Intel Mac OS X 10_11_6) AppleWebKit/537.36 (KHTML, like Gecko) Chrome/63.0.3239.132 Safari/537.36" 19
- 0:0:0:0:0:0:0:1 - - [23/Jan/2018:12:07:54 +0800] "GET / HTTP/1.1" 200 9668 "-" "Mozilla/5.0 (Macintosh; Intel Mac OS X 10_11_6) AppleWebKit/537.36 (KHTML, like Gecko) Chrome/63.0.3239.132 Safari/537.36" 9
- 0:0:0:0:0:0:0:1 - - [23/Jan/2018:12:07:54 +0800] "GET /main.html HTTP/1.1" 200 4072 "http://localhost:8080/" "Mozilla/5.0 (Macintosh; Intel Mac OS X 10_11_6) AppleWebKit/537.36 (KHTML, like Gecko) Chrome/63.0.3239.132 Safari/537.36" 12
- 0:0:0:0:0:0:0:1 - - [23/Jan/2018:12:07:54 +0800] "GET /common/layui/lay/modules/element.js?v=1516680474973 HTTP/1.1" 200 5154 "http://localhost:8080/" "Mozilla/5.0 (Macintosh; Intel Mac OS X 10_11_6) AppleWebKit/537.36 (KHTML, like Gecko) Chrome/63.0.3239.132 Safari/537.36" 3
- 0:0:0:0:0:0:0:1 - - [23/Jan/2018:12:07:55 +0800] "GET /common/layui/lay/modules/layer.js?v=1516680474973 HTTP/1.1" 200 21341 "http://localhost:8080/" "Mozilla/5.0 (Macintosh; Intel Mac OS X 10_11_6) AppleWebKit/537.36 (KHTML, like Gecko) Chrome/63.0.3239.132 Safari/537.36" 4
- 0:0:0:0:0:0:0:1 - - [23/Jan/2018:12:07:55 +0800] "GET /js/navtab.js?v=1516680474973 HTTP/1.1" 200 4949 "http://localhost:8080/" "Mozilla/5.0 (Macintosh; Intel Mac OS X 10_11_6) AppleWebKit/537.36 (KHTML, like Gecko) Chrome/63.0.3239.132 Safari/537.36" 3
- 0:0:0:0:0:0:0:1 - - [23/Jan/2018:12:07:55 +0800] "GET /js/navbar.js?v=1516680474973 HTTP/1.1" 404 127 "http://localhost:8080/" "Mozilla/5.0 (Macintosh; Intel Mac OS X 10_11_6) AppleWebKit/537.36 (KHTML, like Gecko) Chrome/63.0.3239.132 Safari/537.36" 4
- 0:0:0:0:0:0:0:1 - - [23/Jan/2018:12:07:55 +0800] "GET /favicon.ico HTTP/1.1" 200 946 "http://localhost:8080/" "Mozilla/5.0 (Macintosh; Intel Mac OS X 10_11_6) AppleWebKit/537.36 (KHTML, like Gecko) Chrome/63.0.3239.132 Safari/537.36" 3
- 0:0:0:0:0:0:0:1 - - [23/Jan/2018:12:10:10 +0800] "GET / HTTP/1.1" 200 9668 "-" "Mozilla/5.0 (Macintosh; Intel Mac OS X 10_11_6) AppleWebKit/537.36 (KHTML, like Gecko) Chrome/63.0.3239.132 Safari/537.36" 165
- 0:0:0:0:0:0:0:1 - - [23/Jan/2018:12:10:10 +0800] "GET /main.html HTTP/1.1" 200 4186 "http://localhost:8080/" "Mozilla/5.0 (Macintosh; Intel Mac OS X 10_11_6) AppleWebKit/537.36 (KHTML, like Gecko) Chrome/63.0.3239.132 Safari/537.36" 17
- 0:0:0:0:0:0:0:1 - - [23/Jan/2018:12:10:10 +0800] "GET /common/layui/lay/modules/element.js?v=1516680610871 HTTP/1.1" 200 5154 "http://localhost:8080/" "Mozilla/5.0 (Macintosh; Intel Mac OS X 10_11_6) AppleWebKit/537.36 (KHTML, like Gecko) Chrome/63.0.3239.132 Safari/537.36" 19
- 0:0:0:0:0:0:0:1 - - [23/Jan/2018:12:10:10 +0800] "GET /common/layui/lay/modules/layer.js?v=1516680610871 HTTP/1.1" 200 21341 "http://localhost:8080/" "Mozilla/5.0 (Macintosh; Intel Mac OS X 10_11_6) AppleWebKit/537.36 (KHTML, like Gecko) Chrome/63.0.3239.132 Safari/537.36" 8
- 0:0:0:0:0:0:0:1 - - [23/Jan/2018:12:10:11 +0800] "GET /js/navtab.js?v=1516680610871 HTTP/1.1" 200 4949 "http://localhost:8080/" "Mozilla/5.0 (Macintosh; Intel Mac OS X 10_11_6) AppleWebKit/537.36 (KHTML, like Gecko) Chrome/63.0.3239.132 Safari/537.36" 5
- 0:0:0:0:0:0:0:1 - - [23/Jan/2018:12:10:11 +0800] "GET /js/navbar.js?v=1516680610871 HTTP/1.1" 404 127 "http://localhost:8080/" "Mozilla/5.0 (Macintosh; Intel Mac OS X 10_11_6) AppleWebKit/537.36 (KHTML, like Gecko) Chrome/63.0.3239.132 Safari/537.36" 89
- 0:0:0:0:0:0:0:1 - - [23/Jan/2018:12:10:11 +0800] "GET /favicon.ico HTTP/1.1" 200 946 "http://localhost:8080/" "Mozilla/5.0 (Macintosh; Intel Mac OS X 10_11_6) AppleWebKit/537.36 (KHTML, like Gecko) Chrome/63.0.3239.132 Safari/537.36" 13
- 0:0:0:0:0:0:0:1 - - [23/Jan/2018:12:11:30 +0800] "GET /page/PolicyQuery.html HTTP/1.1" 200 5396 "http://localhost:8080/" "Mozilla/5.0 (Macintosh; Intel Mac OS X 10_11_6) AppleWebKit/537.36 (KHTML, like Gecko) Chrome/63.0.3239.132 Safari/537.36" 10
- 0:0:0:0:0:0:0:1 - - [23/Jan/2018:12:11:38 +0800] "GET /jiedanbao/query?mid=1 HTTP/1.1" 200 23 "http://localhost:8080/page/PolicyQuery.html" "Mozilla/5.0 (Macintosh; Intel Mac OS X 10_11_6) AppleWebKit/537.36 (KHTML, like Gecko) Chrome/63.0.3239.132 Safari/537.36" 87
- 0:0:0:0:0:0:0:1 - - [23/Jan/2018:12:13:03 +0800] "GET /jiedanbao/query?mid=1 HTTP/1.1" 200 23 "-" "Mozilla/5.0 (Macintosh; Intel Mac OS X 10_11_6) AppleWebKit/537.36 (KHTML, like Gecko) Chrome/63.0.3239.132 Safari/537.36" 8
- 0:0:0:0:0:0:0:1 - - [23/Jan/2018:12:13:36 +0800] "GET / HTTP/1.1" 200 9668 "-" "Mozilla/5.0 (Macintosh; Intel Mac OS X 10_11_6) AppleWebKit/537.36 (KHTML, like Gecko) Chrome/63.0.3239.132 Safari/537.36" 13
- 0:0:0:0:0:0:0:1 - - [23/Jan/2018:12:13:37 +0800] "GET /common/layui/lay/modules/element.js?v=1516680817338 HTTP/1.1" 200 5154 "http://localhost:8080/" "Mozilla/5.0 (Macintosh; Intel Mac OS X 10_11_6) AppleWebKit/537.36 (KHTML, like Gecko) Chrome/63.0.3239.132 Safari/537.36" 4
- 0:0:0:0:0:0:0:1 - - [23/Jan/2018:12:13:37 +0800] "GET /main.html HTTP/1.1" 200 4186 "http://localhost:8080/" "Mozilla/5.0 (Macintosh; Intel Mac OS X 10_11_6) AppleWebKit/537.36 (KHTML, like Gecko) Chrome/63.0.3239.132 Safari/537.36" 16
- 0:0:0:0:0:0:0:1 - - [23/Jan/2018:12:13:37 +0800] "GET /common/layui/lay/modules/layer.js?v=1516680817338 HTTP/1.1" 200 21341 "http://localhost:8080/" "Mozilla/5.0 (Macintosh; Intel Mac OS X 10_11_6) AppleWebKit/537.36 (KHTML, like Gecko) Chrome/63.0.3239.132 Safari/537.36" 3
- 0:0:0:0:0:0:0:1 - - [23/Jan/2018:12:13:37 +0800] "GET /js/navbar.js?v=1516680817338 HTTP/1.1" 404 127 "http://localhost:8080/" "Mozilla/5.0 (Macintosh; Intel Mac OS X 10_11_6) AppleWebKit/537.36 (KHTML, like Gecko) Chrome/63.0.3239.132 Safari/537.36" 5
- 0:0:0:0:0:0:0:1 - - [23/Jan/2018:12:13:37 +0800] "GET /js/navtab.js?v=1516680817338 HTTP/1.1" 200 4949 "http://localhost:8080/" "Mozilla/5.0 (Macintosh; Intel Mac OS X 10_11_6) AppleWebKit/537.36 (KHTML, like Gecko) Chrome/63.0.3239.132 Safari/537.36" 9
- 0:0:0:0:0:0:0:1 - - [23/Jan/2018:12:13:39 +0800] "GET /page/PolicyQuery.html HTTP/1.1" 200 5396 "http://localhost:8080/" "Mozilla/5.0 (Macintosh; Intel Mac OS X 10_11_6) AppleWebKit/537.36 (KHTML, like Gecko) Chrome/63.0.3239.132 Safari/537.36" 8
- 0:0:0:0:0:0:0:1 - - [23/Jan/2018:12:14:46 +0800] "GET / HTTP/1.1" 200 9782 "-" "Mozilla/5.0 (Macintosh; Intel Mac OS X 10_11_6) AppleWebKit/537.36 (KHTML, like Gecko) Chrome/63.0.3239.132 Safari/537.36" 145
- 0:0:0:0:0:0:0:1 - - [23/Jan/2018:12:14:46 +0800] "GET /main.html HTTP/1.1" 200 4186 "http://localhost:8080/" "Mozilla/5.0 (Macintosh; Intel Mac OS X 10_11_6) AppleWebKit/537.36 (KHTML, like Gecko) Chrome/63.0.3239.132 Safari/537.36" 18
- 0:0:0:0:0:0:0:1 - - [23/Jan/2018:12:14:46 +0800] "GET /common/layui/lay/modules/element.js?v=1516680886070 HTTP/1.1" 200 5154 "http://localhost:8080/" "Mozilla/5.0 (Macintosh; Intel Mac OS X 10_11_6) AppleWebKit/537.36 (KHTML, like Gecko) Chrome/63.0.3239.132 Safari/537.36" 22
- 0:0:0:0:0:0:0:1 - - [23/Jan/2018:12:14:46 +0800] "GET /common/layui/lay/modules/layer.js?v=1516680886070 HTTP/1.1" 200 21341 "http://localhost:8080/" "Mozilla/5.0 (Macintosh; Intel Mac OS X 10_11_6) AppleWebKit/537.36 (KHTML, like Gecko) Chrome/63.0.3239.132 Safari/537.36" 7
- 0:0:0:0:0:0:0:1 - - [23/Jan/2018:12:14:46 +0800] "GET /js/navtab.js?v=1516680886070 HTTP/1.1" 200 4949 "http://localhost:8080/" "Mozilla/5.0 (Macintosh; Intel Mac OS X 10_11_6) AppleWebKit/537.36 (KHTML, like Gecko) Chrome/63.0.3239.132 Safari/537.36" 4
- 0:0:0:0:0:0:0:1 - - [23/Jan/2018:12:14:46 +0800] "GET /js/navbar.js?v=1516680886070 HTTP/1.1" 404 127 "http://localhost:8080/" "Mozilla/5.0 (Macintosh; Intel Mac OS X 10_11_6) AppleWebKit/537.36 (KHTML, like Gecko) Chrome/63.0.3239.132 Safari/537.36" 117
- 0:0:0:0:0:0:0:1 - - [23/Jan/2018:14:10:38 +0800] "GET /page/PolicyQuery.html HTTP/1.1" 200 5396 "http://localhost:8080/" "Mozilla/5.0 (Macintosh; Intel Mac OS X 10_11_6) AppleWebKit/537.36 (KHTML, like Gecko) Chrome/63.0.3239.132 Safari/537.36" 16
- 0:0:0:0:0:0:0:1 - - [23/Jan/2018:14:10:38 +0800] "GET /page/JiedanbaoDel.html HTTP/1.1" 200 3710 "http://localhost:8080/" "Mozilla/5.0 (Macintosh; Intel Mac OS X 10_11_6) AppleWebKit/537.36 (KHTML, like Gecko) Chrome/63.0.3239.132 Safari/537.36" 9
- 0:0:0:0:0:0:0:1 - - [23/Jan/2018:14:28:49 +0800] "GET /page/JiedanbaoDel.html HTTP/1.1" 200 3710 "http://localhost:8080/" "Mozilla/5.0 (Macintosh; Intel Mac OS X 10_11_6) AppleWebKit/537.36 (KHTML, like Gecko) Chrome/63.0.3239.132 Safari/537.36" 10
